=~=~=~=~=~=~=~=~=~=~=~= PuTTY log 2020.08.22 17:01:57 =~=~=~=~=~=~=~=~=~=~=~=
0.85,0.81,-0.53,-8.31,8.34,-163.08,5.19,2.62,0.67,266093
0.86,0.82,-0.52,-8.31,11.91,-166.52,5.13,5.13,-0.73,266296
0.85,0.81,-0.53,-8.31,10.72,-167.67,5.55,2.01,-0.12,266499
0.84,0.82,-0.52,-7.12,10.72,-166.52,6.65,3.05,-1.59,266702
0.85,0.82,-0.52,-5.94,10.72,-165.37,5.62,3.91,-1.04,266905
0.85,0.82,-0.52,-7.12,10.72,-164.23,4.27,2.99,-0.49,267108
0.85,0.81,-0.53,-7.12,10.72,-164.23,4.70,3.60,-0.92,267311
0.86,0.82,-0.52,-8.31,13.11,-164.23,4.27,2.38,-1.04,267514
0.86,0.82,-0.53,-8.31,11.91,-165.37,4.64,3.05,-0.43,267717
0.86,0.81,-0.53,-9.50,9.53,-167.67,5.37,4.82,-0.37,267920
0.85,0.81,-0.52,-7.12,10.72,-165.37,4.52,3.36,-0.37,268123
0.86,0.82,-0.53,-9.50,13.11,-165.37,5.74,4.33,-0.73,268326
0.86,0.81,-0.53,-7.12,11.91,-167.67,5.25,5.19,0.37,268529
0.83,0.80,-0.52,-9.50,10.72,-163.08,8.06,4.03,-0.61,268732
0.84,0.80,-0.50,-5.94,10.72,-164.23,16.78,2.32,-4.39,268935
0.94,0.80,-0.54,-3.56,11.91,-166.52,18.25,-9.16,-9.95,269138
0.92,0.63,-0.35,-5.94,13.11,-166.52,55.11,40.41,-37.72,269341
0.48,1.15,-0.47,0.00,1.19,-151.59,79.22,90.58,28.38,269544
0.35,1.76,-0.56,29.69,-8.34,-141.26,37.90,-32.17,31.25,269747
0.25,1.43,-0.44,32.06,-11.91,-141.26,-2.44,23.19,-10.01,269950
0.70,1.59,-0.48,23.75,-2.38,-144.70,-123.35,34.79,-60.42,270153
0.82,0.84,-0.43,-13.06,3.57,-157.34,-108.34,-50.60,0.98,270356
0.93,0.43,-0.37,-21.37,10.72,-168.82,-42.42,-30.64,41.20,270559
0.92,0.42,-0.31,-17.81,17.87,-183.75,11.90,-10.86,7.02,270762
0.95,0.42,-0.29,-22.56,13.11,-182.60,26.73,4.39,-29.36,270965
0.87,0.49,-0.32,-21.37,14.30,-175.71,107.18,41.14,-33.39,271168
0.66,1.28,-0.50,-5.94,0.00,-150.45,115.60,102.54,31.07,271371
0.38,1.41,-0.40,13.06,-8.34,-142.41,48.65,50.17,7.14,271574
0.43,1.34,-0.33,27.31,-14.30,-141.26,2.87,26.18,5.43,271777
0.52,1.56,-0.50,22.56,-8.34,-142.41,-36.80,-101.32,-34.36,271980
0.81,1.18,-0.55,8.31,0.00,-149.30,-131.23,-74.65,-32.90,272183
0.91,0.51,-0.29,-23.75,10.72,-172.27,-71.35,-18.55,8.18,272386
1.00,0.35,-0.20,-24.94,15.49,-186.05,-21.06,-10.93,55.48,272589
1.03,0.40,-0.30,-20.19,16.68,-191.79,5.62,11.41,-9.03,272792
1.11,0.51,-0.35,-16.62,17.87,-184.90,105.04,-4.94,-4.94,272995
0.89,0.79,-0.45,-9.50,15.49,-166.52,109.86,72.33,-3.30,273198
0.55,1.49,-0.36,4.75,5.96,-155.04,100.46,91.98,37.41,273401
0.28,1.44,-0.57,27.31,-17.87,-136.66,8.85,33.02,9.09,273604
0.15,1.47,-0.55,32.06,-21.45,-136.66,-3.23,-45.78,-13.98,273807
0.52,1.43,-0.57,24.94,-7.15,-142.41,-91.92,-29.36,-42.05,274010
0.82,0.88,-0.55,-8.31,7.15,-153.89,-87.89,-38.76,-36.99,274213
0.81,0.61,-0.40,-20.19,5.96,-161.93,-50.11,-37.78,8.30,274416
0.91,0.37,-0.36,-27.31,13.11,-179.16,-6.47,-13.18,29.91,274619
0.93,0.38,-0.32,-23.75,10.72,-181.45,25.45,8.06,-6.65,274822
0.93,0.47,-0.34,-23.75,11.91,-175.71,94.91,6.53,-10.01,275025
0.71,1.09,-0.55,-13.06,2.38,-158.48,96.44,65.06,31.13,275228
0.48,1.43,-0.43,14.25,-5.96,-144.70,72.33,17.40,15.69,275431
0.49,1.26,-0.46,24.94,-14.30,-138.96,6.35,-6.53,-19.10,275634
0.36,1.38,-0.51,23.75,-16.68,-140.11,1.71,10.19,-4.46,275837
0.31,1.40,-0.55,22.56,-13.11,-137.81,-58.17,-14.28,-33.75,276040
0.52,1.09,-0.58,2.37,-11.91,-141.26,-81.79,-25.33,-11.90,276243
0.65,0.64,-0.49,-15.44,0.00,-158.48,-68.36,-70.68,2.38,276446
0.74,0.51,-0.49,-26.12,0.00,-165.37,-7.02,2.75,-31.56,276649
0.69,0.54,-0.55,-30.88,-1.19,-163.08,12.51,16.97,-25.82,276852
0.70,0.48,-0.55,-35.63,-7.15,-163.08,30.40,-32.47,-55.42,277055
0.74,0.41,-0.45,-35.63,-5.96,-161.93,34.06,28.63,54.57,277258
0.68,0.80,-0.59,-24.94,-3.57,-155.04,58.65,7.20,6.59,277461
0.59,1.14,-0.52,-7.12,-8.34,-143.55,72.63,4.70,21.06,277664
0.68,1.45,-0.63,4.75,-7.15,-141.26,21.42,-3.23,8.48,277867
0.48,1.53,-0.61,14.25,-4.77,-141.26,-34.06,-83.80,-5.55,278070
0.80,1.05,-0.53,5.94,9.53,-151.59,-103.27,-7.81,-47.00,278273
0.83,0.59,-0.40,-26.12,5.96,-165.37,-81.36,-2.81,0.67,278476
0.97,0.27,-0.25,-34.44,8.34,-186.05,-49.44,-7.87,52.00,278679
1.02,0.24,-0.21,-29.69,10.72,-190.64,7.02,8.42,1.34,278882
1.03,0.30,-0.25,-29.69,13.11,-188.34,65.19,2.20,-26.00,279085
1.06,0.82,-0.32,-28.50,10.72,-175.71,118.84,11.60,20.39,279288
0.76,1.18,-0.54,-17.81,13.11,-166.52,91.67,23.32,42.36,279491
0.81,1.35,-0.59,13.06,3.57,-149.30,34.30,-2.56,32.17,279694
0.59,1.31,-0.58,19.00,1.19,-150.45,8.91,-9.09,-10.80,279897
0.83,1.32,-0.55,11.88,8.34,-158.48,-102.84,-26.37,-59.33,280100
0.91,0.65,-0.35,-26.12,10.72,-173.41,-101.50,-12.57,-41.87,280303
0.85,0.33,-0.18,-38.00,9.53,-181.45,-54.93,-8.00,1.46,280506
0.93,0.20,-0.17,-39.19,7.15,-196.38,-14.04,23.74,33.57,280709
0.95,0.26,-0.17,-32.06,11.91,-194.09,24.41,1.16,-7.20,280912
0.98,0.35,-0.18,-32.06,10.72,-192.94,69.21,-1.77,-12.76,281115
0.93,0.72,-0.32,-26.12,11.91,-182.60,121.03,50.29,32.04,281318
0.72,1.27,-0.43,-1.19,9.53,-156.19,90.70,28.20,47.67,281521
0.56,1.34,-0.61,19.00,3.57,-152.74,6.47,-36.19,-5.37,281724
0.94,1.65,-0.43,22.56,7.15,-155.04,-63.05,-53.41,-58.11,281927
1.00,1.10,-0.24,-11.88,16.68,-169.97,-121.40,48.16,-51.15,282130
1.07,0.47,-0.25,-20.19,14.30,-176.86,-63.54,-18.86,23.25,282333
0.94,0.39,-0.26,-22.56,16.68,-186.05,-18.13,25.09,0.00,282536
0.98,0.43,-0.28,-24.94,16.68,-186.05,27.22,-19.71,-5.62,282739
0.94,0.41,-0.30,-27.31,15.49,-184.90,59.63,15.63,-51.82,282942
1.02,0.67,-0.34,-24.94,11.91,-172.27,119.20,-9.83,15.63,283145
0.84,1.26,-0.46,-13.06,9.53,-165.37,88.81,67.93,34.00,283348
0.49,1.47,-0.65,13.06,0.00,-148.15,-21.12,33.02,22.16,283551
0.59,1.33,-0.54,14.25,0.00,-147.00,5.49,-5.37,-11.54,283754
0.77,1.32,-0.61,9.50,1.19,-153.89,-88.87,-35.40,-38.57,283957
0.91,0.83,-0.34,-17.81,8.34,-166.52,-117.00,-19.59,-30.33,284160
0.96,0.45,-0.19,-29.69,14.30,-184.90,-46.02,-0.49,37.17,284363
1.03,0.30,-0.18,-24.94,16.68,-190.64,-11.84,-23.32,38.02,284566
1.08,0.38,-0.20,-19.00,19.06,-195.23,28.26,-8.48,-21.73,284769
1.35,0.71,-0.26,-20.19,21.45,-190.64,76.84,72.51,-4.52,284972
0.92,1.01,-0.32,-16.62,16.68,-173.41,71.59,56.21,0.12,285175
0.70,1.24,-0.45,0.00,5.96,-156.19,87.04,32.23,14.95,285378
0.67,1.30,-0.48,10.69,5.96,-151.59,4.82,-6.47,14.47,285581
0.59,1.37,-0.54,14.25,1.19,-150.45,0.67,-39.86,-9.95,285784
0.92,1.25,-0.66,3.56,9.53,-155.04,-85.63,16.66,-28.56,285987
0.94,0.90,-0.39,-9.50,10.72,-161.93,-109.25,-14.16,-36.68,286190
0.97,0.43,-0.28,-30.88,10.72,-180.30,-69.52,-0.37,31.25,286393
1.02,0.19,-0.14,-27.31,15.49,-194.09,-17.70,-7.32,39.18,286596
1.08,0.27,-0.11,-24.94,15.49,-192.94,36.74,0.67,-7.32,286799
1.07,0.35,-0.17,-27.31,17.87,-191.79,86.24,-19.04,-38.76,287002
0.99,0.83,-0.40,-28.50,16.68,-188.34,115.48,57.50,13.79,287205
0.72,1.36,-0.50,-10.69,8.34,-160.78,94.54,56.40,38.51,287408
0.48,1.29,-0.72,13.06,-2.38,-147.00,8.91,-46.57,26.12,287611
0.74,1.45,-0.67,13.06,-1.19,-150.45,-19.53,-57.07,-8.42,287814
1.00,1.22,-0.50,0.00,10.72,-157.34,-111.57,11.72,-53.16,288017
0.82,0.59,-0.29,-28.50,9.53,-173.41,-78.12,-4.58,-11.05,288220
1.03,0.42,-0.27,-33.25,9.53,-181.45,-39.18,-14.71,39.25,288423
1.08,0.27,-0.21,-27.31,17.87,-192.94,-3.78,18.37,15.93,288626
1.10,0.29,-0.17,-23.75,17.87,-192.94,38.82,-4.88,-31.80,288829
1.05,0.58,-0.13,-29.69,15.49,-190.64,77.51,19.71,-6.41,289032
1.01,1.06,-0.38,-15.44,14.30,-172.27,108.83,82.95,37.54,289235
0.65,1.39,-0.37,-1.19,9.53,-159.63,80.32,58.47,41.56,289438
0.58,1.27,-0.42,14.25,1.19,-150.45,6.71,28.99,9.09,289641
0.72,1.42,-0.46,13.06,5.96,-153.89,-49.38,-10.86,-41.87,289844
0.90,1.07,-0.54,-1.19,9.53,-155.04,-114.75,-32.84,-29.91,290047
0.99,0.57,-0.26,-24.94,14.30,-174.56,-59.33,-14.65,-9.46,290250
0.98,0.33,-0.23,-28.50,14.30,-187.20,-26.06,4.76,16.78,290453
1.05,0.34,-0.25,-29.69,15.49,-190.64,11.23,8.48,-3.23,290656
1.11,0.39,-0.18,-27.31,16.68,-187.20,85.82,-80.75,-0.85,290859
1.06,0.78,-0.30,-22.56,16.68,-179.16,90.70,37.60,7.75,291062
0.79,1.33,-0.41,-11.88,14.30,-166.52,95.95,62.68,52.12,291265
0.70,1.10,-0.44,15.44,2.38,-150.45,5.49,-13.67,-37.72,291468
0.93,1.57,-0.49,16.62,2.38,-150.45,-26.12,-33.57,-18.31,291671
0.94,1.13,-0.49,3.56,9.53,-157.34,-91.86,-27.47,-37.11,291874
0.91,0.71,-0.31,-19.00,19.06,-178.01,-70.31,-28.50,-8.06,292077
1.07,0.40,-0.18,-24.94,17.87,-183.75,-41.38,-8.30,12.02,292280
0.98,0.37,-0.18,-23.75,21.45,-195.23,-2.50,-7.81,3.36,292483
1.12,0.35,-0.21,-26.12,17.87,-195.23,50.05,-0.43,-26.79,292686
0.99,0.69,-0.31,-27.31,16.68,-187.20,71.47,18.13,-4.82,292889
1.07,0.87,-0.39,-20.19,14.30,-173.41,86.12,34.85,51.27,293092
0.78,1.29,-0.13,5.94,7.15,-152.74,98.27,195.86,26.31,293295
0.54,1.30,-0.44,16.62,-1.19,-149.30,4.52,41.26,9.28,293498
0.72,1.49,-0.36,14.25,3.57,-149.30,-22.77,-73.12,-24.54,293701
0.71,1.16,-0.57,5.94,8.34,-158.48,-88.81,38.51,-38.15,293904
0.90,0.63,-0.34,-17.81,10.72,-165.37,-84.05,-39.18,21.48,294107
1.15,0.57,-0.28,-23.75,16.68,-182.60,-34.97,12.45,44.74,294310
1.13,0.52,-0.34,-20.19,16.68,-190.64,17.70,20.69,-4.03,294513
0.98,0.40,-0.27,-19.00,19.06,-187.20,22.09,27.04,-37.54,294716
1.16,0.74,-0.41,-21.37,14.30,-175.71,83.92,-1.16,-3.23,294919
0.92,1.10,-0.47,-15.44,15.49,-169.97,95.34,60.18,34.48,295122
-0.05,2.04,-1.26,11.88,2.38,-145.85,32.96,44.92,69.15,295325
0.43,1.36,-0.54,17.81,-1.19,-148.15,2.08,-25.15,0.61,295528
0.93,1.24,-0.50,10.69,10.72,-159.63,-110.11,-40.95,-53.22,295731
0.91,0.60,-0.35,-24.94,11.91,-174.56,-110.17,-6.71,-44.13,295934
0.99,0.35,-0.15,-36.81,11.91,-184.90,-75.01,7.45,7.87,296137
0.96,0.16,-0.14,-39.19,11.91,-197.53,-2.75,-7.75,15.01,296340
1.01,0.27,-0.16,-38.00,9.53,-199.83,24.11,-1.53,-5.19,296543
1.11,0.32,-0.04,-35.63,11.91,-196.38,120.36,-24.29,5.00,296746
1.01,0.91,-0.44,-26.12,15.49,-179.16,135.68,57.80,41.32,296949
0.69,1.44,-0.31,7.12,4.77,-153.89,95.46,99.30,29.05,297152
0.56,1.36,-0.46,11.88,-1.19,-145.85,10.56,20.32,29.24,297355
0.86,1.45,-0.40,14.25,5.96,-152.74,-62.93,-53.96,-36.62,297558
1.06,1.00,-0.32,-14.25,19.06,-169.97,-111.39,-31.74,-32.53,297761
1.07,0.53,-0.20,-19.00,16.68,-184.90,-47.06,-2.99,15.38,297964
1.14,0.49,-0.26,-22.56,19.06,-188.34,-12.08,6.77,12.88,298167
1.04,0.44,-0.22,-21.37,20.25,-189.49,22.95,8.85,-4.52,298370
1.04,0.39,-0.26,-19.00,17.87,-187.20,66.53,4.39,-23.50,298573
1.11,0.97,-0.39,-15.44,20.25,-174.56,90.64,61.83,33.51,298776
0.86,1.37,-0.40,-3.56,15.49,-166.52,62.56,45.04,28.32,298979
0.64,1.23,-0.48,19.00,4.77,-152.74,8.42,-28.87,-13.61,299182
0.74,1.50,-0.56,17.81,8.34,-155.04,1.77,-119.63,-24.11,299385
1.04,1.23,-0.39,10.69,20.25,-168.82,-81.05,-41.99,-83.07,299588
1.01,0.48,-0.17,-22.56,17.87,-181.45,-92.47,-8.12,-26.86,299791
1.02,0.21,-0.11,-30.88,15.49,-199.83,-53.47,-12.88,6.23,299994
1.17,0.43,-0.14,-32.06,15.49,-200.98,13.55,-8.85,-10.38,300197
1.08,0.18,-0.05,-34.44,15.49,-199.83,29.42,18.86,-10.56,300400
1.17,0.58,-0.30,-35.63,11.91,-196.38,87.10,5.62,12.57,300603
0.98,1.09,-0.35,-21.37,14.30,-174.56,117.61,55.54,51.45,300806
0.64,1.52,-0.59,13.06,1.19,-149.30,53.34,55.24,48.58,301009
0.53,1.31,-0.40,22.56,0.00,-147.00,1.22,24.72,-17.58,301212
0.77,1.47,-0.46,14.25,4.77,-153.89,-62.99,-63.72,-55.97,301415
0.94,0.77,-0.37,-17.81,13.11,-171.12,-107.67,-39.12,-64.64,301618
1.01,0.38,-0.07,-32.06,14.30,-182.60,-65.55,-44.98,-22.64,301821
1.12,0.16,-0.12,-38.00,10.72,-204.42,-2.14,2.81,17.94,302024
1.03,0.11,-0.04,-36.81,13.11,-200.98,57.31,-3.17,3.30,302227
1.00,0.65,-0.31,-30.88,15.49,-192.94,111.88,46.20,37.60,302430
0.90,1.26,-0.50,-7.12,11.91,-164.23,89.78,71.90,64.82,302633
0.65,1.49,-0.37,8.31,7.15,-155.04,39.18,26.86,24.60,302836
0.71,1.34,-0.36,20.19,3.57,-152.74,7.08,19.29,-2.87,303039
0.94,1.47,-0.33,17.81,14.30,-161.93,-43.64,-53.16,-38.27,303242
1.11,1.21,-0.31,7.12,19.06,-169.97,-96.31,-24.41,-70.19,303445
0.93,0.42,-0.15,-23.75,20.25,-187.20,-79.47,-36.99,-31.62,303648
1.12,0.32,-0.02,-29.69,17.87,-202.13,-31.74,-5.43,15.32,303851
1.19,0.37,-0.12,-29.69,17.87,-206.72,7.93,6.71,1.04,304054
1.10,0.23,-0.10,-30.88,17.87,-205.57,45.17,-2.93,-0.31,304257
1.21,0.63,-0.14,-26.12,16.68,-189.49,103.88,63.11,22.95,304460
0.98,1.08,-0.37,-16.62,16.68,-174.56,85.21,67.32,35.83,304663
0.60,1.43,-0.35,7.12,7.15,-155.04,64.45,43.82,51.64,304866
0.51,1.36,-0.40,21.37,3.57,-150.45,-3.36,96.01,1.77,305069
0.74,1.62,-0.48,23.75,2.38,-150.45,13.73,-126.04,-42.11,305272
1.05,1.24,-0.43,4.75,20.25,-168.82,-90.70,-61.22,-70.80,305475
1.08,0.70,-0.13,-13.06,20.25,-178.01,-117.68,-49.01,-49.68,305678
1.07,0.23,-0.01,-38.00,17.87,-204.42,-42.85,25.15,-6.65,305881
1.09,0.20,-0.02,-32.06,15.49,-204.42,13.67,6.41,6.16,306084
1.14,0.15,-0.11,-34.44,15.49,-204.42,60.85,15.14,-9.28,306287
0.97,0.56,-0.28,-33.25,14.30,-182.60,127.01,79.28,-23.01,306490
0.75,1.08,-0.41,-14.25,-3.57,-152.74,104.74,56.76,28.81,306693
0.68,1.46,-0.42,1.19,-7.15,-142.41,78.67,11.78,26.67,306896
0.77,1.46,-0.59,13.06,-2.38,-144.70,10.38,11.54,20.14,307099
0.75,1.29,-0.51,11.88,0.00,-148.15,-63.11,-102.84,-8.73,307302
1.12,1.03,-0.19,-2.37,21.45,-173.41,-81.30,-95.09,-53.89,307505
1.25,0.70,-0.02,-23.75,26.21,-206.72,-22.83,-18.37,-28.56,307708
1.36,0.65,-0.01,-24.94,23.83,-210.16,-17.64,1.16,0.43,307911
1.30,0.38,0.07,-22.56,22.64,-215.91,-9.03,16.17,0.73,308114
1.24,0.22,0.09,-24.94,21.45,-210.16,56.82,48.46,-21.97,308317
1.12,0.84,-0.12,-23.75,20.25,-197.53,129.82,102.78,54.50,308520
0.85,1.49,-0.38,-1.19,8.34,-158.48,73.43,50.66,43.58,308723
0.56,1.31,-0.55,13.06,-2.38,-145.85,15.44,-20.14,-11.72,308926
0.91,1.56,-0.42,15.44,-3.57,-147.00,-22.28,-158.87,-21.42,309129
1.16,1.05,-0.31,-7.12,23.83,-179.16,-114.87,-46.94,-88.93,309332
1.14,0.42,-0.00,-23.75,20.25,-191.79,-71.35,-15.50,-24.29,309535
1.18,0.41,-0.02,-30.88,17.87,-203.27,-37.48,5.92,17.40,309738
1.23,0.29,-0.01,-22.56,20.25,-211.31,13.00,21.30,-4.52,309941
1.15,0.25,0.01,-24.94,19.06,-209.02,71.17,-19.41,-4.88,310144
1.17,0.65,-0.16,-26.12,19.06,-197.53,110.84,66.41,26.37,310347
0.85,1.26,-0.31,-5.94,10.72,-164.23,100.59,96.92,28.63,310550
0.29,1.03,-0.48,8.31,1.19,-148.15,9.34,-54.20,-18.98,310753
0.37,1.41,-0.54,10.69,-5.96,-145.85,31.92,-105.77,-4.33,310956
1.09,1.24,-0.49,0.00,19.06,-171.12,-89.17,-81.54,-64.94,311159
1.08,0.64,-0.08,-20.19,22.64,-187.20,-100.28,-22.09,-34.73,311362
1.35,0.49,0.08,-22.56,22.64,-206.72,-45.72,-21.85,25.94,311565
1.15,0.35,0.09,-21.37,26.21,-212.46,-5.92,4.88,15.20,311768
1.20,0.38,0.01,-22.56,19.06,-212.46,32.10,13.12,-8.73,311971
1.17,0.33,-0.06,-27.31,20.25,-204.42,85.02,-8.85,-26.31,312174
1.13,0.71,-0.22,-29.69,20.25,-197.53,102.05,93.57,38.94,312377
0.89,1.11,-0.25,-15.44,13.11,-165.37,102.36,106.14,23.19,312580
0.08,1.12,-0.47,9.50,-14.30,-138.96,4.82,-109.80,10.01,312783
0.58,1.24,-0.55,10.69,-4.77,-144.70,10.99,8.00,-8.67,312986
0.89,1.43,-0.50,10.69,4.77,-152.74,-74.95,-33.26,-44.31,313189
1.02,0.95,-0.17,-21.37,16.68,-176.86,-100.52,-38.51,-76.35,313392
0.97,0.45,-0.11,-33.25,13.11,-190.64,-53.89,-1.83,8.00,313595
1.22,0.29,-0.03,-30.88,14.30,-200.98,-29.66,5.68,37.48,313798
1.26,0.45,-0.13,-24.94,19.06,-205.57,0.49,3.54,-3.91,314001
1.24,0.40,-0.06,-24.94,21.45,-204.42,44.37,-5.92,-16.78,314204
1.10,0.46,-0.13,-29.69,17.87,-196.38,74.71,34.61,4.39,314407
1.02,0.91,-0.27,-29.69,16.68,-184.90,89.48,58.65,42.36,314610
0.69,1.41,-0.46,-2.37,8.34,-159.63,78.86,14.65,72.57,314813
0.75,1.38,-0.51,14.25,1.19,-149.30,27.59,-40.47,-11.66,315016
0.55,1.56,-0.57,16.62,0.00,-148.15,20.75,-124.15,-12.63,315219
1.01,1.25,-0.40,9.50,16.68,-160.78,-81.91,-80.14,-74.95,315422
1.02,0.74,-0.10,-22.56,19.06,-187.20,-64.82,-32.41,-40.04,315625
1.15,0.36,-0.08,-23.75,20.25,-194.09,-26.67,9.52,5.13,315828
1.26,0.49,-0.03,-21.37,25.02,-202.13,-7.69,-20.94,5.98,316031
1.27,0.36,-0.13,-23.75,23.83,-204.42,15.69,3.66,-19.17,316234
1.07,0.44,-0.08,-28.50,17.87,-199.83,81.79,53.41,10.80,316437
1.07,1.11,-0.32,-14.25,15.49,-172.27,100.65,107.12,36.44,316640
0.55,1.41,-0.32,-2.37,4.77,-153.89,56.03,59.20,26.43,316843
0.56,1.40,-0.43,19.00,-5.96,-143.55,5.86,28.08,-6.29,317046
0.83,1.46,-0.49,13.06,7.15,-153.89,-50.72,-85.33,-29.24,317249
1.12,1.00,-0.35,0.00,16.68,-169.97,-99.98,-63.60,-68.24,317452
1.15,0.50,-0.01,-27.31,20.25,-194.09,-66.41,-7.57,-17.52,317655
1.16,0.31,0.02,-27.31,16.68,-203.27,-21.00,-13.12,15.75,317858
1.20,0.38,-0.08,-28.50,19.06,-206.72,23.38,12.63,-8.48,318061
1.35,0.36,0.07,-28.50,19.06,-206.72,48.58,-53.28,19.41,318264
1.24,0.77,-0.11,-24.94,23.83,-204.42,107.67,94.54,39.06,318467
0.85,1.28,-0.41,-9.50,19.06,-168.82,78.92,106.32,51.76,318670
0.27,1.17,-0.48,14.25,-3.57,-145.85,7.63,-18.49,-2.38,318873
0.40,1.38,-0.54,16.62,-5.96,-144.70,18.68,-160.46,-12.51,319076
0.97,1.24,-0.33,5.94,15.49,-163.08,-84.35,-60.42,-86.67,319279
1.12,0.63,-0.13,-29.69,16.68,-187.20,-72.14,-36.87,-42.97,319482
1.24,0.40,-0.08,-32.06,14.30,-197.53,-38.88,0.73,10.38,319685
1.12,0.31,-0.09,-29.69,19.06,-203.27,-12.82,12.63,-3.60,319888
1.13,0.34,-0.06,-29.69,17.87,-205.57,36.68,6.90,17.52,320091
1.15,0.50,-0.12,-27.31,16.68,-197.53,80.75,64.82,15.93,320294
1.07,1.03,-0.36,-14.25,17.87,-176.86,89.78,75.56,50.48,320497
0.87,1.42,-0.29,-2.37,13.11,-163.08,66.65,67.57,42.18,320700
0.67,1.46,-0.50,17.81,0.00,-147.00,10.99,50.23,4.15,320903
0.78,1.43,-0.44,16.62,5.96,-152.74,-56.82,-92.41,-40.04,321106
1.12,1.06,-0.31,2.37,14.30,-164.23,-78.86,-78.31,-82.28,321309
1.17,0.64,-0.09,-28.50,19.06,-191.79,-55.54,-37.84,-23.01,321512
1.10,0.24,-0.01,-30.88,17.87,-203.27,-31.19,0.61,30.15,321715
1.24,0.40,-0.03,-27.31,20.25,-207.87,-5.68,10.13,-19.71,321918
1.18,0.29,-0.05,-30.88,15.49,-204.42,53.28,50.42,-18.68,322121
1.13,0.62,-0.18,-28.50,14.30,-182.60,111.51,48.10,41.81,322324
0.86,1.23,-0.37,-13.06,17.87,-167.67,91.98,83.68,59.63,322527
0.62,1.17,-0.49,17.81,-4.77,-147.00,16.36,-20.57,-34.73,322730
0.97,1.49,-0.46,14.25,1.19,-150.45,-19.04,-44.80,-24.66,322933
1.06,1.16,-0.39,5.94,16.68,-164.23,-79.96,-64.64,-72.02,323136
1.14,0.71,-0.20,-26.12,20.25,-188.34,-71.78,-18.37,-44.01,323339
1.12,0.38,-0.06,-30.88,17.87,-196.38,-44.01,-1.46,-15.50,323542
1.11,0.28,-0.02,-34.44,16.68,-207.87,-8.00,14.59,4.82,323745
1.13,0.36,-0.03,-30.88,17.87,-202.13,45.65,-26.79,6.29,323948
1.18,0.44,-0.16,-30.88,20.25,-205.57,63.35,37.11,10.19,324151
1.08,0.78,-0.27,-22.56,17.87,-183.75,71.78,76.84,43.21,324354
0.78,1.35,-0.30,1.19,10.72,-157.34,80.20,45.65,70.13,324557
0.91,1.22,-0.55,15.44,1.19,-152.74,24.41,-8.06,-28.38,324760
0.85,1.48,-0.45,16.62,9.53,-161.93,-44.86,-26.49,-42.05,324963
1.14,1.11,-0.33,3.56,17.87,-166.52,-88.93,-16.48,-81.60,325166
1.06,0.48,-0.22,-27.31,17.87,-184.90,-69.46,-34.18,-6.96,325369
1.18,0.33,-0.03,-28.50,17.87,-199.83,-38.70,9.58,12.21,325572
1.06,0.28,-0.04,-28.50,17.87,-203.27,11.29,-0.85,-13.00,325775
1.20,0.36,-0.13,-30.88,17.87,-200.98,95.21,1.77,13.31,325978
1.12,0.91,-0.32,-19.00,16.68,-174.56,99.61,81.24,22.58,326181
0.64,1.30,-0.44,-8.31,9.53,-159.63,80.87,96.92,33.33,326384
0.66,1.44,-0.47,11.88,-8.34,-142.41,22.09,22.16,1.10,326587
0.79,1.48,-0.36,14.25,2.38,-149.30,-8.00,-125.67,-22.83,326790
0.99,1.20,-0.48,5.94,11.91,-158.48,-106.87,-16.42,-58.04,326993
1.04,0.61,-0.22,-27.31,16.68,-184.90,-65.67,-20.87,-17.58,327196
1.21,0.41,-0.09,-28.50,15.49,-192.94,-40.53,-12.15,12.15,327399
1.13,0.34,-0.05,-27.31,20.25,-206.72,-10.86,8.00,-13.06,327602
1.19,0.31,-0.06,-27.31,19.06,-202.13,59.02,8.61,-18.25,327805
1.05,0.49,-0.18,-32.06,16.68,-196.38,88.13,44.74,13.49,328008
0.94,1.07,-0.28,-16.62,16.68,-174.56,102.97,93.14,48.71,328211
0.24,1.54,-0.62,10.69,-1.19,-144.70,-22.64,16.05,40.34,328414
0.66,1.46,-0.40,11.88,1.19,-149.30,-7.75,-113.65,-25.51,328617
1.07,1.20,-0.37,1.19,16.68,-164.23,-73.61,-68.79,-56.27,328820
1.13,0.66,-0.21,-23.75,19.06,-189.49,-54.57,-31.68,-33.45,329023
1.21,0.48,-0.08,-28.50,17.87,-197.53,-50.11,-22.52,-9.03,329226
1.10,0.27,-0.07,-29.69,17.87,-205.57,-12.76,30.58,24.72,329429
1.08,0.35,0.00,-29.69,19.06,-204.42,34.97,-7.14,-16.54,329632
1.23,0.51,-0.24,-26.12,20.25,-200.98,68.97,28.14,-9.09,329835
1.04,0.76,-0.26,-22.56,16.68,-180.30,82.82,54.69,37.84,330038
1.08,1.27,-0.32,-13.06,14.30,-171.12,78.31,39.18,47.61,330241
0.33,1.24,-0.52,14.25,5.96,-151.59,-8.67,-26.12,-16.85,330444
0.71,1.42,-0.49,10.69,7.15,-155.04,-45.47,-78.86,-27.16,330647
1.09,1.01,-0.35,1.19,16.68,-167.67,-71.17,-46.26,-62.56,330850
1.12,0.66,-0.14,-24.94,20.25,-187.20,-56.15,-21.12,-23.74,331053
1.14,0.38,-0.14,-28.50,17.87,-200.98,-21.73,1.22,3.54,331256
1.19,0.36,-0.06,-29.69,17.87,-200.98,-13.24,-0.49,8.06,331459
1.19,0.39,-0.04,-29.69,20.25,-205.57,35.83,-2.20,2.62,331662
1.13,0.39,-0.15,-27.31,19.06,-200.98,62.93,30.82,-8.24,331865
1.12,0.69,-0.27,-27.31,15.49,-187.20,72.81,36.62,23.50,332068
0.84,1.14,-0.44,-9.50,13.11,-166.52,94.42,96.80,48.58,332271
0.35,1.63,-0.86,7.12,5.96,-152.74,-17.70,17.64,46.26,332474
0.76,1.52,-0.46,17.81,1.19,-151.59,0.37,-58.35,-27.77,332677
0.96,1.24,-0.36,0.00,15.49,-165.37,-84.35,-58.11,-76.78,332880
1.13,0.67,-0.26,-15.44,17.87,-178.01,-45.59,-20.14,-51.57,333083
1.04,0.42,-0.16,-34.44,11.91,-190.64,-61.95,13.73,3.05,333286
1.14,0.25,-0.12,-33.25,14.30,-204.42,-22.71,-0.67,23.80,333489
1.12,0.33,-0.07,-33.25,16.68,-204.42,21.12,0.00,8.12,333692
1.18,0.42,-0.19,-26.12,17.87,-203.27,80.63,17.82,13.85,333895
1.10,0.73,-0.25,-27.31,17.87,-190.64,79.22,58.23,42.05,334098
0.91,1.29,-0.41,-11.88,13.11,-167.67,74.58,123.60,32.71,334301
0.60,1.65,-0.86,14.25,1.19,-148.15,-8.61,-109.62,50.42,334504
0.90,1.46,-0.33,15.44,5.96,-153.89,-3.97,-74.10,-13.61,334707
1.10,1.17,-0.38,7.12,19.06,-167.67,-70.98,-58.35,-60.55,334910
1.18,0.77,-0.23,-20.19,21.45,-189.49,-75.32,-30.64,-66.28,335113
1.06,0.34,0.00,-32.06,17.87,-199.83,-50.72,0.85,-13.98,335316
1.11,0.16,-0.02,-34.44,15.49,-210.16,-2.32,9.40,8.12,335519
1.12,0.18,-0.05,-30.88,16.68,-209.02,43.33,8.73,-0.73,335722
1.22,0.64,-0.11,-30.88,17.87,-200.98,93.02,55.24,14.89,335925
1.09,1.10,-0.35,-17.81,13.11,-172.27,114.01,84.72,63.35,336128
0.71,1.33,-0.33,-3.56,8.34,-157.34,65.25,26.79,50.35,336331
0.35,1.35,-0.58,13.06,0.00,-149.30,14.65,14.10,4.94,336534
0.88,1.36,-0.44,8.31,16.68,-164.23,-67.87,-52.31,-79.59,336737
1.15,0.80,-0.15,-7.12,20.25,-178.01,-80.81,-35.89,-82.76,336940
1.17,0.51,-0.02,-32.06,16.68,-199.83,-26.06,1.59,-37.72,337143
1.09,0.25,0.02,-39.19,13.11,-209.02,-59.02,12.94,19.96,337346
1.24,0.27,0.12,-34.44,14.30,-211.31,15.75,0.06,-1.22,337549
1.06,0.26,0.02,-39.19,11.91,-211.31,52.31,23.74,18.37,337752
1.18,0.69,-0.21,-26.12,17.87,-191.79,93.26,69.40,53.96,337955
0.99,1.16,-0.32,-15.44,17.87,-178.01,89.66,77.33,48.71,338158
0.46,1.75,-0.95,11.88,5.96,-153.89,-28.20,86.79,48.03,338361
0.83,1.38,-0.44,11.88,7.15,-153.89,-10.01,-67.44,-26.67,338564
1.09,1.23,-0.41,5.94,19.06,-167.67,-66.10,-61.95,-63.17,338767
1.10,0.76,-0.22,-23.75,20.25,-183.75,-93.26,4.46,-63.96,338970
1.07,0.36,-0.07,-33.25,14.30,-192.94,-48.03,-13.55,-18.62,339173
1.01,0.10,-0.12,-39.19,10.72,-203.27,-2.93,-8.85,26.73,339376
1.10,0.24,-0.09,-35.63,11.91,-200.98,48.40,13.37,12.76,339579
1.18,0.54,-0.25,-30.88,15.49,-196.38,70.74,30.58,24.35,339782
1.05,0.95,-0.33,-19.00,20.25,-176.86,95.83,102.54,35.89,339985
0.55,1.46,-0.53,7.12,3.57,-151.59,57.56,26.61,32.65,340188
0.75,1.23,-0.61,14.25,4.77,-153.89,17.15,-14.28,-32.10,340391
0.91,1.34,-0.50,9.50,11.91,-158.48,-63.17,-95.15,-46.94,340594
1.09,0.85,-0.35,-4.75,20.25,-172.27,-83.01,-46.57,-80.99,340797
1.08,0.47,-0.00,-33.25,16.68,-197.53,-59.63,-35.03,-15.69,341000
1.19,0.10,0.04,-34.44,19.06,-211.31,-33.51,10.68,26.43,341203
1.22,0.36,0.07,-30.88,19.06,-213.61,12.63,0.61,-10.13,341406
1.10,0.18,0.12,-32.06,19.06,-211.31,77.51,50.54,12.63,341609
1.10,1.02,-0.32,-23.75,17.87,-178.01,161.32,85.33,32.59,341812
0.70,1.36,-0.37,-8.31,7.15,-157.34,71.90,28.08,42.91,342015
0.64,1.15,-0.60,11.88,-8.34,-143.55,18.25,-52.25,-26.25,342218
0.47,1.21,-0.60,14.25,-2.38,-144.70,11.84,1.04,-19.04,342421
0.82,1.39,-0.51,14.25,7.15,-156.19,-62.19,-67.63,-39.25,342624
1.21,0.93,-0.21,-9.50,27.40,-183.75,-87.16,-71.47,-58.41,342827
1.11,0.49,-0.01,-24.94,22.64,-194.09,-68.60,0.43,-44.98,343030
1.20,0.08,0.03,-33.25,14.30,-209.02,-45.23,-3.17,10.25,343233
1.13,0.17,0.09,-38.00,14.30,-214.76,21.97,7.93,-1.34,343436
1.11,0.11,-0.02,-36.81,14.30,-210.16,57.74,52.55,-7.69,343639
0.95,0.72,-0.17,-36.81,9.53,-184.90,142.88,72.51,18.74,343842
0.76,1.22,-0.49,-11.88,1.19,-151.59,91.06,45.29,57.92,344045
0.62,1.48,-0.37,4.75,-1.19,-148.15,80.75,49.07,21.30,344248
0.60,1.35,-0.41,15.44,-3.57,-141.26,13.12,-18.49,16.97,344451
0.67,1.48,-0.69,13.06,4.77,-151.59,-56.95,-74.83,-38.57,344654
0.95,1.08,-0.35,-1.19,10.72,-159.63,-138.06,-73.61,-91.98,344857
0.96,0.27,0.02,-40.38,8.34,-194.09,-100.95,8.48,-29.36,345060
0.92,0.04,0.09,-45.12,4.77,-203.27,-17.27,22.77,17.88,345263
1.01,0.14,-0.04,-39.19,7.15,-210.16,20.32,13.37,-1.65,345466
1.02,0.19,-0.04,-40.38,8.34,-203.27,102.17,7.02,27.77,345669
1.10,0.83,-0.29,-33.25,13.11,-187.20,137.94,47.97,25.70,345872
0.56,1.27,-0.46,-10.69,3.57,-153.89,100.59,81.67,39.61,346075
0.75,1.62,-0.53,19.00,-2.38,-144.70,-19.29,-103.70,56.34,346278
0.54,1.41,-0.61,17.81,-3.57,-148.15,29.42,-78.12,-1.34,346481
0.89,1.31,-0.52,10.69,8.34,-156.19,-83.37,-91.74,-58.84,346684
1.04,0.72,-0.21,-23.75,15.49,-186.05,-111.39,-43.70,-78.80,346887
1.08,0.31,0.04,-40.38,11.91,-197.53,-93.93,-9.64,-31.37,347090
0.99,0.08,0.11,-40.38,9.53,-214.76,-5.00,4.88,24.90,347293
1.13,0.17,0.06,-36.81,11.91,-217.05,25.02,7.39,-3.78,347496
1.05,0.23,0.02,-39.19,10.72,-212.46,88.68,7.75,37.17,347699
1.14,0.73,-0.25,-29.69,17.87,-189.49,131.29,48.71,65.06,347902
0.75,1.30,-0.48,-15.44,14.30,-172.27,82.03,90.82,56.76,348105
0.44,1.62,-0.73,16.62,1.19,-151.59,-34.97,-2.20,40.04,348308
0.76,1.68,-0.53,19.00,7.15,-153.89,-14.47,-63.54,-34.97,348511
1.16,0.98,-0.44,7.12,14.30,-166.52,-127.81,-33.45,-88.13,348714
0.92,0.45,-0.06,-35.63,14.30,-189.49,-81.42,-2.99,-55.73,348917
0.99,0.22,0.04,-42.75,7.15,-207.87,-45.96,-9.40,19.65,349120
1.15,0.09,-0.01,-36.81,14.30,-213.61,5.25,7.14,4.82,349323
0.98,0.20,0.18,-38.00,14.30,-211.31,48.58,18.19,16.66,349526
1.17,0.39,-0.24,-36.81,16.68,-205.57,107.54,65.19,52.06,349729
0.88,1.27,-0.26,-14.25,20.25,-178.01,110.78,143.92,39.00,349932
0.59,1.97,-2.16,14.25,2.38,-152.74,-12.76,33.20,28.14,350135
0.46,1.43,-0.42,15.44,3.57,-150.45,8.12,-42.97,-35.58,350338
0.86,1.30,-0.52,5.94,7.15,-153.89,-88.75,-82.76,-38.45,350541
1.04,0.77,-0.33,-26.12,15.49,-179.16,-112.55,-30.70,-58.90,350744
1.04,0.27,-0.02,-36.81,13.11,-190.64,-59.75,-58.90,-8.24,350947
0.99,0.07,0.01,-36.81,11.91,-212.46,-5.55,-8.18,18.62,351150
1.11,0.23,0.02,-34.44,10.72,-213.61,16.54,5.68,-3.91,351353
1.29,0.30,0.03,-34.44,15.49,-207.87,101.01,15.93,33.51,351556
1.20,0.98,-0.26,-22.56,19.06,-181.45,124.21,51.88,40.16,351759
0.65,1.35,-0.43,-10.69,15.49,-167.67,85.57,102.48,25.33,351962
0.36,1.37,-0.55,9.50,-13.11,-141.26,31.86,-198.06,-39.73,352165
0.92,1.19,-0.42,-8.31,11.91,-161.93,-121.52,-60.73,-92.96,352368
1.02,0.44,-0.16,-26.12,11.91,-176.86,-100.34,-11.41,-27.59,352571
0.98,0.28,0.07,-39.19,11.91,-200.98,-36.07,9.64,36.74,352774
1.28,0.33,-0.06,-30.88,17.87,-210.16,7.45,-21.18,11.54,352977
1.06,0.25,0.10,-30.88,19.06,-211.31,57.56,21.42,-0.31,353180
1.19,0.70,-0.13,-26.12,20.25,-191.79,119.38,62.50,45.96,353383
0.99,1.40,-0.33,0.00,10.72,-158.48,104.55,115.84,46.57,353586
0.10,1.74,-0.84,14.25,0.00,-148.15,8.85,-45.35,39.86,353789
0.79,1.57,-0.50,21.37,10.72,-157.34,-77.70,-74.10,-71.23,353992
1.11,0.90,-0.20,1.19,19.06,-167.67,-106.93,-51.82,-74.16,354195
1.15,0.55,-0.08,-29.69,16.68,-192.94,-58.78,-8.54,-39.67,354398
1.09,0.23,0.06,-39.19,14.30,-207.87,-42.48,1.34,13.00,354601
1.12,0.24,0.04,-35.63,14.30,-211.31,11.47,8.91,-3.11,354804
1.16,0.34,0.02,-34.44,17.87,-206.72,80.63,25.09,22.58,355007
1.15,0.84,-0.24,-23.75,19.06,-187.20,95.09,61.58,53.34,355210
0.94,1.36,-0.29,-13.06,16.68,-173.41,114.07,98.69,51.51,355413
0.12,1.22,-0.71,19.00,-5.96,-143.55,13.67,-51.39,15.32,355616
0.76,1.44,-0.63,9.50,0.00,-153.89,-72.45,-97.96,-61.95,355819
0.89,0.92,-0.40,-7.12,7.15,-159.63,-123.35,-52.31,-46.81,356022
0.97,0.46,-0.31,-40.38,5.96,-181.45,-66.22,-103.21,-28.75,356225
1.02,0.15,0.06,-43.94,7.15,-196.38,-66.35,17.21,13.92,356428
0.93,0.02,0.07,-43.94,7.15,-210.16,7.51,-5.86,1.22,356631
0.98,0.03,0.06,-41.56,9.53,-210.16,79.65,-38.82,7.81,356834
1.15,0.56,-0.09,-38.00,14.30,-205.57,96.68,27.89,48.83,357037
1.10,1.08,-0.29,-20.19,19.06,-180.30,118.10,77.09,57.13,357240
0.67,1.67,-0.27,15.44,2.38,-151.59,89.42,77.94,52.37,357443
0.77,1.49,-0.31,17.81,0.00,-151.59,-15.08,-43.21,13.85,357646
0.99,1.36,-0.34,7.12,16.68,-161.93,-117.25,-124.08,-66.96,357849
1.13,0.63,-0.03,-30.88,20.25,-205.57,-114.01,-18.01,-95.03,358052
1.05,0.17,0.25,-38.00,15.49,-214.76,-40.34,10.62,-12.21,358255
1.14,0.14,0.10,-36.81,15.49,-218.20,8.12,13.31,-0.73,358458
1.11,0.19,0.11,-38.00,16.68,-217.05,62.07,-13.00,-4.09,358661
1.19,0.60,-0.07,-36.81,16.68,-206.72,94.18,31.19,44.62,358864
1.06,1.08,-0.23,-16.62,20.25,-181.45,114.32,82.46,63.78,359067
0.78,1.46,-0.41,-3.56,14.30,-164.23,77.33,37.48,51.03,359270
0.76,1.59,-0.40,15.44,8.34,-152.74,-2.99,-27.40,-12.70,359473
1.13,1.22,-0.38,-2.37,17.87,-168.82,-101.99,-68.12,-90.88,359676
0.90,0.60,-0.25,-23.75,15.49,-178.01,-91.55,16.42,-52.86,359879
0.98,0.27,-0.05,-45.12,5.96,-196.38,-91.43,27.83,-21.91,360082
0.94,0.00,0.01,-42.75,3.57,-210.16,-25.82,-8.61,29.79,360285
0.97,0.04,0.06,-42.75,5.96,-211.31,42.60,-22.58,2.44,360488
1.02,0.21,0.04,-42.75,11.91,-207.87,89.66,-42.54,22.64,360691
1.13,0.83,-0.17,-40.38,15.49,-200.98,127.14,38.21,75.26,360894
0.90,1.40,-0.42,-8.31,19.06,-174.56,102.97,67.63,63.17,361097
0.76,1.46,-0.74,17.81,10.72,-158.48,-5.92,20.51,-11.35,361300
0.88,1.55,-0.42,20.19,13.11,-158.48,-67.50,-5.19,-63.48,361503
1.07,1.02,-0.20,-9.50,13.11,-166.52,-98.14,-18.01,-108.46,361706
0.90,0.48,-0.23,-40.38,3.57,-187.20,-75.93,5.80,-47.61,361909
0.97,0.16,-0.05,-46.31,2.38,-192.94,-76.17,-7.63,10.19,362112
0.99,-0.00,0.10,-47.50,4.77,-213.61,-12.33,-8.24,27.77,362315
1.04,0.08,0.11,-42.75,8.34,-214.76,42.91,2.50,-1.71,362518
1.04,0.33,-0.01,-42.75,9.53,-207.87,73.55,20.87,39.18,362721
1.22,0.81,-0.17,-28.50,19.06,-197.53,99.00,61.04,68.18,362924
0.86,1.41,-0.36,-13.06,20.25,-179.16,111.45,113.28,47.97,363127
0.87,1.23,-0.49,17.81,5.96,-151.59,8.54,-58.04,-28.99,363330
0.99,1.39,-0.51,10.69,14.30,-164.23,-77.88,-68.97,-62.99,363533
1.16,0.88,-0.18,-8.31,17.87,-173.41,-105.83,-36.38,-98.94,363736
0.98,0.24,-0.02,-41.56,9.53,-198.68,-76.05,-3.60,-44.19,363939
0.97,0.19,0.00,-47.50,4.77,-213.61,-29.79,26.49,12.57,364142
1.01,0.02,0.08,-47.50,5.96,-212.46,-7.51,6.04,14.22,364345
1.03,0.10,0.07,-40.38,10.72,-212.46,46.14,-8.91,-2.93,364548
1.18,0.42,0.01,-39.19,10.72,-205.57,90.33,7.81,48.28,364751
1.21,1.08,-0.27,-30.88,17.87,-191.79,124.15,58.90,80.99,364954
0.81,1.37,-0.35,3.56,14.30,-164.23,94.12,76.48,52.19,365157
0.73,1.08,-0.46,16.62,7.15,-155.04,23.93,-71.04,-30.27,365360
0.81,1.54,-0.51,21.37,7.15,-153.89,-50.54,-77.76,-28.14,365563
1.00,0.72,-0.13,-10.69,21.45,-180.30,-112.61,-57.13,-55.11,365766
0.76,0.81,-0.18,-23.75,19.06,-189.49,127.44,-71.35,41.75,365969
1.11,0.76,-0.10,-21.37,30.98,-192.94,-39.98,59.63,-9.70,366172
1.57,1.10,-0.16,-28.50,22.64,-197.53,-22.16,67.26,13.79,366375
1.22,0.62,-0.20,-30.88,19.06,-187.20,31.43,49.44,34.55,366578
0.93,0.37,-0.19,-33.25,19.06,-184.90,85.39,24.35,8.79,366781
0.92,1.29,-0.21,-9.50,14.30,-163.08,124.57,74.16,71.84,366984
0.71,0.68,-0.53,17.81,7.15,-148.15,42.05,-75.13,-108.95,367187
0.86,1.45,-0.51,10.69,8.34,-151.59,-77.88,-75.20,-58.96,367390
1.01,0.84,-0.35,-5.94,13.11,-159.63,-91.31,-42.66,-58.59,367593
1.04,0.42,-0.20,-33.25,13.11,-181.45,-84.35,-16.91,-39.49,367796
1.03,0.25,-0.11,-43.94,8.34,-196.38,-44.62,17.52,1.53,367999
1.04,0.03,-0.02,-42.75,10.72,-199.83,4.64,-8.06,19.53,368202
1.09,0.25,-0.09,-41.56,13.11,-203.27,62.50,4.27,18.01,368405
1.05,0.51,-0.23,-33.25,15.49,-189.49,81.85,13.31,26.73,368608
1.05,0.90,-0.27,-27.31,16.68,-179.16,109.13,38.94,65.73,368811
0.56,1.59,-0.47,1.19,14.30,-158.48,97.35,74.77,49.99,369014
0.67,1.40,-0.44,10.69,11.91,-155.04,-6.96,-12.88,-8.67,369217
1.10,1.18,-0.36,7.12,15.49,-158.48,-87.52,-77.27,-53.22,369420
1.09,0.69,-0.24,-24.94,21.45,-183.75,-84.59,-18.86,-69.21,369623
1.01,0.28,-0.07,-38.00,14.30,-192.94,-69.64,13.31,-34.85,369826
0.86,-0.01,0.05,-43.94,9.53,-202.13,16.24,17.82,7.32,370029
0.92,0.16,-0.10,-43.94,9.53,-200.98,59.02,7.75,10.99,370232
1.01,0.61,-0.25,-39.19,8.34,-190.64,93.75,18.13,58.65,370435
0.95,1.19,-0.49,-17.81,16.68,-169.97,115.11,71.11,48.83,370638
0.65,1.41,-0.34,13.06,8.34,-148.15,61.89,41.75,22.40,370841
0.65,1.26,-0.49,10.69,-2.38,-143.55,16.78,-19.41,11.23,371044
0.97,1.33,-0.57,8.31,11.91,-155.04,-81.67,-84.41,-57.86,371247
0.99,0.75,-0.33,-28.50,19.06,-179.16,-123.35,-20.63,-86.98,371450
1.06,0.40,-0.01,-38.00,14.30,-194.09,-67.02,1.04,-16.17,371653
1.09,0.13,-0.03,-45.12,13.11,-205.57,-34.85,7.02,15.93,371856
0.98,-0.03,0.06,-41.56,11.91,-210.16,23.74,-0.55,6.35,372059
1.06,0.11,0.06,-41.56,16.68,-207.87,94.12,-6.96,44.98,372262
1.16,0.84,-0.20,-26.12,21.45,-183.75,128.05,44.19,42.60,372465
0.86,1.25,-0.36,-14.25,17.87,-169.97,106.45,56.82,47.00,372668
0.88,0.99,-0.54,15.44,7.15,-150.45,22.64,-35.10,-44.19,372871
0.96,1.33,-0.51,10.69,14.30,-157.34,-37.78,-28.20,-29.24,373074
1.11,1.00,-0.36,1.19,20.25,-165.37,-91.13,-74.10,-72.14,373277
1.03,0.52,-0.16,-29.69,20.25,-190.64,-82.34,-8.61,-52.06,373480
1.10,0.29,0.05,-38.00,15.49,-206.72,-50.72,17.27,9.16,373683
1.09,0.05,-0.05,-38.00,15.49,-209.02,-2.08,9.22,15.69,373886
1.06,0.12,0.04,-32.06,20.25,-209.02,38.64,0.79,-23.13,374089
1.13,0.54,-0.09,-33.25,19.06,-204.42,81.42,42.18,21.61,374292
1.05,0.96,-0.19,-24.94,22.64,-182.60,126.77,53.89,53.71,374495
0.86,1.50,-0.28,7.12,17.87,-161.93,83.68,100.95,46.81,374698
0.57,1.27,-0.45,11.88,5.96,-149.30,14.16,-40.95,17.64,374901
1.08,1.36,-0.43,9.50,19.06,-163.08,-84.23,-100.22,-60.79,375104
1.08,0.77,-0.23,-24.94,25.02,-189.49,-110.29,-23.80,-102.29,375307
1.14,0.28,0.15,-36.81,16.68,-198.68,-84.53,10.13,-15.08,375510
1.01,0.00,0.11,-41.56,13.11,-210.16,-1.46,13.37,-6.90,375713
1.02,0.11,0.06,-42.75,15.49,-210.16,42.05,-9.52,11.54,375916
1.17,0.34,-0.06,-36.81,16.68,-205.57,107.42,7.69,30.70,376119
1.14,0.86,-0.22,-27.31,20.25,-186.05,97.35,51.45,58.41,376322
0.79,1.34,-0.42,-13.06,22.64,-173.41,89.23,75.07,53.28,376525
1.03,1.44,-0.55,15.44,5.96,-148.15,26.61,-33.45,9.16,376728
0.78,1.38,-0.56,11.88,11.91,-155.04,-43.70,-36.44,-32.35,376931
1.12,0.98,-0.37,1.19,19.06,-164.23,-91.06,-51.76,-72.20,377134
1.11,0.57,-0.06,-28.50,22.64,-191.79,-88.99,-12.15,-65.49,377337
1.03,0.04,0.03,-41.56,13.11,-206.72,-45.17,21.12,-12.21,377540
1.02,0.13,0.05,-43.94,10.72,-207.87,19.35,1.46,6.59,377743
0.95,0.02,0.14,-40.38,10.72,-203.27,60.79,28.38,39.18,377946
1.20,0.71,-0.22,-28.50,20.25,-188.34,107.24,59.33,43.40,378149
0.74,1.21,-0.43,-16.62,20.25,-172.27,99.12,98.39,50.42,378352
1.12,1.19,-0.45,13.06,11.91,-155.04,15.87,-80.08,2.50,378555
0.83,1.52,-0.51,15.44,15.49,-155.04,3.30,-48.65,-3.91,378758
0.88,1.26,-0.41,7.12,17.87,-159.63,-111.15,-21.73,-70.74,378961
1.03,0.50,-0.27,-28.50,17.87,-179.16,-104.43,-23.80,-68.91,379164
0.96,0.26,-0.11,-41.56,13.11,-190.64,-67.50,7.26,6.23,379367
0.99,0.02,0.03,-41.56,10.72,-204.42,-9.83,12.82,17.82,379570
1.00,0.09,0.04,-36.81,13.11,-204.42,60.91,-16.48,-1.28,379773
0.98,0.44,-0.14,-35.63,16.68,-197.53,97.35,14.10,26.92,379976
1.15,0.97,-0.20,-20.19,21.45,-179.16,124.08,122.01,42.72,380179
0.84,1.37,-0.31,8.31,2.38,-148.15,78.74,58.11,21.24,380382
0.65,1.31,-0.42,13.06,1.19,-147.00,9.70,30.58,19.41,380585
0.82,1.39,-0.54,9.50,10.72,-153.89,-55.18,-56.09,-53.28,380788
1.19,0.95,-0.42,-2.37,16.68,-159.63,-99.73,-52.31,-81.48,380991
0.99,0.50,-0.08,-38.00,14.30,-187.20,-88.68,0.85,-32.04,381194
1.02,0.04,-0.03,-41.56,11.91,-203.27,-20.08,26.12,5.62,381397
0.96,0.10,-0.04,-42.75,10.72,-200.98,13.92,-12.27,7.32,381600
1.14,0.26,-0.18,-39.19,13.11,-198.68,79.53,-35.46,3.97,381803
0.90,0.51,-0.21,-36.81,10.72,-184.90,84.84,24.29,28.75,382006
0.86,1.01,-0.33,-29.69,14.30,-174.56,98.27,58.17,58.47,382209
0.48,1.55,-0.99,3.56,7.15,-148.15,37.17,28.56,26.25,382412
0.62,1.24,-0.50,9.50,3.57,-148.15,27.59,-25.63,1.77,382615
1.03,1.40,-0.45,10.69,10.72,-152.74,-75.38,-89.84,-51.82,382818
1.05,0.85,-0.16,-20.19,17.87,-174.56,-101.20,-27.95,-77.88,383021
0.98,0.33,-0.19,-32.06,14.30,-187.20,-53.41,9.89,-0.73,383224
0.99,0.18,-0.05,-39.19,13.11,-195.23,-26.49,28.20,5.68,383427
1.11,0.23,-0.10,-36.81,14.30,-197.53,38.51,-2.50,8.18,383630
1.06,0.39,-0.20,-34.44,13.11,-197.53,62.44,17.52,-9.70,383833
0.93,0.69,-0.28,-33.25,14.30,-179.16,80.57,37.96,41.63,384036
0.96,1.35,-0.53,-8.31,14.30,-160.78,78.67,42.11,46.39,384239
0.84,1.81,-0.79,3.56,13.11,-157.34,-15.99,-8.48,59.14,384442
0.67,1.38,-0.44,9.50,5.96,-150.45,31.68,-91.43,-3.48,384645
0.99,1.37,-0.41,4.75,21.45,-161.93,-64.33,-75.32,-63.60,384848
1.11,0.87,-0.24,-10.69,22.64,-175.71,-101.87,-22.64,-89.97,385051
1.02,0.28,-0.08,-38.00,13.11,-192.94,-54.63,-4.15,-2.20,385254
1.06,0.20,-0.07,-38.00,10.72,-195.23,-12.39,0.49,23.13,385457
1.11,0.26,-0.14,-36.81,14.30,-199.83,26.37,8.06,-13.61,385660
1.09,0.44,-0.18,-38.00,16.68,-194.09,66.96,30.27,18.62,385863
1.11,0.75,-0.21,-32.06,14.30,-184.90,112.18,53.04,45.72,386066
0.89,1.22,-0.48,-8.31,14.30,-161.93,58.90,13.18,57.98,386269
0.44,0.99,-0.48,8.31,7.15,-147.00,22.03,21.24,-17.46,386472
0.47,1.32,-0.56,11.88,4.77,-148.15,18.13,-64.27,-27.16,386675
1.11,1.32,-0.53,7.12,17.87,-160.78,-71.53,-62.99,-78.55,386878
1.02,0.65,-0.23,-27.31,16.68,-182.60,-90.09,-6.04,-71.66,387081
1.01,0.40,-0.07,-40.38,14.30,-189.49,-19.71,9.95,-1.10,387284
1.13,0.18,-0.19,-36.81,14.30,-191.79,-16.36,19.23,20.81,387487
1.01,0.23,-0.12,-35.63,14.30,-194.09,16.54,12.45,-17.94,387690
1.01,0.47,-0.24,-38.00,13.11,-191.79,73.73,32.29,9.03,387893
0.95,0.82,-0.38,-26.12,14.30,-171.12,78.43,28.14,48.77,388096
0.67,1.35,-0.49,-14.25,13.11,-161.93,75.38,60.67,42.05,388299
0.92,1.04,-0.44,14.25,10.72,-150.45,3.11,-4.09,-35.77,388502
0.92,1.37,-0.47,11.88,15.49,-158.48,-33.63,-17.03,-34.48,388705
1.05,0.99,-0.36,-1.19,20.25,-167.67,-90.33,-61.34,-60.42,388908
1.09,0.59,-0.13,-29.69,19.06,-189.49,-60.00,-1.16,-52.86,389111
1.06,0.31,-0.10,-39.19,15.49,-200.98,-31.25,6.90,7.63,389314
1.09,0.24,-0.07,-36.81,17.87,-203.27,-0.06,11.41,2.87,389517
1.11,0.23,-0.12,-34.44,20.25,-199.83,36.01,-12.02,2.20,389720
1.03,0.37,-0.16,-35.63,17.87,-197.53,63.05,16.54,10.19,389923
1.13,0.71,-0.23,-33.25,17.87,-188.34,67.32,23.62,18.62,390126
0.88,1.05,-0.36,-15.44,17.87,-168.82,104.80,98.45,55.48,390329
0.72,1.44,-0.88,2.37,9.53,-151.59,-32.47,51.64,33.63,390532
0.86,1.34,-0.49,9.50,7.15,-151.59,17.40,-48.46,-15.50,390735
1.05,1.26,-0.47,0.00,15.49,-163.08,-87.04,-55.42,-65.98,390938
1.04,0.61,-0.25,-19.00,21.45,-174.56,-70.25,-6.29,-62.99,391141
1.05,0.43,-0.08,-36.81,13.11,-190.64,-53.41,1.77,-8.48,391344
1.10,0.20,-0.15,-38.00,13.11,-199.83,-16.97,7.69,13.18,391547
1.09,0.21,-0.10,-39.19,14.30,-197.53,32.90,-2.81,-1.28,391750
1.04,0.39,-0.11,-38.00,13.11,-192.94,82.46,9.83,25.70,391953
1.02,0.79,-0.30,-26.12,16.68,-175.71,92.16,37.96,52.92,392156
0.70,1.38,-0.46,-8.31,15.49,-161.93,81.36,78.67,32.96,392359
0.88,1.37,-0.56,9.50,7.15,-150.45,20.02,-22.89,7.08,392562
0.87,1.33,-0.57,9.50,10.72,-151.59,-65.55,-71.72,-46.20,392765
1.04,0.84,-0.34,-16.62,21.45,-172.27,-71.04,-26.00,-62.87,392968
1.08,0.55,-0.20,-33.25,15.49,-186.05,-94.36,6.16,-37.90,393171
1.02,0.24,0.00,-40.38,10.72,-197.53,-49.38,43.33,-1.10,393374
1.01,0.03,-0.02,-42.75,11.91,-203.27,17.88,-4.94,22.77,393577
0.99,0.20,-0.04,-38.00,16.68,-196.38,86.36,-18.86,24.78,393780
1.17,0.74,-0.25,-33.25,16.68,-189.49,112.06,31.19,41.20,393983
0.86,1.26,-0.40,-10.69,15.49,-164.23,93.44,81.48,24.72,394186
0.68,1.36,-0.47,14.25,3.57,-147.00,48.52,16.42,19.53,394389
0.58,1.31,-0.54,16.62,2.38,-150.45,8.91,27.95,-9.09,394592
0.90,1.41,-0.46,10.69,15.49,-158.48,-69.03,-80.69,-63.60,394795
1.02,0.90,-0.32,-4.75,22.64,-175.71,-91.67,-25.21,-39.61,394998
1.05,0.45,-0.18,-27.31,23.83,-188.34,-56.15,1.95,-45.65,395201
0.95,-0.00,-0.01,-38.00,13.11,-198.68,-19.04,-7.08,2.32,395404
1.02,0.13,-0.05,-38.00,16.68,-199.83,58.53,0.55,6.71,395607
1.14,0.56,-0.25,-33.25,17.87,-190.64,67.32,42.05,0.49,395810
0.87,0.95,-0.36,-23.75,15.49,-169.97,88.75,64.33,39.12,396013
0.90,1.16,-0.51,-10.69,7.15,-157.34,74.52,31.74,33.57,396216
0.67,1.25,-0.59,10.69,5.96,-147.00,-1.04,-44.07,-36.80,396419
1.04,1.17,-0.53,-7.12,11.91,-157.34,-73.97,-33.94,-59.02,396622
0.99,0.77,-0.33,-23.75,14.30,-168.82,-97.66,-16.48,-57.31,396825
0.92,0.26,-0.12,-43.94,8.34,-189.49,-65.37,25.15,-14.83,397028
0.87,-0.05,-0.06,-47.50,7.15,-196.38,-21.30,8.61,12.88,397231
1.08,0.20,-0.08,-42.75,7.15,-197.53,64.64,-17.94,16.11,397434
1.08,0.48,-0.24,-35.63,14.30,-189.49,76.84,17.82,42.30,397637
0.99,0.94,-0.36,-28.50,19.06,-179.16,96.80,49.01,43.27,397840
0.84,1.32,-0.48,-4.75,10.72,-158.48,73.12,21.30,38.27,398043
0.85,1.31,-0.53,8.31,10.72,-151.59,-5.55,-40.41,-30.15,398246
0.98,1.15,-0.43,3.56,14.30,-159.63,-71.11,-61.46,-49.87,398449
1.07,0.68,-0.26,-21.37,20.25,-176.86,-69.52,-23.32,-42.54,398652
1.04,0.45,-0.17,-35.63,14.30,-191.79,-34.55,-0.43,-22.95,398855
0.96,0.11,-0.10,-39.19,15.49,-197.53,-4.88,4.70,35.64,399058
1.25,0.39,-0.21,-30.88,22.64,-194.09,59.94,7.32,-29.42,399261
0.96,0.53,-0.24,-38.00,14.30,-186.05,65.67,49.44,7.08,399464
0.91,1.04,-0.39,-24.94,9.53,-166.52,106.87,61.04,63.05,399667
0.79,1.54,-0.77,4.75,5.96,-150.45,35.77,29.54,9.77,399870
0.81,1.26,-0.50,3.56,7.15,-151.59,-41.32,-16.85,-36.44,400073
0.98,0.92,-0.44,-11.88,10.72,-160.78,-52.55,-31.74,-39.73,400276
1.02,0.61,-0.29,-30.88,15.49,-175.71,-53.71,-22.34,-14.10,400479
1.08,0.51,-0.33,-32.06,15.49,-182.60,-32.41,19.90,-12.02,400682
0.71,0.29,-0.13,-40.38,11.91,-189.49,-68.05,17.52,-24.35,400885
0.85,-0.09,-0.00,-42.75,7.15,-195.23,15.87,9.16,-1.83,401088
0.92,0.30,-0.10,-41.56,7.15,-195.23,94.79,-16.66,32.23,401291
1.08,0.90,-0.42,-26.12,14.30,-174.56,110.47,41.02,63.60,401494
0.79,1.42,-0.39,-10.69,15.49,-161.93,82.15,120.42,25.02,401697
0.73,1.41,-0.56,7.12,4.77,-148.15,-7.69,-9.22,-3.11,401900
0.98,1.08,-0.48,-4.75,15.49,-160.78,-72.27,-65.00,-37.84,402103
1.13,0.73,-0.29,-15.44,20.25,-172.27,-84.66,-48.95,-30.21,402306
0.99,0.40,-0.09,-32.06,19.06,-189.49,-62.56,25.09,-20.81,402509
0.95,0.12,-0.01,-34.44,14.30,-199.83,23.50,-16.48,21.73,402712
1.12,0.38,-0.17,-33.25,19.06,-196.38,74.89,5.37,3.48,402915
1.05,0.79,-0.30,-26.12,19.06,-180.30,85.14,42.97,42.05,403118
0.92,1.27,-0.45,-4.75,13.11,-161.93,72.88,52.98,24.84,403321
0.82,1.06,-0.56,3.56,8.34,-152.74,6.90,-56.58,-18.25,403524
0.98,1.22,-0.48,0.00,17.87,-159.63,-52.55,-53.96,-22.52,403727
1.11,0.92,-0.33,-10.69,19.06,-168.82,-91.25,-32.78,-32.35,403930
1.08,0.29,-0.07,-28.50,22.64,-189.49,-74.95,5.25,-21.61,404133
1.04,0.16,-0.03,-34.44,19.06,-203.27,-22.09,26.55,-26.92,404336
1.08,0.31,-0.04,-34.44,16.68,-203.27,74.65,20.69,9.95,404539
1.11,0.70,-0.22,-26.12,19.06,-189.49,106.99,30.09,33.14,404742
0.96,1.20,-0.40,-7.12,15.49,-165.37,80.69,47.97,32.65,404945
-0.14,0.99,-0.28,3.56,11.91,-152.74,-18.55,12.15,26.98,405148
0.99,1.48,-0.37,9.50,9.53,-155.04,3.30,-89.17,-13.92,405351
1.13,1.13,-0.29,-5.94,21.45,-173.41,-94.12,-28.75,-52.67,405554
1.06,0.54,-0.21,-22.56,22.64,-183.75,-82.95,-18.37,-47.85,405757
1.01,0.37,-0.11,-38.00,19.06,-198.68,-52.61,35.46,15.63,405960
1.05,0.16,0.01,-34.44,15.49,-199.83,13.18,-9.64,24.54,406163
1.18,0.31,-0.03,-30.88,20.25,-200.98,101.20,19.29,-4.46,406366
0.98,0.95,-0.32,-22.56,17.87,-179.16,113.77,59.45,66.77,406569
0.97,1.37,-0.26,-5.94,19.06,-167.67,80.14,75.38,36.44,406772
0.65,1.22,-0.49,7.12,13.11,-156.19,2.75,43.03,10.01,406975
0.89,1.31,-0.48,5.94,20.25,-161.93,-60.30,-44.56,-42.85,407178
1.19,0.87,-0.21,-4.75,23.83,-174.56,-95.15,-45.78,-65.06,407381
1.12,0.42,-0.13,-30.88,22.64,-197.53,-65.25,3.48,-33.51,407584
1.07,0.27,0.07,-35.63,15.49,-205.57,-23.80,26.18,-6.47,407787
1.25,0.20,0.02,-35.63,16.68,-207.87,37.29,-0.06,15.87,407990
1.13,0.41,-0.02,-36.81,19.06,-199.83,90.33,41.50,15.01,408193
1.15,0.84,-0.34,-28.50,20.25,-188.34,107.85,63.84,43.27,408396
0.71,1.42,-0.43,-3.56,14.30,-160.78,84.17,67.69,50.66,408599
0.69,1.29,-0.43,13.06,7.15,-152.74,9.77,42.24,21.18,408802
0.98,1.48,-0.47,14.25,8.34,-151.59,-41.93,-55.36,-36.93,409005
1.10,1.07,-0.28,-3.56,22.64,-172.27,-89.23,-56.15,-74.89,409208
1.07,0.52,-0.08,-28.50,22.64,-192.94,-74.46,-0.67,-32.90,409411
1.11,0.20,-0.04,-34.44,21.45,-202.13,-25.09,5.62,6.41,409614
1.17,0.21,0.00,-32.06,21.45,-207.87,14.10,-9.95,-5.92,409817
1.12,0.32,-0.07,-33.25,20.25,-199.83,64.64,44.13,6.65,410020
1.00,0.84,-0.22,-29.69,20.25,-188.34,90.58,79.83,51.03,410223
0.84,1.30,-0.27,0.00,16.68,-163.08,89.66,112.73,30.58,410426
0.60,1.42,-0.45,13.06,4.77,-149.30,33.63,7.87,7.02,410629
1.03,1.24,-0.46,9.50,21.45,-165.37,-86.36,-93.81,-70.80,410832
1.14,0.68,-0.18,-20.19,26.21,-186.05,-77.09,-23.13,-71.04,411035
1.08,0.40,-0.01,-29.69,20.25,-194.09,-46.39,-8.54,-6.71,411238
1.07,0.08,-0.03,-34.44,21.45,-207.87,0.31,9.95,8.73,411441
1.16,0.29,0.00,-30.88,22.64,-207.87,62.44,8.30,-24.66,411644
0.96,0.54,-0.26,-34.44,16.68,-198.68,107.60,67.44,28.38,411847
0.82,1.31,-0.28,-15.44,16.68,-167.67,78.49,66.10,72.75,412050
0.70,1.86,-1.11,10.69,13.11,-156.19,-25.94,98.88,73.00,412253
0.87,1.51,-0.39,11.88,15.49,-157.34,-18.43,-55.30,-25.82,412456
1.07,1.05,-0.32,-4.75,23.83,-171.12,-74.40,-46.81,-52.00,412659
1.12,0.64,-0.17,-27.31,25.02,-190.64,-59.33,-6.77,-39.73,412862
1.15,0.41,-0.10,-29.69,19.06,-195.23,-43.64,-10.44,7.75,413065
1.10,0.20,-0.10,-28.50,22.64,-200.98,2.69,12.39,7.26,413268
1.10,0.31,-0.11,-27.31,21.45,-200.98,47.61,14.34,-27.89,413471
1.01,0.53,-0.28,-30.88,19.06,-190.64,72.20,37.66,18.98,413674
0.97,1.02,-0.39,-17.81,21.45,-174.56,78.74,62.56,46.33,413877
0.78,1.25,-0.32,-8.31,15.49,-160.78,75.32,43.70,32.47,414080
0.90,1.32,-0.52,14.25,14.30,-157.34,10.93,-56.09,-33.39,414283
1.09,1.20,-0.41,2.37,23.83,-169.97,-70.86,-47.12,-62.07,414486
1.08,0.67,-0.22,-14.25,25.02,-179.16,-56.70,-23.38,-57.43,414689
1.11,0.63,-0.15,-30.88,20.25,-195.23,-22.40,-18.49,-14.22,414892
1.08,0.17,-0.14,-35.63,19.06,-203.27,-28.26,22.64,-15.63,415095
0.95,0.28,-0.04,-38.00,15.49,-203.27,29.85,34.85,4.82,415298
1.05,0.50,-0.16,-32.06,17.87,-191.79,78.98,35.83,29.79,415501
0.91,0.92,-0.26,-24.94,17.87,-180.30,98.02,61.04,39.43,415704
0.74,1.23,-0.31,0.00,10.72,-156.19,100.46,66.28,33.57,415907
1.00,1.43,-0.52,7.12,10.72,-156.19,10.68,-54.20,26.98,416110
1.09,1.27,-0.43,8.31,19.06,-161.93,-74.40,-49.93,-67.38,416313
1.08,0.69,-0.19,-21.37,25.02,-182.60,-104.13,-23.01,-84.53,416516
1.00,0.28,0.05,-35.63,17.87,-199.83,-42.36,-5.62,21.85,416719
1.17,0.27,-0.04,-33.25,21.45,-203.27,13.37,12.51,3.48,416922
1.14,0.34,-0.09,-35.63,17.87,-203.27,66.71,-6.53,2.26,417125
1.08,0.62,-0.23,-27.31,19.06,-187.20,85.14,29.48,30.03,417328
1.03,1.02,-0.38,-20.19,17.87,-174.56,69.82,53.83,19.47,417531
0.81,1.91,-2.10,0.00,9.53,-151.59,8.12,40.59,19.96,417734
0.51,1.21,-0.52,1.19,7.15,-149.30,7.32,-59.94,-9.70,417937
1.03,1.24,-0.49,2.37,14.30,-161.93,-62.62,-66.71,-47.85,418140
1.07,0.70,-0.16,-22.56,22.64,-186.05,-89.29,-17.46,-45.41,418343
1.10,0.33,-0.11,-30.88,21.45,-192.94,-40.34,8.48,7.45,418546
1.07,0.32,-0.11,-29.69,20.25,-200.98,-26.79,14.77,-8.48,418749
1.12,0.32,-0.08,-29.69,20.25,-196.38,42.05,7.14,-9.22,418952
1.04,0.44,-0.22,-29.69,19.06,-192.94,72.94,62.32,-1.22,419155
0.90,1.06,-0.42,-21.37,14.30,-169.97,101.68,50.66,54.81,419358
0.85,1.32,-0.36,3.56,16.68,-157.34,78.37,70.25,20.20,419561
0.83,1.36,-0.52,13.06,1.19,-141.26,43.03,-48.65,-4.82,419764
1.00,1.37,-0.56,1.19,14.30,-157.34,-117.19,-75.38,-87.40,419967
0.86,0.26,-0.08,-21.37,15.49,-171.12,-98.69,-36.80,-50.05,420170
1.04,0.23,-0.06,-43.94,5.96,-196.38,-38.02,-1.40,35.52,420373
0.99,0.13,-0.06,-40.38,15.49,-203.27,9.22,5.31,7.14,420576
0.96,0.17,-0.11,-36.81,15.49,-199.83,62.32,8.24,-10.62,420779
1.09,0.66,-0.30,-35.63,15.49,-189.49,88.75,26.86,36.38,420982
1.00,0.95,-0.43,-15.44,19.06,-167.67,89.29,90.03,25.70,421185
0.53,1.63,-0.35,-5.94,8.34,-152.74,79.28,68.66,40.47,421388
0.71,1.26,-0.48,10.69,7.15,-149.30,2.99,-48.40,18.31,421591
0.95,1.30,-0.46,7.12,16.68,-160.78,-46.45,-86.36,-49.44,421794
1.05,0.76,-0.31,-8.31,21.45,-168.82,-120.85,-17.15,-87.40,421997
0.97,0.23,-0.10,-36.81,11.91,-190.64,-48.83,-1.22,10.68,422200
1