=~=~=~=~=~=~=~=~=~=~=~= PuTTY log 2020.09.05 13:10:49 =~=~=~=~=~=~=~=~=~=~=~=
0.74,0.63,-0.60,5.94,50.04,-97.62,30.64,-45.78,14.22,238065
0.79,0.65,-0.53,15.44,58.38,-109.10,11.11,-3.97,19.41,238269
0.84,0.71,-0.53,17.81,54.80,-109.10,5.92,2.38,-1.04,238472
0.89,0.79,-0.50,17.81,58.38,-106.80,12.33,0.12,-1.95,238675
0.83,0.73,-0.59,21.37,58.38,-111.40,6.77,-6.90,2.62,238878
0.64,0.58,-0.63,19.00,50.04,-103.36,-24.35,96.07,15.01,239081
0.51,0.85,-0.63,19.00,32.17,-84.98,40.10,23.07,45.47,239284
0.43,1.15,-0.62,24.94,28.59,-84.98,41.32,5.86,33.14,239487
0.47,0.99,-0.64,32.06,32.17,-95.32,-12.21,9.22,0.31,239690
0.44,1.07,-0.70,30.88,30.98,-91.87,3.11,24.84,-3.72,239893
0.46,0.96,-0.60,28.50,29.79,-93.02,4.46,1.95,0.61,240096
0.43,0.97,-0.61,28.50,29.79,-95.32,5.80,13.92,0.00,240299
0.40,0.95,-0.64,29.69,28.59,-91.87,3.60,4.70,0.61,240502
0.41,1.00,-0.63,30.88,30.98,-93.02,2.44,13.43,-1.95,240705
0.32,0.96,-0.64,28.50,23.83,-93.02,2.38,22.16,1.77,240908
0.19,1.12,-0.80,30.88,26.21,-90.73,7.63,-39.67,-14.65,241111
0.48,0.95,-0.50,26.12,28.59,-89.58,-60.06,-32.53,-71.90,241314
0.57,0.35,-0.55,13.06,45.27,-95.32,27.71,-101.87,-5.07,241517
0.84,0.55,-0.44,15.44,57.19,-107.95,16.60,19.10,-30.46,241720
0.94,0.73,-0.44,14.25,59.57,-111.40,1.53,-25.45,0.24,241923
0.96,0.76,-0.55,14.25,60.76,-114.84,16.42,9.77,-4.88,242126
0.89,0.33,-0.24,13.06,58.38,-115.99,56.64,20.39,-45.72,242329
0.56,1.34,-0.49,20.19,52.42,-106.80,151.18,127.26,75.62,242532
0.19,1.58,-0.52,53.44,33.36,-104.51,42.97,69.46,18.86,242735
0.07,1.36,-0.34,60.56,29.79,-103.36,4.39,25.33,13.67,242938
0.34,1.71,-0.43,54.63,34.55,-101.06,-59.14,-105.96,-40.77,243141
0.77,1.06,-0.38,40.38,47.66,-103.36,-91.25,-71.53,-36.74,243344
0.67,0.59,-0.25,10.69,58.38,-110.25,-74.83,13.85,-8.30,243547
0.88,0.53,-0.35,-1.19,58.38,-111.40,-26.43,-0.06,2.20,243750
0.87,0.49,-0.46,-3.56,60.76,-109.10,16.30,1.04,-3.66,243953
0.98,0.24,-0.13,1.19,59.57,-112.55,71.47,-34.91,3.54,244157
0.95,0.96,-0.45,20.19,59.57,-113.70,148.80,72.57,47.67,244360
0.50,1.59,-0.52,40.38,50.04,-104.51,84.90,50.78,80.14,244563
0.43,1.47,-0.44,62.94,32.17,-110.25,-6.04,54.08,-3.72,244766
0.35,1.78,-0.54,58.19,34.55,-106.80,-23.68,-73.36,-43.03,244969
0.90,1.40,-0.51,49.88,47.66,-106.80,-135.19,-105.35,-61.34,245172
0.94,0.69,-0.17,10.69,64.34,-118.29,-138.67,-19.90,24.54,245375
1.11,0.36,-0.08,3.56,66.72,-122.88,-36.19,30.94,39.49,245578
1.10,0.44,-0.27,4.75,67.91,-122.88,12.08,7.26,-8.54,245781
1.09,0.51,-0.25,7.12,66.72,-125.18,26.31,9.70,1.71,245984
1.15,0.59,-0.22,10.69,65.53,-124.03,119.69,10.31,-12.51,246187
1.11,1.32,-0.39,22.56,65.53,-122.88,137.02,113.46,45.53,246390
-0.24,1.96,-0.89,54.63,41.70,-113.70,53.22,-36.07,81.79,246593
0.45,1.49,-0.32,62.94,39.32,-117.14,-3.66,49.74,-5.49,246796
0.85,1.66,-0.31,58.19,40.51,-117.14,-76.72,-109.56,-72.51,246999
1.14,1.02,-0.20,22.56,66.72,-128.62,-117.19,-83.19,-72.88,247202
1.08,0.44,-0.10,5.94,67.91,-132.07,-89.84,11.96,10.99,247405
1.12,0.36,-0.15,0.00,69.10,-129.77,-18.92,-6.35,20.14,247608
1.04,0.34,-0.14,3.56,71.48,-132.07,9.52,8.79,-4.70,247811
1.18,0.34,0.02,1.19,67.91,-132.07,115.36,29.66,-4.21,248014
0.97,1.10,-0.19,14.25,63.14,-118.29,138.67,99.85,23.38,248217
0.28,1.67,-0.45,40.38,53.61,-113.70,86.43,36.01,104.80,248420
0.40,1.41,-0.35,64.12,34.55,-111.40,2.08,28.75,9.89,248623
0.50,1.76,-0.49,58.19,34.55,-107.95,-41.14,-83.07,-66.59,248826
0.85,1.19,-0.48,46.31,48.85,-111.40,-117.74,-102.48,-63.29,249029
1.20,0.40,-0.09,13.06,66.72,-128.62,-112.73,-6.84,8.79,249232
1.16,0.43,-0.05,8.31,71.48,-132.07,-32.10,23.86,7.14,249435
1.15,0.48,-0.15,9.50,69.10,-132.07,2.56,14.40,-7.02,249638
1.11,0.41,-0.02,5.94,67.91,-132.07,64.58,-7.08,-2.99,249841
1.01,0.74,-0.21,15.44,66.72,-127.48,107.60,97.23,-8.67,250044
0.76,1.10,-0.40,26.12,60.76,-118.29,103.76,66.96,49.26,250247
0.66,1.34,-0.56,54.63,42.89,-106.80,21.36,-75.87,1.04,250450
0.48,1.45,-0.47,55.81,41.70,-111.40,6.77,5.55,-2.01,250653
0.62,1.67,-0.45,54.63,42.89,-110.25,-35.34,-75.50,-29.79,250856
0.78,1.28,-0.57,35.63,58.38,-115.99,-115.42,-55.60,-46.14,251059
1.05,0.46,-0.25,15.44,65.53,-119.44,-123.96,-21.30,-10.07,251262
1.07,0.40,-0.10,-4.75,66.72,-126.33,-95.70,54.08,0.00,251465
1.05,0.22,-0.08,-10.69,66.72,-124.03,-5.80,-5.19,22.52,251668
0.98,0.24,-0.18,-8.31,65.53,-125.18,24.66,30.88,-14.04,251871
1.04,0.30,-0.10,-8.31,63.14,-118.29,100.04,-0.24,-12.15,252074
0.84,0.95,-0.36,14.25,59.57,-107.95,157.78,158.26,13.98,252277
0.28,2.00,-1.07,34.44,41.70,-96.47,107.18,-28.69,60.97,252480
0.49,1.24,-0.44,51.06,39.32,-104.51,13.73,12.02,16.24,252683
0.56,1.47,-0.57,55.81,35.74,-105.66,-84.96,-11.41,-48.58,252886
0.79,0.88,-0.40,26.12,51.23,-103.36,-168.70,-91.80,-23.68,253089
0.92,0.39,-0.10,-7.12,60.76,-119.44,-106.87,-24.48,-3.30,253292
0.99,0.13,0.03,-13.06,69.10,-122.88,-10.50,-17.64,26.55,253495
1.06,0.22,-0.11,-9.50,65.53,-122.88,14.83,3.60,1.10,253698
1.15,0.27,0.04,-4.75,65.53,-122.88,112.67,-32.71,14.59,253901
1.00,0.72,-0.20,4.75,67.91,-122.88,188.72,108.64,28.75,254104
0.52,1.36,-0.35,40.38,48.85,-105.66,132.69,34.06,64.94,254307
0.52,1.25,-0.52,52.25,41.70,-106.80,13.61,-12.51,31.25,254510
0.88,1.76,-0.52,54.63,42.89,-111.40,-40.71,-124.88,-42.79,254713
0.89,0.87,-0.39,32.06,60.76,-117.14,-159.67,-90.64,-73.12,254917
1.01,0.43,0.02,9.50,69.10,-128.62,-115.54,10.62,-33.57,255120
1.03,0.14,0.10,-11.88,67.91,-135.52,-29.91,21.61,19.10,255323
1.09,0.18,0.04,-8.31,67.91,-132.07,15.38,0.31,-1.65,255526
1.11,0.32,0.07,-10.69,71.48,-129.77,101.26,-16.97,42.05,255729
1.22,0.76,-0.20,10.69,67.91,-126.33,144.59,54.50,28.81,255932
0.78,1.35,-0.55,36.81,56.00,-117.14,107.06,82.70,44.62,256135
0.71,1.31,-0.32,52.25,46.46,-112.55,25.94,38.94,-13.37,256338
0.80,1.49,-0.57,55.81,44.08,-112.55,-16.78,-39.25,-7.75,256541
0.86,1.12,-0.59,33.25,54.80,-112.55,-136.47,-71.35,-35.52,256744
0.99,0.56,-0.10,15.44,64.34,-119.44,-127.08,-72.39,-34.36,256947
1.11,0.21,0.07,-7.12,67.91,-132.07,-50.96,62.38,-1.71,257150
1.08,0.19,0.00,-10.69,64.34,-126.33,2.20,3.54,2.69,257353
1.03,0.18,0.06,-10.69,65.53,-128.62,46.81,3.36,0.43,257557
1.15,0.50,-0.08,-2.37,69.10,-125.18,129.21,33.94,26.00,257760
1.04,0.89,-0.44,10.69,65.53,-119.44,154.42,91.31,27.34,257963
0.02,2.19,-1.38,49.88,47.66,-110.25,-28.02,54.69,43.64,258166
0.64,1.35,-0.54,54.63,40.51,-111.40,8.18,-5.80,-12.15,258369
0.63,1.35,-0.63,53.44,44.08,-113.70,-89.48,-5.19,-24.48,258572
0.90,0.69,-0.48,26.12,56.00,-107.95,-148.56,-49.01,-52.00,258775
0.90,0.32,-0.07,-13.06,64.34,-120.59,-113.34,1.77,-17.40,258978
0.95,0.11,0.04,-16.62,64.34,-126.33,-44.92,21.00,7.57,259181
0.95,0.13,-0.02,-19.00,64.34,-124.03,15.56,10.56,3.36,259384
1.01,0.35,-0.09,-19.00,64.34,-122.88,147.77,-4.64,1.40,259587
0.94,0.86,-0.36,5.94,66.72,-124.03,148.07,70.86,42.24,259790
0.68,1.22,-0.27,39.19,52.42,-110.25,139.34,48.52,47.97,259993
0.55,1.27,-0.59,47.50,47.66,-110.25,8.91,-5.62,32.41,260196
0.62,1.26,-0.67,47.50,50.04,-117.14,-87.34,-45.23,-4.52,260399
0.95,0.78,-0.42,19.00,58.38,-112.55,-156.98,-60.42,-42.91,260602
0.85,0.32,-0.08,1.19,64.34,-118.29,-119.87,23.80,-10.68,260805
0.89,0.04,0.19,-16.62,61.95,-122.88,-33.69,16.05,12.57,261008
0.98,0.12,-0.02,-17.81,61.95,-120.59,34.36,4.33,-3.05,261212
0.93,0.39,-0.01,-15.44,65.53,-122.88,156.07,7.20,9.95,261415
0.75,0.71,-0.38,10.69,64.34,-114.84,142.33,67.87,0.61,261618
0.72,1.20,-0.20,27.31,56.00,-109.10,99.91,109.99,-5.25,261821
0.46,1.21,-0.49,45.12,46.46,-111.40,21.18,-2.93,20.26,262024
0.72,1.03,-0.66,35.63,52.42,-111.40,-135.07,-36.38,-44.62,262227
0.99,0.49,-0.15,14.25,61.95,-114.84,-122.80,-34.61,-39.98,262430
1.01,0.23,-0.07,-14.25,66.72,-129.77,-77.15,-17.82,7.93,262633
1.06,0.14,0.10,-17.81,65.53,-128.62,-8.30,16.05,11.96,262836
1.02,0.13,0.01,-16.62,63.14,-130.92,24.41,-0.18,1.28,263039
1.18,0.28,0.11,-14.25,64.34,-128.62,105.10,-50.84,5.68,263242
1.06,0.68,-0.27,4.75,67.91,-126.33,154.30,81.97,63.23,263445
0.85,1.30,-0.53,28.50,61.95,-117.14,121.09,115.97,19.17,263648
0.83,1.28,-0.28,46.31,51.23,-117.14,9.22,35.95,-3.85,263851
0.70,1.15,-0.70,45.12,54.80,-120.59,-99.73,-12.94,-41.75,264054
0.92,0.64,-0.28,17.81,60.76,-113.70,-133.36,-59.94,-41.26,264257
0.99,0.23,-0.06,-9.50,66.72,-127.48,-83.56,18.68,-5.49,264460
1.03,0.14,0.04,-16.62,64.34,-127.48,-27.16,27.59,14.16,264663
1.04,0.17,0.00,-16.62,65.53,-125.18,13.67,10.68,-2.75,264866
1.03,0.19,-0.00,-16.62,65.53,-122.88,43.76,-8.06,-1.46,265069
0.95,0.33,-0.02,-10.69,67.91,-124.03,125.06,16.11,3.36,265272
0.86,0.92,-0.56,10.69,61.95,-119.44,144.47,86.49,38.76,265475
0.11,1.29,-1.37,42.75,48.85,-109.10,104.55,-77.09,25.33,265678
0.91,1.35,-0.73,43.94,50.04,-113.70,-40.89,-62.99,-3.91,265881
1.06,0.98,-0.36,27.31,58.38,-112.55,-152.53,-49.07,-47.67,266084
0.94,0.41,-0.11,7.12,61.95,-117.14,-108.09,2.26,-24.41,266287
1.00,0.11,0.08,-17.81,66.72,-124.03,-37.17,10.99,2.81,266490
0.97,0.13,-0.03,-17.81,65.53,-126.33,10.62,0.49,1.34,266693
0.99,0.06,0.10,-16.62,65.53,-126.33,79.53,-36.13,-11.96,266896
0.97,0.49,-0.02,-10.69,66.72,-127.48,179.02,25.21,33.63,267099
0.85,1.08,-0.63,28.50,58.38,-110.25,82.82,108.22,31.49,267302
0.15,1.07,-0.62,39.19,52.42,-110.25,-10.01,-34.00,5.80,267505
0.79,1.35,-0.66,41.56,48.85,-107.95,-103.94,-82.03,-35.71,267708
0.98,0.57,-0.33,9.50,61.95,-117.14,-144.47,-3.05,-13.55,267912
1.00,0.24,0.01,-3.56,61.95,-115.99,-84.72,15.14,34.55,268115
0.96,0.23,-0.09,-7.12,63.14,-117.14,-1.53,20.75,-12.45,268318
1.05,0.15,-0.07,-7.12,61.95,-120.59,65.55,-13.18,-11.47,268521
1.05,0.55,-0.12,-5.94,63.14,-121.73,178.96,49.80,5.25,268724
0.69,1.31,-0.57,30.88,53.61,-106.80,131.35,62.26,44.74,268927
0.55,1.56,-0.68,49.88,44.08,-110.25,1.89,-1.22,-3.05,269130
0.39,1.54,-0.55,59.38,36.93,-105.66,-7.63,-23.68,-31.98,269333
0.69,1.27,-0.54,41.56,46.46,-103.36,-125.67,-71.90,-31.19,269536
0.82,0.19,-0.49,23.75,57.19,-109.10,-162.41,39.25,6.96,269739
1.02,0.22,-0.02,-4.75,61.95,-113.70,-67.38,13.98,8.61,269942
1.07,0.25,-0.16,-8.31,63.14,-117.14,19.96,3.36,2.62,270145
1.23,0.18,-0.07,-5.94,63.14,-118.29,90.21,-20.32,-18.43,270348
1.12,0.92,-0.13,5.94,61.95,-120.59,186.89,74.40,33.33,270551
0.65,1.31,-0.67,26.12,54.80,-109.10,147.71,104.98,19.78,270754
0.36,1.35,-0.45,59.38,38.13,-109.10,5.37,66.47,7.63,270957
0.51,1.50,-0.53,54.63,40.51,-107.95,-50.23,-90.27,-21.36,271160
0.93,1.07,-0.48,45.12,48.85,-107.95,-94.73,-69.15,-50.54,271363
0.90,0.53,-0.20,13.06,63.14,-118.29,-156.86,-13.06,-12.76,271566
0.98,0.25,0.02,-7.12,64.34,-120.59,-62.50,19.96,21.00,271769
1.04,0.23,-0.08,-10.69,64.34,-119.44,18.68,3.60,2.08,271972
1.04,0.15,0.10,-8.31,65.53,-119.44,92.04,-69.03,-7.57,272175
1.00,0.57,-0.18,5.94,64.34,-122.88,164.98,100.65,24.35,272378
0.51,0.98,-0.59,22.56,53.61,-105.66,118.77,75.50,23.68,272581
0.59,1.64,-0.56,55.81,35.74,-103.36,13.73,-14.83,0.18,272784
0.21,1.50,-0.55,58.19,29.79,-104.51,-9.58,-48.65,-15.14,272987
0.76,1.20,-0.55,49.88,42.89,-107.95,-115.48,-105.47,-21.42,273190
0.97,0.44,-0.32,17.81,63.14,-119.44,-137.33,17.52,-32.47,273393
1.04,0.25,-0.08,3.56,65.53,-117.14,-62.26,9.03,8.36,273596
1.05,0.22,-0.06,-5.94,66.72,-124.03,3.97,12.57,4.46,273799
1.02,0.23,-0.18,-3.56,65.53,-119.44,70.68,-20.94,-8.30,274002
0.94,0.54,-0.24,2.37,63.14,-124.03,106.38,41.26,10.19,274205
0.68,1.20,-0.52,27.31,57.19,-112.55,164.61,147.77,35.03,274408
0.70,1.52,-0.80,60.56,36.93,-113.70,-12.51,45.90,-14.71,274611
0.42,1.55,-0.54,59.38,35.74,-110.25,-26.31,-40.65,-40.28,274814
0.51,1.10,-0.64,40.38,44.08,-101.06,-119.63,-66.47,-23.74,275017
0.91,0.54,-0.40,5.94,64.34,-112.55,-149.66,-57.19,-3.30,275220
1.01,0.31,-0.05,-3.56,64.34,-115.99,-73.36,-14.59,13.61,275423
1.03,0.18,0.02,-8.31,66.72,-124.03,-4.76,4.33,4.46,275626
1.04,0.23,0.03,-10.69,66.72,-124.03,70.80,22.58,-1.95,275829
1.24,0.63,-0.22,-1.19,63.14,-119.44,152.40,40.83,13.06,276032
0.77,1.14,-0.58,29.69,53.61,-104.51,137.45,85.08,2.75,276235
-0.13,1.42,-0.85,47.50,42.89,-106.80,51.15,-45.78,126.34,276438
0.13,1.46,-0.46,59.38,30.98,-103.36,-14.65,-22.28,-15.99,276641
0.82,1.37,-0.65,46.31,46.46,-106.80,-118.84,-146.42,-10.62,276844
1.15,0.56,-0.34,30.88,57.19,-114.84,-150.39,-43.82,-54.69,277047
1.13,0.27,0.07,-3.56,66.72,-124.03,-72.45,14.40,15.20,277250
1.12,0.21,0.06,-4.75,67.91,-122.88,5.86,0.24,2.50,277453
1.10,0.25,0.07,-4.75,63.14,-124.03,85.14,5.13,-12.63,277657
0.95,0.57,-0.35,10.69,58.38,-111.40,184.08,78.55,-1.59,277860
0.42,1.31,-0.56,27.31,51.23,-99.91,101.62,75.38,8.30,278063
0.32,1.26,-0.57,57.00,28.59,-102.21,11.60,13.49,-8.54,278266
0.38,1.42,-0.55,51.06,33.36,-101.06,-63.96,-50.84,-13.18,278469
0.84,1.03,-0.54,40.38,41.70,-101.06,-128.42,-90.76,2.32,278672
1.05,0.63,-0.20,14.25,59.57,-114.84,-132.08,-17.33,-19.10,278875
1.05,0.23,-0.02,-7.12,64.34,-120.59,-46.45,16.91,9.58,279078
1.09,0.22,-0.05,-7.12,64.34,-120.59,28.81,7.81,4.70,279281
1.04,0.29,-0.09,-3.56,61.95,-117.14,132.08,-18.43,-23.19,279484
0.72,0.82,-0.46,17.81,52.42,-105.66,160.64,160.16,-6.65,279687
0.53,1.53,-0.46,36.81,40.51,-95.32,124.21,64.70,-1.04,279890
0.15,1.40,-0.55,57.00,32.17,-104.51,-12.27,30.27,-2.81,280093
0.67,1.38,-0.60,54.63,33.36,-101.06,-92.10,-98.51,-5.49,280296
1.02,0.77,-0.40,28.50,51.23,-107.95,-150.45,-74.46,-14.89,280499
1.03,0.21,-0.12,-2.37,64.34,-117.14,-107.54,2.44,-18.37,280702
0.97,0.06,0.18,-13.06,63.14,-120.59,-16.48,8.85,3.85,280905
1.02,0.19,0.01,-8.31,65.53,-120.59,129.82,-5.98,-6.04,281108
0.96,0.78,-0.40,5.94,57.19,-107.95,164.61,122.74,-1.16,281311
0.59,1.47,-0.46,28.50,46.46,-95.32,136.78,9.34,37.90,281514
0.30,1.53,-0.52,54.63,33.36,-106.80,-12.76,58.47,-40.83,281717
0.67,1.33,-0.60,41.56,44.08,-102.21,-71.23,-11.11,-46.26,281920
0.84,0.87,-0.50,23.75,51.23,-103.36,-151.00,-90.33,-39.18,282123
0.88,0.25,-0.08,-11.88,64.34,-121.73,-134.40,3.91,12.33,282326
1.06,0.20,-0.08,-17.81,61.95,-126.33,-2.69,-18.98,38.57,282529
1.01,0.21,-0.09,-10.69,66.72,-124.03,25.70,-12.15,-11.11,282732
0.99,0.23,0.08,-10.69,65.53,-121.73,177.25,35.03,5.74,282935
0.60,1.35,-0.65,8.31,61.95,-107.95,168.82,72.02,88.13,283138
0.45,1.54,-0.98,57.00,40.51,-109.10,16.48,-8.85,40.65,283341
0.61,1.43,-0.54,54.63,38.13,-106.80,-44.01,-42.11,-51.09,283544
1.09,1.02,-0.46,40.38,47.66,-104.51,-140.26,-79.41,-67.57,283747
0.88,0.50,-0.35,1.19,59.57,-111.40,-106.32,-30.76,-3.91,283950
0.87,0.19,-0.02,-14.25,63.14,-119.44,-62.26,2.20,27.65,284153
1.02,0.14,0.02,-11.88,64.34,-124.03,17.03,-7.26,6.16,284356
0.97,0.28,-0.06,-5.94,63.14,-120.59,113.77,44.43,13.43,284559
1.06,0.87,-0.43,0.00,60.76,-112.55,140.99,50.90,14.04,284762
0.57,1.30,-0.55,38.00,50.04,-109.10,90.27,41.20,50.78,284965
0.62,1.44,-0.72,58.19,38.13,-109.10,-4.82,40.41,-27.65,285168
0.65,1.41,-0.62,54.63,39.32,-106.80,-80.08,-83.13,-34.24,285371
1.13,0.76,-0.37,30.88,57.19,-113.70,-156.43,-70.98,-25.39,285574
0.98,0.34,0.07,-5.94,63.14,-124.03,-130.49,14.77,-31.74,285777
0.94,0.08,0.08,-15.44,66.72,-124.03,2.20,19.23,20.14,285980
1.04,0.11,0.03,-7.12,64.34,-120.59,91.19,-5.98,4.46,286183
1.05,0.66,-0.23,13.06,61.95,-115.99,133.73,51.70,6.84,286386
0.69,1.10,-0.62,26.12,56.00,-106.80,145.14,73.24,37.78,286589
0.44,1.47,-0.67,55.81,35.74,-106.80,15.44,-37.78,5.74,286792
0.60,1.52,-0.68,58.19,36.93,-109.10,-44.07,-91.06,-24.35,286995
1.00,0.92,-0.45,40.38,56.00,-114.84,-116.88,-97.60,-54.02,287198
1.06,0.57,-0.07,5.94,65.53,-124.03,-149.41,-21.24,-56.21,287401
1.05,0.15,0.15,-8.31,66.72,-125.18,-56.15,-0.85,5.25,287604
1.13,0.14,0.19,-13.06,67.91,-132.07,48.89,1.95,12.57,287807
1.12,0.61,-0.19,1.19,65.53,-122.88,156.49,85.88,63.96,288010
1.16,1.17,-0.50,17.81,59.57,-113.70,140.38,155.88,-28.56,288213
0.32,1.82,-1.01,46.31,40.51,-102.21,82.95,98.02,28.99,288416
0.27,1.33,-0.52,57.00,32.17,-103.36,0.00,-2.81,-10.86,288619
0.74,1.40,-0.65,51.06,41.70,-106.80,-104.49,-74.83,-46.26,288822
0.89,0.58,-0.33,16.62,57.19,-110.25,-159.55,-63.11,-13.31,289025
0.95,0.26,-0.04,1.19,61.95,-113.70,-92.71,60.49,10.19,289228
0.91,0.16,-0.08,-11.88,60.76,-110.25,5.80,16.54,-0.12,289431
1.00,0.16,0.14,-11.88,64.34,-117.14,75.81,-33.69,-29.11,289634
0.91,0.57,-0.18,-7.12,61.95,-117.14,210.57,28.69,41.81,289837
0.48,1.42,-0.46,35.63,56.00,-113.70,141.24,104.98,92.35,290040
0.61,1.70,-0.54,52.25,48.85,-117.14,-41.63,17.21,-14.83,290243
1.10,1.00,-0.47,41.56,54.80,-114.84,-139.10,-45.96,-50.48,290446
1.01,0.45,-0.08,5.94,64.34,-119.44,-99.43,14.22,-13.00,290649
0.95,0.16,-0.01,-1.19,64.34,-118.29,-8.97,6.96,24.29,290852
1.10,0.23,-0.07,1.19,61.95,-118.29,86.79,-10.25,5.98,291055
1.01,0.79,-0.35,17.81,61.95,-120.59,151.98,61.04,12.02,291258
0.65,1.35,-0.44,29.69,59.57,-112.55,108.03,79.47,23.19,291462
0.82,1.35,-0.47,58.19,38.13,-112.55,9.16,15.56,-11.47,291665
0.57,1.54,-0.48,54.63,41.70,-109.10,-31.13,-53.47,-15.08,291868
1.04,1.11,-0.40,47.50,52.42,-115.99,-107.85,-70.62,-50.23,292071
1.06,0.68,-0.27,19.00,65.53,-124.03,-107.73,14.22,-51.15,292274
0.98,0.27,-0.02,-3.56,64.34,-121.73,-61.52,11.29,11.90,292477
1.00,0.24,-0.10,-4.75,65.53,-124.03,20.14,5.25,-5.55,292680
0.90,0.32,-0.09,-1.19,65.53,-122.88,134.22,-22.34,30.94,292883
1.08,0.92,-0.26,27.31,60.76,-117.14,160.22,86.67,22.52,293086
0.60,1.80,-0.36,41.56,52.42,-113.70,93.57,89.36,34.73,293289
0.36,1.31,-0.42,60.56,40.51,-115.99,8.12,-4.58,-3.97,293492
0.75,1.52,-0.54,58.19,42.89,-115.99,-89.60,-95.09,-52.12,293695
1.14,0.81,-0.30,32.06,63.14,-121.73,-136.11,-27.77,-49.44,293898
0.95,0.40,-0.14,4.75,66.72,-120.59,-84.11,26.12,10.56,294101
1.03,0.21,-0.06,3.56,64.34,-121.73,14.04,0.98,14.40,294304
1.10,0.32,-0.12,7.12,64.34,-120.59,95.34,-13.31,-17.64,294507
1.18,1.04,-0.31,20.19,65.53,-117.14,131.41,75.50,33.81,294710
0.56,1.48,-0.41,35.63,53.61,-111.40,112.85,81.48,62.07,294913
0.43,1.44,-0.41,64.12,38.13,-121.73,-10.19,84.53,-16.72,295117
0.62,1.53,-0.58,51.06,42.89,-112.55,-71.41,-80.44,-32.78,295320
1.07,0.92,-0.38,39.19,53.61,-114.84,-108.15,-67.63,-46.75,295523
1.08,0.62,-0.24,10.69,66.72,-124.03,-80.44,4.52,-17.27,295726
0.99,0.13,-0.02,3.56,64.34,-125.18,-36.80,17.40,11.17,295929
1.04,0.27,-0.03,1.19,65.53,-126.33,45.59,-9.83,3.85,296132
1.10,0.45,-0.10,9.50,67.91,-127.48,129.15,56.09,6.35,296335
0.77,1.29,-0.43,16.62,63.14,-118.29,136.23,106.75,38.09,296538
0.23,1.94,-1.03,57.00,41.70,-111.40,28.02,-138.67,62.07,296741
0.46,1.56,-0.46,55.81,40.51,-113.70,-52.67,-68.36,-29.91,296944
1.02,1.10,-0.39,47.50,50.04,-114.84,-115.23,-70.31,-59.75,297147
1.04,0.52,-0.18,11.88,63.14,-121.73,-96.37,0.37,-27.53,297350
1.06,0.32,-0.12,0.00,66.72,-124.03,-34.18,1.40,19.47,297553
1.17,0.25,-0.07,1.19,67.91,-121.73,43.33,11.47,5.37,297756
1.07,0.72,-0.28,8.31,63.14,-122.88,118.29,70.07,12.33,297959
0.90,1.19,-0.43,17.81,60.76,-114.84,113.65,76.48,9.58,298162
0.45,1.37,-0.49,46.31,44.08,-106.80,101.01,59.75,42.24,298365
0.64,1.48,-0.41,59.38,39.32,-112.55,-36.38,-19.59,-25.15,298568
0.87,1.25,-0.50,53.44,46.46,-112.55,-94.06,-53.34,-54.87,298771
1.11,0.74,-0.28,23.75,63.14,-118.29,-109.99,-21.91,-48.28,298974
0.89,0.27,-0.02,-2.37,66.72,-121.73,-49.74,-10.74,21.06,299177
1.04,0.40,-0.22,-3.56,65.53,-125.18,4.46,9.52,-5.55,299380
1