=~=~=~=~=~=~=~=~=~=~=~= PuTTY log 2020.08.22 17:06:25 =~=~=~=~=~=~=~=~=~=~=~=
0.04,0.38,-0.43,-1.19,-28.59,-138.96,0.00,0.31,-1.53,534257
0.10,0.37,-0.47,-3.56,-27.40,-140.11,7.14,6.04,-0.24,534460
0.05,0.39,-0.47,-4.75,-27.40,-138.96,7.32,4.94,2.44,534663
0.06,0.37,-0.47,-3.56,-28.59,-138.96,3.54,-0.18,-3.54,534866
0.08,0.36,-0.46,-2.37,-27.40,-137.81,6.16,3.05,-0.06,535070
0.08,0.39,-0.47,-3.56,-26.21,-137.81,5.62,5.00,-0.98,535274
0.06,0.38,-0.46,-3.56,-28.59,-136.66,3.54,1.53,0.67,535477
0.06,0.37,-0.47,-3.56,-27.40,-138.96,5.62,6.29,-0.24,535680
0.07,0.37,-0.46,-3.56,-27.40,-137.81,3.48,4.64,-0.06,535884
0.07,0.37,-0.47,-3.56,-26.21,-137.81,5.55,0.98,-0.73,536087
0.07,0.36,-0.46,-2.37,-27.40,-140.11,3.54,1.95,-0.67,536290
0.08,0.35,-0.45,-2.37,-27.40,-140.11,5.55,0.49,0.43,536494
0.07,0.36,-0.47,-4.75,-28.59,-138.96,4.15,4.82,0.18,536697
0.04,0.35,-0.45,-4.75,-29.79,-138.96,11.66,9.89,-1.40,536900
0.02,0.39,-0.42,-2.37,-29.79,-136.66,-26.00,2.38,-0.61,537104
0.04,0.26,-0.30,-10.69,-33.36,-141.26,-24.96,33.69,-14.34,537307
-0.03,0.10,-0.28,-14.25,-36.93,-143.55,11.17,-5.98,-15.69,537510
0.11,0.08,-0.48,-14.25,-30.98,-140.11,79.16,-84.11,-27.89,537714
0.45,0.91,-0.45,3.56,-2.38,-148.15,112.67,-126.83,-94.97,537918
0.49,0.96,-0.67,11.88,8.34,-156.19,5.19,42.30,8.12,538121
0.52,1.10,-0.44,7.12,4.77,-152.74,-52.25,172.73,78.31,538324
0.06,0.50,-0.52,-4.75,-21.45,-141.26,-79.35,88.50,76.78,538527
-0.03,0.13,-0.33,-16.62,-29.79,-141.26,-32.17,42.66,3.30,538730
-0.04,0.03,-0.25,-24.94,-35.74,-144.70,-8.00,0.00,-14.22,538934
-0.01,-0.13,-0.22,-27.31,-36.93,-145.85,37.05,-13.12,-6.29,539137
0.06,0.41,-0.36,-19.00,-32.17,-142.41,83.74,-70.50,-39.43,539340
0.37,0.95,-0.59,1.19,-10.72,-143.55,121.95,-97.41,-94.30,539544
0.33,1.02,-0.60,8.31,0.00,-151.59,4.39,-7.81,6.16,539747
0.38,1.15,-0.51,8.31,-2.38,-149.30,-51.88,153.75,81.97,539950
0.01,0.49,-0.57,-5.94,-22.64,-138.96,-85.75,81.05,69.52,540154
0.01,0.27,-0.39,-13.06,-29.79,-144.70,-13.12,41.08,23.38,540357
-0.05,-0.02,-0.23,-21.37,-36.93,-142.41,0.06,43.58,-2.62,540560
-0.00,0.04,-0.20,-22.56,-42.89,-143.55,15.69,-41.38,-10.50,540764
-0.01,0.13,-0.46,-21.37,-35.74,-145.85,65.67,-83.01,-12.08,540968
0.17,0.89,-0.47,-3.56,-16.68,-143.55,84.72,-116.39,-53.41,541171
0.75,0.93,-0.31,11.88,2.38,-152.74,35.34,-131.53,-81.54,541375
0.77,0.96,-0.59,7.12,7.15,-159.63,3.66,-28.32,-3.78,541579
-0.09,1.06,-0.54,14.25,-7.15,-142.41,-60.61,166.56,103.52,541782
-0.12,0.30,-0.33,3.56,-26.21,-135.52,-56.03,60.73,68.73,541985
-0.28,0.52,-0.14,-14.25,-40.51,-140.11,-12.33,74.10,-36.87,542189
-0.39,0.21,-0.24,-9.50,-54.80,-141.26,41.81,15.01,-14.83,542392
-0.21,0.20,-0.32,-7.12,-57.19,-137.81,-15.08,-38.64,18.62,542595
-0.03,0.24,-0.32,-13.06,-40.51,-138.96,21.61,-73.55,-2.50,542799
0.12,0.81,-0.43,-8.31,-19.06,-143.55,94.12,-111.45,-63.96,543002
1.00,1.06,-0.41,7.12,-8.34,-148.15,43.33,-69.27,-72.02,543205
0.88,0.90,-0.53,7.12,5.96,-157.34,-3.78,14.71,12.63,543408
0.08,1.13,-0.57,5.94,-15.49,-141.26,-86.61,84.11,77.94,543611
-0.27,0.11,-0.35,-3.56,-30.98,-137.81,-32.90,121.46,57.92,543814
-0.16,0.27,-0.18,-17.81,-45.27,-140.11,-19.90,47.18,-9.52,544017
-0.32,0.17,-0.17,-17.81,-54.80,-143.55,19.71,16.78,-13.61,544220
-0.23,0.09,-0.14,-15.44,-56.00,-141.26,16.48,-16.60,6.59,544424
-0.37,0.37,-0.39,-13.06,-46.46,-136.66,41.69,-101.01,-8.67,544627
-0.17,0.86,-0.59,-4.75,-34.55,-137.81,65.31,-100.71,-62.19,544831
0.52,1.07,-0.61,8.31,-15.49,-145.85,44.86,-79.90,-80.08,545034
0.68,0.92,-0.56,7.12,-1.19,-148.15,10.25,31.80,1.95,545237
-0.15,1.01,-0.55,8.31,-9.53,-143.55,-51.33,61.28,76.54,545440
-0.16,0.45,-0.49,-1.19,-30.98,-136.66,-41.56,70.19,42.36,545644
-0.10,0.60,-0.30,-11.88,-42.89,-138.96,-12.88,50.42,4.88,545847
-0.25,-0.09,-0.20,-13.06,-50.04,-140.11,3.78,15.93,-12.21,546050
-0.21,0.15,-0.11,-14.25,-54.80,-138.96,14.10,-45.59,-1.40,546254
-0.25,0.32,-0.43,-9.50,-40.51,-136.66,36.25,-84.59,8.12,546457
0.13,0.74,-0.47,-1.19,-28.59,-136.66,62.44,-107.18,-64.88,546660
0.17,1.01,-0.61,8.31,-15.49,-142.41,59.69,-108.15,-96.07,546864
0.50,0.96,-0.62,7.12,-2.38,-148.15,11.29,14.04,2.81,547067
-0.11,1.15,-0.55,11.88,-14.30,-140.11,-46.81,130.31,111.02,547270
-0.16,0.61,-0.38,-3.56,-40.51,-135.52,-41.44,59.69,77.27,547474
-0.23,0.34,-0.36,-8.31,-45.27,-135.52,-17.64,36.19,6.77,547677
-0.33,-0.24,-0.13,-15.44,-53.61,-143.55,-3.48,10.93,-40.34,547880
-0.33,0.32,-0.07,-13.06,-58.38,-140.11,-2.44,-8.91,10.07,548084
-0.25,0.31,-0.32,-15.44,-57.19,-140.11,66.28,-92.59,-14.95,548287
-0.08,0.79,-0.54,2.37,-29.79,-134.37,54.20,-88.32,-64.70,548490
0.34,1.29,-0.61,14.25,-9.53,-144.70,36.80,-114.50,-92.59,548694
0.52,1.02,-0.55,14.25,-2.38,-148.15,4.46,-56.95,4.94,548897
0.49,1.14,-0.50,15.44,-8.34,-143.55,-14.53,131.71,52.00,549100
-0.12,0.77,-0.52,14.25,-30.98,-134.37,-76.66,74.83,101.68,549304
-0.31,0.45,-0.25,-8.31,-46.46,-136.66,-36.87,28.02,38.64,549507
-0.27,0.14,-0.08,-20.19,-52.42,-143.55,-23.93,26.12,-32.96,549710
-0.38,0.17,-0.07,-22.56,-57.19,-145.85,11.66,-1.71,-12.08,549914
-0.22,0.29,-0.15,-20.19,-58.38,-145.85,49.68,-40.34,-13.43,550117
-0.25,0.30,-0.50,-10.69,-47.66,-140.11,41.08,-73.97,-7.32,550320
0.06,0.81,-0.49,-3.56,-32.17,-137.81,65.06,-64.94,-57.01,550524
0.51,1.14,-0.51,9.50,-10.72,-143.55,45.04,-20.45,-61.71,550727
0.36,1.13,-0.68,14.25,-2.38,-144.70,4.03,28.56,11.23,550930
-0.28,1.16,-0.51,15.44,-7.15,-144.70,-42.42,196.59,103.82,551134
-0.18,0.65,-0.40,0.00,-38.13,-132.07,-64.70,72.94,59.51,551337
-0.15,0.41,-0.20,-17.81,-47.66,-143.55,-53.28,22.34,-2.08,551540
-0.35,0.11,-0.14,-23.75,-52.42,-148.15,21.06,-41.32,-11.11,551744
-0.12,0.04,-0.18,-22.56,-52.42,-142.41,34.97,-24.17,0.31,551947
-0.10,0.52,-0.40,-16.62,-44.08,-141.26,79.53,-99.30,-40.83,552150
0.35,1.01,-0.51,5.94,-19.06,-136.66,69.21,-97.66,-51.70,552354
0.95,1.17,-0.55,17.81,3.57,-153.89,45.47,-86.67,-64.21,552557
0.94,1.15,-0.47,15.44,3.57,-152.74,-14.71,103.88,43.88,552760
-0.11,0.86,-0.55,9.50,-27.40,-135.52,-87.52,73.49,86.24,552963
-0.07,0.47,-0.25,-14.25,-42.89,-142.41,-53.89,59.14,38.09,553166
-0.02,-0.05,-0.06,-23.75,-44.08,-144.70,-13.18,46.88,-33.02,553369
-0.40,0.22,-0.15,-21.37,-52.42,-147.00,13.98,-36.13,-3.42,553572
-0.24,0.10,-0.51,-21.37,-41.70,-145.85,9.03,-96.37,10.50,553775
-0.05,0.81,-0.32,-16.62,-30.98,-142.41,80.02,-122.62,-30.03,553979
0.22,1.12,-0.66,1.19,-5.96,-148.15,61.46,-93.63,-75.01,554182
0.61,0.94,-0.58,1.19,0.00,-151.59,5.07,33.57,21.48,554385
-0.14,1.16,-0.45,5.94,-11.91,-143.55,-62.74,186.28,100.83,554589
-0.29,0.24,-0.36,-13.06,-42.89,-138.96,-42.05,77.15,71.84,554792
-0.23,0.23,-0.16,-21.37,-47.66,-143.55,-16.24,22.95,7.26,554996
-0.33,-0.10,-0.00,-27.31,-51.23,-149.30,-27.89,23.86,-31.13,555199
-0.18,0.06,-0.08,-27.31,-54.80,-151.59,26.73,-52.12,4.09,555403
-0.10,0.31,-0.35,-23.75,-44.08,-145.85,84.53,-94.42,-12.57,555606
0.14,0.78,-0.56,-5.94,-22.64,-141.26,55.36,-70.80,-74.40,555809
0.44,0.98,-0.54,4.75,-5.96,-144.70,40.10,-86.49,-48.58,556012
0.44,1.00,-0.64,4.75,1.19,-150.45,7.75,24.60,1.16,556215
-0.29,1.10,-0.45,4.75,-23.83,-140.11,-53.34,193.42,103.64,556418
-0.23,0.49,-0.36,-4.75,-36.93,-135.52,-50.96,76.11,66.35,556621
-0.11,0.13,-0.29,-23.75,-47.66,-144.70,-10.50,43.82,-13.06,556824
-0.28,0.16,-0.09,-24.94,-54.80,-149.30,-20.69,-2.26,-19.10,557027
-0.18,-0.12,-0.16,-29.69,-54.80,-150.45,32.71,-32.53,19.71,557230
-0.20,0.56,-0.40,-22.56,-41.70,-144.70,84.29,-101.62,-35.34,557434
0.17,0.96,-0.49,-2.37,-22.64,-141.26,81.36,-82.21,-80.81,557637
0.40,1.07,-0.61,5.94,-11.91,-141.26,14.77,-67.57,-65.43,557840
0.66,1.13,-0.52,3.56,-9.53,-145.85,-14.65,105.29,82.34,558043
-0.03,0.86,-0.54,-1.19,-35.74,-135.52,-57.56,60.24,85.51,558246
-0.14,0.34,-0.35,-10.69,-41.70,-137.81,-44.74,58.84,33.33,558450
-0.20,0.26,-0.14,-21.37,-44.08,-143.55,-13.61,30.40,18.62,558654
-0.31,0.04,-0.13,-24.94,-44.08,-148.15,-6.71,16.72,-15.75,558858
-0.21,0.03,-0.11,-29.69,-52.42,-150.45,2.56,-48.52,-49.93,559061
-0.38,0.43,-0.36,-19.00,-44.08,-145.85,68.60,-72.51,-17.94,559264
-0.03,0.81,-0.44,-10.69,-33.36,-141.26,57.68,-104.61,-46.81,559467
0.24,1.11,-0.55,1.19,-21.45,-141.26,16.72,-74.22,-97.35,559670
0.60,0.96,-0.54,1.19,-8.34,-147.00,4.88,34.30,36.25,559874
-0.30,0.97,-0.45,3.56,-17.87,-138.96,-47.06,122.56,95.15,560077
-0.27,0.43,-0.41,-10.69,-39.32,-137.81,-59.14,90.70,65.92,560280
-0.24,0.33,-0.05,-28.50,-46.46,-149.30,-30.82,23.44,-7.75,560484
-0.37,-0.13,-0.20,-33.25,-48.85,-149.30,-11.41,12.08,-41.63,560687
-0.27,0.21,0.03,-32.06,-56.00,-153.89,1.28,10.80,2.01,560890
-0.26,0.03,-0.25,-28.50,-47.66,-149.30,55.11,-97.84,-2.44,561094
-0.06,0.70,-0.23,-17.81,-34.55,-144.70,83.01,3.78,-34.67,561297
0.03,1.16,-0.70,1.19,-21.45,-140.11,52.73,-73.43,-59.94,561500
0.56,0.94,-0.60,2.37,-8.34,-144.70,1.89,36.68,13.98,561704
0.13,0.88,-0.57,1.19,-10.72,-148.15,-70.62,121.52,91.67,561907
-0.02,0.60,-0.47,-11.88,-23.83,-141.26,-62.68,67.26,46.20,562110
0.04,0.15,-0.33,-20.19,-27.40,-144.70,-21.55,19.47,-6.77,562314
-0.04,-0.04,-0.19,-27.31,-35.74,-147.00,-24.78,18.98,-41.50,562517
-0.18,0.20,-0.13,-29.69,-44.08,-149.30,8.30,4.33,-10.25,562721
-0.11,0.14,-0.31,-26.12,-41.70,-148.15,50.05,-53.59,-3.97,562924
-0.02,0.59,-0.44,-14.25,-32.17,-142.41,62.38,-69.40,-29.24,563127
0.13,0.92,-0.46,0.00,-17.87,-142.41,79.47,-87.95,-66.71,563330
0.61,1.09,-0.57,5.94,-8.34,-145.85,29.05,-32.65,-41.50,563534
0.60,1.09,-0.46,4.75,-3.57,-149.30,-25.39,76.35,64.15,563737
-0.07,0.86,-0.48,5.94,-16.68,-140.11,-69.52,117.43,65.61,563940
-0.07,0.23,-0.29,-10.69,-40.51,-136.66,-21.91,65.31,13.49,564144
-0.36,0.29,-0.24,-19.00,-52.42,-143.55,-16.60,26.31,-7.51,564347
-0.26,0.22,-0.12,-22.56,-53.61,-147.00,-6.23,-2.32,-18.37,564550
-0.24,0.13,-0.29,-24.94,-54.80,-148.15,18.98,-51.57,0.55,564754
-0.17,0.59,-0.36,-16.62,-41.70,-142.41,67.81,-69.89,-46.75,564957
-0.09,0.98,-0.54,-7.12,-34.55,-136.66,61.46,-78.37,-39.67,565160
0.80,1.15,-0.41,7.12,-7.15,-145.85,19.04,40.71,-30.09,565364
0.51,1.13,-0.57,8.31,-7.15,-143.55,-21.73,70.62,48.58,565567
-0.04,0.82,-0.57,3.56,-20.25,-138.96,-55.85,97.78,75.07,565770
-0.08,0.34,-0.35,-13.06,-36.93,-140.11,-24.35,41.81,31.25,565973
-0.27,0.42,-0.25,-16.62,-40.51,-142.41,-17.21,55.18,-25.27,566176
-0.39,0.29,-0.22,-16.62,-53.61,-143.55,7.32,2.26,-16.42,566379
-0.29,0.08,-0.36,-20.19,-52.42,-142.41,13.55,-40.16,24.23,566582
-0.12,0.62,-0.33,-19.00,-42.89,-143.55,51.21,-75.68,-18.07,566785
0.14,0.91,-0.46,-5.94,-25.02,-140.11,72.20,-57.92,-40.77,566989
0.43,1.07,-0.67,7.12,-13.11,-141.26,47.42,-29.24,-52.73,567192
0.45,1.09,-0.59,8.31,-10.72,-143.55,0.67,4.21,17.27,567395
-0.05,1.03,-0.64,8.31,-16.68,-141.26,-45.23,107.18,67.93,567599
-0.06,0.93,-0.46,-1.19,-33.36,-136.66,-57.19,101.01,35.52,567802
-0.30,0.29,-0.36,-15.44,-45.27,-140.11,-15.32,44.19,-14.95,568005
-0.37,0.17,-0.25,-17.81,-54.80,-142.41,2.81,22.09,-0.98,568209
-0.36,0.36,-0.22,-17.81,-57.19,-141.26,5.74,5.31,10.13,568412
-0.21,0.31,-0.32,-20.19,-51.23,-143.55,41.81,-75.01,19.17,568615
-0.03,0.77,-0.31,-7.12,-28.59,-141.26,71.53,-67.57,-61.65,568819
0.23,1.09,-0.51,4.75,-20.25,-138.96,51.45,-26.61,-86.24,569022
0.38,1.08,-0.61,11.88,-10.72,-142.41,11.84,-32.17,-2.62,569225
0.54,1.16,-0.54,11.88,-10.72,-143.55,-19.90,50.29,41.69,569429
-0.13,0.89,-0.52,9.50,-23.83,-134.37,-74.34,91.37,84.72,569632
-0.18,0.45,-0.29,-11.88,-44.08,-137.81,-27.53,35.95,48.83,569835
-0.19,0.30,-0.17,-26.12,-51.23,-145.85,-25.45,48.89,-23.50,570039
-0.38,0.25,-0.09,-24.94,-57.19,-149.30,13.67,1.04,-11.05,570242
-0.42,0.23,-0.23,-20.19,-60.76,-148.15,30.33,-15.81,5.31,570445
-0.30,0.58,-0.33,-11.88,-46.46,-140.11,51.76,-80.75,-31.74,570649
0.29,0.93,-0.43,-7.12,-35.74,-137.81,68.85,-91.67,-68.79,570852
0.33,1.06,-0.59,5.94,-10.72,-144.70,19.78,-71.23,-52.80,571055
0.46,1.04,-0.59,5.94,-4.77,-147.00,-1.28,34.73,27.04,571259
-0.10,1.17,-0.47,8.31,-20.25,-138.96,-60.97,100.77,82.03,571462
-0.30,0.41,-0.33,-13.06,-42.89,-137.81,-45.84,97.11,62.56,571665
-0.32,0.24,-0.10,-19.00,-51.23,-141.26,-16.91,53.65,20.08,571869
-0.31,0.06,-0.02,-24.94,-60.76,-148.15,-11.54,-7.81,-10.31,572073
-0.44,-0.03,-0.17,-24.94,-56.00,-151.59,17.33,-49.44,48.16,572276
-0.09,0.17,-0.21,-27.31,-44.08,-147.00,37.78,-122.44,-14.83,572479
0.16,0.79,-0.35,-19.00,-22.64,-148.15,80.93,-140.87,-58.35,572682
0.71,0.80,-0.56,-13.06,-1.19,-156.19,29.72,22.40,-74.04,572886
0.56,0.80,-0.49,-10.69,-4.77,-152.74,-3.66,50.23,60.06,573089
0.00,0.68,-0.55,-9.50,-26.21,-140.11,-19.96,52.92,60.18,573292
-0.12,0.52,-0.45,-13.06,-30.98,-140.11,-42.24,65.80,32.41,573495
-0.32,0.25,-0.24,-22.56,-45.27,-145.85,-15.26,51.70,-20.94,573699
-0.35,0.07,-0.13,-26.12,-57.19,-148.15,10.99,23.93,-23.25,573902
-0.23,-0.03,-0.19,-22.56,-60.76,-145.85,20.51,-46.94,23.93,574105
-0.14,0.38,-0.34,-21.37,-46.46,-143.55,29.30,-110.60,-19.65,574309
0.20,0.86,-0.46,-11.88,-25.02,-143.55,80.75,-100.10,-58.72,574512
0.55,0.98,-0.53,-2.37,-13.11,-145.85,29.11,-72.57,-73.79,574715
0.62,0.89,-0.61,1.19,-8.34,-145.85,5.31,5.19,9.16,574919
-0.30,0.90,-0.50,-3.56,-33.36,-136.66,-41.44,157.59,85.27,575122
-0.16,0.55,-0.32,-13.06,-41.70,-140.11,-65.25,90.64,49.01,575325
-0.35,0.33,0.09,-30.88,-53.61,-150.45,-5.19,34.55,-22.71,575529
-0.38,0.07,-0.06,-23.75,-66.72,-151.59,22.22,11.54,-26.73,575733
-0.40,0.25,0.10,-24.94,-64.34,-150.45,-1.04,-7.39,17.52,575936
-0.33,0.12,-0.24,-26.12,-56.00,-148.15,63.17,-52.37,-0.55,576140
0.08,0.66,-0.32,-21.37,-47.66,-141.26,62.32,-96.80,-36.25,576344
0.04,1.03,-0.50,1.19,-38.13,-134.37,14.34,-151.49,-90.70,576547
0.32,0.90,-0.58,-2.37,-14.30,-143.55,6.53,14.65,21.00,576750
0.36,1.00,-0.59,0.00,-15.49,-141.26,-20.02,138.73,82.89,576954
-0.03,0.75,-0.39,-2.37,-36.93,-137.81,-48.58,83.56,76.42,577157
-0.17,0.23,-0.27,-16.62,-44.08,-142.41,-24.90,51.27,19.35,577360
-0.25,0.18,-0.16,-22.56,-50.04,-143.55,-18.19,18.55,-28.08,577564
-0.28,0.12,-0.14,-24.94,-56.00,-147.00,13.79,10.44,-8.30,577767
-0.16,0.05,-0.25,-22.56,-52.42,-145.85,24.96,-58.90,10.44,577970
-0.23,0.48,-0.46,-19.00,-41.70,-141.26,49.74,-71.84,-25.88,578174
0.03,0.79,-0.46,-8.31,-22.64,-141.26,45.47,-61.34,-43.03,578377
0.79,1.04,-0.46,-2.37,-15.49,-142.41,45.96,-116.09,-66.35,578580
0.47,1.03,-0.55,2.37,-3.57,-150.45,-5.55,14.71,29.17,578784
-0.02,1.08,-0.40,2.37,-26.21,-140.11,-40.95,159.73,89.84,578987
-0.15,0.37,-0.42,-5.94,-36.93,-136.66,-47.55,101.81,67.57,579190
-0.31,0.32,-0.17,-20.19,-50.04,-142.41,-18.49,44.31,-21.85,579394
-0.41,-0.06,-0.13,-21.37,-60.76,-149.30,24.41,-20.26,-24.66,579598
-0.30,0.36,-0.29,-19.00,-59.57,-147.00,19.84,-33.20,17.09,579801
-0.33,0.55,-0.50,-15.44,-45.27,-140.11,51.82,-81.24,-17.40,580004
0.13,0.76,-0.46,-3.56,-20.25,-141.26,42.11,-90.09,-54.02,580207
0.46,0.97,-0.49,-1.19,-16.68,-141.26,7.87,-39.18,-13.98,580410
0.02,0.96,-0.45,-1.19,-19.06,-140.11,-36.19,134.40,48.16,580614
-0.09,0.67,-0.54,-4.75,-29.79,-136.66,-52.49,51.39,39.06,580817
-0.21,0.36,-0.25,-17.81,-42.89,-142.41,-9.89,71.17,-30.82,581020
-0.35,0.21,-0.26,-19.00,-51.23,-143.55,15.20,-7.51,-5.07,581224
-0.37,0.27,-0.38,-19.00,-53.61,-143.55,12.45,-21.55,36.50,581427
0.02,0.37,-0.34,-19.00,-40.51,-142.41,41.99,-79.90,-10.62,581630
0.08,0.75,-0.52,-4.75,-22.64,-138.96,54.08,-76.72,-42.30,581834
0.28,0.92,-0.59,0.00,-15.49,-143.55,33.14,-61.40,-46.39,582037
0.28,0.93,-0.48,2.37,-13.11,-147.00,2.69,110.66,34.06,582240
-0.04,1.05,-0.55,-2.37,-33.36,-136.66,-45.78,39.49,74.95,582444
-0.21,0.42,-0.28,-7.12,-35.74,-135.52,-41.81,66.10,37.78,582647
-0.27,0.13,-0.19,-19.00,-47.66,-143.55,-18.74,39.18,-10.25,582850
-0.29,0.11,-0.16,-23.75,-53.61,-143.55,-0.24,-30.46,-1.59,583053
-0.22,0.15,-0.19,-23.75,-47.66,-147.00,13.55,-13.92,13.55,583256
-0.24,0.61,-0.43,-19.00,-35.74,-141.26,68.48,-72.33,-2.01,583459
0.15,0.72,-0.50,-11.88,-27.40,-140.11,52.61,-86.06,-49.56,583662
0.32,0.90,-0.56,0.00,-10.72,-143.55,28.87,-72.14,-55.30,583866
0.40,1.00,-0.55,0.00,-9.53,-150.45,-18.31,80.87,38.15,584069
0.07,0.73,-0.47,-3.56,-16.68,-142.41,-50.42,85.08,78.25,584272
-0.15,0.36,-0.43,-17.81,-32.17,-141.26,-53.77,57.62,16.60,584475
-0.11,0.30,-0.27,-24.94,-42.89,-143.55,6.90,22.83,-50.29,584679
-0.38,0.13,-0.19,-21.37,-52.42,-147.00,17.46,10.68,-27.16,584882
-0.34,0.08,-0.34,-20.19,-52.42,-144.70,13.67,-22.71,33.08,585085
-0.18,0.65,-0.45,-11.88,-33.36,-141.26,82.34,-132.32,-20.08,585289
0.21,1.03,-0.45,-3.56,-20.25,-142.41,61.34,-69.70,-76.90,585492
0.58,0.92,-0.58,0.00,0.00,-155.04,20.75,18.68,-19.47,585695
0.36,0.97,-0.55,0.00,-1.19,-150.45,-9.64,152.34,49.38,585899
-0.17,0.66,-0.57,0.00,-25.02,-137.81,-55.54,64.21,59.75,586102
-0.14,0.44,-0.21,-19.00,-42.89,-141.26,-38.82,76.78,10.07,586305
-0.54,0.33,-0.18,-20.19,-53.61,-145.85,7.32,34.48,-28.56,586509
-0.25,0.14,-0.04,-20.19,-66.72,-148.15,-0.31,-42.30,11.17,586712
-0.34,0.18,-0.36,-19.00,-50.04,-142.41,27.10,-81.30,34.79,586915
-0.06,0.64,-0.36,-16.62,-39.32,-140.11,67.75,-77.76,-32.47,587119
0.30,1.05,-0.52,0.00,-15.49,-142.41,49.80,-58.59,-58.35,587322
0.81,0.84,-0.50,0.00,-4.77,-149.30,20.02,27.71,39.92,587525
0.46,1.16,-0.53,5.94,-1.19,-148.15,-13.49,145.69,71.17,587729
-0.02,0.80,-0.52,2.37,-29.79,-135.52,-62.13,90.58,62.74,587932
-0.19,0.20,-0.29,-8.31,-36.93,-135.52,-53.83,56.52,14.04,588135
-0.35,0.38,-0.10,-22.56,-51.23,-144.70,-27.40,24.41,-10.25,588339
-0.39,0.10,-0.06,-23.75,-58.38,-148.15,28.99,24.41,-10.86,588542
-0.33,0.14,-0.15,-21.37,-59.57,-145.85,-2.87,-33.51,14.47,588745
-0.26,0.48,-0.33,-21.37,-47.66,-143.55,70.74,-63.11,-11.84,588949
-0.14,0.70,-0.50,-7.12,-32.17,-136.66,51.64,-118.29,-36.25,589152
0.19,0.99,-0.48,1.19,-20.25,-140.11,41.20,-123.84,-40.22,589356
0.65,0.99,-0.59,7.12,-1.19,-147.00,14.53,-74.28,-47.00,589559
0.40,1.07,-0.57,3.56,-7.15,-143.55,-31.68,90.82,69.15,589762
0.04,0.90,-0.46,4.75,-22.64,-137.81,-50.17,59.27,68.85,589965
-0.32,0.44,-0.37,-11.88,-38.13,-138.96,-44.74,91.31,1.83,590169
-0.33,0.25,-0.24,-15.44,-47.66,-141.26,-4.76,31.92,-29.24,590373
-0.41,0.30,-0.28,-19.00,-59.57,-142.41,4.39,-23.19,16.66,590576
-0.36,0.17,-0.21,-24.94,-57.19,-147.00,-5.37,-51.88,29.42,590779
-0.13,0.22,-0.29,-23.75,-46.46,-147.00,74.04,-74.22,-4.09,590982
0.15,0.87,-0.36,-7.12,-29.79,-141.26,88.81,-147.22,-64.33,591185
0.49,1.06,-0.50,7.12,-7.15,-143.55,22.09,-32.35,-56.46,591389
0.54,1.13,-0.66,7.12,-4.77,-148.15,-2.08,80.51,44.68,591592
0.12,1.09,-0.56,4.75,-22.64,-136.66,-58.11,69.89,65.25,591795
-0.19,0.65,-0.16,-11.88,-45.27,-140.11,-64.03,95.28,40.28,591999
-0.41,0.37,-0.31,-20.19,-52.42,-144.70,8.97,14.65,15.38,592202
-0.35,0.18,-0.14,-20.19,-59.57,-143.55,-10.07,35.10,-10.56,592405
-0.32,0.27,-0.13,-22.56,-58.38,-144.70,-4.82,-16.91,13.61,592609
-0.32,0.27,-0.27,-27.31,-50.04,-147.00,44.07,-37.05,5.25,592812
-0.02,0.50,-0.26,-17.81,-38.13,-140.11,38.64,-86.12,-5.74,593015
0.23,0.80,-0.40,-10.69,-28.59,-140.11,75.44,-140.81,-52.67,593218
0.60,0.92,-0.56,1.19,0.00,-151.59,41.93,-22.09,-47.24,593421
0.28,1.03,-0.65,5.94,-8.34,-145.85,-27.40,129.94,54.14,593624
0.00,0.94,-0.46,3.56,-23.83,-138.96,-69.27,104.19,58.29,593827
-0.27,0.38,-0.21,-17.81,-45.27,-138.96,-46.75,100.40,20.14,594030
-0.27,0.24,-0.19,-23.75,-54.80,-147.00,2.62,-3.42,-37.60,594234
-0.40,0.26,-0.16,-20.19,-60.76,-145.85,27.04,3.78,-23.44,594437
-0.27,0.42,-0.18,-20.19,-60.76,-144.70,26.37,-24.54,-0.92,594640
-0.30,0.24,-0.48,-11.88,-46.46,-136.66,22.40,-55.73,19.47,594844
-0.09,0.79,-0.49,-8.31,-34.55,-138.96,59.39,-95.83,-34.79,595047
0.46,1.05,-0.54,8.31,-11.91,-144.70,51.03,-95.40,-44.43,595250
0.64,1.04,-0.52,7.12,1.19,-151.59,22.77,-71.47,-34.73,595454
0.55,1.13,-0.61,9.50,4.77,-157.34,-15.44,94.12,52.49,595657
-0.04,0.94,-0.44,8.31,-28.59,-135.52,-68.24,98.39,67.63,595860
-0.28,0.33,-0.36,-5.94,-41.70,-137.81,-59.14,44.37,43.52,596064
-0.25,0.31,-0.12,-24.94,-50.04,-148.15,-32.41,19.29,12.76,596267
-0.38,-0.09,-0.11,-32.06,-53.61,-148.15,4.52,45.35,16.05,596470
-0.13,-0.11,-0.15,-29.69,-52.42,-151.59,31.68,-22.89,20.81,596674
-0.06,0.37,-0.28,-28.50,-36.93,-148.15,70.31,-75.13,-37.90,596877
0.03,0.77,-0.56,-8.31,-23.83,-143.55,72.94,-79.22,-28.38,597081
0.21,0.89,-0.64,-2.37,-15.49,-142.41,53.16,-37.78,-82.21,597285
0.53,0.88,-0.60,1.19,-5.96,-149.30,1.89,28.81,14.65,597489
0.23,0.93,-0.48,2.37,-9.53,-145.85,-1.59,222.17,59.63,597692
-0.04,0.72,-0.43,0.00,-36.93,-136.66,-73.36,78.98,67.75,597896
-0.27,0.47,-0.16,-22.56,-45.27,-144.70,-40.89,71.90,14.89,598099
-0.47,0.08,-0.12,-27.31,-53.61,-150.45,6.23,58.78,-51.09,598302
-0.48,0.20,0.05,-23.75,-69.10,-150.45,5.13,-20.69,3.05,598505
-0.52,0.44,-0.23,-20.19,-58.38,-143.55,48.03,-81.18,-1.16,598709
-0.12,0.66,-0.41,-14.25,-51.23,-140.11,63.35,-97.72,-37.66,598912
0.03,0.97,-0.45,2.37,-28.59,-136.66,47.61,-52.37,-41.32,599115
0.63,1.04,-0.57,5.94,-4.77,-145.85,19.41,-61.22,-50.17,599319
0.45,1.07,-0.58,7.12,-4.77,-148.15,-20.57,72.27,46.94,599522
0.06,0.96,-0.39,1.19,-27.40,-135.52,-68.36,108.76,74.77,599725
-0.11,0.40,-0.27,-16.62,-42.89,-144.70,-67.50,47.18,32.04,599929
-0.20,0.21,-0.21,-28.50,-46.46,-150.45,-7.63,-8.06,-32.71,600132
-0.29,0.06,-0.16,-26.12,-54.80,-147.00,13.92,7.14,-2.81,600335
-0.11,0.05,-0.22,-28.50,-52.42,-148.15,21.36,-27.22,20.08,600539
-0.11,0.54,-0.36,-21.37,-39.32,-144.70,80.38,-79.77,-33.20,600742
0.05,0.87,-0.49,-3.56,-22.64,-140.11,69.58,-112.67,-41.93,600946
0.49,0.97,-0.52,4.75,-11.91,-144.70,26.06,-72.39,-39.06,601149
0.29,1.05,-0.57,3.56,-3.57,-149.30,-7.93,138.92,64.58,601352
0.09,1.09,-0.53,1.19,-26.21,-137.81,-63.17,59.39,71.11,601555
-0.23,0.34,-0.30,-11.88,-34.55,-140.11,-58.04,93.81,38.70,601759
-0.48,0.36,-0.13,-24.94,-48.85,-147.00,6.65,29.30,-14.34,601962
-0.39,0.14,-0.18,-24.94,-61.95,-150.45,4.27,-14.71,-9.16,602165
-0.09,0.28,-0.30,-24.94,-50.04,-145.85,22.22,-6.16,28.08,602369
-0.03,0.24,-0.34,-20.19,-39.32,-147.00,52.80,-65.73,-12.33,602572
0.01,0.74,-0.51,-9.50,-33.36,-141.26,44.74,-74.52,-32.65,602775
0.43,1.00,-0.54,1.19,-13.11,-144.70,58.47,-144.35,-37.35,602979
0.59,0.91,-0.58,3.56,2.38,-152.74,30.64,-1.89,-35.34,603182
0.12,1.02,-0.55,3.56,1.19,-149.30,-21.42,189.03,54.93,603385
-0.05,0.88,-0.53,-1.19,-28.59,-135.52,-54.75,89.23,66.04,603589
-0.18,0.46,-0.23,-16.62,-44.08,-137.81,-25.45,39.92,31.01,603792
-0.23,0.20,-0.19,-22.56,-45.27,-143.55,-36.44,44.07,-15.32,603996
-0.35,0.09,-0.15,-27.31,-56.00,-148.15,5.13,7.08,5.31,604200
-0.32,0.14,-0.39,-26.12,-44.08,-147.00,38.64,-73.67,-10.74,604404
-0.11,0.53,-0.46,-19.00,-34.55,-144.70,78.61,-88.68,-47.91,604607
0.23,1.02,-0.51,-3.56,-17.87,-142.41,66.10,-98.82,-43.82,604810
0.66,0.94,-0.53,1.19,-8.34,-145.85,19.41,-73.12,-48.34,605013
0.57,1.04,-0.60,-2.37,-1.19,-152.74,-0.31,26.92,25.63,605216
0.15,1.15,-0.40,0.00,-23.83,-140.11,-58.53,135.68,77.39,605419
-0.11,0.39,-0.43,-5.94,-32.17,-137.81,-46.88,69.34,52.37,605622
-0.25,0.35,-0.27,-19.00,-41.70,-143.55,-32.04,28.69,5.25,605825
-0.33,0.16,-0.22,-26.12,-48.85,-148.15,-1.34,54.81,-12.33,606029
-0.24,0.19,-0.17,-28.50,-53.61,-148.15,7.75,-33.20,-4.39,606232
-0.37,0.33,-0.30,-21.37,-52.42,-147.00,44.13,-67.26,-18.37,606435
-0.16,0.65,-0.43,-8.31,-36.93,-137.81,46.51,-75.01,-10.74,606639
-0.04,0.79,-0.52,-3.56,-30.98,-137.81,42.36,-92.47,-42.79,606842
0.53,1.10,-0.48,1.19,-10.72,-145.85,-3.23,74.71,-21.67,607045
0.06,0.89,-0.52,-4.75,-26.21,-138.96,-38.70,79.04,39.86,607249
-0.10,0.61,-0.44,-10.69,-30.98,-138.96,-51.94,69.27,50.60,607452
-0.16,0.20,-0.26,-22.56,-42.89,-145.85,-31.62,51.82,25.76,607656
-0.21,0.16,-0.14,-28.50,-47.66,-148.15,-5.62,61.58,-31.43,607859
-0.40,0.26,-0.09,-27.31,-56.00,-151.59,34.61,-26.55,-16.17,608062
-0.24,0.08,-0.23,-23.75,-52.42,-144.70,15.93,-16.05,-0.12,608265
-0.31,0.37,-0.45,-22.56,-50.04,-144.70,38.94,-30.21,-19.04,608469
0.09,0.75,-0.45,-11.88,-34.55,-138.96,59.39,-117.07,-41.99,608672
0.56,1.06,-0.51,-3.56,-7.15,-148.15,19.84,-59.14,-41.93,608875
0.23,1.01,-0.51,1.19,-11.91,-145.85,-35.77,158.75,54.02,609079
-0.19,0.68,-0.32,-15.44,-39.32,-140.11,-52.98,109.68,64.88,609282
-0.36,0.05,-0.10,-26.12,-54.80,-148.15,-19.84,75.01,-7.32,609485
-0.34,0.02,-0.08,-24.94,-59.57,-150.45,13.00,-14.47,0.12,609689
-0.27,0.14,-0.12,-26.12,-54.80,-147.00,18.37,-30.64,8.61,609892
-0.28,0.41,-0.31,-24.94,-51.23,-144.70,53.47,-61.89,-15.81,610095
-0.03,0.75,-0.49,-10.69,-33.36,-138.96,65.19,-103.88,-41.56,610299
0.34,0.86,-0.47,7.12,-14.30,-142.41,56.88,-85.88,-60.12,610503
0.33,1.00,-0.62,10.69,-3.57,-148.15,2.38,50.42,7.87,610706
0.33,1.05,-0.39,10.69,-13.11,-142.41,-25.94,218.69,62.50,610910
-0.26,0.60,-0.40,-8.31,-40.51,-136.66,-68.48,120.18,62.62,611114
-0.39,0.32,-0.12,-16.62,-47.66,-140.11,-15.32,60.00,-8.85,611317
-0.35,-0.02,-0.08,-23.75,-59.57,-147.00,-3.97,-19.65,-4.94,611520
-0.27,0.22,-0.28,-22.56,-46.46,-143.55,38.70,-68.24,12.94,611724
-0.07,0.79,-0.51,-16.62,-38.13,-140.11,97.23,-101.81,-39.49,611927
0.28,0.99,-0.52,3.56,-19.06,-142.41,51.45,9.77,-65.25,612130
0.61,0.99,-0.55,5.94,-16.68,-138.96,5.98,38.51,3.78,612334
0.13,1.03,-0.54,4.75,-16.68,-141.26,-32.78,114.44,57.01,612537
-0.02,0.70,-0.46,-7.12,-34.55,-137.81,-61.52,94.60,63.35,612740
-0.18,0.32,-0.21,-15.44,-44.08,-141.26,-51.21,54.50,37.29,612944
-0.18,0.18,-0.10,-30.88,-44.08,-150.45,-25.82,54.99,-16.97,613147
-0.21,-0.04,0.04,-35.63,-53.61,-158.48,19.65,-8.12,-3.60,613350
-0.20,0.10,-0.19,-30.88,-53.61,-152.74,51.51,-35.40,-19.04,613554
-0.25,0.54,-0.37,-20.19,-41.70,-145.85,64.70,-81.42,-27.83,613758
0.10,0.94,-0.46,-3.56,-25.02,-140.11,52.06,-123.60,-35.22,613961
0.45,1.11,-0.59,1.19,-9.53,-144.70,44.31,-86.73,-69.58,614164
0.63,0.99,-0.58,3.56,-4.77,-149.30,-5.86,50.29,27.47,614367
-0.06,0.95,-0.55,0.00,-25.02,-138.96,-53.28,119.02,86.18,614570
-0.22,0.47,-0.39,-8.31,-35.74,-137.81,-64.03,89.11,37.05,614774
-0.23,0.22,-0.08,-28.50,-50.04,-147.00,-47.06,52.80,17.52,614978
-0.44,0.07,0.04,-32.06,-51.23,-155.04,0.00,9.52,-16.05,615181
-0.30,0.03,0.00,-34.44,-59.57,-155.04,23.50,-43.27,1.34,615384
-0.28,0.42,-0.22,-27.31,-47.66,-147.00,66.65,-59.45,-6.65,615587
-0.06,0.82,-0.39,-15.44,-40.51,-141.26,75.74,-113.40,-56.40,615790
0.17,1.13,-0.57,3.56,-20.25,-141.26,22.58,-80.32,-60.85,615994
0.51,0.98,-0.55,2.37,-11.91,-140.11,-4.64,-8.24,11.47,616197
0.07,1.01,-0.57,2.37,-13.11,-143.55,-35.22,107.97,70.07,616400
-0.26,0.64,-0.37,-5.94,-41.70,-138.96,-57.43,101.01,57.68,616604
-0.39,0.29,-0.17,-26.12,-52.42,-148.15,-54.02,35.16,14.16,616807
-0.25,0.07,-0.04,-32.06,-53.61,-153.89,16.48,-11.54,-7.57,617010
-0.25,0.05,-0.19,-24.94,-51.23,-148.15,54.99,-30.15,22.71,617214
-0.31,0.63,-0.42,-23.75,-44.08,-143.55,60.00,-92.35,-46.63,617417
0.13,0.97,-0.52,-5.94,-27.40,-137.81,73.06,-113.28,-77.39,617620
0.54,1.01,-0.59,4.75,-5.96,-148.15,1.77,-20.02,-5.31,617824
0.13,0.87,-0.58,3.56,-5.96,-148.15,-32.96,103.52,52.86,618027
0.07,0.68,-0.56,-5.94,-25.02,-140.11,-71.53,36.50,48.83,618230
-0.24,0.38,-0.22,-24.94,-36.93,-144.70,-45.10,71.23,1.22,618434
-0.12,0.00,-0.24,-27.31,-44.08,-148.15,-2.08,31.68,-13.06,618637
-0.23,0.15,-0.15,-28.50,-48.85,-149.30,12.33,4.46,18.01,618840
-0.31,0.27,-0.30,-28.50,-40.51,-147.00,49.07,-18.49,-7.81,619044
-0.12,0.49,-0.37,-21.37,-41.70,-140.11,50.48,-55.97,-44.92,619247
0.12,0.85,-0.38,-4.75,-26.21,-138.96,75.99,-6.35,-56.27,619450
0.36,0.97,-0.61,2.37,-27.40,-137.81,9.16,25.33,-19.29,619653
0.03,0.98,-0.56,4.75,-21.45,-140.11,-14.95,104.31,42.48,619856
-0.15,0.75,-0.42,-8.31,-36.93,-136.66,-55.73,89.90,69.27,620059
-0.20,0.25,-0.17,-16.62,-46.46,-141.26,-43.88,70.56,22.64,620262
-0.36,0.01,-0.07,-28.50,-53.61,-149.30,-9.89,-4.52,-17.82,620466
-0.23,0.07,-0.07,-28.50,-57.19,-150.45,26.43,-22.28,-2.32,620669
-0.18,0.46,-0.31,-23.75,-51.23,-145.85,54.50,-86.91,-30.58,620872
0.02,0.72,-0.48,-10.69,-35.74,-141.26,34.91,-69.82,-41.08,621076
0.42,1.04,-0.65,-2.37,-10.72,-147.00,42.97,-97.90,-57.31,621279
0.44,1.00,-0.57,0.00,-5.96,-147.00,-8.54,81.73,43.46,621482
0.10,0.93,-0.55,-1.19,-30.98,-138.96,-59.57,56.76,70.31,621685
-0.22,0.47,-0.19,-23.75,-45.27,-143.55,-45.53,88.20,41.32,621889
-0.20,0.02,-0.03,-24.94,-48.85,-147.00,-10.07,52.06,-25.21,622092
-0.33,0.07,-0.05,-26.12,-61.95,-150.45,6.77,-9.40,-4.03,622295
-0.28,0.16,-0.13,-27.31,-54.80,-152.74,22.83,-42.79,10.44,622499
-0.28,0.34,-0.34,-23.75,-45.27,-143.55,46.81,-71.78,-12.45,622702
0.11,0.81,-0.50,-5.94,-32.17,-137.81,78.06,-57.50,-56.27,622905
0.36,1.03,-0.59,-1.19,-22.64,-137.81,25.57,-87.71,-40.22,623109
0.30,1.00,-0.60,4.75,-13.11,-142.41,-13.55,97.78,45.84,623312
0.01,0.85,-0.45,-2.37,-32.17,-136.66,-40.34,114.07,73.18,623515
-0.06,0.45,-0.38,-9.50,-39.32,-137.81,-51.21,73.97,41.44,623719
-0.31,0.36,-0.15,-23.75,-48.85,-145.85,-20.81,29.60,0.06,623922
-0.32,0.06,-0.10,-26.12,-58.38,-149.30,2.62,37.84,-27.83,624125
-0.41,0.24,-0.08,-23.75,-58.38,-152.74,19.65,-11.41,22.58,624329
-0.44,0.36,-0.25,-20.19,-54.80,-143.55,57.25,-25.45,14.77,624532
-0.32,0.63,-0.38,-15.44,-52.42,-141.26,49.62,-86.24,-52.19,624736
0.00,0.93,-0.44,0.00,-30.98,-135.52,56.21,-94.97,-67.08,624939
0.55,1.01,-0.61,8.31,-7.15,-143.55,12.94,60.24,-36.93,625143
0.44,1.03,-0.62,7.12,-11.91,-143.55,2.81,51.15,17.09,625346
-0.06,0.96,-0.54,8.31,-26.21,-135.52,-31.80,87.71,58.59,625549
-0.08,0.70,-0.43,-5.94,-38.13,-137.81,-47.06,58.11,57.19,625752
-0.21,0.23,-0.31,-14.25,-46.46,-140.11,-31.68,8.97,32.59,625955
-0.23,0.17,-0.09,-28.50,-44.08,-147.00,-33.81,24.05,-23.93,626158
-0.30,-0.04,-0.14,-33.25,-50.04,-151.59,22.40,8.73,19.53,626361
-0.20,0.13,-0.25,-32.06,-46.46,-150.45,59.63,-74.83,-10.13,626564
-0.03,0.76,-0.42,-19.00,-29.79,-141.26,59.57,-109.86,-53.83,626767
0.44,0.87,-0.56,-10.69,-16.68,-145.85,56.09,-138.73,-66.96,626970
0.73,0.81,-0.53,-8.31,0.00,-152.74,8.79,1.71,0.06,627174
0.17,0.98,-0.54,-7.12,-16.68,-141.26,-41.08,57.25,66.53,627377
0.03,0.56,-0.45,-9.50,-21.45,-142.41,-63.90,103.27,52.37,627580
-0.27,0.22,-0.24,-24.94,-36.93,-145.85,-54.75,57.80,-5.74,627784
-0.20,0.07,-0.06,-36.81,-42.89,-157.34,-9.40,21.61,-12.15,627987
-0.27,-0.04,-0.02,-39.19,-44.08,-157.34,9.64,-0.37,-0.73,628191
-0.27,0.07,-0.21,-35.63,-45.27,-155.04,61.04,-61.28,5.55,628394
-0.20,0.55,-0.46,-16.62,-30.98,-141.26,75.87,-77.76,-26.43,628597
0.23,0.79,-0.53,-10.69,-22.64,-143.55,65.73,-45.90,-45.10,628801
0.61,0.91,-0.51,-3.56,-8.34,-147.00,25.57,20.39,-41.93,629004
0.38,1.00,-0.52,1.19,-10.72,-144.70,-9.28,72.57,59.27,629207
-0.16,0.63,-0.43,1.19,-27.40,-137.81,-20.51,44.13,36.62,629410
-0.25,0.58,-0.52,-10.69,-40.51,-136.66,-53.89,58.65,13.79,629614
-0.26,0.20,-0.15,-20.19,-47.66,-142.41,-36.80,38.88,-18.07,629817
-0.37,0.22,-0.15,-26.12,-52.42,-149.30,7.26,-4.39,3.60,630020
-0.27,0.28,-0.31,-23.75,-47.66,-145.85,40.71,-68.36,28.02,630224
-0.07,0.43,-0.37,-21.37,-38.13,-142.41,49.26,-73.49,2.08,630427
0.16,0.81,-0.54,-7.12,-17.87,-143.55,57.01,-75.50,-48.65,630630
0.56,0.90,-0.62,-2.37,-4.77,-150.45,36.74,0.98,-36.62,630834
0.28,0.97,-0.66,1.19,-7.15,-147.00,-13.49,81.30,19.17,631037
0.05,0.81,-0.45,-7.12,-23.83,-138.96,-68.60,122.74,57.01,631240
-0.31,0.04,-0.19,-22.56,-47.66,-145.85,-21.18,54.81,12.45,631444
-0.36,0.26,-0.16,-24.94,-48.85,-147.00,-13.49,11.17,5.37,631648
-0.23,0.04,-0.09,-29.69,-50.04,-151.59,2.75,14.89,-15.99,631851
-0.04,-0.01,-0.09,-27.31,-56.00,-149.30,38.45,-103.94,8.30,632055
-0.11,0.62,-0.47,-19.00,-41.70,-143.55,62.74,-81.05,-37.60,632259
0.23,0.63,-0.51,-7.12,-23.83,-140.11,45.59,-86.30,-7.63,632462
0.54,1.02,-0.54,0.00,-10.72,-147.00,31.68,-27.40,-41.50,632665
0.56,1.06,-0.51,3.56,-2.38,-149.30,-8.79,85.51,9.70,632869
0.12,0.90,-0.54,-3.56,-21.45,-140.11,-63.54,92.53,58.90,633072
-0.16,0.52,-0.40,-10.69,-28.59,-141.26,-35.28,69.64,16.54,633275
-0.17,0.24,-0.27,-20.19,-44.08,-142.41,-27.89,52.49,-7.39,633479
-0.32,0.25,-0.26,-21.37,-48.85,-142.41,23.44,-24.23,-5.43,633682
-0.13,0.31,-0.34,-19.00,-45.27,-142.41,29.30,-57.25,15.50,633885
0.04,0.59,-0.51,-11.88,-28.59,-137.81,72.39,-78.19,-24.35,634089
0.21,0.90,-0.64,-3.56,-20.25,-141.26,64.15,-69.58,-47.30,634292
0.47,0.99,-0.48,7.12,-3.57,-147.00,0.12,60.79,-4.88,634495
-0.08,0.95,-0.60,1.19,-20.25,-138.96,-80.26,114.07,51.09,634699
-0.12,0.28,-0.35,-10.69,-33.36,-138.96,-51.15,62.62,27.10,634902
-0.14,0.12,-0.11,-23.75,-45.27,-143.55,-36.38,28.93,-14.77,635105
-0.27,0.14,-0.17,-29.69,-51.23,-151.59,29.17,-22.58,-2.56,635309
-0.22,0.06,-0.27,-30.88,-45.27,-147.00,35.34,-34.61,27.83,635513
-0.10,0.47,-0.44,-21.37,-33.36,-142.41,56.58,-70.07,-16.42,635716
0.25,0.70,-0.49,-4.75,-11.91,-142.41,64.88,-82.46,-47.30,635919
0.58,0.94,-0.49,-1.19,-4.77,-148.15,38.57,-36.80,-38.88,636122
0.43,0.94,-0.59,1.19,4.77,-156.19,-5.37,65.37,31.56,636325
0.09,0.83,-0.60,0.00,-14.30,-144.70,-50.72,148.50,62.07,636529
0.09,0.61,-0.56,-8.31,-27.40,-138.96,-74.77,77.15,58.65,636732
-0.14,0.20,-0.13,-24.94,-38.13,-147.00,-31.37,51.45,-4.70,636935
-0.18,0.12,-0.14,-28.50,-42.89,-149.30,2.26,21.73,-33.33,637139
-0.31,0.28,-0.14,-28.50,-51.23,-150.45,2.26,-3.78,0.18,637342
-0.21,-0.04,-0.20,-29.69,-48.85,-147.00,33.08,-27.10,8.06,637545
-0.18,0.47,-0.42,-22.56,-45.27,-144.70,77.09,-66.22,-18.98,637749
0.09,0.80,-0.48,-4.75,-27.40,-140.11,57.56,-92.22,-38.09,637952
0.37,1.04,-0.65,5.94,-7.15,-145.85,69.89,-65.73,-68.91,638155
0.55,0.98,-0.64,9.50,-4.77,-144.70,1.95,8.97,19.53,638359
0.04,1.16,-0.49,10.69,-19.06,-137.81,-40.89,163.33,87.95,638562
-0.20,0.51,-0.37,-9.50,-39.32,-137.81,-66.83,75.38,34.61,638765
-0.28,0.26,-0.11,-17.81,-44.08,-143.55,-46.14,55.97,-5.00,638969
-0.33,0.15,-0.12,-28.50,-56.00,-152.74,9.46,0.06,-10.74,639172
-0.30,0.22,-0.08,-26.12,-54.80,-149.30,14.53,-9.83,-9.64,639376
-0.18,0.31,-0.18,-23.75,-53.61,-147.00,83.13,-6.59,-53.65,639579
-0.30,0.86,-0.51,1.19,-40.51,-134.37,59.63,-111.51,-39.98,639782
0.17,1.06,-0.46,3.56,-27.40,-136.66,36.07,-76.23,-48.89,639985
0.45,0.97,-0.54,9.50,-5.96,-145.85,3.91,-34.91,-6.35,640189
0.17,1.13,-0.62,10.69,-17.87,-137.81,-29.48,133.79,75.81,640392
-0.10,0.82,-0.43,7.12,-34.55,-133.22,-71.47,98.69,81.73,640595
-0.22,0.22,-0.19,-19.00,-42.89,-142.41,-47.73,42.30,19.65,640799
-0.29,0.02,-0.13,-26.12,-53.61,-149.30,-2.14,6.53,-24.66,641002
-0.30,0.31,-0.07,-28.50,-53.61,-148.15,-0.37,13.18,-0.37,641205
-0.25,0.05,-0.18,-27.31,-53.61,-149.30,23.99,-32.59,13.98,641408
-0.23,0.53,-0.31,-23.75,-47.66,-144.70,80.32,-81.05,-29.97,641611
0.04,0.94,-0.52,-3.56,-28.59,-138.96,72.02,-108.70,-45.84,641814
0.70,1.12,-0.62,10.69,-4.77,-145.85,30.40,-97.35,-52.43,642017
0.60,1.08,-0.57,7.12,0.00,-150.45,-3.97,6.65,27.53,642220
0.00,0.94,-0.62,11.88,-9.53,-143.55,-41.26,157.65,71.29,642424
-0.07,0.70,-0.47,-5.94,-34.55,-135.52,-80.02,108.58,41.50,642627
-0.23,0.29,-0.19,-16.62,-44.08,-143.55,-15.01,31.37,13.85,642831
-0.31,0.13,-0.17,-21.37,-47.66,-147.00,-15.81,16.72,-19.78,643034
-0.27,0.27,-0.09,-26.12,-54.80,-148.15,8.97,-7.08,-0.98,643237
-0.23,0.28,-0.35,-26.12,-52.42,-145.85,66.65,-43.95,-40.28,643440
-0.24,0.63,-0.63,-7.12,-40.51,-138.96,68.42,-92.35,-12.88,643644
0.20,1.20,-0.53,4.75,-26.21,-137.81,60.61,-86.79,-50.17,643847
0.45,1.15,-0.59,13.06,-7.15,-142.41,14.22,-7.26,-12.51,644050
0.53,1.17,-0.62,16.62,-8.34,-142.41,-5.37,68.05,28.26,644254
0.01,1.00,-0.50,17.81,-21.45,-135.52,-65.49,69.21,81.79,644457
-0.26,0.39,-0.35,-5.94,-38.13,-136.66,-62.93,58.96,62.81,644660
-0.24,0.14,-0.12,-22.56,-46.46,-145.85,-16.60,33.39,-4.27,644864
-0.30,0.19,-0.15,-24.94,-50.04,-147.00,-5.68,-3.78,-4.64,645067
-0.26,0.05,-0.21,-26.12,-51.23,-145.85,14.28,-12.27,7.26,645270
-0.12,0.27,-0.26,-22.56,-41.70,-143.55,44.37,-76.17,-27.16,645474
0.01,0.74,-0.48,-17.81,-32.17,-141.26,55.18,-58.78,-48.10,645678
0.16,1.07,-0.62,-1.19,-22.64,-141.26,51.03,-70.31,-60.55,645881
0.41,0.94,-0.64,3.56,-11.91,-145.85,6.77,46.26,12.08,646085
0.10,1.03,-0.49,5.94,-15.49,-141.26,-36.50,122.86,68.36,646289
-0.13,0.66,-0.40,-8.31,-35.74,-136.66,-46.45,114.14,48.16,646492
-0.36,0.22,-0.23,-14.25,-46.46,-136.66,-6.23,54.87,13.49,646695
-0.39,0.21,-0.19,-21.37,-56.00,-144.70,-14.40,1.10,-17.15,646899
-0.32,0.35,-0.14,-24.94,-57.19,-148.15,-3.54,9.22,3.30,647102
-0.26,0.14,-0.16,-23.75,-59.57,-147.00,24.11,-14.40,-15.81,647305
-0.38,0.41,-0.43,-17.81,-47.66,-141.26,41.14,-71.11,1.65,647509
-0.07,0.92,-0.35,-4.75,-32.17,-137.81,60.55,-88.26,-54.26,647712
0.23,1.03,-0.65,2.37,-21.45,-137.81,38.76,-64.33,-49.01,647915
0.39,1.00,-0.58,7.12,-17.87,-138.96,3.66,-4.94,9.16,648118
-0.16,0.94,-0.59,4.75,-26.21,-138.96,-33.02,87.59,63.54,648321
-0.12,0.79,-0.40,-3.56,-34.55,-137.81,-59.94,112.49,58.65,648524
-0.30,0.27,-0.19,-19.00,-47.66,-140.11,-18.25,44.43,-6.65,648727
-0.35,0.26,-0.14,-21.37,-52.42,-144.70,-0.55,12.08,-6.59,648930
-0.35,0.30,-0.17,-23.75,-53.61,-147.00,2.56,24.17,-1.89,649134
-0.20,0.12,-0.18,-26.12,-54.80,-145.85,1.10,-20.26,-3.30,649337
-0.12,0.34,-0.29,-21.37,-50.04,-145.85,60.12,-69.89,-29.54,649540
0.03,0.71,-0.51,-11.88,-33.36,-141.26,67.32,-93.38,-48.52,649744
0.53,1.02,-0.50,2.37,-9.53,-143.55,34.79,-31.25,-38.21,649948
0.48,1.00,-0.62,5.94,-11.91,-143.55,6.59,8.79,3.23,650151
0.26,1.16,-0.43,4.75,-16.68,-140.11,-47.12,142.40,57.31,650354
-0.26,0.56,-0.42,-10.69,-40.51,-138.96,-39.06,121.22,53.47,650557
-0.25,0.26,-0.24,-17.81,-47.66,-140.11,-17.33,42.05,18.19,650760
-0.31,0.14,-0.14,-27.31,-53.61,-145.85,-9.64,22.16,-10.19,650964
-0.34,0.31,-0.10,-26.12,-53.61,-145.85,-9.58,-4.09,7.57,651167
-0.27,0.05,-0.15,-29.69,-53.61,-151.59,30.76,0.06,4.88,651370
-0.18,0.29,-0.32,-21.37,-44.08,-144.70,49.68,-66.71,-25.45,651574
-0.20,0.64,-0.47,-16.62,-38.13,-142.41,66.16,-117.98,-69.76,651777
0.27,0.93,-0.46,-1.19,-21.45,-138.96,35.83,-105.47,-38.02,651980
0.54,0.94,-0.55,0.00,-8.34,-147.00,6.65,-7.45,3.36,652184
0.08,0.99,-0.56,1.19,-10.72,-145.85,-42.91,149.17,68.48,652387
-0.17,0.70,-0.41,-5.94,-35.74,-140.11,-49.99,116.03,47.73,652590
-0.36,0.28,-0.15,-23.75,-51.23,-145.85,-15.01,33.69,29.79,652794
-0.28,0.23,-0.21,-23.75,-53.61,-147.00,16.48,13.00,-13.00,652997
-0.37,0.28,-0.14,-21.37,-57.19,-147.00,-0.92,-1.95,-0.12,653200
-0.34,0.30,-0.17,-23.75,-59.57,-144.70,-3.30,7.87,-5.62,653404
-0.40,0.13,-0.26,-27.31,-57.19,-149.30,32.96,-67.38,17.94,653607
-0.22,0.59,-0.39,-17.81,-38.13,-142.41,50.29,-87.71,-42.72,653810
0.09,0.92,-0.44,-7.12,-28.59,-140.11,61.65,-74.83,-51.76,654014
0.64,0.91,-0.56,1.19,-13.11,-140.11,15.01,-63.54,-25.21,654218
0.45,1.01,-0.61,1.19,-8.34,-145.85,-11.54,90.58,42.36,654421
0.05,0.93,-0.45,1.19,-25.02,-138.96,-56.15,91.49,54.02,654624
-0.40,0.29,-0.19,-14.25,-44.08,-141.26,-46.02,72.33,27.65,654827
-0.26,0.20,-0.12,-26.12,-52.42,-147.00,-14.40,39.98,7.26,655030
-0.31,0.16,-0.04,-27.31,-56.00,-151.59,4.27,20.63,-19.17,655234
-0.42,0.34,-0.06,-27.31,-60.76,-149.30,4.03,-1.04,2.81,655437
-0.23,0.12,-0.14,-26.12,-57.19,-148.15,20.02,-32.84,-13.37,655640
-0.16,0.54,-0.35,-22.56,-50.04,-144.70,63.48,-62.26,-19.96,655844
0.02,0.92,-0.45,-8.31,-30.98,-140.11,63.48,-79.04,-47.30,656047
0.21,1.01,-0.57,1.19,-23.83,-141.26,29.36,-77.33,-48.89,656250
0.34,0.98,-0.56,1.19,-14.30,-142.41,-15.75,89.42,46.14,656454
-0.07,0.83,-0.54,-5.94,-34.55,-136.66,-54.32,73.67,74.52,656657
-0.23,0.35,-0.27,-15.44,-38.13,-140.11,-64.03,67.26,46.14,656860
-0.22,0.09,-0.17,-32.06,-47.66,-152.74,1.53,22.52,-7.69,657064
-0.26,0.20,-0.15,-32.06,-52.42,-148.15,5.68,0.98,-12.33,657267
-0.28,0.12,-0.16,-28.50,-50.04,-150.45,8.79,-23.13,0.92,657470
-0.15,0.09,-0.32,-27.31,-45.27,-147.00,46.63,-65.49,1.46,657674
-0.08,0.75,-0.46,-11.88,-26.21,-142.41,73.24,-121.77,-42.60,657877
0.34,0.97,-0.54,-3.56,-16.68,-142.41,46.33,-70.25,-55.30,658080
0.45,0.87,-0.60,0.00,-5.96,-147.00,17.09,-3.42,-7.63,658284
0.44,0.90,-0.62,1.19,-7.15,-148.15,6.90,82.46,19.53,658487
-0.09,0.86,-0.55,-1.19,-19.06,-138.96,-45.65,89.60,49.68,658690
-0.27,0.58,-0.35,-7.12,-42.89,-137.81,-51.45,106.38,46.81,658893
-0.36,0.23,-0.10,-21.37,-52.42,-144.70,-12.70,46.08,1.77,659096
-0.42,0.16,-0.02,-23.75,-63.14,-150.45,-10.44,13.55,-13.49,659299
-0.34,0.32,0.01,-24.94,-58.38,-152.74,7.14,-7.69,-2.32,659502
-0.33,0.06,-0.17,-26.12,-59.57,-148.15,37.54,-80.14,12.82,659706
-0.23,0.63,-0.31,-16.62,-45.27,-138.96,84.96,-97.90,-36.62,659909
0.06,1.10,-0.50,5.94,-23.83,-138.96,58.04,-138.55,-92.90,660112
0.32,0.96,-0.63,9.50,-9.53,-144.70,17.40,-18.98,1.95,660315
0.43,0.96,-0.62,9.50,-7.15,-143.55,5.86,-27.47,7.14,660519
0.50,1.02,-0.64,10.69,-8.34,-143.55,-6.23,55.91,16.42,660723
-0.22,0.84,-0.40,9.50,-35.74,-134.37,-49.87,-11.90,77.33,660926
-0.38,0.40,-0.09,-13.06,-57.19,-138.96,-58.11,70.13,35.71,661129
-0.42,0.22,0.00,-21.37,-61.95,-145.85,-3.11,36.19,-22.22,661332
-0.49,0.32,0.04,-21.37,-66.72,-150.45,7.69,0.49,-6.71,661535
-0.42,0.13,-0.08,-19.00,-66.72,-149.30,30.21,-63.78,7.81,661739
-0.37,0.61,-0.34,-15.44,-58.38,-141.26,72.20,-117.68,-37.05,661942
0.39,0.97,-0.49,2.37,-25.02,-136.66,62.74,-108.52,-69.95,662145
0.65,1.04,-0.55,4.75,-2.38,-148.15,-0.06,-51.76,-42.05,662349
0.61,0.97,-0.60,3.56,-3.57,-148.15,9.70,11.47,8.18,662552
0.61,1.04,-0.56,8.31,1.19,-149.30,-5.98,19.53,41.81,662755
-0.02,0.97,-0.54,7.12,-30.98,-134.37,-35.95,130.07,55.42,662959
-0.22,0.73,-0.26,2.37,-44.08,-133.22,-27.89,116.03,51.45,663162
-0.48,0.34,-0.12,-9.50,-64.34,-141.26,-18.13,52.12,-5.25,663366
-0.53,0.29,-0.04,-13.06,-66.72,-145.85,-4.15,10.68,-18.55,663569
-0.54,0.38,-0.02,-14.25,-72.68,-147.00,6.90,-29.91,11.60,663772
-0.46,0.35,-0.31,-14.25,-57.19,-138.96,39.86,-102.48,19.41,663975
-0.05,0.74,-0.37,-9.50,-44.08,-137.81,55.36,-140.56,-46.57,664179
0.46,1.06,-0.48,1.19,-9.53,-145.85,59.81,-132.57,-72.39,664382
0.71,0.94,-0.50,3.56,7.15,-156.19,5.19,12.33,18.31,664585
0.17,0.91,-0.58,4.75,3.57,-153.89,-45.23,103.70,70.86,664789
0.42,0.87,-0.61,-1.19,-4.77,-149.30,-58.84,87.16,-2.14,664992
0.02,0.36,-0.43,-19.00,-27.40,-144.70,-47.79,106.75,-10.56,665195
-0.19,-0.01,-0.19,-24.94,-39.32,-144.70,10.50,89.11,-17.52,665399
-0.28,0.33,-0.16,-24.94,-51.23,-143.55,9.46,4.09,-9.34,665602
-1.02,0.16,-0.16,-21.37,-51.23,-147.00,17.52,-32.59,6.41,665805
-0.17,0.62,-0.29,-15.44,-45.27,-140.11,65.73,-125.43,-15.63,666009
0.06,0.87,-0.47,1.19,-20.25,-141.26,69.34,-85.39,-56.34,666212
0.64,1.03,-0.51,7.12,-7.15,-145.85,19.17,-56.40,-29.54,666415
0.75,0.98,-0.57,2.37,4.77,-153.89,4.52,36.99,15.75,666619
0.35,1.08,-0.41,4.75,-21.45,-137.81,-47.12,141.97,57.13,666822
-0.21,0.61,-0.38,0.00,-32.17,-136.66,-54.69,121.77,42.91,667025
-0.31,0.24,-0.06,-16.62,-51.23,-141.26,-19.04,59.02,-6.04,667229
-0.42,0.27,-0.12,-19.00,-67.91,-144.70,14.71,21.36,-35.83,667432
-0.47,0.45,-0.04,-14.25,-70.29,-143.55,3.72,-7.02,-0.49,667636
-0.59,0.41,-0.23,-13.06,-67.91,-144.70,11.78,-24.84,21.06,667839
-0.25,0.25,-0.21,-20.19,-47.66,-142.41,25.09,-108.40,-0.12,668042
0.07,0.89,-0.40,-10.69,-35.74,-140.11,100.83,-158.02,-64.39,668246
0.68,1.05,-0.51,5.94,2.38,-149.30,31.13,-99.67,-49.50,668449
0.75,0.93,-0.57,3.56,10.72,-158.48,6.04,-33.20,14.83,668652
0.92,1.01,-0.51,9.50,13.11,-165.37,5.43,21.97,9.34,668855
-0.06,0.98,-0.51,9.50,-11.91,-142.41,-52.37,202.45,58.29,669059
-0.39,0.52,-0.23,1.19,-32.17,-136.66,-37.72,197.20,45.10,669262
-0.46,0.36,-0.10,-11.88,-67.91,-145.85,8.91,16.66,-1.16,669465
-0.55,0.35,-0.05,-11.88,-70.29,-148.15,-2.08,-14.16,-25.82,669669
-0.54,0.47,-0.01,-10.69,-71.48,-147.00,-0.24,-9.16,-0.61,669872
-0.51,0.42,-0.16,-9.50,-67.91,-140.11,15.50,-76.66,-2.69,670075
-0.23,0.74,-0.35,-5.94,-39.32,-135.52,59.45,-161.56,-6.84,670279
0.41,1.04,-0.53,4.75,-16.68,-140.11,63.23,-170.29,-46.02,670482
1.00,1.01,-0.48,10.69,13.11,-168.82,18.68,-31.37,-7.93,670685
0.72,0.99,-0.58,8.31,16.68,-164.23,8.73,0.55,2.08,670889
0.95,1.18,-0.37,14.25,10.72,-161.93,-28.81,195.80,17.46,671092
-0.09,0.96,-0.43,3.56,-34.55,-133.22,-49.26,102.54,51.76,671295
-0.43,0.52,-0.25,-3.56,-47.66,-136.66,-20.14,64.39,20.32,671499
-0.52,0.46,-0.18,-7.12,-65.53,-142.41,2.01,27.04,-17.58,671702
-0.42,0.45,-0.15,-3.56,-69.10,-142.41,-2.56,-17.64,5.55,671905
-0.45,0.17,-0.23,-8.31,-65.53,-138.96,1.53,-81.30,74.34,672109
-0.13,0.61,-0.27,-15.44,-42.89,-141.26,63.35,-149.41,-39.55,672312
0.42,1.04,-0.55,3.56,-7.15,-148.15,93.81,-205.38,-66.22,672515
0.69,0.98,-0.60,5.94,7.15,-158.48,26.61,45.04,1.28,672719
0.64,1.13,-0.61,7.12,5.96,-156.19,-0.37,225.22,38.27,672922
0.02,1.02,-0.44,7.12,-22.64,-135.52,-80.14,114.01,87.34,673125
-0.14,0.42,-0.28,-14.25,-41.70,-140.11,-38.27,54.44,30.88,673329
-0.08,0.09,-0.20,-23.75,-47.66,-143.55,-21.67,15.14,-39.12,673532
-0.23,0.21,-0.15,-27.31,-51.23,-145.85,13.43,-28.08,-9.64,673735
-0.26,-0.03,-0.25,-22.56,-53.61,-144.70,34.91,-26.18,20.14,673938
-0.34,0.55,-0.51,-13.06,-39.32,-138.96,71.53,-88.26,-16.60,674141
0.09,0.96,-0.52,-5.94,-28.59,-137.81,57.01,-114.32,-41.44,674345
0.81,1.10,-0.48,3.56,-2.38,-149.30,28.63,-71.35,-42.66,674549
0.91,1.05,-0.53,7.12,5.96,-157.34,3.42,44.98,20.45,674752
0.16,1.01,-0.58,8.31,-7.15,-144.70,-13.24,41.75,34.67,674955
-0.01,0.95,-0.64,7.12,-19.06,-138.96,-41.50,80.44,34.73,675159
-0.17,0.55,-0.36,-9.50,-38.13,-137.81,-58.11,79.41,28.69,675362
-0.23,0.24,-0.23,-15.44,-45.27,-137.81,-4.82,42.91,-12.45,675565
-0.37,0.31,-0.24,-14.25,-51.23,-140.11,-2.20,16.24,-12.08,675769
-0.31,0.24,-0.30,-17.81,-53.61,-144.70,6.53,-48.58,8.12,675972
-0.33,0.39,-0.43,-17.81,-48.85,-140.11,65.31,-81.54,-20.51,676175
0.20,0.92,-0.58,-2.37,-20.25,-137.81,54.81,-94.73,-50.78,676379
0.73,0.95,-0.51,4.75,-13.11,-145.85,23.44,-69.40,-50.66,676582
0.57,0.86,-0.57,1.19,0.00,-152.74,6.84,-49.87,-8.85,676785
0.60,1.05,-0.53,3.56,-4.77,-151.59,-21.79,162.60,50.42,676989
0.04,0.85,-0.48,0.00,-25.02,-138.96,-50.11,89.05,73.67,677193
-