=~=~=~=~=~=~=~=~=~=~=~= PuTTY log 2020.09.05 13:13:06 =~=~=~=~=~=~=~=~=~=~=~=
0.45,1.77,0.02,77.19,32.17,-144.70,8.18,6.65,1.10,376319
0.43,1.77,0.03,76.00,30.98,-145.85,2.99,2.38,-0.67,376522
0.42,1.77,0.04,77.19,29.79,-144.70,3.78,2.81,-0.73,376725
0.43,1.78,0.03,77.19,29.79,-145.85,9.16,7.39,1.71,376929
0.44,1.76,0.04,78.37,30.98,-144.70,6.47,0.31,3.17,377132
0.43,1.78,0.04,78.37,30.98,-148.15,5.98,5.13,-0.85,377335
0.42,1.78,0.04,74.81,30.98,-148.15,4.39,2.81,-1.10,377539
0.44,1.77,0.05,77.19,28.59,-144.70,5.25,2.99,0.24,377742
0.44,1.77,0.04,78.37,30.98,-143.55,4.39,5.37,-1.95,377945
0.44,1.78,0.03,76.00,32.17,-144.70,4.52,3.23,-2.20,378149
0.40,1.77,0.06,78.37,30.98,-144.70,12.70,-3.54,9.89,378352
0.45,1.78,0.03,76.00,28.59,-148.15,3.30,-2.50,-3.30,378555
0.23,1.85,0.16,76.00,28.59,-149.30,6.04,-54.32,16.60,378759
0.26,1.89,0.19,79.56,28.59,-151.59,34.55,-7.57,64.82,378962
0.24,1.80,0.19,81.94,10.72,-158.48,34.48,-26.79,56.27,379165
0.20,1.71,0.20,78.37,0.00,-161.93,27.71,8.42,19.10,379369
0.17,1.71,0.24,72.44,-2.38,-167.67,-9.03,-14.16,-18.74,379572
0.26,1.82,0.12,78.37,2.38,-160.78,-47.55,-68.48,-69.40,379775
0.37,1.96,0.07,79.56,13.11,-155.04,-42.05,40.89,-88.38,379979
0.57,1.62,-0.05,73.62,34.55,-140.11,-3.30,27.53,-28.44,380182
0.56,1.72,-0.11,71.25,38.13,-138.96,6.47,10.74,-3.23,380385
0.47,1.70,-0.01,70.06,38.13,-142.41,21.42,-13.67,27.28,380589
0.43,1.95,0.11,76.00,28.59,-148.15,54.38,-6.16,68.66,380793
0.40,1.81,0.17,80.75,13.11,-158.48,52.19,-15.26,45.90,380996
0.28,1.76,0.18,76.00,7.15,-166.52,22.40,-14.83,25.15,381199
0.20,1.77,0.27,74.81,3.57,-169.97,-7.93,-9.64,-3.85,381402
0.34,1.77,0.22,76.00,7.15,-165.37,-13.98,20.69,-33.57,381605
0.36,1.84,0.08,78.37,14.30,-163.08,-31.49,3.78,-64.15,381808
0.42,1.83,0.12,77.19,27.40,-153.89,-36.99,31.86,-49.26,382011
0.57,1.66,-0.02,77.19,34.55,-147.00,-10.07,9.95,-21.55,382214
0.66,1.69,-0.10,71.25,39.32,-142.41,5.98,-15.69,-17.09,382417
0.32,1.87,0.02,68.87,39.32,-144.70,18.01,-49.38,48.22,382621
0.44,1.96,0.10,76.00,30.98,-145.85,41.93,-24.29,71.78,382824
0.40,1.73,0.09,79.56,11.91,-158.48,48.52,30.21,70.25,383027
0.26,1.66,0.10,77.19,-2.38,-164.23,13.31,50.42,15.38,383230
0.22,1.82,0.25,76.00,-2.38,-164.23,-31.62,-11.05,-62.99,383434
0.34,2.00,0.18,81.94,11.91,-156.19,-41.63,0.43,-97.96,383637
0.53,1.74,0.02,72.44,39.32,-149.30,-4.09,50.78,-75.87,383840
0.62,1.71,0.00,68.87,45.27,-144.70,0.12,-2.44,-14.59,384044
0.67,1.64,-0.07,66.50,46.46,-144.70,6.71,-4.82,15.01,384247
0.45,1.88,0.06,67.69,44.08,-144.70,29.91,-2.26,76.29,384450
0.37,1.88,0.17,78.37,25.02,-153.89,44.92,-12.57,103.21,384654
0.20,1.71,0.17,78.37,-3.57,-160.78,37.23,12.94,64.94,384857
0.07,1.66,0.23,73.62,-8.34,-165.37,6.29,8.18,0.55,385060
0.13,1.83,0.17,74.81,-7.15,-167.67,-37.17,-24.72,-66.89,385264
0.31,1.90,0.09,80.75,13.11,-156.19,-48.10,-6.41,-112.79,385467
0.48,1.67,-0.01,78.37,30.98,-150.45,-10.19,22.64,-57.92,385670
0.65,1.66,-0.02,68.87,42.89,-143.55,-2.69,-12.70,-14.40,385874
0.47,1.73,-0.03,73.62,45.27,-144.70,28.32,-8.73,50.48,386077
0.34,1.96,0.17,77.19,33.36,-151.59,32.59,-7.87,105.41,386281
0.28,1.76,0.15,78.37,4.77,-157.34,25.63,-6.90,69.52,386484
0.05,1.71,0.15,74.81,-8.34,-159.63,11.96,18.68,33.33,386688
0.20,1.64,0.18,72.44,-13.11,-163.08,5.00,16.11,-20.94,386891
0.22,1.81,0.17,78.37,3.57,-163.08,-28.14,-57.19,-95.40,387094
0.33,1.77,0.08,80.75,14.30,-158.48,-35.52,30.27,-97.35,387297
0.60,1.80,0.02,76.00,36.93,-151.59,1.71,27.95,-51.27,387500
0.66,1.76,0.03,68.87,47.66,-148.15,38.45,54.38,-24.78,387704
0.51,1.80,0.19,65.31,45.27,-145.85,8.18,-58.96,57.56,387907
0.50,2.04,0.27,77.19,32.17,-155.04,50.42,-9.16,114.75,388110
0.20,1.79,0.23,74.81,10.72,-167.67,35.71,0.92,36.87,388314
0.23,1.71,0.25,73.62,4.77,-171.12,22.22,12.63,32.23,388517
0.16,1.73,0.29,73.62,-2.38,-172.27,-7.63,7.14,-10.80,388720
0.29,1.79,0.23,77.19,4.77,-164.23,-20.94,-10.25,-79.71,388924
0.31,1.89,0.28,80.75,13.11,-160.78,-16.60,11.60,-56.76,389127
0.38,1.95,0.15,78.37,26.21,-159.63,-8.61,9.28,-24.66,389330
0.50,1.83,0.16,78.37,29.79,-156.19,1.40,6.47,-4.09,389534
0.53,1.81,0.16,78.37,33.36,-157.34,6.77,16.05,15.50,389737
0.21,1.91,0.27,77.19,26.21,-156.19,27.89,-17.03,74.28,389941
0.14,1.90,0.29,79.56,14.30,-159.63,39.12,-6.47,70.62,390144
0.01,1.73,0.32,74.81,-2.38,-168.82,29.97,10.31,34.61,390347
0.09,1.64,0.30,68.87,-9.53,-172.27,1.83,2.50,-1.22,390551
0.03,1.79,0.28,68.87,-5.96,-173.41,-18.31,-3.48,-60.91,390754
0.36,1.88,0.21,76.00,7.15,-167.67,-32.59,-20.32,-89.72,390957
0.42,1.88,0.19,77.19,26.21,-153.89,-11.72,13.79,-79.41,391160
0.63,1.80,0.09,73.62,35.74,-157.34,3.30,86.98,-14.40,391364
0.65,1.72,0.02,72.44,44.08,-150.45,-0.06,-14.16,9.46,391567
0.34,1.75,0.07,74.81,32.17,-151.59,31.37,-22.83,69.40,391770
0.21,1.89,0.24,79.56,21.45,-156.19,47.67,13.92,92.29,391974
0.09,1.78,0.28,76.00,-2.38,-167.67,33.57,-30.82,71.84,392177
-0.02,1.62,0.29,71.25,-9.53,-168.82,8.85,17.82,20.75,392380
-0.02,1.65,0.33,68.87,-15.49,-169.97,-9.16,3.85,-33.51,392584
0.23,1.84,0.20,74.81,-3.57,-165.37,-23.44,-11.84,-110.66,392787
0.33,1.85,0.11,80.75,10.72,-158.48,-31.80,-21.06,-86.73,392990
0.57,1.82,0.05,77.19,32.17,-153.89,0.18,49.99,-47.42,393194
0.63,1.70,-0.02,70.06,44.08,-148.15,-3.30,-1.46,-18.01,393397
0.65,1.71,0.04,71.25,44.08,-148.15,10.68,12.02,11.41,393600
0.42,1.89,0.11,73.62,36.93,-150.45,34.36,-14.83,93.99,393804
0.32,1.90,0.17,78.37,10.72,-158.48,43.03,-0.79,89.60,394007
0.11,1.74,0.19,78.37,0.00,-160.78,22.46,-15.44,69.21,394211
0.04,1.62,0.23,71.25,-16.68,-164.23,11.41,10.62,10.44,394414
0.01,1.69,0.22,71.25,-16.68,-164.23,-1.59,-6.71,-30.46,394617
0.20,1.85,0.18,72.44,-10.72,-161.93,-16.05,8.18,-101.01,394820
0.29,1.89,0.12,80.75,15.49,-156.19,-20.75,49.80,-100.16,395024
0.56,1.72,0.05,77.19,28.59,-153.89,-15.01,19.78,-53.10,395227
0.69,1.73,0.03,73.62,39.32,-149.30,0.67,5.80,-20.45,395430
0.71,1.69,0.02,70.06,42.89,-150.45,11.60,8.91,9.09,395634
0.46,1.81,0.09,71.25,41.70,-150.45,33.14,-0.98,91.37,395837
0.29,1.93,0.20,81.94,19.06,-155.04,51.21,35.46,87.04,396040
0.02,1.80,0.24,73.62,-4.77,-166.52,37.60,24.54,87.83,396244
0.00,1.60,0.32,71.25,-15.49,-167.67,15.99,14.40,20.63,396447
-0.10,1.64,0.32,65.31,-14.30,-169.97,-4.52,7.39,-21.91,396650
-0.09,1.86,0.27,70.06,-16.68,-169.97,-27.77,24.35,-114.69,396853
0.29,1.92,0.18,78.37,8.34,-158.48,-26.55,18.37,-96.37,397056
0.55,1.84,0.02,76.00,30.98,-152.74,-23.25,15.99,-82.82,397259
0.61,1.67,0.01,74.81,40.51,-149.30,1.53,9.70,-15.56,397462
0.73,1.69,0.01,68.87,47.66,-147.00,5.86,-7.02,10.13,397666
0.46,1.81,0.05,74.81,45.27,-148.15,33.51,23.32,68.73,397869
0.29,2.02,0.10,77.19,30.98,-153.89,43.58,11.29,124.45,398072
0.20,1.76,0.12,77.19,-2.38,-156.19,22.64,-11.23,94.73,398275
0.00,1.59,0.17,72.44,-20.25,-161.93,12.57,23.62,11.47,398479
-0.01,1.65,0.12,70.06,-17.87,-160.78,-9.58,-43.46,-31.49,398682
0.07,1.89,0.05,76.00,-7.15,-155.04,-19.96,9.46,-111.57,398885
0.44,1.83,0.02,80.75,26.21,-150.45,-12.45,-27.10,-121.40,399089
0.69,1.67,-0.08,72.44,40.51,-149.30,2.26,3.78,-51.15,399292
0.78,1.57,-0.06,66.50,47.66,-148.15,7.20,10.25,-2.32,399495
0.57,1.72,-0.03,64.12,47.66,-145.85,28.99,7.32,59.02,399699
0.37,1.93,0.03,78.37,32.17,-147.00,49.99,-11.96,122.62,399902
0.21,1.81,0.14,84.31,1.19,-157.34,25.94,-13.24,92.90,400105
0.06,1.66,0.15,77.19,-10.72,-158.48,7.02,0.73,20.51,400309
0.02,1.65,0.13,74.81,-16.68,-156.19,-4.03,-3.11,-35.77,400512
0.21,2.00,0.06,79.56,-1.19,-155.04,-42.60,2.38,-157.29,400716
0.54,1.85,0.01,80.75,20.25,-149.30,-25.02,24.90,-123.66,400919
0.76,1.67,-0.03,65.31,46.46,-143.55,-6.41,12.88,-46.26,401122
0.84,1.56,-0.12,59.38,54.80,-144.70,10.50,10.07,-5.31,401325
0.57,1.63,-0.00,58.19,53.61,-143.55,23.38,-15.93,71.47,401528
0.51,1.92,0.06,74.81,34.55,-148.15,39.12,-20.32,128.48,401731
0.19,1.83,0.11,79.56,17.87,-152.74,37.84,14.16,122.19,401934
0.05,1.69,0.21,76.00,-10.72,-160.78,7.39,-0.85,28.26,402137
0.07,1.68,0.17,72.44,-15.49,-161.93,-0.85,4.33,-29.54,402340
0.27,1.93,0.07,73.62,-13.11,-159.63,-35.34,-5.68,-137.27,402544
0.49,1.86,0.04,79.56,23.83,-148.15,-26.79,17.76,-128.30,402747
0.71,1.64,-0.09,66.50,47.66,-144.70,-26.67,-25.27,-55.36,402950
0.84,1.47,-0.04,60.56,53.61,-147.00,2.01,4.03,-0.85,403154
0.68,1.64,-0.05,60.56,53.61,-144.70,28.56,3.91,60.00,403357
0.51,1.93,0.01,77.19,29.79,-149.30,43.58,1.71,130.92,403560
0.15,1.83,0.14,81.94,14.30,-151.59,38.27,17.82,95.28,403764
0.08,1.68,0.17,74.81,-10.72,-160.78,16.66,8.42,39.06,403967
0.04,1.67,0.20,74.81,-14.30,-160.78,-1.28,0.31,-23.68,404170
0.13,1.84,0.09,74.81,-10.72,-159.63,-27.71,-39.92,-110.35,404374
0.47,1.82,0.02,78.37,19.06,-153.89,-16.91,-15.26,-119.02,404577
0.67,1.72,-0.01,76.00,29.79,-152.74,-12.21,20.14,-78.12,404780
0.81,1.59,-0.05,62.94,51.23,-148.15,2.62,12.21,-27.34,404984
0.73,1.59,-0.06,61.75,50.04,-145.85,17.64,12.21,32.71,405187
0.51,1.91,0.04,67.69,48.85,-147.00,42.72,-14.04,139.59,405390
0.19,1.91,0.13,80.75,13.11,-153.89,38.21,18.80,128.48,405594
0.09,1.68,0.15,73.62,-14.30,-156.19,-0.37,-14.16,19.96,405797
-0.01,1.69,0.12,72.44,-15.49,-153.89,3.97,17.94,-20.69,406000
0.07,1.88,0.04,74.81,-10.72,-156.19,-12.88,-9.34,-62.56,406204
0.40,1.88,0.06,79.56,14.30,-151.59,-20.75,18.07,-121.15,406407
0.62,1.81,-0.02,77.19,30.98,-151.59,-15.75,31.62,-94.42,406610
0.73,1.64,-0.06,62.94,51.23,-145.85,-3.66,13.98,-28.38,406814
0.87,1.53,-0.10,60.56,52.42,-144.70,8.18,8.00,0.00,407018
0.60,1.69,-0.04,62.94,53.61,-144.70,16.36,-17.15,63.90,407221
0.49,1.97,0.07,77.19,29.79,-149.30,56.27,-0.06,149.78,407424
0.16,1.86,0.12,79.56,8.34,-156.19,36.07,-18.92,135.31,407627
0.07,1.63,0.18,72.44,-13.11,-163.08,0.37,-7.87,12.21,407830
-0.04,1.68,0.15,72.44,-15.49,-158.48,-5.74,-19.41,-27.28,408034
0.24,1.83,0.05,78.37,-11.91,-156.19,-23.99,-6.29,-95.09,408237
0.45,1.84,-0.04,79.56,13.11,-151.59,-21.48,3.11,-112.73,408440
0.65,1.74,-0.11,71.25,39.32,-144.70,-20.26,-25.51,-80.99,408644
0.84,1.48,-0.11,64.12,46.46,-143.55,-7.39,-17.46,-44.25,408847
0.82,1.47,-0.09,58.19,54.80,-142.41,21.61,15.87,22.03,409050
0.62,1.78,-0.03,62.94,48.85,-142.41,58.11,2.62,119.45,409254
0.37,1.94,0.04,78.37,25.02,-153.89,44.43,40.77,112.98,409457
0.14,1.74,0.11,76.00,-5.96,-161.93,22.89,-2.50,65.80,409660
-0.15,1.73,0.25,74.81,-13.11,-161.93,8.12,-22.89,-9.64,409864
0.01,1.70,0.16,73.62,-9.53,-163.08,-5.62,-3.78,-25.70,410067
0.43,1.81,0.07,80.75,0.00,-157.34,-25.76,-30.15,-112.67,410270
0.56,1.85,0.01,79.56,17.87,-151.59,-26.25,11.29,-113.46,410474
0.73,1.66,-0.06,70.06,45.27,-150.45,-12.94,-3.91,-57.92,410678
0.90,1.46,-0.08,59.38,54.80,-145.85,3.17,-12.88,-11.78,410881
0.69,1.52,-0.04,58.19,52.42,-147.00,15.69,-22.58,40.95,411084
0.62,1.84,0.03,73.62,41.70,-150.45,42.60,-3.66,115.91,411287
0.30,1.92,0.08,81.94,7.15,-158.48,34.67,9.70,117.07,411490
0.23,1.76,0.18,76.00,-8.34,-157.34,5.86,7.57,33.02,411694
0.03,1.68,0.19,73.62,-13.11,-160.78,5.00,20.94,-13.12,411897
0.18,1.75,0.05,74.81,-9.53,-157.34,-24.54,-49.80,-75.38,412100
0.54,1.86,0.01,79.56,7.15,-153.89,-16.72,15.81,-132.26,412304
0.68,1.71,-0.06,71.25,44.08,-149.30,-14.83,16.36,-100.40,412507
0.88,1.49,-0.13,62.94,50.04,-145.85,2.32,12.57,-25.57,412710
0.87,1.48,-0.11,53.44,56.00,-144.70,11.90,14.40,20.45,412914
0.61,1.81,0.00,70.06,46.46,-147.00,71.96,34.06,123.84,413117
0.44,1.92,0.06,78.37,27.40,-152.74,39.73,-12.33,96.68,413320
0.17,1.79,0.16,80.75,0.00,-158.48,21.24,-2.32,83.01,413524
0.16,1.65,0.18,76.00,-11.91,-158.48,3.85,5.68,1.34,413727
-0.09,1.75,0.12,71.25,-11.91,-161.93,-7.08,-5.62,-44.37,413930
0.24,1.93,0.12,79.56,5.96,-155.04,-44.43,27.28,-113.83,414134
0.59,1.79,-0.04,80.75,17.87,-150.45,-29.72,10.19,-92.65,414337
0.74,1.60,-0.15,66.50,41.70,-142.41,-14.40,23.93,-46.75,414540
0.78,1.48,-0.15,59.38,51.23,-137.81,-1.65,-0.12,-12.51,414744
0.73,1.63,-0.05,60.56,54.80,-138.96,43.52,-2.81,76.11,414948
0.51,1.93,0.03,77.19,38.13,-148.15,61.34,-14.89,120.61,415151
0.23,1.87,0.18,80.75,9.53,-159.63,45.72,28.20,88.87,415354
0.10,1.71,0.26,73.62,-3.57,-163.08,12.88,4.82,25.88,415557
-0.02,1.71,0.30,72.44,-7.15,-165.37,2.75,17.40,-15.38,415760
0.21,1.80,0.14,78.37,-3.57,-160.78,-40.95,-17.76,-103.76,415964
0.48,1.89,0.03,79.56,11.91,-153.89,-41.75,-23.74,-134.34,416167
0.65,1.60,-0.07,71.25,44.08,-144.70,-21.67,2.62,-71.41,416370
0.67,1.55,-0.06,58.19,54.80,-143.55,20.75,23.68,26.55,416574
0.65,1.74,-0.00,66.50,45.27,-144.70,44.19,-1.46,86.91,416777
0.50,1.93,0.09,79.56,22.64,-151.59,46.02,-7.45,88.20,416981
0.18,1.83,0.17,80.75,13.11,-157.34,21.30,9.95,35.89,417184
0.12,1.71,0.24,74.81,0.00,-164.23,7.51,20.26,22.89,417387
0.17,1.72,0.20,77.19,1.19,-161.93,-9.64,0.98,-26.79,417590
0.31,1.89,0.03,78.37,1.19,-157.34,-17.33,15.99,-88.75,417794
0.50,1.84,0.02,80.75,21.45,-149.30,-36.19,-13.61,-88.01,417997
0.51,1.84,0.01,70.06,41.70,-143.55,-12.94,5.07,-49.26,418200
0.58,1.69,-0.05,71.25,46.46,-144.70,15.69,10.68,23.93,418404
0.50,1.86,-0.01,76.00,38.13,-145.85,65.25,35.83,85.08,418607
0.35,1.84,0.13,78.37,20.25,-157.34,32.78,-3.42,69.15,418810
0.26,1.77,0.19,80.75,8.34,-160.78,20.32,10.31,45.17,419014
0.19,1.72,0.22,77.19,3.57,-163.08,8.00,21.97,-0.43,419217
0.19,1.76,0.20,77.19,1.19,-165.37,-27.59,-26.79,-60.12,419420
0.50,1.89,0.04,79.56,15.49,-155.04,-44.86,-49.07,-110.41,419623
0.63,1.76,-0.01,71.25,41.70,-150.45,-4.15,31.37,-77.03,419826
0.85,1.60,-0.05,64.12,48.85,-144.70,-5.49,-20.81,-2.38,420029
0.60,1.72,0.02,62.94,48.85,-143.55,20.81,-26.43,52.43,420232
0.56,2.01,0.09,77.19,34.55,-152.74,73.97,23.01,106.87,420436
0.34,1.82,0.19,79.56,20.25,-159.63,52.00,21.24,54.14,420639
0.14,1.72,0.29,72.44,4.77,-168.82,10.62,1.04,35.34,420843
0.20,1.70,0.23,74.81,2.38,-167.67,-2.87,3.72,-6.90,421046
0.29,1.79,0.25,76.00,1.19,-166.52,-8.48,-9.28,-62.26,421249
0.46,1.89,0.05,79.56,14.30,-158.48,-29.24,-24.60,-87.04,421453
0.62,1.86,0.06,78.37,23.83,-156.19,-8.61,-8.91,-96.68,421656
0.79,1.68,0.04,65.31,46.46,-156.19,7.32,12.63,-34.30,421859
0.78,1.65,0.02,61.75,53.61,-152.74,-0.73,-10.19,15.32,422062
0.64,1.77,0.09,64.12,50.04,-152.74,27.95,-7.87,87.22,422265
0.54,1.96,0.10,77.19,29.79,-156.19,42.36,11.54,67.38,422469
0.43,1.80,0.19,79.56,15.49,-165.37,24.48,8.42,48.10,422672
0.24,1.69,0.21,78.37,8.34,-164.23,5.25,-13.18,32.23,422875
0.19,1.79,0.23,74.81,-2.38,-166.52,-8.30,-11.11,-19.04,423079
0.34,1.78,0.15,78.37,5.96,-159.63,-17.03,-24.17,-60.97,423282
0.47,1.83,-0.03,79.56,11.91,-157.34,-7.32,-4.33,-61.83,423485
0.60,1.75,0.02,76.00,32.17,-152.74,-7.51,18.07,-62.01,423689
0.67,1.69,0.01,73.62,39.32,-152.74,-0.73,16.30,-20.94,423892
0.75,1.64,-0.00,70.06,40.51,-149.30,1.04,-2.44,-2.44,424095
0.42,1.81,-0.00,70.06,39.32,-149.30,48.83,57.13,47.85,424299
0.41,1.96,0.08,76.00,33.36,-151.59,40.59,1.89,101.44,424502
0.32,1.72,0.11,80.75,9.53,-157.34,19.84,-28.69,71.11,424706
0.04,1.67,0.11,76.00,-5.96,-159.63,5.49,-6.65,21.30,424909
0.16,1.66,0.15,76.00,-8.34,-158.48,1.04,-8.42,-23.13,425112
0.16,1.77,0.15,78.37,-2.38,-158.48,-3.23,8.54,-50.48,425315
0.34,1.85,0.10,78.37,17.87,-153.89,-52.55,-47.55,-124.21,425519
0.55,1.80,0.01,79.56,30.98,-148.15,-8.30,23.99,-75.20,425722
0.78,1.62,-0.09,64.12,47.66,-148.15,-3.23,7.75,-15.50,425925
0.76,1.59,-0.03,65.31,51.23,-144.70,4.33,1.34,7.20,426128
0.50,1.87,0.07,67.69,46.46,-147.00,54.20,3.78,113.65,426331
0.41,2.02,0.13,81.94,14.30,-157.34,49.50,19.71,97.84,426534
0.19,1.74,0.18,76.00,7.15,-163.08,3.72,-39.31,45.96,426737
0.11,1.64,0.21,73.62,-10.72,-161.93,10.68,14.04,-0.06,426940
0.29,1.69,0.21,76.00,-9.53,-163.08,-8.91,9.95,-40.65,427144
0.32,1.91,0.06,78.37,-1.19,-160.78,-25.70,-14.40,-104.00,427347
0.55,1.78,0.02,78.37,20.25,-153.89,-10.99,17.21,-82.64,427550
0.69,1.72,-0.03,70.06,39.32,-151.59,-6.23,11.66,-44.01,427754
0.79,1.57,-0.03,66.50,44.08,-149.30,0.43,6.84,-11.66,427957
0.59,1.72,0.01,64.12,44.08,-148.15,32.96,7.63,63.60,428161
0.45,1.99,0.13,79.56,22.64,-157.34,70.25,41.87,120.18,428364
0.16,1.85,0.25,79.56,11.91,-164.23,40.22,14.40,78.37,428567
0.10,1.67,0.27,72.44,-2.38,-168.82,10.38,-4.70,42.54,428771
0.06,1.64,0.27,72.44,-9.53,-171.12,-7.02,-20.75,-23.01,428974
0.25,1.76,0.11,73.62,-7.15,-164.23,-15.87,-9.64,-75.99,429177
0.40,1.93,0.09,78.37,9.53,-156.19,-17.88,9.89,-126.95,429380
0.60,1.75,0.01,77.19,27.40,-152.74,-3.54,29.60,-72.45,429584
0.80,1.65,-0.02,70.06,45.27,-150.45,-0.31,11.17,-16.48,429787
0.85,1.59,-0.05,65.31,46.46,-148.15,0.31,12.88,6.04,429990
0.57,1.74,-0.00,66.50,48.85,-149.30,26.18,31.19,52.86,430194
0.46,1.92,0.09,76.00,32.17,-149.30,52.06,12.02,115.78,430397
0.26,1.81,0.15,79.56,4.77,-160.78,33.33,-2.01,80.51,430600
0.01,1.68,0.17,77.19,-3.57,-160.78,3.85,-2.20,31.37,430804
-0.02,1.67,0.22,73.62,-11.91,-164.23,-5.37,0.79,-31.80,431007
0.13,1.85,0.18,78.37,-3.57,-158.48,-14.04,-1.28,-82.58,431210
0.37,1.90,-0.01,79.56,8.34,-153.89,-42.91,-10.93,-115.60,431414
0.58,1.73,-0.05,74.81,35.74,-145.85,-11.47,30.21,-60.91,431617
0.72,1.62,-0.12,67.69,41.70,-143.55,4.70,5.62,-7.26,431821
0.72,1.62,-0.11,67.69,42.89,-142.41,15.44,10.99,3.91,432024
0.50,1.80,-0.03,73.62,38.13,-144.70,43.46,9.40,72.81,432227
0.31,1.90,0.04,77.19,27.40,-149.30,34.24,8.00,64.39,432430
0.31,1.82,0.08,79.56,8.34,-156.19,23.93,7.81,85.94,432633
0.15,1.68,0.09,78.37,-10.72,-157.34,10.25,9.28,-0.79,432836
0.20,1.75,0.06,77.19,-5.96,-157.34,-28.38,-1.53,-74.22,433039
0.40,1.83,-0.04,79.56,10.72,-149.30,-20.63,-20.69,-97.60,433242
0.57,1.75,-0.07,73.62,34.55,-145.85,-19.35,14.71,-80.26,433445
0.73,1.66,-0.12,71.25,41.70,-142.41,6.84,8.42,-15.93,433649
0.72,1.67,-0.08,66.50,44.08,-141.26,7.87,11.05,12.39,433852
0.61,1.77,-0.09,66.50,44.08,-144.70,32.96,5.25,58.41,434055
0.49,1.71,0.02,78.37,30.98,-149.30,29.30,-5.25,74.95,434259
0.29,1.84,0.07,80.75,11.91,-155.04,43.64,5.55,65.61,434462
0.29,1.66,0.07,77.19,0.00,-161.93,13.24,0.37,25.82,434666
0.22,1.79,0.15,76.00,-5.96,-160.78,-19.17,-28.44,-45.04,434869
0.41,1.81,-0.02,81.94,8.34,-152.74,-35.34,-40.34,-95.34,435072
0.60,1.75,-0.09,80.75,21.45,-148.15,-10.86,22.64,-64.94,435275
0.67,1.66,-0.06,72.44,39.32,-141.26,-7.63,-9.83,-27.89,435479
0.74,1.63,-0.14,68.87,44.08,-141.26,8.54,5.49,0.24,435682
0.54,1.67,-0.10,66.50,44.08,-141.26,17.21,-10.99,29.05,435885
0.46,1.93,0.01,76.00,28.59,-147.00,50.84,-19.10,142.64,436089
0.25,1.80,0.10,79.56,-3.57,-157.34,27.83,5.00,81.24,436292
0.20,1.68,0.14,77.19,-9.53,-156.19,26.06,46.81,3.54,436495
0.34,1.75,0.10,74.81,-10.72,-157.34,-7.57,-6.96,-53.96,436699
0.36,1.91,0.08,80.75,-1.19,-155.04,-14.77,-28.99,-84.05,436902
0.59,1.76,-0.02,79.56,20.25,-152.74,-8.06,-20.08,-87.65,437105
0.74,1.70,0.02,72.44,38.13,-153.89,7.63,16.60,-29.79,437309
0.85,1.65,0.03,68.87,42.89,-153.89,3.72,17.03,3.23,437513
0.61,1.72,-0.01,70.06,42.89,-150.45,13.00,18.49,51.21,437716
0.39,1.84,0.01,80.75,22.64,-151.59,34.12,30.70,113.65,437919
0.21,1.81,0.10,79.56,10.72,-152.74,37.78,16.72,96.37,438123
0.14,1.68,0.10,77.19,-9.53,-155.04,9.83,-10.93,10.07,438327
0.14,1.73,0.08,78.37,-8.34,-156.19,-2.26,-5.62,-34.67,438531
0.32,1.80,0.04,80.75,-1.19,-153.89,-15.87,2.75,-98.27,438734
0.49,1.83,0.06,79.56,23.83,-151.59,-3.85,51.21,-71.59,438937
0.62,1.72,0.06,73.62,38.13,-149.30,13.55,69.70,-16.11,439140
0.57,1.73,0.00,71.25,35.74,-145.85,9.28,-11.96,4.33,439344
0.44,1.68,-0.04,76.00,34.55,-144.70,5.86,-4.88,37.35,439547
0.29,1.85,0.05,78.37,28.59,-145.85,51.94,27.34,78.49,439750
0.12,1.81,0.16,80.75,9.53,-156.19,43.70,-19.29,71.78,439954
0.21,1.70,0.14,78.37,-3.57,-158.48,9.77,24.72,-2.99,440157
0.17,1.83,0.13,76.00,-2.38,-161.93,-25.45,-7.45,-65.12,440360
0.38,1.81,-0.04,80.75,13.11,-155.04,-45.29,-42.24,-84.53,440564
0.53,1.73,-0.05,73.62,33.36,-141.26,-17.76,24.66,-51.45,440767
0.64,1.67,-0.09,72.44,36.93,-142.41,5.19,10.38,-1.71,440971
0.51,1.67,-0.05,71.25,38.13,-140.11,24.54,12.70,33.57,441174
0.37,1.87,0.00,79.56,22.64,-150.45,61.65,-5.92,89.78,441378
0.14,1.83,0.14,79.56,10.72,-156.19,32.23,-27.71,68.66,441581
0.19,1.75,0.17,78.37,-7.15,-158.48,-1.22,4.39,2.26,441784
0.09,1.80,0.20,78.37,-10.72,-158.48,-12.27,2.87,-54.26,441987
0.30,1.86,0.08,80.75,4.77,-153.89,-29.36,27.34,-83.92,442190
0.48,1.77,-0.02,79.56,25.02,-150.45,-31.92,6.65,-69.34,442394
0.52,1.65,-0.08,74.81,34.55,-144.70,-6.71,21.24,-13.61,442597
0.57,1.67,-0.08,71.25,36.93,-138.96,20.94,12.33,21.12,442800
0.35,1.74,-0.00,78.37,29.79,-140.11,57.68,3.60,76.29,443004
0.23,1.85,0.11,80.75,19.06,-151.59,53.41,-29.97,86.00,443207
0.14,1.73,0.18,77.19,-1.19,-161.93,22.71,4.15,31.62,443410
0.13,1.75,0.20,74.81,-7.15,-161.93,-5.49,9.52,-28.02,443614
0.26,1.83,0.16,79.56,-1.19,-160.78,-25.63,-6.84,-74.52,443817
0.47,1.83,0.05,78.37,15.49,-152.74,-26.61,2.75,-81.79,444020
0.50,1.75,-0.01,76.00,32.17,-147.00,-5.31,17.09,-29.72,444224
0.54,1.70,-0.05,76.00,34.55,-144.70,17.40,28.99,6.71,444427
0.39,1.76,0.02,77.19,32.17,-145.85,35.03,4.09,48.89,444630
0.18,1.82,0.14,77.19,23.83,-149.30,52.67,-13.92,87.22,444834
0.21,1.77,0.18,78.37,-1.19,-160.78,27.40,19.96,43.70,445037
0.09,1.71,0.23,76.00,-8.34,-165.37,0.43,-1.04,-19.04,445241
0.27,1.82,0.14,76.00,-5.96,-163.08,-30.21,16.60,-85.02,445445
0.35,1.87,0.02,79.56,14.30,-155.04,-41.75,42.24,-94.42,445649
0.45,1.72,-0.02,73.62,32.17,-142.41,-22.09,27.53,-46.45,445852
0