=~=~=~=~=~=~=~=~=~=~=~= PuTTY log 2020.08.22 16:57:51 =~=~=~=~=~=~=~=~=~=~=~=
0.16,0.85,-0.61,-13.06,-34.55,-134.37,5.31,3.66,-0.31,15780
0.16,0.85,-0.61,-14.25,-33.36,-134.37,5.13,3.42,-0.31,15983
0.16,0.86,-0.60,-11.88,-34.55,-134.37,4.39,3.66,-0.37,16186
0.15,0.88,-0.61,-14.25,-35.74,-134.37,4.39,-2.26,1.53,16389
0.15,0.84,-0.61,-14.25,-33.36,-134.37,2.32,22.28,2.14,16592
0.06,0.81,-0.55,-13.06,-35.74,-134.37,12.15,-18.07,9.70,16795
0.07,0.83,-0.67,-15.44,-29.79,-135.52,1.65,2.56,2.56,16998
0.26,0.86,-0.62,-16.62,-26.21,-136.66,6.77,4.39,-4.27,17201
0.20,0.86,-0.63,-11.88,-29.79,-138.96,3.60,5.92,0.12,17404
0.17,0.79,-0.64,-9.50,-26.21,-137.81,12.27,23.74,7.75,17607
0.25,0.84,-0.68,-5.94,-27.40,-136.66,-0.85,25.33,48.46,17810
0.14,0.81,-0.60,-5.94,-27.40,-137.81,-7.14,3.91,-8.06,18013
0.20,0.81,-0.68,-10.69,-23.83,-138.96,24.78,-4.09,7.63,18216
0.17,0.70,-0.56,-7.12,-26.21,-137.81,2.01,-12.02,-15.44,18420
0.25,0.83,-0.64,-9.50,-23.83,-138.96,-0.31,-24.41,-23.13,18623
0.27,0.83,-0.66,-10.69,-21.45,-137.81,-3.54,-28.99,6.04,18826
0.19,0.71,-0.63,-11.88,-20.25,-141.26,-5.43,-30.58,13.06,19029
0.46,0.79,-0.62,-10.69,-16.68,-144.70,4.88,-40.10,8.67,19232
0.41,0.79,-0.72,-13.06,-11.91,-142.41,0.92,22.95,-13.98,19435
0.65,0.73,-0.63,-16.62,-9.53,-148.15,-6.90,-63.29,5.43,19638
0.48,0.67,-0.57,-16.62,-5.96,-150.45,3.36,-5.68,10.50,19841
0.58,0.64,-0.61,-14.25,-1.19,-155.04,12.88,-3.48,-1.46,20044
0.51,0.69,-0.62,-14.25,-3.57,-152.74,-1.53,4.58,-0.92,20247
0.55,0.68,-0.64,-13.06,-4.77,-151.59,6.10,14.22,0.98,20450
0.53,0.72,-0.64,-11.88,-5.96,-150.45,6.96,9.83,-2.20,20653
0.52,0.70,-0.63,-13.06,-5.96,-149.30,5.74,7.20,-0.31,20856
0.49,0.71,-0.62,-14.25,-7.15,-151.59,7.69,-3.97,0.85,21059
0.50,0.71,-0.63,-14.25,-4.77,-151.59,5.49,3.97,1.22,21262
0.52,0.72,-0.62,-10.69,-5.96,-150.45,6.16,5.43,-1.89,21465
0.53,0.71,-0.63,-10.69,-4.77,-150.45,8.12,2.01,-0.61,21668
0.53,0.72,-0.62,-11.88,-4.77,-148.15,5.86,6.35,0.37,21871
0.54,0.72,-0.64,-9.50,-5.96,-150.45,6.96,-2.62,-1.59,22074
0.61,0.71,-0.59,-10.69,-4.77,-153.89,1.77,-10.13,-12.76,22277
0.54,0.73,-0.64,-14.25,-5.96,-152.74,3.42,39.92,-4.15,22480
0.40,0.68,-0.56,-14.25,-9.53,-149.30,-1.65,20.81,-1.34,22683
0.72,0.77,-0.61,-8.31,-3.57,-151.59,23.80,-31.07,-9.95,22886
0.42,0.76,-0.63,-8.31,-4.77,-150.45,7.20,-4.09,-8.61,23089
0.53,0.73,-0.58,-9.50,-7.15,-149.30,-0.43,-5.62,-2.26,23292
0.50,0.56,-0.66,-11.88,-4.77,-149.30,-5.37,-18.07,1.22,23495
0.64,0.59,-0.75,-16.62,-2.38,-151.59,18.86,34.42,-19.84,23698
0.31,0.73,-0.58,-13.06,-23.83,-150.45,56.82,22.22,26.79,23901
0.30,1.08,-0.59,9.50,-17.87,-138.96,51.45,23.44,64.09,24104
0.20,1.16,-0.58,14.25,-20.25,-137.81,26.55,-14.10,37.48,24307
0.12,1.07,-0.54,16.62,-27.40,-134.37,3.11,-18.01,-11.60,24510
0.54,1.22,-0.53,20.19,-23.83,-137.81,-40.28,-108.28,-75.13,24713
0.55,0.87,-0.56,-2.37,-1.19,-151.59,-76.11,-25.15,-40.65,24916
0.72,0.38,-0.50,-26.12,-3.57,-168.82,-15.63,-22.95,5.86,25119
0.92,0.46,-0.48,-28.50,4.77,-172.27,7.32,-22.16,15.63,25322
0.97,0.45,-0.49,-21.37,14.30,-176.86,4.82,8.36,9.16,25525
0.92,0.46,-0.44,-21.37,16.68,-178.01,2.69,0.98,-3.60,25728
0.97,0.30,-0.50,-21.37,15.49,-178.01,38.51,71.90,-14.28,25931
0.68,0.70,-0.56,-14.25,-11.91,-161.93,60.91,102.17,6.96,26134
0.19,1.15,-0.45,3.56,-22.64,-136.66,74.95,146.42,46.20,26337
0.01,1.10,-0.54,13.06,-32.17,-133.22,14.16,-33.33,-2.20,26540
-0.02,1.08,-0.56,14.25,-28.59,-134.37,-6.29,-35.64,-13.98,26743
0.49,1.22,-0.52,11.88,-20.25,-136.66,-63.35,-70.50,-52.12,26946
0.67,0.60,-0.52,-7.12,-3.57,-156.19,-64.70,-56.15,-27.83,27149
0.67,0.43,-0.46,-28.50,1.19,-168.82,-7.57,-29.72,4.88,27352
0.81,0.30,-0.48,-27.31,5.96,-173.41,23.62,-22.03,16.30,27555
0.90,0.54,-0.47,-19.00,19.06,-174.56,2.62,-0.55,-0.37,27758
0.90,0.46,-0.51,-22.56,11.91,-174.56,9.03,30.82,-12.15,27961
0.85,0.39,-0.44,-22.56,13.11,-169.97,5.37,44.68,-4.46,28164
0.72,0.57,-0.59,-20.19,-13.11,-161.93,40.95,63.84,5.25,28367
0.48,0.91,-0.57,-3.56,-11.91,-144.70,62.68,117.13,42.60,28570
-0.14,1.20,-0.44,8.31,-26.21,-136.66,58.23,-38.27,54.87,28773
0.01,1.12,-0.57,21.37,-25.02,-135.52,-2.93,33.57,-4.33,28976
0.11,1.17,-0.62,19.00,-27.40,-133.22,-23.62,-84.47,-39.67,29179
0.56,0.95,-0.56,3.56,-5.96,-144.70,-75.07,-34.30,-50.78,29382
0.65,0.62,-0.56,-14.25,0.00,-165.37,-44.68,-38.94,-24.17,29585
0.87,0.27,-0.44,-23.75,-8.34,-169.97,-7.87,-52.31,15.32,29788
0.86,0.28,-0.41,-29.69,9.53,-178.01,16.17,-26.92,15.63,29991
0.99,0.48,-0.41,-19.00,14.30,-178.01,7.51,-1.34,2.38,30194
0.86,0.33,-0.42,-24.94,16.68,-180.30,18.07,10.56,-12.45,30397
0.74,0.37,-0.44,-32.06,2.38,-166.52,29.42,72.94,-6.65,30600
0.64,0.63,-0.49,-7.12,-9.53,-157.34,52.55,76.17,5.98,30803
0.45,0.97,-0.52,-8.31,-9.53,-144.70,92.65,71.84,53.10,31006
-0.07,1.10,-0.53,17.81,-32.17,-134.37,15.01,-45.90,-3.42,31209
0.07,1.16,-0.59,15.44,-27.40,-133.22,-29.05,-23.01,-36.01,31412
0.27,1.02,-0.66,4.75,-13.11,-140.11,-67.87,-4.33,-37.35,31615
0.34,0.65,-0.58,-20.19,-14.30,-149.30,-83.44,-31.68,-4.70,31818
0.41,0.29,-0.52,-27.31,-10.72,-159.63,-28.87,-15.99,38.33,32021
0.71,0.15,-0.53,-33.25,2.38,-173.41,1.83,20.45,15.44,32224
0.77,0.28,-0.54,-32.06,4.77,-171.12,-12.94,46.69,-18.43,32427
0.47,0.13,-0.37,-33.25,-1.19,-172.27,-10.19,21.24,-21.42,32630
0.34,-0.01,-0.38,-42.75,-2.38,-175.71,-2.14,0.31,-36.25,32833
0.49,0.43,-0.50,-35.63,-17.87,-161.93,82.52,38.51,-12.76,33036
0.34,0.77,-0.59,-27.31,-19.06,-151.59,92.22,50.05,25.63,33239
0.13,1.14,-0.48,-2.37,-19.06,-141.26,6.65,158.33,51.45,33442
0.14,0.98,-0.57,2.37,-28.59,-135.52,6.04,45.04,-3.60,33645
0.20,1.04,-0.69,3.56,-26.21,-137.81,-27.28,-83.13,-37.05,33848
0.43,0.82,-0.58,-10.69,-10.72,-149.30,-68.48,-45.35,-36.93,34051
0.57,0.44,-0.49,-22.56,-7.15,-158.48,-41.87,-41.02,2.01,34254
0.79,0.20,-0.52,-34.44,-1.19,-169.97,9.89,-27.83,41.26,34457
0.84,0.42,-0.48,-21.37,11.91,-174.56,7.32,11.47,7.69,34660
0.81,0.34,-0.45,-23.75,16.68,-174.56,-4.09,26.55,-25.63,34863
0.70,0.21,-0.45,-30.88,1.19,-168.82,24.60,68.54,-40.16,35066
0.61,0.69,-0.70,-17.81,-15.49,-151.59,71.04,97.05,10.01,35269
0.19,0.92,-0.61,-9.50,-17.87,-143.55,84.96,23.62,83.31,35472
0.19,1.04,-0.49,14.25,-25.02,-138.96,14.89,9.46,17.82,35675
0.17,1.08,-0.65,17.81,-20.25,-137.81,-21.00,-26.98,-49.13,35878
0.60,1.00,-0.60,4.75,-9.53,-145.85,-68.24,-50.48,-61.22,36081
0.62,0.52,-0.55,-19.00,-4.77,-164.23,-72.20,-51.09,-29.05,36284
0.78,0.33,-0.28,-30.88,-2.38,-173.41,-22.64,-9.34,27.95,36487
0.83,0.23,-0.44,-33.25,5.96,-178.01,25.70,-26.31,5.92,36690
0.82,0.36,-0.39,-28.50,10.72,-179.16,9.89,-7.39,4.94,36893
0.88,0.17,-0.47,-24.94,10.72,-178.01,2.50,2.56,-17.40,37096
0.93,0.32,-0.51,-33.25,2.38,-173.41,49.80,84.47,-15.69,37299
0.57,0.79,-0.58,-14.25,-8.34,-153.89,72.94,53.96,36.44,37502
0.18,1.15,-0.46,0.00,-10.72,-145.85,41.20,27.53,77.76,37706
0.32,1.02,-0.58,14.25,-15.49,-141.26,-0.98,-6.04,-9.58,37909
0.43,0.91,-0.60,8.31,-10.72,-142.41,-51.21,-43.70,-63.66,38112
0.67,0.56,-0.51,-15.44,-3.57,-153.89,-54.20,-51.88,-39.37,38315
0.84,0.18,-0.57,-33.25,0.00,-173.41,-26.00,-17.21,-20.94,38518
0.70,0.41,-0.46,-38.00,3.57,-178.01,27.04,-1.95,15.87,38721
0.81,0.33,-0.44,-32.06,7.15,-174.56,14.28,6.59,16.85,38924
0.83,0.29,-0.47,-22.56,8.34,-175.71,5.07,3.36,-8.24,39127
0.69,0.25,-0.52,-27.31,5.96,-169.97,22.03,27.83,2.44,39330
0.49,0.76,-0.52,-19.00,-5.96,-158.48,62.56,73.85,27.65,39533
0.47,1.03,-0.48,-4.75,-15.49,-141.26,84.72,127.32,51.45,39736
0.20,1.03,-0.54,10.69,-21.45,-140.11,6.29,12.45,-1.22,39939
0.12,1.05,-0.55,13.06,-17.87,-137.81,-14.77,-16.36,-23.32,40142
0.65,0.94,-0.59,7.12,-15.49,-138.96,-83.62,-79.28,-54.99,40345
0.67,0.63,-0.52,-20.19,-2.38,-157.34,-68.30,-50.54,-21.36,40548
0.79,0.27,-0.42,-38.00,5.96,-178.01,16.05,-1.16,30.58,40751
0.84,0.30,-0.43,-32.06,11.91,-175.71,28.02,-6.71,16.05,40954
0.88,0.31,-0.40,-22.56,14.30,-174.56,23.93,-16.78,-8.73,41157
0.89,0.29,-0.73,-30.88,-1.19,-164.23,-37.41,37.66,-34.79,41360
0.70,0.70,-0.56,-26.12,-3.57,-169.97,68.97,93.14,38.57,41563
0.23,1.15,-0.61,-10.69,-8.34,-149.30,60.49,21.06,127.38,41766
0.32,0.86,-0.57,7.12,-7.15,-145.85,-21.12,82.40,-3.42,41969
0.21,0.81,-0.62,3.56,-15.49,-141.26,7.20,11.60,-3.42,42172
0.94,1.00,-0.43,-2.37,11.91,-165.37,-51.21,-15.14,-104.80,42375
0.95,0.48,-0.43,-19.00,9.53,-173.41,-95.15,11.23,-43.03,42578
0.79,0.17,-0.19,-36.81,3.57,-187.20,15.93,30.09,26.49,42781
0.86,0.17,-0.43,-32.06,10.72,-180.30,34.97,12.51,24.60,42984
0.94,0.39,-0.35,-30.88,13.11,-178.01,15.93,-12.15,-1.40,43187
0.91,0.35,-0.53,-28.50,10.72,-174.56,31.92,4.64,-13.37,43390
1.04,0.42,-0.63,-23.75,-1.19,-168.82,29.42,78.19,-8.61,43593
0.51,0.93,-0.54,-22.56,-1.19,-159.63,37.90,83.50,57.31,43796
0.25,0.96,-0.54,0.00,-5.96,-148.15,35.71,19.65,61.83,43999
0.38,0.94,-0.58,8.31,-8.34,-145.85,-3.60,17.70,-11.35,44202
0.49,1.03,-0.60,4.75,-2.38,-147.00,-26.55,-23.32,-37.48,44405
0.67,0.72,-0.51,-10.69,1.19,-158.48,-58.35,-22.64,-39.12,44608
0.54,0.33,-0.60,-21.37,1.19,-165.37,-56.15,-38.39,-5.25,44811
0.78,0.23,-0.35,-35.63,2.38,-181.45,-10.31,2.44,14.22,45014
0.73,0.08,-0.35,-33.25,10.72,-179.16,27.04,-4.15,6.59,45217
0.68,0.01,-0.27,-32.06,8.34,-178.01,37.48,8.36,-17.15,45420
0.68,0.35,-0.57,-30.88,-2.38,-169.97,40.77,47.00,0.55,45623
0.41,0.83,-0.69,-15.44,-5.96,-152.74,65.25,80.63,37.60,45826
0.16,1.05,-0.50,-3.56,-7.15,-147.00,17.58,88.20,104.68,46029
0.25,0.82,-0.60,4.75,-17.87,-141.26,10.31,-12.08,-8.79,46232
0.11,0.91,-0.53,-4.75,-17.87,-142.41,-45.90,-1.40,-64.76,46435
0.64,0.52,-0.61,-15.44,-13.11,-149.30,-60.79,-54.26,-37.78,46638
0.65,0.44,-0.47,-29.69,-3.57,-168.82,-42.36,-46.57,3.42,46841
0.65,0.23,-0.37,-34.44,-3.57,-178.01,6.35,-20.63,24.72,47044
0.82,0.22,-0.44,-33.25,5.96,-176.86,39.12,-14.65,22.71,47247
0.88,0.39,-0.41,-28.50,11.91,-176.86,-0.31,-2.26,-7.20,47450
1.02,0.20,-0.36,-28.50,13.11,-176.86,22.71,-15.26,0.24,47653
0.81,0.61,-0.47,-19.00,-2.38,-175.71,57.56,149.05,24.78,47856
0.32,0.96,-0.49,-7.12,-19.06,-143.55,50.05,172.97,24.90,48059
0.03,1.02,-0.42,-1.19,-35.74,-133.22,28.50,-8.12,28.69,48262
-0.29,0.91,-0.48,10.69,-40.51,-132.07,34.85,-111.39,16.36,48465
0.20,1.05,-0.42,9.50,-19.06,-142.41,11.41,-234.62,-52.37,48668
0.62,0.93,-0.59,1.19,0.00,-153.89,-69.21,-78.43,-45.84,48871
0.92,0.40,-0.31,-19.00,8.34,-178.01,-57.50,-30.58,-35.28,49074
0.91,0.28,-0.33,-32.06,5.96,-183.75,4.46,-4.58,11.05,49277
0.88,0.18,-0.42,-30.88,13.11,-184.90,32.96,-23.25,21.67,49480
1.07,0.41,-0.31,-26.12,19.06,-184.90,3.72,-10.31,-4.64,49683
1.05,0.21,-0.40,-29.69,15.49,-184.90,10.62,27.22,-10.38,49886
0.64,0.55,-0.53,-24.94,-3.57,-174.56,38.51,127.99,1.83,50089
0.65,0.68,-0.48,-13.06,-1.19,-157.34,69.15,77.21,33.63,50292
0.01,1.13,-0.54,0.00,-8.34,-143.55,39.61,80.14,69.21,50495
0.24,1.00,-0.59,14.25,-17.87,-138.96,-2.69,40.47,-3.78,50698
0.24,0.99,-0.57,8.31,-15.49,-140.11,-16.72,-28.26,-53.47,50901
0.61,0.99,-0.56,0.00,-5.96,-142.41,-60.06,-57.98,-54.75,51104
0.72,0.44,-0.54,-19.00,2.38,-164.23,-59.27,-9.95,-25.63,51307
0.84,0.29,-0.40,-26.12,-2.38,-169.97,-10.93,-60.49,32.96,51510
0.90,0.35,-0.43,-29.69,11.91,-176.86,25.82,-14.10,10.86,51713
1.00,0.29,-0.42,-24.94,22.64,-179.16,-2.01,-1.46,-3.72,51916
1.00,0.34,-0.45,-29.69,15.49,-180.30,33.45,68.36,-10.80,52120
0.72,0.72,-0.54,-13.06,2.38,-166.52,53.83,100.59,22.58,52323
0.52,0.99,-0.44,-7.12,-14.30,-144.70,61.34,160.71,36.38,52526
-0.03,0.94,-0.55,5.94,-32.17,-134.37,22.58,-18.01,7.93,52729
-0.06,1.01,-0.58,8.31,-30.98,-132.07,-15.87,-27.59,-34.42,52932
0.55,0.98,-0.61,-3.56,-3.57,-151.59,-61.52,-128.85,-51.76,53135
0.83,0.62,-0.40,-14.25,4.77,-163.08,-60.06,-100.04,-14.71,53338
1.03,0.16,-0.32,-27.31,11.91,-183.75,5.25,-30.09,11.54,53541
1.05,0.35,-0.23,-29.69,16.68,-186.05,4.94,10.62,-3.48,53744
1.03,0.38,-0.24,-26.12,20.25,-190.64,4.82,-8.30,13.73,53947
1.06,0.15,-0.32,-30.88,19.06,-182.60,7.45,39.37,-13.61,54150
0.92,0.45,-0.49,-30.88,5.96,-178.01,47.79,83.37,27.28,54353
0.65,0.91,-0.53,-9.50,4.77,-164.23,53.47,94.30,44.92,54556
-0.01,1.01,-0.55,5.94,-21.45,-136.66,56.15,106.14,63.42,54759
0.10,0.98,-0.60,14.25,-22.64,-136.66,-5.98,34.97,-3.05,54962
0.57,1.04,-0.51,8.31,-13.11,-141.26,-51.51,-181.15,-87.46,55165
0.82,0.66,-0.45,-21.37,10.72,-173.41,-74.58,-95.83,-62.50,55368
0.88,0.05,-0.26,-29.69,9.53,-184.90,-1.65,-52.49,10.31,55571
1.03,0.29,-0.30,-36.81,9.53,-191.79,20.69,-26.67,12.27,55774
1.10,0.26,-0.12,-36.81,14.30,-195.23,7.45,-13.61,18.13,55977
1.08,0.32,-0.17,-30.88,21.45,-198.68,9.89,-4.70,-7.57,56180
1.07,0.16,-0.25,-34.44,15.49,-191.79,26.25,21.00,-5.37,56383
0.98,0.36,-0.38,-28.50,2.38,-182.60,31.01,117.31,39.06,56586
0.53,0.87,-0.44,-16.62,7.15,-167.67,60.24,154.17,61.46,56789
0.19,1.04,-0.54,7.12,-15.49,-138.96,42.18,100.71,58.35,56992
0.10,0.91,-0.60,11.88,-25.02,-135.52,2.44,16.91,1.71,57195
0.04,1.00,-0.48,8.31,-22.64,-138.96,-11.35,-169.13,-54.50,57398
0.75,0.88,-0.54,-13.06,9.53,-167.67,-73.30,-56.21,-76.78,57601
0.88,0.31,-0.25,-26.12,10.72,-179.16,-42.72,-55.54,-31.98,57804
1.03,0.23,-0.27,-35.63,7.15,-191.79,32.41,-16.60,40.16,58007
1.09,0.32,-0.22,-32.06,15.49,-190.64,2.38,16.42,32.96,58210
1.14,0.51,-0.20,-23.75,25.02,-195.23,7.51,-6.10,2.08,58413
1.15,0.53,-0.20,-26.12,27.40,-198.68,4.03,26.31,-4.33,58616
1.26,0.24,-0.44,-27.31,23.83,-194.09,10.25,65.00,-21.24,58819
0.73,0.38,-0.39,-27.31,-3.57,-176.86,21.42,103.21,12.08,59022
0.45,0.85,-0.46,-11.88,-3.57,-155.04,79.83,107.97,47.73,59225
0.34,0.96,-0.46,0.00,-8.34,-143.55,20.69,-12.21,33.57,59428
0.22,0.90,-0.67,10.69,-11.91,-141.26,7.45,-9.95,-14.16,59631
0.28,1.13,-0.52,0.00,-4.77,-147.00,-30.46,-147.64,-88.01,59834
0.75,0.64,-0.53,-11.88,4.77,-161.93,-63.66,-79.71,-63.60,60037
0.86,-0.00,-0.30,-32.06,0.00,-184.90,-32.17,-62.44,18.49,60240
0.92,0.13,-0.29,-36.81,4.77,-189.49,13.85,-23.44,33.87,60443
1.03,0.33,-0.22,-26.12,15.49,-194.09,6.90,10.01,5.43,60646
1.09,0.31,-0.22,-27.31,19.06,-197.53,30.70,-33.14,5.92,60849
1.07,0.38,-0.36,-29.69,19.06,-191.79,33.75,48.03,-0.49,61052
0.90,0.49,-0.54,-10.69,0.00,-179.16,34.18,115.17,14.28,61255
0.46,1.05,-0.24,-7.12,-5.96,-148.15,92.16,107.91,60.79,61458
0.13,0.97,-0.66,15.44,-17.87,-138.96,14.53,-25.21,-22.22,61661
0.20,0.96,-0.59,15.44,-22.64,-137.81,8.67,-1.28,4.46,61864
0.05,1.06,-0.62,7.12,-20.25,-137.81,-23.80,-81.73,-58.84,62067
0.67,0.79,-0.56,1.19,0.00,-155.04,-94.18,-55.30,-56.40,62270
1.04,0.01,-0.51,-23.75,-2.38,-175.71,-0.92,-42.72,35.03,62473
1.07,0.42,-0.49,-29.69,11.91,-175.71,27.04,4.82,10.74,62676
1.04,0.49,-0.33,-15.44,22.64,-182.60,8.06,-3.30,13.12,62879
1.10,0.37,-0.49,-14.25,25.02,-184.90,-2.69,7.69,-25.27,63082
1.13,0.45,-0.38,-23.75,17.87,-179.16,10.56,91.37,-16.48,63285
0.83,0.78,-0.53,-13.06,3.57,-167.67,58.53,91.55,43.70,63488
0.40,1.24,-0.47,5.94,-8.34,-144.70,63.54,103.52,78.43,63691
0.25,0.99,-0.56,16.62,-15.49,-136.66,-1.71,1.34,-18.13,63894
0.25,1.11,-0.60,10.69,-19.06,-141.26,-33.94,-130.25,-90.27,64097
0.69,0.77,-0.46,-14.25,4.77,-165.37,-92.41,-96.25,-33.69,64300
0.95,0.35,-0.22,-20.19,5.96,-180.30,-23.86,-73.49,-11.41,64503
1.08,0.11,-0.21,-33.25,11.91,-195.23,-7.57,1.89,33.94,64706
1.06,0.30,-0.14,-32.06,17.87,-197.53,22.52,-16.24,19.41,64909
1.12,0.39,-0.22,-24.94,23.83,-195.23,16.17,-4.64,-4.64,65112
1.20,0.16,-0.31,-35.63,13.11,-189.49,16.24,83.13,-21.67,65315
0.80,0.71,-0.34,-19.00,-3.57,-181.45,59.08,113.40,31.56,65518
0.45,1.17,-0.40,-7.12,-3.57,-152.74,77.21,101.87,75.07,65721
0.34,0.98,-0.60,13.06,-16.68,-140.11,17.94,-16.85,-4.33,65924
0.09,1.07,-0.53,13.06,-16.68,-137.81,-2.56,-69.46,-70.80,66127
0.67,0.98,-0.62,0.00,1.19,-156.19,-73.91,-73.43,-68.60,66330
0.85,0.39,-0.41,-22.56,7.15,-179.16,-53.71,-50.90,-31.01,66533
1.04,0.21,-0.24,-33.25,-7.15,-182.60,-14.53,-31.07,20.69,66736
1.11,0.19,-0.22,-32.06,17.87,-195.23,19.41,-18.92,40.53,66939
1.17,0.41,-0.13,-23.75,25.02,-198.68,12.57,-2.75,-10.80,67142
1.16,0.08,-0.15,-33.25,19.06,-197.53,18.80,10.31,-18.62,67345
0.90,0.71,-0.33,-11.88,7.15,-190.64,23.93,129.39,80.20,67548
0.79,0.97,-0.46,-10.69,14.30,-173.41,60.24,133.12,42.42,67751
0.22,0.98,-0.55,8.31,-7.15,-145.85,25.45,35.46,33.94,67954
0.21,1.00,-0.62,14.25,-15.49,-140.11,-5.49,-39.37,-33.02,68157
0.68,1.01,-0.51,10.69,-4.77,-149.30,-55.97,-118.59,-71.53,68360
0.77,0.50,-0.42,-15.44,14.30,-178.01,-51.64,-49.26,-43.70,68563
1.06,0.35,-0.26,-32.06,9.53,-190.64,7.45,-32.96,-6.90,68766
1.06,0.24,-0.33,-34.44,14.30,-194.09,15.99,11.47,17.70,68969
1.07,0.35,-0.16,-28.50,20.25,-195.23,0.43,-4.64,-3.48,69172
1.19,0.13,-0.30,-28.50,22.64,-197.53,21.42,8.18,-10.07,69375
1.01,0.48,-0.24,-28.50,7.15,-183.75,27.34,91.67,16.30,69578
0.77,0.85,-0.48,-14.25,5.96,-165.37,75.68,105.71,53.96,69781
0.27,1.20,-0.44,1.19,0.00,-150.45,13.92,49.68,73.43,69984
0.24,0.93,-0.60,10.69,-9.53,-142.41,4.52,15.26,-13.43,70187
0.67,1.01,-0.59,5.94,4.77,-155.04,-4.76,-159.48,-73.91,70390
0.83,0.81,-0.33,-5.94,14.30,-167.67,-97.05,-57.01,-75.32,70593
0.98,0.28,-0.14,-32.06,7.15,-192.94,-24.96,-51.15,21.42,70796
1.06,0.17,-0.22,-32.06,16.68,-199.83,35.83,-11.54,41.75,70999
1.07,0.27,-0.22,-26.12,22.64,-200.98,11.90,2.26,11.17,71202
1.19,0.02,-0.27,-26.12,22.64,-197.53,8.36,1.10,-31.49,71405
0.89,0.40,-0.35,-32.06,9.53,-190.64,35.46,109.80,8.30,71608
0.51,0.98,-0.46,-17.81,5.96,-166.52,85.82,99.30,52.73,71811
0.30,0.94,-0.59,8.31,-16.68,-141.26,3.17,-0.61,-30.15,72014
0.22,0.92,-0.59,7.12,-17.87,-141.26,-2.50,2.75,-8.85,72217
0.25,1.01,-0.56,0.00,-9.53,-144.70,-42.72,-106.93,-61.71,72420
0.88,0.63,-0.40,-22.56,9.53,-171.12,-74.58,-116.70,-48.52,72623
0.89,0.20,-0.23,-32.06,8.34,-189.49,-37.29,-35.52,-0.67,72826
1.24,0.12,-0.27,-34.44,15.49,-198.68,52.00,26.12,65.19,73029
1.13,0.36,-0.22,-17.81,25.02,-194.09,12.63,-2.87,-0.73,73232
1.20,0.28,-0.32,-21.37,26.21,-194.09,4.03,20.39,-34.24,73435
0.98,0.31,-0.39,-30.88,4.77,-183.75,20.14,91.31,3.42,73638
0.89,0.80,-0.39,-19.00,5.96,-174.56,69.46,73.49,26.55,73841
0.08,1.03,-0.59,-3.56,-2.38,-150.45,40.71,85.63,93.57,74044
0.17,0.86,-0.61,3.56,-13.11,-144.70,14.34,-3.60,4.82,74247
0.35,0.97,-0.65,7.12,-11.91,-142.41,-11.66,-45.17,-47.24,74450
0.71,0.89,-0.49,-5.94,2.38,-156.19,-61.83,-81.97,-40.34,74653
1.07,0.55,-0.21,-20.19,13.11,-183.75,-43.21,-75.62,-32.65,74856
1.10,0.22,-0.29,-23.75,7.15,-187.20,14.16,-6.29,19.65,75059
1.10,0.39,-0.28,-26.12,20.25,-188.34,22.83,9.77,28.08,75262
1.08,0.32,-0.20,-15.44,25.02,-197.53,3.97,-25.09,-5.31,75465
1.11,0.33,-0.30,-17.81,23.83,-194.09,-2.62,7.63,-14.89,75668
1.02,0.47,-0.47,-19.00,-5.96,-179.16,45.53,131.59,5.31,75871
0.64,0.87,-0.44,-13.06,7.15,-169.97,62.68,109.99,34.42,76074
0.01,1.02,-0.49,4.75,-10.72,-143.55,34.18,82.76,74.83,76277
-0.11,0.90,-0.58,10.69,-32.17,-132.07,12.63,-22.16,-4.58,76480
0.07,0.93,-0.57,13.06,-32.17,-135.52,-21.24,15.38,-24.17,76683
0.60,0.97,-0.57,2.37,-16.68,-142.41,-47.18,-133.91,-45.47,76886
0.57,0.73,-0.47,-11.88,0.00,-159.63,-52.61,-58.78,-8.91,77089
0.80,0.30,-0.42,-17.81,0.00,-174.56,-11.78,-71.17,12.94,77292
1.01,0.40,-0.44,-27.31,17.87,-183.75,60.24,7.20,33.69,77495
1.11,0.52,-0.49,-9.50,22.64,-182.60,12.63,10.68,-11.47,77698
1.01,0.34,-0.49,-11.88,23.83,-183.75,-30.70,44.07,-30.09,77901
0.94,0.35,-0.42,-32.06,2.38,-171.12,7.81,102.05,-48.71,78104
0.63,0.68,-0.49,-17.81,-8.34,-169.97,76.72,122.13,10.31,78307
0.07,1.15,-0.53,-7.12,-19.06,-141.26,78.43,96.80,79.71,78510
0.05,0.99,-0.57,11.88,-25.02,-134.37,-3.66,0.12,-15.63,78713
0.13,1.05,-0.63,11.88,-29.79,-134.37,-39.55,-46.88,-90.52,78916
0.37,0.92,-0.48,-3.56,-11.91,-145.85,-86.00,-54.99,-50.60,79119
0.78,0.25,-0.52,-26.12,-1.19,-172.27,-47.49,-63.05,1.04,79322
0.87,0.33,-0.27,-30.88,2.38,-178.01,-2.69,-0.73,24.54,79525
0.96,0.21,-0.37,-30.88,15.49,-181.45,23.01,-4.15,10.01,79728
0.90,0.17,-0.35,-30.88,15.49,-183.75,2.50,-2.87,-12.45,79931
0.93,0.40,-0.37,-30.88,5.96,-179.16,28.75,73.79,-6.71,80134
0.64,0.60,-0.43,-17.81,-1.19,-160.78,99.91,207.52,13.92,80337
-0.11,1.12,-0.45,-5.94,-23.83,-140.11,33.39,47.00,92.90,80540
-0.08,0.89,-0.57,10.69,-27.40,-135.52,2.01,47.49,-10.56,80743
-0.10,1.03,-0.50,4.75,-29.79,-134.37,-48.28,105.16,-73.79,80946
0.66,0.93,-0.60,-2.37,-30.98,-135.52,-108.46,-57.92,-44.01,81149
0.65,0.29,-0.39,-26.12,-2.38,-166.52,-69.15,-62.19,14.83,81352
0.86,0.20,-0.29,-38.00,5.96,-189.49,5.68,-26.00,41.08,81555
1.03,0.27,-0.32,-33.25,14.30,-190.64,36.50,-9.22,14.40,81758
1.07,0.39,-0.30,-22.56,20.25,-186.05,7.75,7.87,-9.46,81961
0.97,0.26,-0.38,-30.88,10.72,-180.30,9.58,31.68,-15.01,82164
0.85,0.70,-0.50,-22.56,-2.38,-175.71,75.62,92.83,36.19,82367
0.56,1.10,-0.48,3.56,-1.19,-150.45,73.36,124.63,47.73,82570
-0.12,1.08,-0.51,13.06,-16.68,-140.11,24.11,7.57,38.09,82773
0.02,1.17,-0.62,22.56,-23.83,-135.52,-12.08,-124.76,-67.50,82976
0.55,1.04,-0.50,4.75,3.57,-156.19,-73.85,-58.96,-63.35,83179
0.82,0.51,-0.34,-9.50,7.15,-160.78,-73.97,-65.49,-34.18,83382
0.86,0.14,-0.30,-29.69,0.00,-182.60,-23.99,-38.02,2.87,83585
0.95,0.21,-0.23,-34.44,14.30,-190.64,6.84,-3.30,9.46,83788
0.98,0.31,-0.22,-30.88,14.30,-196.38,15.93,25.02,6.65,83991
0.97,0.26,-0.29,-32.06,15.49,-188.34,42.85,16.24,-5.86,84194
1.02,0.66,-0.47,-9.50,5.96,-175.71,52.31,110.84,38.57,84397
0.59,0.99,-0.50,-4.75,8.34,-161.93,65.80,106.69,62.19,84600
-0.06,0.97,-0.56,15.44,-20.25,-136.66,30.52,-28.26,10.68,84803
0.10,1.06,-0.62,17.81,-20.25,-137.81,-12.15,35.71,-32.71,85006
0.30,1.16,-0.53,10.69,-20.25,-140.11,-51.09,-155.52,-73.55,85209
0.81,0.70,-0.40,-14.25,4.77,-165.37,-102.97,-110.17,-19.35,85412
0.93,0.31,-0.21,-23.75,4.77,-182.60,-26.61,-36.01,14.04,85615
0.99,0.24,-0.25,-32.06,11.91,-192.94,27.95,-11.60,23.32,85818
1.15,0.40,-0.25,-24.94,22.64,-189.49,11.47,6.65,10.80,86021
1.18,0.41,-0.28,-23.75,22.64,-195.23,32.23,3.36,5.00,86224
1.22,0.59,-0.44,-26.12,8.34,-176.86,26.98,103.09,-10.56,86427
0.68,0.83,-0.52,-7.12,3.57,-157.34,90.88,139.47,32.78,86630
-0.12,1.17,-0.51,11.88,-9.53,-142.41,42.97,111.69,74.22,86833
0.11,1.03,-0.53,20.19,-25.02,-135.52,3.30,30.64,0.98,87036
0.18,1.15,-0.62,22.56,-23.83,-136.66,-33.57,-77.58,-65.49,87239
0.67,0.83,-0.49,2.37,3.57,-156.19,-80.02,-48.03,-60.00,87442
0.92,0.42,-0.37,-21.37,8.34,-174.56,-37.96,-50.48,-17.27,87645
1.13,0.31,-0.28,-30.88,9.53,-181.45,-18.98,-36.80,22.34,87848
1.07,0.28,-0.15,-28.50,21.45,-197.53,17.21,-12.27,8.85,88051
1.40,0.39,-0.16,-26.12,25.02,-198.68,16.60,-5.86,9.28,88254
1.20,0.40,-0.24,-28.50,20.25,-191.79,26.06,59.75,5.00,88457
0.86,0.79,-0.37,-9.50,14.30,-182.60,68.36,157.65,45.47,88660
0.29,1.20,-0.61,7.12,-15.49,-142.41,62.62,134.58,91.06,88863
0.13,1.03,-0.50,15.44,-30.98,-132.07,7.81,27.53,0.06,89066
0.19,1.13,-0.60,20.19,-25.02,-135.52,-14.04,-76.72,-60.12,89269
0.65,1.03,-0.59,10.69,-13.11,-142.41,-61.58,-142.76,-54.69,89472
0.93,0.57,-0.47,-13.06,9.53,-169.97,-67.20,-21.97,-54.87,89675
1.02,0.38,-0.27,-29.69,9.53,-183.75,-8.91,-12.08,7.08,89878
1.04,0.37,-0.39,-32.06,13.11,-184.90,33.69,-31.80,29.05,90081
1.08,0.44,-0.33,-15.44,26.21,-184.90,8.42,-13.37,-2.69,90284
1.03,0.32,-0.41,-26.12,20.25,-179.16,-26.79,62.74,-24.17,90487
0.91,0.56,-0.44,-26.12,3.57,-172.27,53.41,63.05,8.48,90690
0.60,0.85,-0.45,-8.31,2.38,-159.63,90.76,109.74,36.74,90893
-0.31,1.01,-0.65,16.62,-29.79,-134.37,46.26,-60.55,30.15,91096
0.01,1.04,-0.58,16.62,-26.21,-133.22,-1.77,20.57,-12.57,91299
0.08,1.13,-0.60,11.88,-22.64,-134.37,-30.33,-47.12,-60.06,91502
0.57,0.83,-0.64,4.75,-11.91,-142.41,-67.87,-70.62,-28.93,91705
0.88,0.57,-0.34,-16.62,5.96,-166.52,-67.44,-95.46,-32.04,91908
1.16,0.10,-0.23,-34.44,9.53,-192.94,8.97,17.76,37.72,92111
1.01,0.27,-0.21,-27.31,20.25,-192.94,11.23,1.04,16.72,92314
1.07,0.28,-0.35,-24.94,21.45,-190.64,3.78,22.28,-19.53,92517
0.95,0.45,-0.32,-26.12,3.57,-181.45,22.16,66.22,-0.12,92720
0.81,0.75,-0.47,-17.81,4.77,-176.86,88.07,108.40,30.03,92923
0.19,1.28,-0.53,7.12,-9.53,-143.55,82.15,77.94,97.84,93126
0.20,1.08,-0.59,23.75,-15.49,-138.96,6.90,43.46,0.12,93329
0.27,1.15,-0.63,24.94,-13.11,-138.96,-24.41,-45.04,-41.56,93532
0.59,0.98,-0.56,8.31,0.00,-149.30,-91.25,-90.82,-59.51,93735
0.91,0.52,-0.39,-8.31,4.77,-161.93,-60.91,-58.11,-41.69,93938
0.93,0.12,-0.26,-27.31,7.15,-180.30,-6.53,-37.23,8.91,94141
1.10,0.25,-0.17,-29.69,20.25,-195.23,2.69,7.93,-2.32,94344
1.01,0.25,-0.23,-29.69,20.25,-194.09,14.16,24.78,-1.89,94547
1.20,0.48,-0.41,-32.06,10.72,-184.90,36.07,45.29,-20.39,94750
0.83,0.65,-0.40,-13.06,8.34,-168.82,74.95,96.31,24.41,94953
0.39,1.03,-0.45,-9.50,0.00,-153.89,87.34,87.52,52.61,95156
-0.10,0.98,-0.61,15.44,-27.40,-136.66,29.85,-88.26,-5.98,95359
0.08,1.06,-0.62,16.62,-21.45,-134.37,4.46,15.93,-16.60,95562
0.46,1.12,-0.54,11.88,-30.98,-134.37,-43.82,-190.43,-61.58,95765
0.61,0.85,-0.60,-7.12,0.00,-150.45,-80.57,-54.14,-25.82,95968
0.76,0.47,-0.37,-19.00,1.19,-161.93,-46.45,-83.37,0.31,96171
0.97,0.23,-0.45,-33.25,13.11,-180.30,38.27,-7.45,26.98,96374
1.10,0.42,-0.29,-22.56,22.64,-180.30,5.62,0.67,-1.46,96577
1.05,0.28,-0.38,-23.75,23.83,-181.45,-7.45,11.35,-14.77,96780
0.90,0.58,-0.19,-21.37,0.00,-174.56,39.12,83.62,12.27,96983
0.69,0.95,-0.51,-7.12,2.38,-159.63,77.33,132.39,33.57,97186
0.07,1.21,-0.55,4.75,-11.91,-141.26,60.55,47.12,94.18,97389
0.09,1.03,-0.67,21.37,-17.87,-138.96,3.54,14.40,-0.18,97592
0.42,1.11,-0.61,16.62,-13.11,-138.96,-34.36,-59.08,-57.43,97795
0.75,0.87,-0.64,8.31,-2.38,-147.00,-75.13,-51.21,-41.87,97998
0.90,0.52,-0.25,-16.62,13.11,-174.56,-69.15,-81.73,-38.64,98201
1.02,0.33,-0.18,-23.75,4.77,-189.49,-10.07,-54.44,34.97,98404
1.13,0.27,-0.18,-30.88,17.87,-198.68,25.45,19.78,13.49,98607
1.10,0.41,-0.22,-28.50,25.02,-192.94,8.12,-1.59,-6.90,98810
1.16,0.23,-0.30,-27.31,22.64,-194.09,16.11,9.77,-30.27,99013
1.07,0.45,-0.31,-29.69,-3.57,-187.20,38.76,74.16,4.94,99216
0.85,0.69,-0.44,-17.81,7.15,-172.27,59.45,102.97,28.75,99419
0.50,1.09,-0.56,-8.31,0.00,-153.89,72.20,122.68,63.17,99622
0.25,1.01,-0.60,7.12,-21.45,-137.81,11.41,-26.86,-21.00,99825
0.34,1.01,-0.55,3.56,-7.15,-145.85,-18.01,-105.41,-43.82,100028
0.74,0.75,-0.59,-4.75,1.19,-153.89,-66.89,-47.91,-31.31,100231
0.84,0.48,-0.40,-21.37,5.96,-172.27,-56.95,-34.79,-21.97,100434
0.88,0.30,-0.27,-27.31,0.00,-178.01,-5.37,-30.52,31.62,100637
1.00,0.30,-0.35,-32.06,10.72,-180.30,14.59,2.87,7.57,100840
1.03,0.31,-0.35,-32.06,15.49,-181.45,8.79,-8.18,-12.08,101043
0.99,0.32,-0.46,-33.25,8.34,-182.60,30.03,54.02,-14.89,101246
0.78,0.50,-0.47,-17.81,1.19,-175.71,51.94,96.01,14.95,101449
0.50,0.88,-0.58,-9.50,-3.57,-147.00,78.61,73.67,45.84,101652
0.15,1.02,-0.52,3.56,-13.11,-141.26,37.23,-55.60,39.55,101855
0.15,1.06,-0.63,11.88,-14.30,-141.26,-1.65,-24.29,-21.67,102058
0.49,0.98,-0.67,4.75,-5.96,-149.30,-21.55,-70.62,-45.72,102261
0.72,0.78,-0.50,-8.31,2.38,-157.34,-73.18,-57.07,-41.44,102464
0.91,0.44,-0.24,-21.37,7.15,-180.30,-41.20,-49.19,-7.26,102667
0.84,0.21,-0.25,-29.69,4.77,-188.34,-2.69,3.97,24.60,102870
1.09,0.30,-0.28,-29.69,19.06,-190.64,12.88,15.38,10.56,103073
1.04,0.30,-0.23,-28.50,17.87,-194.09,6.71,-3.72,-9.89,103276
1.11,0.22,-0.39,-33.25,16.68,-192.94,-9.46,92.47,-24.48,103479
0.73,0.48,-0.44,-23.75,1.19,-179.16,64.15,118.65,14.71,103682
0.47,0.88,-0.48,-11.88,-5.96,-150.45,85.27,111.94,38.45,103885
-0.17,0.91,-0.52,2.37,-23.83,-138.96,35.03,-139.59,25.27,104088
-0.07,0.94,-0.63,14.25,-23.83,-138.96,6.65,-13.00,-25.70,104291
0.11,1.11,-0.70,2.37,-11.91,-141.26,-54.44,-70.07,-53.83,104494
0.67,0.74,-0.60,-8.31,-1.19,-150.45,-86.61,-15.69,-41.38,104697
0.79,0.15,-0.38,-29.69,4.77,-180.30,-54.63,-104.19,14.16,104900
1.20,0.34,-0.13,-30.88,11.91,-196.38,14.22,-14.04,14.89,105103
1.15,0.20,-0.16,-29.69,20.25,-199.83,17.52,-5.92,2.50,105306
1.15,0.20,-0.29,-30.88,22.64,-200.98,9.64,14.53,-8.79,105509
1.15,0.39,-0.40,-33.25,11.91,-192.94,29.42,112.61,7.63,105712
0.68,0.81,-0.36,-17.81,9.53,-171.12,54.32,146.42,34.85,105915
-0.14,1.00,-0.54,1.19,-21.45,-136.66,64.51,165.47,75.99,106118
-0.05,0.85,-0.54,10.69,-32.17,-133.22,-1.16,-1.04,-23.38,106321
0.14,0.73,-0.65,3.56,-15.49,-140.11,-17.27,-62.07,-41.69,106524
0.44,0.76,-0.57,-3.56,-8.34,-144.70,4.39,-24.96,-7.63,106727
0.71,1.19,-0.74,-3.56,-5.96,-149.30,-33.26,-128.78,-18.74,106930
1.04,0.77,-0.39,-17.81,17.87,-180.30,-34.91,-96.37,-7.26,107133
1.32,0.75,-0.17,-17.81,23.83,-196.38,10.07,-69.58,42.72,107336
1.40,0.68,0.11,1.19,28.59,-215.91,15.44,-19.96,16.78,107539
1.30,0.66,0.25,3.56,28.59,-222.80,13.61,-5.98,3.54,107742
1.29,0.86,-0.05,3.56,26.21,-225.09,4.15,49.80,-23.25,107945
1.02,0.16,-0.30,0.00,26.21,-207.87,-14.95,232.54,-12.27,108148
0.76,0.66,-0.73,-5.94,7.15,-160.78,48.28,120.18,-6.53,108351
0.45,1.08,-0.29,-1.19,-7.15,-150.45,77.27,57.25,42.66,108554
0.18,1.09,-0.59,17.81,-20.25,-140.11,-1.65,-16.30,-19.84,108757
0.13,1.12,-0.72,9.50,-15.49,-140.11,-23.38,-54.32,-34.24,108960
0.93,0.98,-0.31,1.19,1.19,-155.04,-69.52,-171.26,-49.44,109163
1.25,0.38,-0.08,-14.25,25.02,-202.13,-34.00,-100.40,-1.04,109366
1.42,0.46,0.09,-13.06,26.21,-213.61,-5.98,-37.54,70.86,109569
1.43,0.53,0.24,5.94,27.40,-228.54,14.65,-39.98,22.83,109772
1.33,0.64,0.19,8.31,27.40,-238.87,25.51,13.18,-19.59,109975
1.47,0.42,-0.11,4.75,27.40,-230.84,-12.15,141.11,-67.02,110178
1.08,0.86,-0.43,-10.69,23.83,-189.49,57.43,182.62,26.67,110381
0.42,1.08,-0.42,4.75,-7.15,-149.30,64.03,142.70,62.93,110584
0.23,0.93,-0.63,19.00,-25.02,-137.81,18.86,-67.14,-20.08,110787
0.25,0.93,-0.61,16.62,-19.06,-140.11,8.85,-13.31,-8.85,110990
0.72,1.09,-0.46,14.25,7.15,-157.34,-22.34,-135.38,-47.55,111193
0.95,0.84,-0.43,4.75,13.11,-168.82,-39.67,-111.45,-36.25,111396
1.23,0.57,-0.07,-10.69,27.40,-199.83,-30.15,-115.72,-13.06,111599
1.46,0.46,0.21,-11.88,23.83,-217.05,2.20,-59.51,65.80,111802
1.47,0.56,0.43,7.12,23.83,-242.32,8.12,-45.41,42.11,112005
1.44,0.81,0.48,17.81,17.87,-252.66,9.40,21.73,-2.08,112208
1.48,0.59,0.27,11.88,20.25,-248.06,-21.06,149.78,-55.30,112411
0.91,0.57,-0.05,1.19,27.40,-210.16,48.16,165.28,-23.13,112615
0.94,0.83,-0.61,1.19,13.11,-169.97,43.88,148.50,1.59,112818
0.15,1.35,-0.52,7.12,0.00,-153.89,61.65,207.64,49.13,113021
0.22,1.00,-0.46,21.37,-22.64,-136.66,7.51,-8.24,0.24,113224
0.33,0.99,-0.61,19.00,-19.06,-140.11,-6.23,14.71,-32.65,113427
0.12,1.04,-0.61,17.81,-19.06,-138.96,4.94,-82.95,-5.25,113630
0.80,1.20,-0.49,11.88,7.15,-157.34,-52.19,-150.82,-76.60,113833
1.15,0.65,-0.28,1.19,17.87,-173.41,-58.84,-106.69,-40.71,114036
1.32,0.47,-0.11,-8.31,26.21,-207.87,39.73,-65.25,65.37,114239
1.28,0.49,0.03,4.75,29.79,-222.80,28.14,-43.40,11.35,114442
1.54,0.68,0.07,5.94,28.59,-227.39,11.66,65.37,-55.05,114645
1.00,0.40,-0.25,-8.31,26.21,-207.87,5.25,112.30,-45.35,114848
0.84,0.67,-0.54,-14.25,11.91,-176.86,32.84,135.31,23.25,115051
0.46,0.97,-0.36,-10.69,0.00,-157.34,67.75,68.48,83.68,115254
0.28,0.97,-0.53,16.62,-16.68,-141.26,23.56,-106.57,-35.40,115457
0.23,0.93,-0.67,15.44,-10.72,-147.00,2.99,-17.94,-12.39,115660
0.58,1.11,-0.44,15.44,-1.19,-152.74,-46.57,-69.15,-73.79,115863
0.95,0.52,-0.43,-14.25,15.49,-179.16,-31.49,-71.78,-40.47,116066
1.18,0.45,-0.17,-19.00,17.87,-189.49,-16.54,-62.13,-5.80,116270
1.14,0.19,-0.25,-21.37,19.06,-210.16,38.88,-37.17,17.03,116473
1.22,0.37,-0.12,-13.06,23.83,-209.02,11.17,-2.44,0.55,116676
1.13,0.29,-0.15,-15.44,23.83,-212.46,8.61,63.05,-8.73,116879
1.01,0.34,-0.37,-20.19,22.64,-199.83,12.15,101.14,-2.99,117082
0.87,0.67,-0.47,-17.81,9.53,-173.41,52.06,110.66,34.06,117285
0.03,1.23,-0.59,-7.12,1.19,-155.04,40.95,106.20,114.07,117488
0.25,0.84,-0.52,11.88,-9.53,-143.55,-6.29,36.50,-5.92,117691
0.71,1.01,-0.52,5.94,2.38,-156.19,3.85,-216.49,-88.01,117894
0.93,0.68,-0.33,-7.12,11.91,-174.56,-20.63,-82.15,-47.42,118097
1.19,0.63,-0.35,-17.81,21.45,-192.94,0.00,-20.02,-16.54,118300
1.18,0.51,-0.17,-20.19,20.25,-199.83,5.62,-45.72,29.91,118503
1.41,0.59,0.02,-13.06,23.83,-215.91,14.47,-28.38,32.53,118706
1.34,0.63,-0.02,-4.75,27.40,-220.50,-3.97,18.19,-8.12,118909
1.31,0.65,-0.14,-4.75,28.59,-217.05,-1.04,103.27,-3.91,119112
1.12,0.65,-0.40,-9.50,22.64,-194.09,21.55,68.48,-27.10,119315
0.86,0.61,-0.46,-11.88,9.53,-169.97,54.69,82.64,19.17,119518
0.32,1.30,-0.40,0.00,1.19,-156.19,83.86,28.63,74.95,119721
0.36,1.09,-0.61,17.81,-8.34,-147.00,21.24,-55.79,19.59,119924
0.23,1.14,-0.56,20.19,-2.38,-150.45,-7.69,-81.85,-31.68,120127
0.73,1.06,-0.50,13.06,15.49,-165.37,-66.35,-37.84,-69.82,120330
1.00,0.63,-0.27,-14.25,20.25,-186.05,-27.04,-26.98,-10.74,120533
1.23,0.47,-0.27,-17.81,17.87,-192.94,30.58,-41.02,44.13,120736
1.18,0.58,-0.20,-2.37,27.40,-202.13,28.14,-28.14,21.30,120939
1.28,0.62,-0.25,1.19,28.59,-202.13,-9.64,23.93,-39.25,121142
1.18,0.42,-0.29,-7.12,23.83,-202.13,0.49,55.85,-46.63,121345
1.13,0.41,-0.53,-23.75,14.30,-186.05,10.74,117.74,-27.16,121548
0.57,0.89,-0.42,-20.19,0.00,-160.78,50.72,100.22,60.30,121751
0.32,0.96,-0.49,-7.12,-5.96,-149.30,34.00,26.12,109.07,121954
0.25,0.83,-0.55,8.31,-5.96,-149.30,13.37,-6.65,-2.44,122157
0.61,1.05,-0.49,2.37,4.77,-159.63,-26.61,-130.49,-103.39,122360
0.78,0.56,-0.51,-14.25,9.53,-169.97,-41.32,-40.89,-48.95,122563
0.98,0.50,-0.40,-28.50,14.30,-183.75,6.10,-25.82,32.41,122766
1.09,0.43,-0.39,-23.75,15.49,-189.49,30.15,-44.49,57.19,122969
1.19,0.49,-0.40,-7.12,23.83,-198.68,13.24,4.70,-1.77,123172
1.29,0.52,-0.28,-8.31,25.02,-196.38,17.64,4.64,-23.25,123375
0.80,0.25,-0.35,-13.06,21.45,-194.09,-14.04,78.55,-42.48,123578
0.82,0.46,-0.51,-26.12,4.77,-173.41,18.74,123.72,8.18,123781
0.32,1.09,-0.50,-11.88,-10.72,-148.15,91.92,78.19,93.63,123984
0.54,0.83,-0.46,0.00,-20.25,-141.26,4.58,-4.39,-18.80,124187
0.23,0.81,-0.56,1.19,-16.68,-142.41,2.32,-13.12,-37.35,124390
0.17,0.81,-0.57,-9.50,-15.49,-144.70,-35.22,-101.56,-52.37,124593
0.67,0.63,-0.47,-19.00,-7.15,-159.63,-51.33,-105.41,-22.89,124796
1.08,0.45,-0.39,-29.69,11.91,-186.05,-9.52,-55.36,51.21,124999
1.19,0.34,-0.39,-20.19,19.06,-197.53,59.20,15.26,61.16,125202
1.17,0.54,-0.33,-1.19,26.21,-197.53,-6.10,13.31,-19.71,125405
1.16,0.55,-0.32,-10.69,23.83,-197.53,-20.14,34.91,-37.84,125608
0.94,0.29,-0.41,-19.00,20.25,-192.94,21.12,74.89,-13.24,125811
0.81,0.74,-0.56,-16.62,10.72,-174.56,52.43,140.69,20.69,126014
0.16,1.15,-0.61,0.00,-16.68,-144.70,54.32,15.38,83.13,126217
0.28,0.87,-0.52,9.50,-14.30,-141.26,-6.23,10.19,-17.03,126420
0.22,1.02,-0.53,3.56,-3.57,-147.00,-35.58,-101.87,-79.65,126623
0.77,0.59,-0.58,-19.00,7.15,-171.12,-43.58,-101.68,-40.47,126826
0.96,0.37,-0.30,-23.75,13.11,-183.75,-14.40,-29.48,-8.18,127029
1.12,0.44,-0.34,-24.94,17.87,-190.64,22.64,-10.50,52.67,127232
1.08,0.39,-0.32,-14.25,21.45,-192.94,44.62,-30.58,33.51,127435
1.12,0.43,-0.27,-4.75,29.79,-200.98,-0.31,27.22,-44.19,127638
1.03,0.36,-0.35,-19.00,20.25,-194.09,-8.85,56.46,-48.77,127841
0.89,0.57,-0.49,-28.50,14.30,-184.90,64.76,123.47,0.06,128044
0.46,1.37,-0.54,-13.06,-1.19,-155.04,66.65,113.10,67.44,128247
0.01,0.92,-0.56,5.94,-20.25,-138.96,17.76,56.88,19.23,128450
0.13,0.94,-0.62,5.94,-17.87,-140.11,13.06,-34.91,-11.60,128653
0.50,1.13,-0.43,1.19,-8.34,-144.70,-55.73,-180.60,-65.80,128856
0.87,0.55,-0.46,-20.19,10.72,-176.86,-44.37,-80.20,-21.67,129059
1.09,0.33,-0.40,-24.94,14.30,-186.05,18.49,-10.93,32.53,129262
1.22,0.57,-0.23,-10.69,19.06,-187.20,19.96,-73.18,80.44,129465
1.23,0.60,-0.28,0.00,25.02,-196.38,7.51,1.77,-0.67,129668
1.25,0.49,-0.30,-5.94,27.40,-194.09,-28.08,41.14,-80.99,129871
1.08,0.45,-0.57,-22.56,16.68,-184.90,29.11,91.49,-22.03,130074
0.71,0.92,-0.49,-23.75,9.53,-172.27,51.70,98.94,14.71,130277
-0.16,0.96,-0.59,-5.94,-14.30,-147.00,56.64,52.37,81.42,130480
0.08,0.84,-0.50,2.37,-16.68,-141.26,1.71,17.94,1.22,130683
0.38,0.98,-0.58,2.37,-15.49,-141.26,-23.38,-67.57,-58.59,130886
0.80,0.86,-0.58,-13.06,0.00,-159.63,-44.80,-87.34,-10.56,131089
1.05,0.65,-0.31,-22.56,13.11,-186.05,-25.15,-53.22,-0.67,131292
1.19,0.48,-0.30,-20.19,19.06,-192.94,21.48,-27.40,77.94,131495
1.14,0.48,-0.27,3.56,26.21,-199.83,20.14,15.08,16.36,131698
1.25,0.58,-0.25,4.75,28.59,-199.83,-6.65,-33.81,-67.32,131901
1.26,0.53,-0.38,-14.25,22.64,-207.87,24.96,117.37,-27.59,132104
0.85,0.54,-0.45,-20.19,11.91,-175.71,14.16,105.65,-2.26,132307
0.45,1.02,-0.41,-16.62,3.57,-161.93,85.94,88.20,51.09,132510
-0.05,0.88,-0.58,7.12,-11.91,-143.55,0.18,-12.33,15.08,132713
0.23,0.95,-0.59,8.31,-13.11,-142.41,10.38,-8.00,-19.17,132916
0.66,0.98,-0.44,5.94,-7.15,-147.00,-28.50,-122.99,-56.95,133119
1.05,0.65,-0.42,-13.06,11.91,-171.12,-45.53,-55.11,-28.99,133322
1.27,0.57,-0.40,-20.19,19.06,-192.94,-13.92,-38.64,33.75,133525
1.17,0.47,-0.37,-11.88,23.83,-197.53,16.66,-2.62,40.53,133728
1.30,0.59,-0.26,0.00,29.79,-202.13,-3.05,3.17,-19.29,133931
1.20,0.53,-0.25,-3.56,26.21,-200.98,6.23,33.02,-54.57,134134
1.15,0.34,-0.50,-22.56,20.25,-194.09,16.30,146.48,-28.63,134337
0.50,0.79,-0.58,-20.19,-8.34,-158.48,49.87,107.24,37.66,134540
0.01,1.08,-0.46,-11.88,-11.91,-149.30,63.23,124.02,80.51,134743
0.11,0.90,-0.54,9.50,-26.21,-136.66,6.84,45.78,2.99,134946
0.01,1.04,-0.48,8.31,-22.64,-138.96,-18.80,-132.93,-57.98,135149
0.72,0.84,-0.56,1.19,-7.15,-150.45,-30.21,-100.10,-24.72,135352
1.10,0.60,-0.41,-14.25,17.87,-179.16,-43.88,-94.36,6.96,135555
1.25,0.53,-0.27,-9.50,23.83,-199.83,17.64,-13.00,39.67,135758
1.26,0.54,-0.24,-5.94,26.21,-202.13,10.93,-5.19,16.48,135961
1.28,0.55,-0.21,1.19,28.59,-205.57,-0.92,7.39,-45.72,136164
1.21,0.45,-0.25,-5.94,26.21,-203.27,1.53,81.67,-66.83,136367
0.94,0.68,-0.39,-22.56,14.30,-182.60,54.44,101.68,33.08,136570
0.26,1.07,-0.57,-1.19,-5.96,-151.59,67.87,247.56,57.98,136773
0.14,0.95,-0.51,5.94,-30.98,-134.37,16.36,-48.03,-3.60,136976
0.08,1.03,-0.50,9.50,-26.21,-134.37,-12.33,-96.68,-78.67,137179
0.69,0.88,-0.53,-7.12,1.19,-158.48,-48.03,-105.71,-41.02,137382
1.20,0.71,-0.34,-17.81,11.91,-172.27,-44.92,-124.88,-9.28,137585
1.19,0.42,-0.12,-19.00,23.83,-204.42,-10.62,-14.04,43.64,137788
1.23,0.48,-0.14,-5.94,28.59,-204.42,16.05,-2.44,23.38,137991
1.22,0.62,-0.17,-3.56,29.79,-205.57,8.61,1.46,-6.77,138195
1.19,0.39,-0.26,-7.12,26.21,-204.42,23.68,41.08,-68.36,138398
1.09,0.50,-0.50,-15.44,21.45,-192.94,31.80,77.94,12.21,138601
0.75,1.07,-0.42,-9.50,13.11,-171.12,75.99,133.79,63.96,138804
0.01,1.04,-0.61,17.81,-19.06,-140.11,22.40,-82.34,6.41,139007
0.08,1.08,-0.53,17.81,-16.68,-141.26,4.33,-28.02,-20.51,139210
0.84,1.11,-0.55,11.88,0.00,-152.74,-61.71,-115.30,-69.03,139413
0.91,0.58,-0.40,-19.00,13.11,-180.30,-53.10,-27.34,-50.05,139616
1.05,0.26,-0.38,-26.12,13.11,-189.49,-3.48,-0.85,23.38,139819
1.12,0.33,-0.28,-16.62,22.64,-195.23,28.08,-21.67,40.34,140022
1.19,0.45,-0.30,-11.88,26.21,-202.13,5.31,12.02,-19.78,140225
1.35,0.27,-0.51,-16.62,22.64,-197.53,14.34,95.95,-51.27,140428
0.79,0.79,-0.44,-23.75,7.15,-173.41,49.26,106.69,27.16,140631
0.50,1.03,-0.49,-14.25,1.19,-156.19,62.68,50.54,53.77,140834
0.14,0.94,-0.65,8.31,-19.06,-141.26,0.31,-37.54,-7.81,141037
0.24,1.01,-0.56,4.75,-10.72,-142.41,-24.48,-85.02,-67.14,141240
0.67,0.82,-0.56,-3.56,-1.19,-153.89,-57.50,-65.31,-45.35,141443
0.95,0.55,-0.35,-23.75,9.53,-176.86,-43.33,-55.05,-8.91,141646
1.00,0.27,-0.25,-26.12,15.49,-196.38,-23.74,-32.04,62.56,141849
1.20,0.29,-0.20,-19.00,21.45,-200.98,17.58,-0.85,35.52,142052
1.21,0.42,-0.23,-8.31,26.21,-202.13,-3.36,3.78,-28.69,142255
1.04,0.33,-0.32,-20.19,21.45,-195.23,17.94,53.10,-36.93,142458
0.82,0.53,-0.50,-23.75,14.30,-186.05,48.58,89.17,4.03,142661
0.50,0.95,-0.33,-11.88,-3.57,-158.48,69.40,156.43,25.45,142864
0.01,0.84,-0.55,-4.75,-22.64,-140.11,31.74,-47.36,17.21,143067
0.24,0.95,-0.62,4.75,-23.83,-141.26,7.26,-62.68,-29.30,143270
0.51,1.02,-0.47,0.00,-3.57,-150.45,-42.72,-122.50,-51.21,143473
0.80,0.62,-0.50,-11.88,8.34,-161.93,-42.91,-67.44,-21.67,143676
0.96,0.41,-0.34,-22.56,13.11,-183.75,-24.05,-52.31,11.60,143879
1.08,0.15,-0.35,-21.37,20.25,-199.83,27.16,-11.17,12.57,144082
1.09,0.37,-0.21,-17.81,21.45,-200.98,19.65,-17.82,18.80,144285
1.04,0.30,-0.34,-19.00,21.45,-199.83,-0.24,54.14,-18.68,144488
0.98,0.30,-0.48,-17.81,11.91,-180.30,49.50,115.36,4.52,144691
0.51,1.01,-0.53,-15.44,5.96,-165.37,49.44,86.98,37.41,144894
0.21,1.09,-0.40,2.37,-9.53,-145.85,53.41,62.13,72.51,145097
0.17,1.16,-0.56,14.25,-15.49,-142.41,2.32,-34.18,-5.55,145300
0.78,1.17,-0.52,10.69,-1.19,-156.19,-101.75,-76.60,-84.78,145503
0.94,0.25,-0.51,-22.56,10.72,-178.01,-33.20,-59.27,-39.73,145706
0.81,0.21,-0.36,-28.50,13.11,-187.20,45.41,-74.89,-5.80,145909
1.11,0.24,-0.29,-29.69,15.49,-187.20,12.82,-8.85,1.59,146112
0.99,0.23,-0.44,-30.88,15.49,-189.49,-6.96,31.13,-13.31,146315
0.89,0.29,-0.33,-34.44,10.72,-188.34,47.42,62.44,-5.43,146518
0.62,0.67,-0.54,-23.75,2.38,-166.52,63.66,86.91,44.13,146721
0.19,0.94,-0.43,-5.94,-15.49,-141.26,38.27,104.19,61.71,146924
0.08,0.85,-0.54,-1.19,-20.25,-140.11,-0.85,16.05,-8.97,147127
0.46,0.97,-0.55,-4.75,-13.11,-145.85,-41.38,-83.62,-54.81,147330
0.65,0.50,-0.49,-16.62,-2.38,-153.89,-54.93,-63.66,-15.08,147533
0.82,0.35,-0.39,-29.69,11.91,-180.30,-24.17,-42.97,0.67,147736
1.03,0.19,-0.27,-30.88,10.72,-187.20,44.92,-52.31,38.21,147939
1.12,0.37,-0.31,-26.12,17.87,-186.05,28.32,-4.33,14.47,148142
1.17,0.40,-0.35,-23.75,23.83,-184.90,10.99,5.49,-22.22,148345
1.16,0.38,-0.53,-24.94,11.91,-175.71,6.96,71.53,-13.67,148548
0.84,0.73,-0.48,-23.75,9.53,-174.56,61.40,131.84,35.95,148751
0.11,1.12,-0.48,-4.75,-13.11,-144.70,53.53,174.19,71.47,148954
0.20,0.93,-0.55,4.75,-25.02,-135.52,12.88,-62.13,-11.66,149157
0.07,0.95,-0.61,5.94,-23.83,-137.81,2.93,-41.02,-16.91,149360
0.80,0.91,-0.43,-7.12,-1.19,-152.74,-86.12,-64.21,-83.31,149563
0.83,0.61,-0.36,-22.56,3.57,-165.37,-33.63,-86.73,-0.67,149766
1.10,0.33,-0.61,-26.12,15.49,-182.60,80.08,-27.34,30.70,149969
1.02,0.46,-0.36,-14.25,26.21,-180.30,0.73,-9.77,8.97,150172
1.01,0.45,-0.44,-14.25,26.21,-183.75,-35.77,41.20,-27.83,150375
0.89,0.32,-0.39,-29.69,13.11,-176.86,-10.50,58.96,-27.65,150578
0.69,0.67,-0.50,-28.50,-4.77,-163.08,77.64,111.08,28.38,150781
0.51,1.01,-0.49,-19.00,-2.38,-155.04,52.92,75.99,98.57,150984
0.33,0.92,-0.53,7.12,-7.15,-145.85,-5.00,-13.61,-5.31,151187
0.56,0.88,-0.56,-1.19,0.00,-152.74,-23.99,-116.33,-56.21,151390
0.90,0.68,-0.46,-11.88,11.91,-167.67,-41.81,-77.39,-26.61,151593
1.18,0.53,-0.25,-24.94,17.87,-190.64,1.59,-53.16,-16.97,151796
1.11,0.39,-0.19,-27.31,19.06,-189.49,26.49,-3.30,34.18,151999
1.21,0.42,-0.19,-22.56,26.21,-190.64,10.13,8.67,1.46,152202
1.12,0.43,-0.27,-23.75,27.40,-187.20,14.22,1.16,-23.50,152405
0.93,0.24,-0.38,-27.31,17.87,-184.90,0.43,62.50,-22.34,152608
0.83,0.69,-0.47,-26.12,8.34,-174.56,53.59,96.44,23.56,152811
0.52,0.98,-0.60,-13.06,-8.34,-152.74,71.90,75.32,62.38,153014
0.53,0.94,-0.52,1.19,-15.49,-140.11,16.05,-36.68,5.00,153217
0.34,0.97,-0.60,8.31,-7.15,-141.26,-1.10,-34.97,-23.32,153420
0.39,0.96,-0.55,-4.75,-1.19,-155.04,-28.63,-127.75,-44.62,153623
0.93,0.53,-0.48,-14.25,10.72,-166.52,-45.65,-63.84,-42.66,153826
1.07,0.44,-0.31,-27.31,13.11,-188.34,-27.28,-35.77,-27.95,154029
1.11,0.26,-0.19,-33.25,16.68,-190.64,12.76,-13.55,30.82,154232
1.15,0.36,-0.18,-28.50,21.45,-192.94,19.96,1.04,16.60,154435
1.12,0.31,-0.29,-24.94,20.25,-190.64,-1.10,52.37,-17.76,154638
1.16,0.40,-0.45,-27.31,15.49,-184.90,20.32,71.72,-12.94,154841
1.03,0.46,-0.52,-26.12,8.34,-175.71,84.29,103.15,28.20,155045
0.27,1.08,-0.57,-4.75,-10.72,-144.70,66.71,84.11,115.17,155248
0.35,0.96,-0.55,7.12,-10.72,-142.41,7.39,54.87,8.79,155451
0.25,1.01,-0.56,11.88,-13.11,-142.41,-2.81,-60.24,-36.93,155654
1.00,0.91,-0.46,1.19,15.49,-169.97,-32.35,-150.27,-60.55,155857
1.12,0.67,-0.26,-15.44,23.83,-189.49,-75.68,-45.04,-66.71,156060
1.08,0.32,-0.18,-30.88,20.25,-202.13,10.93,-10.62,9.83,156263
1.16,0.19,-0.10,-28.50,22.64,-198.68,22.40,-8.06,32.35,156466
1.22,0.36,-0.15,-24.94,25.02,-197.53,3.54,9.95,-5.43,156669
1.18,0.36,-0.37,-26.12,19.06,-186.05,11.29,62.32,-11.35,156872
1.02,0.64,-0.40,-21.37,11.91,-183.75,32.29,91.00,3.48,157075
0.69,0.79,-0.50,-16.62,8.34,-168.82,61.65,92.04,38.33,157278
-0.23,1.03,-0.48,7.12,-19.06,-137.81,61.04,-48.46,97.23,157481
0.11,0.97,-0.61,14.25,-11.91,-143.55,3.48,-27.89,-25.82,157684
0.64,1.01,-0.53,7.12,3.57,-155.04,-37.29,-104.49,-60.67,157887
0.99,0.62,-0.40,-17.81,16.68,-181.45,-73.91,-78.19,-63.29,158090
0.95,0.35,-0.19,-29.69,16.68,-192.94,-18.19,-42.91,-1.46,158293
1.16,0.16,-0.15,-29.69,11.91,-196.38,15.99,-18.13,29.97,158496
1.20,0.32,-0.12,-30.88,19.06,-195.23,9.89,4.15,-4.76,158699
1.13,0.22,-0.26,-34.44,15.49,-195.23,15.26,49.68,-21.24,158902
0.91,0.27,-0.32,-24.94,9.53,-184.90,31.43,90.76,-5.00,159105
0.72,0.69,-0.48,-26.12,9.53,-176.86,79.22,107.67,46.45,159308
0.42,1.02,-0.54,-3.56,-4.77,-150.45,53.10,76.60,43.40,159511
0.27,1.03,-0.54,11.88,-17.87,-136.66,-0.85,0.49,-27.65,159714
0.56,1.09,-0.62,13.06,-15.49,-137.81,-51.70,-111.94,-78.12,159917
0.83,0.72,-0.58,-15.44,9.53,-167.67,-64.76,-85.14,-62.68,160120
0.96,0.29,-0.18,-33.25,11.91,-196.38,-56.21,-61.89,-28.02,160323
1.06,0.23,-0.12,-34.44,9.53,-202.13,-3.72,-16.36,48.40,160526
1.15,0.21,0.02,-32.06,14.30,-202.13,4.21,21.00,-2.01,160729
1.02,0.18,-0.09,-33.25,9.53,-196.38,42.54,7.20,-2.50,160932
1.08,0.42,-0.38,-23.75,11.91,-189.49,52.06,95.21,28.50,161135
0.92,0.72,-0.52,-15.44,11.91,-172.27,47.79,91.31,21.30,161338
0.49,1.13,-0.76,-9.50,4.77,-159.63,75.13,183.96,70.56,161541
0.04,1.07,-0.51,14.25,-25.02,-133.22,2.81,5.62,-8.54,161744
0.15,1.12,-0.54,14.25,-21.45,-136.66,-23.93,-122.99,-57.80,161947
0.67,1.02,-0.45,4.75,-4.77,-147.00,-82.82,-126.16,-78.00,162150
0.98,0.45,-0.32,-23.75,13.11,-179.16,-44.80,-57.43,-25.70,162353
1.00,0.19,-0.20,-28.50,14.30,-192.94,-23.01,-45.78,25.21,162556
1.06,0.16,-0.03,-30.88,15.49,-198.68,-1.16,-1.53,21.48,162759
1.12,0.24,-0.17,-26.12,17.87,-192.94,27.47,25.15,-8.12,162962
1.09,0.39,-0.39,-20.19,14.30,-186.05,55.18,62.32,-4.21,163165
0.80,0.71,-0.47,-17.81,11.91,-175.71,57.31,95.70,46.57,163368
0.18,1.17,-0.46,0.00,-7.15,-144.70,59.33,250.67,85.45,163571
0.21,0.99,-0.50,11.88,-28.59,-134.37,0.43,7.45,0.85,163774
0.26,1.13,-0.64,13.06,-23.83,-134.37,-8.18,-101.75,-45.10,163977
0.87,1.02,-0.50,1.19,8.34,-157.34,-61.95,-101.93,-75.01,164180
0.83,0.51,-0.34,-10.69,13.11,-171.12,-61.83,-58.29,-32.35,164383
0.96,0.18,-0.42,-26.12,15.49,-191.79,-11.96,27.77,-7.87,164586
1.04,0.29,-0.11,-30.88,11.91,-189.49,12.57,-7.14,6.23,164789
1.10,0.30,-0.25,-30.88,15.49,-190.64,29.79,16.91,-10.44,164992
1.02,0.39,-0.44,-27.31,8.34,-179.16,19.78,39.86,0.06,165195
0.83,0.75,-0.42,-19.00,5.96,-164.23,77.88,146.42,26.86,165398
-0.10,1.18,-0.59,-7.12,-10.72,-144.70,75.62,66.89,90.39,165601
0.02,0.90,-0.57,10.69,-20.25,-137.81,-0.98,52.80,9.89,165804
0.62,1.09,-0.57,10.69,-20.25,-135.52,-21.06,-169.07,-56.46,166007
0.68,0.87,-0.61,-4.75,3.57,-156.19,-53.28,-75.20,-28.69,166210
1.02,0.50,-0.35,-21.37,17.87,-183.75,-47.30,-67.99,-31.86,166413
1.22,0.26,-0.24,-27.31,14.30,-187.20,18.92,-155.58,38.15,166616
1.15,0.30,-0.01,-28.50,22.64,-197.53,1.04,16.05,8.79,166819
1.28,0.35,-0.17,-26.12,22.64,-191.79,25.76,5.80,-25.39,167022
1.09,0.29,-0.24,-26.12,16.68,-187.20,31.68,96.50,-4.70,167225
0.77,0.75,-0.52,-22.56,7.15,-169.97,79.96,144.78,34.30,167428
0.21,1.20,-0.53,3.56,-17.87,-140.11,94.97,118.84,126.40,167631
0.11,1.00,-0.61,17.81,-16.68,-137.81,-4.58,82.15,6.29,167834
0.18,1.13,-0.61,15.44,-17.87,-138.96,-3.30,-152.83,-35.10,168037
0.86,1.05,-0.39,9.50,0.00,-149.30,-74.22,-100.52,-99.43,168240
1.06,0.35,-0.35,-20.19,16.68,-181.45,-45.84,-35.22,-39.67,168443
1.10,0.33,-0.31,-30.88,14.30,-190.64,13.67,-26.43,5.00,168646
1.09,0.23,-0.19,-29.69,16.68,-194.09,32.23,-31.62,24.72,168849
1.11,0.33,-0.21,-26.12,22.64,-197.53,5.80,54.63,-6.59,169052
1.21,0.33,-0.52,-23.75,10.72,-183.75,23.80,99.49,-1.95,169255
0.72,0.66,-0.47,-24.94,8.34,-173.41,48.10,95.15,30.40,169458
0.49,0.96,-0.43,-9.50,-7.15,-145.85,67.63,165.77,39.67,169661
0.00,0.99,-0.73,11.88,-27.40,-133.22,29.91,-60.36,9.95,169864
0.04,1.01,-0.57,8.31,-23.83,-136.66,-9.46,-55.30,-41.50,170067
0.72,0.93,-0.58,-4.75,0.00,-152.74,-53.96,-80.20,-72.88,170270
1.03,0.57,-0.21,-17.81,5.96,-165.37,-95.64,-145.45,-46.88,170473
1.13,0.21,-0.09,-27.31,15.49,-203.27,-9.16,-31.19,35.58,170676
1.17,0.18,-0.07,-29.69,16.68,-203.27,11.78,9.22,19.96,170879
1.26,0.29,0.00,-27.31,19.06,-203.27,26.79,4.39,-5.19,171082
1.00,0.18,-0.44,-24.94,16.68,-191.79,32.96,98.94,-15.20,171285
0.79,0.61,-0.51,-23.75,4.77,-171.12,54.20,93.93,26.25,171488
0.45,1.08,-0.44,-15.44,-1.19,-152.74,81.60,119.87,62.56,171691
0.17,1.05,-0.50,13.06,-22.64,-134.37,-1.53,28.87,2.81,171894
0.18,1.03,-0.55,11.88,-20.25,-141.26,-18.13,-27.77,-30.58,172097
0.33,0.97,-0.53,2.37,-10.72,-144.70,-52.06,-125.37,-42.11,172300
0.91,0.49,-0.41,-20.19,8.34,-167.67,-67.99,-96.86,-39.06,172503
1.10,0.29,-0.19,-28.50,11.91,-187.20,-11.66,-140.08,45.17,172706
1.26,0.27,-0.04,-27.31,19.06,-199.83,15.14,0.06,19.84,172910
1.18,0.38,-0.05,-24.94,27.40,-199.83,7.32,6.29,-15.75,173113
1.14,0.42,-0.34,-28.50,23.83,-197.53,40.28,98.82,9.70,173316
0.97,0.60,-0.46,-11.88,16.68,-180.30,33.94,106.08,9.95,173519
0.53,0.96,-0.41,-4.75,-1.19,-152.74,66.89,113.16,33.63,173722
0.29,1.02,-0.50,4.75,-17.87,-137.81,28.93,-41.56,-5.25,173925
0.17,1.08,-0.61,13.06,-22.64,-136.66,-20.69,-77.09,-52.25,174128
0.59,1.13,-0.48,-9.50,2.38,-156.19,-74.77,-128.85,-76.42,174331
1.01,0.18,-0.29,-23.75,13.11,-179.16,-59.27,-78.74,-14.10,174534
1.10,0.29,-0.12,-32.06,16.68,-197.53,-16.17,-26.06,21.85,174737
1.19,0.24,-0.04,-33.25,17.87,-198.68,19.78,18.07,-3.36,174941
1.27,0.30,-0.19,-30.88,21.45,-198.68,33.39,-7.45,-22.89,175144
1.10,0.21,-0.19,-33.25,15.49,-190.64,15.32,68.60,2.81,175347
0.89,0.64,-0.55,-23.75,11.91,-181.45,59.14,113.65,23.50,175550
0.37,0.96,-0.52,-14.25,-3.57,-150.45,86.00,146.30,53.83,175753
0.08,0.92,-0.55,3.56,-32.17,-134.37,27.89,-40.59,29.79,175956
-0.05,0.92,-0.57,5.94,-26.21,-135.52,1.71,-36.62,-41.14,176159
0.51,0.86,-0.65,1.19,-4.77,-147.00,-51.94,-97.29,-53.34,176362
0.96,0.63,-0.43,-23.75,13.11,-180.30,-82.03,-103.21,-49.26,176565
1.06,0.32,-0.15,-29.69,14.30,-192.94,-12.08,-62.26,16.36,176768
1.18,0.07,-0.08,-32.06,20.25,-200.98,51.45,-15.32,37.11,176971
1.23,0.42,-0.16,-27.31,25.02,-196.38,9.34,-8.67,-18.80,177174
1.05,0.24,-0.20,-28.50,22.64,-197.53,-8.30,76.84,-26.25,177377
0.81,0.39,-0.40,-28.50,11.91,-178.01,46.69,90.45,24.90,177580
0.70,0.72,-0.49,-19.00,3.57,-171.12,57.74,117.37,32.47,177783
0.26,1.00,-0.55,-8.31,-14.30,-142.41,45.65,51.21,61.77,177986
0.17,0.93,-0.56,8.31,-17.87,-140.11,-4.52,28.81,-11.60,178189
0.20,0.98,-0.58,9.50,-17.87,-136.66,-33.51,-77.82,-62.26,178392
0.94,0.81,-0.51,-7.12,8.34,-164.23,-62.07,-97.96,-33.94,178595
0.99,0.41,-0.33,-24.94,14.30,-186.05,-31.43,-72.27,-26.43,178798
1.18,0.34,0.01,-23.75,11.91,-191.79,-16.85,-33.33,20.57,179001
1.30,0.19,-0.10,-30.88,28.59,-203.27,29.36,10.50,24.54,179204
1.22,0.34,-0.10,-22.56,29.79,-205.57,10.93,21.30,-31.13,179407
1.33,0.42,-0.38,-32.06,15.49,-188.34,25.76,55.11,-23.01,179610
0.89,0.40,-0.45,-27.31,7.15,-180.30,40.89,67.69,10.38,179813
0.65,0.75,-0.54,-23.75,7.15,-169.97,60.18,170.72,30.33,180016
0.27,0.96,-0.42,-4.75,-17.87,-144.70,30.58,93.93,67.99,180219
0.13,0.88,-0.53,3.56,-16.68,-142.41,-1.10,-22.95,-24.41,180422
0.45,0.91,-0.60,0.00,-11.91,-142.41,-28.38,-122.74,-44.68,180625
0.82,0.62,-0.52,-20.19,10.72,-171.12,-68.24,-56.52,-50.35,180828
0.90,0.21,-0.22,-28.50,10.72,-194.09,-49.50,-83.37,16.72,181031
1.10,0.13,0.01,-34.44,9.53,-198.68,63.96,-21.42,45.90,181234
1.22,0.30,-0.22,-26.12,23.83,-194.09,15.81,10.13,-15.87,181437
0.98,0.15,-0.30,-29.69,22.64,-190.64,-0.92,64.21,-27.34,181640
0.92,0.49,-0.50,-24.94,9.53,-184.90,43.64,108.46,13.73,181843
0.56,0.75,-0.51,-16.62,0.00,-159.63,61.89,114.69,36.99,182046
0.30,1.05,-0.50,-5.94,-3.57,-152.74,18.74,119.14,94.06,182250
0.12,0.91,-0.62,10.69,-17.87,-138.96,-1.46,-0.18,-16.05,182453
0.46,1.02,-0.69,5.94,-10.72,-144.70,-31.68,-137.02,-82.40,182656
0.80,0.87,-0.40,-7.12,3.57,-157.34,-74.95,-93.44,-59.39,182859
0.97,0.02,-0.50,-28.50,14.30,-183.75,-16.30,-43.15,4.33,183062
0.97,0.34,-0.20,-32.06,10.72,-192.94,2.93,-21.18,0.37,183265
1.08,0.30,-0.21,-34.44,15.49,-191.79,23.13,-18.80,30.33,183468
1.17,0.40,-0.18,-29.69,22.64,-194.09,9.95,-9.89,-8.36,183671
1.11,0.45,-0.19,-30.88,17.87,-188.34,38.70,22.71,-16.97,183874
1.13,0.51,-0.25,-29.69,14.30,-183.75,13.85,-0.31,-3.48,184077
1.10,0.10,-0.46,-28.50,9.53,-180.30,7.63,131.90,12.39,184280
0.73,0.81,-0.52,-21.37,7.15,-172.27,59.27,162.17,18.62,184483
-0.01,0.66,-0.38,-14.25,-21.45,-142.41,67.02,33.45,75.13,184686
0.23,0.97,-0.60,1.19,-15.49,-141.26,22.28,-116.82,-9.09,184890
0.78,0.99,-0.62,0.00,-3.57,-149.30,-37.60,-101.75,-66.83,185093
0.96,0.73,-0.39,-19.00,9.53,-172.27,-53.71,-84.35,-80.38,185296
0.80,0.24,-0.08,-36.81,3.57,-194.09,-36.13,-74.89,12.27,185499
1.13,0.01,-0.27,-39.19,5.96,-204.42,22.16,-3.60,0.73,185702
0.84,0.12,-0.28,-36.81,4.77,-199.83,33.08,90.33,-4.15,185905
0.86,0.43,-0.44,-30.88,-1.19,-173.41,62.44,73.73,23.93,186108
0.50,0.77,-0.54,-24.94,-2.38,-161.93,53.22,56.95,58.29,186311
0.16,1.33,-0.75,-3.56,-13.11,-142.41,56.27,129.39,135.93,186514
0.05,0.97,-0.58,9.50,-15.49,-140.11,1.95,-24.29,-13.43,186717
0.50,1.04,-0.59,2.37,2.38,-151.59,-37.41,-71.04,-68.36,186920
0.84,0.49,-0.46,-16.62,8.34,-172.27,-65.37,-60.91,-43.46,187123
1.02,0.39,-0.20,-24.94,7.15,-181.45,-37.17,-54.87,16.24,187326
1.15,0.22,-0.31,-32.06,11.91,-195.23,32.47,-13.06,16.60,187529
1.14,0.26,-0.28,-32.06,17.87,-189.49,10.93,34.48,-23.74,187732
1.05,0.45,-0.33,-35.63,8.34,-181.45,40.16,115.23,-10.93,187935
0.66,0.64,-0.55,-24.94,0.00,-160.78,78.06,89.23,10.50,188138
0.23,0.71,-0.54,-10.69,-26.21,-137.81,76.54,95.76,34.97,188341
0.21,0.98,-0.56,-2.37,-32.17,-135.52,-16.78,-121.70,-20.94,188544
0.71,0.87,-0.45,-13.06,-5.96,-153.89,-51.82,-109.56,-45.41,188747
0.83,0.43,-0.47,-23.75,5.96,-161.93,-49.93,-69.64,-26.67,188950
0.97,0.34,-0.25,-35.63,15.49,-188.34,-2.32,-64.94,-7.69,189153
1.09,0.17,-0.14,-35.63,17.87,-202.13,-8.30,13.67,3.05,189356
1.12,0.24,-0.11,-35.63,22.64,-204.42,3.17,5.00,9.95,189559
1.07,0.28,-0.25,-36.81,17.87,-195.23,23.56,74.16,-4.33,189762
0.92,0.43,-0.45,-30.88,4.77,-173.41,35.64,115.60,-4.94,189965
0.70,0.60,-0.44,-29.69,0.00,-165.37,47.18,80.38,27.10,190168
0.38,0.95,-0.64,-11.88,-5.96,-148.15,59.14,28.50,47.24,190371
0.43,1.13,-0.56,1.19,-4.77,-147.00,-13.73,-67.81,-30.15,190574
0.80,0.88,-0.42,-5.94,3.57,-156.19,-69.95,-69.03,-58.72,190777
0.86,0.47,-0.32,-28.50,10.72,-179.16,-22.52,-29.97,-20.14,190980
0.92,0.18,-0.33,-35.63,10.72,-178.01,21.36,-17.40,-15.56,191183
0.96,0.33,-0.32,-34.44,15.49,-182.60,9.28,-27.47,6.59,191386
0.99,0.45,-0.30,-30.88,16.68,-189.49,-7.93,1.95,-0.98,191589
1.02,0.27,-0.32,-32.06,19.06,-188.34,16.60,61.34,0.55,191792
0.83,0.47,-0.42,-30.88,4.77,-168.82,64.70,131.41,0.37,191995
0.46,0.77,-0.58,-14.25,-14.30,-144.70,57.50,71.66,44.49,192198
0.05,1.07,-0.58,-3.56,-22.64,-136.66,40.47,20.51,19.96,192401
1.22,1.21,-0.35,5.94,-1.19,-149.30,-34.48,-176.76,-45.47,192604
0.79,0.74,-0.58,-16.62,11.91,-163.08,-38.33,-4.39,-61.46,192807
0.93,0.41,-0.49,-27.31,10.72,-165.37,-4.94,-35.10,-12.33,193010
1.03,0.41,-0.27,-27.31,17.87,-176.86,0.18,-33.26,10.50,193213
0.96,0.42,-0.37,-27.31,21.45,-182.60,3.42,-1.46,-8.42,193416
0.75,0.27,-0.40,-32.06,15.49,-180.30,24.66,44.98,-10.50,193619
0.83,0.41,-0.57,-32.06,2.38,-164.23,18.62,84.35,-0.37,193822
0.52,0.75,-0.55,-26.12,-9.53,-156.19,53.71,41.20,39.49,194025
0.41,1.02,-0.65,-11.88,-11.91,-144.70,107.60,96.86,81.67,194228
0.31,1.12,-0.63,7.12,-10.72,-141.26,-15.81,-37.29,-29.48,194431
0.77,0.89,-0.51,0.00,-3.57,-149.30,-74.83,-56.03,-57.31,194634
0.99,0.40,-0.38,-23.75,9.53,-172.27,-35.03,-78.31,-7.81,194837
1.09,0.36,-0.19,-33.25,16.68,-186.05,-8.67,-38.64,-3.54,195040
1.05,0.26,-0.23,-36.81,19.06,-190.64,11.84,2.20,-11.72,195243
1.03,0.27,-0.27,-33.25,19.06,-192.94,1.10,10.68,-3.54,195446
0.94,0.20,-0.33,-34.44,17.87,-189.49,43.03,83.68,5.80,195649
0.81,0.69,-0.54,-21.37,-1.19,-165.37,66.96,98.27,20.94,195852
0.63,0.88,-0.56,-5.94,-2.38,-150.45,71.66,88.99,48.28,196055
0.55,1.13,-0.59,7.12,-9.53,-141.26,-9.09,-45.90,-30.21,196258
0.52,0.85,-0.68,0.00,-5.96,-149.30,-25.70,-16.30,-47.55,196461
0.60,0.69,-0.53,-14.25,1.19,-155.04,-48.52,-60.24,-24.96,196664
0.91,0.46,-0.44,-21.37,4.77,-163.08,-31.98,-56.03,-26.55,196867
0.87,0.38,-0.35,-32.06,11.91,-180.30,5.98,-18.43,6.16,197070
0.92,0.26,-0.36,-34.44,17.87,-186.05,1.40,10.19,-7.57,197273
0.97,0.40,-0.30,-34.44,16.68,-182.60,-0.24,11.11,-4.09,197476
0.87,0.19,-0.47,-35.63,14.30,-182.60,13.43,17.94,-0.79,197679
0.82,0.45,-0.45,-34.44,7.15,-176.86,51.21,99.37,6.04,197882
0.33,0.69,-0.61,-23.75,-5.96,-157.34,50.17,29.72,46.14,198085
0.50,0.98,-0.47,-1.19,3.57,-155.04,15.93,12.02,85.94,198288
0.24,1.01,-0.59,3.56,-3.57,-149.30,-22.16,-88.93,-57.50,198491
0.76,0.57,-0.55,-13.06,4.77,-158.48,-61.22,-38.64,-59.02,198694
0.88,0.31,-0.33,-26.12,4.77,-183.75,-43.76,-72.75,-18.74,198897
0.85,0.21,-0.25,-34.44,4.77,-192.94,-7.08,14.89,-17.82,199100
0.92,0.10,-0.25,-41.56,9.53,-196.38,37.60,-36.93,27.95,199303
1.03,0.22,-0.30,-34.44,11.91,-195.23,7.32,22.95,-6.77,199506
0.91,0.17,-0.33,-40.38,9.53,-191.79,45.41,57.98,-23.74,199709
0.62,0.43,-0.44,-34.44,-2.38,-172.27,41.32,99.98,1.89,199912
0.51,0.67,-0.57,-32.06,-8.34,-163.08,62.93,72.08,50.54,200115
0.30,0.82,-0.64,-11.88,-13.11,-145.85,68.05,44.31,78.86,200318
0.36,1.07,-0.62,-1.19,-11.91,-142.41,-31.07,-70.74,-47.30,200521
0.49,0.43,-0.69,-9.50,-4.77,-150.45,-72.81,-40.83,-54.14,200724
0.54,0.33,-0.38,-35.63,-3.57,-172.27,-53.71,-22.52,-12.57,200927
0.70,0.14,-0.31,-43.94,0.00,-188.34,2.99,-4.76,14.47,201130
0.83,0.01,-0.32,-40.38,3.57,-187.20,16.72,-15.50,17.40,201333
0.82,0.15,-0.31,-36.81,7.15,-186.05,30.88,3.78,9.46,201536
0.81,0.17,-0.43,-33.25,1.19,-178.01,27.04,66.22,6.84,201739
0.63,0.57,-0.56,-28.50,-2.38,-172.27,51.57,67.08,17.40,201942
0.43,0.97,-0.64,-13.06,-7.15,-150.45,72.39,45.90,61.83,202145
-0.06,0.91,-0.64,-2.37,-11.91,-143.55,41.81,1.95,68.85,202348
0.12,0.96,-0.56,10.69,-15.49,-141.26,-12.76,-45.23,-35.89,202551
0.62,0.76,-0.60,-5.94,-4.77,-151.59,-42.05,-89.54,-71.23,202754
0.68,0.63,-0.50,-16.62,0.00,-158.48,-58.96,-51.82,-44.13,202957
0.64,0.32,-0.29,-34.44,-1.19,-175.71,-43.27,-25.33,2.38,203160
0.83,0.03,-0.30,-42.75,3.57,-189.49,7.69,6.29,6.35,203363
0.81,0.10,-0.28,-39.19,5.96,-189.49,16.11,-10.68,16.54,203566
0.93,0.28,-0.33,-33.25,11.91,-188.34,20.26,-4.88,-6.23,203769
0.89,0.30,-0.37,-36.81,9.53,-184.90,25.45,7.87,-8.67,203972
0