=~=~=~=~=~=~=~=~=~=~=~= PuTTY log 2020.09.05 13:08:38 =~=~=~=~=~=~=~=~=~=~=~=
0.99,0.82,-0.47,17.81,63.14,-122.88,-47.36,25.82,-12.21,107735
0.86,0.70,-0.34,7.12,58.38,-114.84,-28.81,39.86,12.57,107938
0.90,0.64,-0.46,8.31,59.57,-111.40,22.77,-17.82,1.16,108141
0.92,0.69,-0.50,10.69,61.95,-114.84,14.22,5.00,-1.83,108344
0.93,0.71,-0.49,10.69,59.57,-117.14,5.13,0.73,2.14,108547
0.93,0.72,-0.47,14.25,60.76,-118.29,6.77,5.13,-1.59,108750
0.93,0.71,-0.48,9.50,60.76,-113.70,4.64,4.58,0.67,108953
0.93,0.72,-0.48,11.88,57.19,-114.84,4.94,5.25,1.59,109156
0.93,0.72,-0.48,13.06,58.38,-115.99,7.75,6.10,-1.53,109359
0.93,0.72,-0.48,11.88,59.57,-115.99,3.17,3.30,-0.49,109562
0.91,0.72,-0.49,13.06,60.76,-117.14,4.64,4.21,0.61,109765
0.91,0.72,-0.48,14.25,58.38,-113.70,5.80,3.85,0.24,109968
0.92,0.73,-0.49,14.25,60.76,-114.84,5.07,2.14,0.06,110171
0.90,0.69,-0.48,11.88,60.76,-113.70,9.16,2.44,-2.20,110374
0.82,0.75,-0.48,10.69,59.57,-112.55,23.19,-5.74,-9.40,110577
0.91,0.66,-0.56,10.69,54.80,-112.55,6.04,-3.72,-3.78,110780
0.77,0.28,-0.56,11.88,59.57,-115.99,-16.36,39.98,-36.25,110983
0.73,0.64,-0.38,0.00,47.66,-98.77,52.25,144.41,1.40,111186
0.39,1.36,-0.47,11.88,33.36,-84.98,66.89,11.41,87.10,111389
0.19,1.11,-0.60,39.19,17.87,-84.98,4.58,-9.70,-8.54,111592
0.10,1.20,-0.52,38.00,23.83,-88.43,-25.63,-89.05,-58.96,111795
0.63,0.89,-0.69,24.94,40.51,-94.17,-76.97,-43.88,-52.98,111998
0.89,0.31,-0.41,-5.94,57.19,-111.40,-45.90,-23.74,-6.16,112201
0.94,0.28,-0.40,0.00,66.72,-121.73,41.81,-26.79,44.80,112404
1.02,0.50,-0.35,3.56,69.10,-129.77,-9.95,-12.02,-3.23,112607
1.05,0.50,-0.31,2.37,69.10,-133.22,16.48,-0.18,-20.39,112810
1.18,-0.25,-0.50,-7.12,67.91,-136.66,-46.81,186.10,-77.21,113013
0.81,0.83,-0.25,-16.62,59.57,-118.29,105.22,171.08,75.38,113216
0.26,1.13,-0.50,24.94,29.79,-86.13,55.73,38.88,99.49,113419
0.25,0.96,-0.59,30.88,25.02,-88.43,13.73,-16.54,0.12,113622
0.42,1.18,-0.55,33.25,26.21,-88.43,-42.05,-131.90,-72.45,113825
0.78,0.68,-0.52,2.37,52.42,-99.91,-68.91,-60.30,-42.30,114028
0.99,0.36,-0.24,-8.31,57.19,-111.40,-17.40,-74.28,30.09,114231
1.19,0.27,-0.30,3.56,67.91,-132.07,32.59,-58.84,45.84,114434
1.19,0.58,-0.23,11.88,69.10,-138.96,-2.38,10.13,-12.76,114637
1.10,0.50,-0.16,9.50,65.53,-140.11,11.29,-4.33,-19.10,114840
1.31,-0.01,-0.43,0.00,70.29,-142.41,-22.34,74.71,-66.35,115043
0.82,0.61,-0.34,-4.75,51.23,-103.36,106.87,137.27,44.74,115246
0.24,1.54,-0.55,20.19,34.55,-89.58,65.49,160.71,109.80,115449
0.06,1.01,-0.59,40.38,17.87,-84.98,17.88,46.02,8.06,115652
0.13,1.08,-0.56,39.19,16.68,-83.84,-9.95,26.37,-18.07,115855
0.56,1.19,-0.47,33.25,17.87,-83.84,-68.36,-167.18,-77.76,116058
0.72,0.77,-0.61,4.75,50.04,-101.06,-77.39,-88.99,-24.78,116261
1.15,0.40,-0.30,-2.37,60.76,-113.70,0.67,-70.74,17.21,116464
1.18,0.35,-0.21,3.56,69.10,-136.66,28.50,-36.68,41.93,116667
1.26,0.64,-0.18,15.44,72.68,-145.85,-0.98,0.37,-13.12,116870
1.31,0.50,-0.01,13.06,71.48,-147.00,12.57,-47.06,-24.11,117073
1.26,0.13,-0.23,1.19,70.29,-155.04,-3.60,95.09,-43.33,117276
1.09,0.66,-0.12,1.19,63.14,-115.99,82.58,154.66,23.80,117479
0.45,1.24,-0.44,14.25,41.70,-95.32,86.73,125.92,73.43,117682
0.04,1.05,-0.65,38.00,19.06,-86.13,7.75,-52.25,-26.61,117885
0.24,1.02,-0.64,40.38,23.83,-87.28,4.39,-0.18,1.95,118088
0.23,1.06,-0.57,40.38,20.25,-87.28,-3.17,-6.10,-15.01,118291
0.59,1.18,-0.50,29.69,39.32,-93.02,-51.45,-143.07,-84.72,118494
0.90,0.59,-0.47,14.25,52.42,-103.36,-57.19,-68.66,-36.87,118697
1.16,0.36,-0.27,-3.56,63.14,-124.03,-10.99,-41.20,10.93,118900
1.18,0.32,-0.33,5.94,67.91,-135.52,34.24,-62.07,36.50,119103
1.27,0.65,-0.22,11.88,70.29,-141.26,3.85,-2.56,-8.30,119306
1.17,0.54,-0.18,5.94,66.72,-143.55,13.00,4.58,-13.18,119509
1.16,0.01,-0.41,1.19,69.10,-138.96,-31.43,105.65,-30.46,119712
1.16,0.81,-0.24,-3.56,65.53,-125.18,85.51,173.58,27.77,119915
0.28,1.30,-0.52,22.56,35.74,-89.58,118.84,19.47,126.28,120118
0.54,0.98,-0.57,41.56,28.59,-90.73,14.40,-25.02,-11.90,120321
0.36,1.08,-0.63,40.38,29.79,-91.87,9.03,19.59,10.86,120524
0.46,1.20,-0.50,39.19,34.55,-95.32,-31.37,-164.73,-57.86,120727
0.90,0.68,-0.49,23.75,52.42,-104.51,-88.38,-48.46,-71.04,120930
0.98,0.17,-0.26,-7.12,61.95,-121.73,-6.65,-41.75,16.48,121133
1.13,0.29,-0.29,2.37,69.10,-135.52,24.35,-19.10,43.15,121336
1.22,0.57,-0.21,8.31,71.48,-135.52,-13.24,13.67,3.05,121539
1.19,0.46,-0.21,8.31,67.91,-138.96,14.53,-11.90,-37.90,121742
1.01,0.13,-0.34,-2.37,70.29,-137.81,20.20,44.68,-48.46,121945
0.86,0.49,-0.49,-5.94,64.34,-128.62,71.04,154.05,27.40,122148
0.49,1.12,-0.49,14.25,33.36,-89.58,87.71,100.83,79.16,122351
0.02,0.98,-0.55,30.88,22.64,-83.84,9.03,-13.85,-11.90,122554
0.14,0.95,-0.58,35.63,19.06,-82.69,7.45,-10.99,-6.77,122757
0.39,1.01,-0.60,33.25,21.45,-86.13,-16.05,-79.35,-54.38,122960
0.66,0.89,-0.56,26.12,35.74,-90.73,-86.36,-43.03,-69.21,123163
0.91,0.26,-0.33,-5.94,54.80,-107.95,-34.36,-83.62,22.03,123366
1.05,0.42,-0.52,0.00,67.91,-129.77,43.15,-32.35,32.10,123569
1.14,0.59,-0.31,5.94,69.10,-136.66,10.86,11.96,13.24,123772
1.21,0.63,-0.24,9.50,70.29,-135.52,11.05,-10.01,-8.85,123975
1.11,0.27,-0.47,4.75,70.29,-138.96,-26.18,107.67,-24.78,124178
1.03,0.59,-0.45,3.56,64.34,-122.88,63.11,167.36,8.91,124381
0.46,1.21,-0.51,16.62,35.74,-91.87,90.88,97.35,73.18,124584
-0.04,1.02,-0.59,32.06,25.02,-86.13,5.98,-23.25,-27.04,124787
0.17,1.06,-0.61,42.75,20.25,-86.13,4.39,-0.43,4.94,124990
0.15,1.18,-0.41,38.00,26.21,-89.58,-32.65,-112.61,-57.62,125193
0.78,0.84,-0.47,27.31,41.70,-96.47,-82.82,-52.12,-58.78,125396
0.93,0.21,-0.50,-1.19,57.19,-111.40,-8.36,-56.03,11.35,125599
1.04,0.47,-0.38,5.94,65.53,-122.88,42.48,-20.32,17.58,125802
1.14,0.57,-0.36,10.69,65.53,-128.62,8.91,-11.96,6.47,126005
1.11,0.45,-0.33,7.12,67.91,-130.92,-0.67,7.81,-16.66,126208
1.01,0.18,-0.50,-1.19,64.34,-119.44,15.08,99.91,-26.25,126411
0.59,0.97,-0.56,5.94,54.80,-106.80,83.07,117.00,54.99,126614
0.20,1.13,-0.37,33.25,28.59,-88.43,34.67,17.94,91.06,126817
0.23,1.03,-0.62,40.38,26.21,-89.58,5.25,50.78,-1.46,127020
0.24,1.11,-0.57,38.00,25.02,-89.58,-9.52,-100.77,-33.45,127223
0.77,1.04,-0.60,22.56,47.66,-102.21,-61.71,-54.75,-60.49,127426
0.88,0.56,-0.47,9.50,53.61,-107.95,-28.63,-22.64,-28.14,127629
0.99,0.43,-0.36,1.19,64.34,-118.29,13.06,-50.60,41.38,127832
1.12,0.60,-0.34,10.69,69.10,-133.22,9.89,8.42,23.93,128035
1.14,0.69,-0.28,14.25,67.91,-132.07,2.75,-9.22,-8.97,128238
1.18,0.38,-0.52,13.06,66.72,-133.22,-1.59,58.23,-46.20,128441
0.98,0.47,-0.52,-2.37,59.57,-112.55,43.95,117.74,3.78,128644
0.32,1.16,-0.31,5.94,45.27,-96.47,93.99,199.16,64.76,128847
-0.03,1.00,-0.52,30.88,13.11,-81.54,3.54,-32.29,-14.89,129050
0.17,0.97,-0.67,29.69,16.68,-81.54,15.93,-9.22,4.46,129253
0.40,1.13,-0.46,33.25,20.25,-87.28,-35.16,-227.84,-60.97,129456
0.75,0.62,-0.53,7.12,51.23,-99.91,-83.44,-84.53,-36.87,129659
0.89,0.36,-0.32,-2.37,58.38,-112.55,-28.63,-36.19,4.52,129862
1.08,0.25,-0.28,-5.94,64.34,-124.03,29.24,-55.24,57.68,130065
1.18,0.59,-0.31,8.31,69.10,-128.62,7.57,3.17,6.41,130268
1.11,0.56,-0.32,10.69,67.91,-132.07,16.36,-15.99,-10.68,130471
1.11,0.32,-0.36,2.37,70.29,-136.66,3.05,0.00,-42.42,130674
1.08,0.52,-0.38,0.00,64.34,-125.18,62.93,151.86,27.22,130877
0.58,1.05,-0.53,10.69,53.61,-102.21,87.59,127.99,58.35,131080
0.33,1.01,-0.55,36.81,23.83,-84.98,19.23,27.59,19.41,131283
0.15,1.03,-0.62,39.19,22.64,-84.98,9.89,0.31,-5.92,131486
0.32,1.09,-0.63,38.00,21.45,-87.28,-20.87,-95.15,-48.22,131689
0.87,0.94,-0.45,19.00,54.80,-107.95,-80.26,-66.35,-70.68,131892
1.14,0.53,-0.21,1.19,63.14,-114.84,-32.10,-41.93,-7.32,132095
1.19,0.43,-0.27,-3.56,65.53,-130.92,27.34,-26.86,49.07,132298
1.14,0.42,-0.28,13.06,71.48,-136.66,14.22,4.52,19.59,132501
1.20,0.65,-0.19,16.62,69.10,-140.11,-3.36,-6.10,-10.93,132704
1.23,0.33,-0.29,11.88,71.48,-141.26,14.28,-9.46,-36.87,132907
1.06,0.32,-0.33,-2.37,66.72,-129.77,39.79,140.87,-13.49,133110
0.60,1.14,-0.56,4.75,57.19,-107.95,90.03,193.97,71.90,133313
0.02,1.08,-0.57,34.44,23.83,-83.84,34.30,-22.03,35.03,133516
0.22,1.06,-0.61,39.19,23.83,-89.58,9.46,24.23,-6.10,133719
0.14,1.12,-0.51,38.00,19.06,-88.43,-13.00,-78.98,-28.44,133922
0.78,1.09,-0.55,28.50,47.66,-101.06,-67.38,-84.41,-55.60,134125
1.14,0.65,-0.46,15.44,58.38,-110.25,-19.96,-67.93,12.15,134328
1.19,0.52,-0.33,13.06,66.72,-128.62,30.15,-40.71,34.61,134531
1.17,0.61,-0.23,27.31,67.91,-137.81,16.05,-7.45,14.71,134734
1.23,0.85,-0.20,26.12,66.72,-141.26,9.28,7.69,-10.07,134937
1.52,0.50,-0.26,23.75,69.10,-143.55,-5.37,-43.40,-48.28,135140
1.33,0.60,-0.31,9.50,66.72,-134.37,36.38,123.60,4.94,135343
0.58,1.37,-0.25,16.62,58.38,-113.70,88.68,165.47,91.31,135546
0.38,1.07,-0.51,43.94,26.21,-95.32,4.64,-15.75,-14.34,135749
0.28,1.11,-0.60,41.56,29.79,-95.32,15.44,-5.31,5.62,135952
0.32,1.27,-0.51,47.50,26.21,-95.32,-28.63,-137.27,-53.96,136155
0.81,1.14,-0.46,22.56,52.42,-105.66,-71.53,-56.70,-58.59,136358
1.06,0.58,-0.38,13.06,59.57,-111.40,-15.63,-63.54,-0.24,136561
1.22,0.50,-0.29,10.69,65.53,-128.62,13.49,-35.77,37.05,136764
1.19,0.67,-0.22,23.75,67.91,-137.81,13.37,3.54,29.85,136967
1.22,0.75,-0.23,26.12,66.72,-136.66,7.02,6.04,-12.82,137170
1.43,-0.11,-0.54,19.00,69.10,-136.66,-38.21,67.44,-79.41,137373
0.86,0.93,-0.25,4.75,54.80,-107.95,101.56,131.96,34.12,137576
0.08,1.45,-0.39,24.94,35.74,-93.02,63.60,114.26,111.15,137779
0.09,1.06,-0.55,45.12,20.25,-88.43,16.78,3.23,0.85,137982
0.10,1.19,-0.52,45.12,22.64,-88.43,-17.15,-55.30,-28.56,138185
0.67,1.06,-0.50,34.44,38.13,-94.17,-63.48,-65.67,-75.62,138388
0.99,0.65,-0.46,9.50,54.80,-113.70,-7.32,-92.71,-23.07,138591
1.10,0.53,-0.43,4.75,61.95,-120.59,3.60,-50.78,41.81,138794
1.09,0.53,-0.29,14.25,66.72,-135.52,10.25,-4.46,21.67,138997
1.19,0.70,-0.26,21.37,69.10,-135.52,-0.12,-8.48,-5.19,139200
1.14,0.52,-0.42,20.19,67.91,-137.81,13.06,1.83,-47.97,139403
1.14,0.49,-0.48,4.75,67.91,-127.48,30.76,133.06,1.40,139606
0.59,1.23,-0.49,22.56,42.89,-94.17,89.11,116.58,87.52,139809
0.24,1.08,-0.52,38.00,30.98,-93.02,-4.15,13.49,-25.21,140012
0.36,1.04,-0.60,40.38,29.79,-96.47,3.11,11.47,2.81,140215
0.81,1.17,-0.43,41.56,30.98,-91.87,-50.42,-140.26,-87.83,140418
0.95,0.69,-0.48,16.62,54.80,-109.10,-55.66,-52.19,-42.66,140621
1.00,0.35,-0.30,1.19,63.14,-126.33,0.55,-91.06,21.48,140824
1.23,0.45,-0.22,3.56,66.72,-137.81,22.40,-19.47,29.24,141027
1.31,0.62,-0.22,14.25,69.10,-142.41,-7.08,8.18,-2.99,141230
1.23,0.45,-0.29,10.69,72.68,-143.55,2.50,28.75,-25.88,141433
1.25,0.44,-0.43,7.12,67.91,-138.96,13.79,145.26,0.49,141636
0.79,0.92,-0.50,11.88,53.61,-105.66,56.95,120.06,69.21,141839
0.15,1.07,-0.50,35.63,21.45,-87.28,19.96,47.73,58.47,142042
0.14,0.91,-0.61,36.81,20.25,-87.28,5.92,-9.77,-6.41,142245
0.33,1.06,-0.54,34.44,21.45,-84.98,-29.42,-66.83,-61.83,142448
0.75,0.83,-0.50,14.25,50.04,-101.06,-51.82,-67.44,-45.41,142651
1.12,0.46,-0.52,5.94,59.57,-112.55,12.51,-90.21,45.47,142854
1.18,0.39,-0.35,20.19,67.91,-137.81,26.98,-5.62,23.13,143057
1.27,0.75,-0.20,23.75,67.91,-138.96,-3.72,-4.70,-0.18,143260
1.23,0.66,-0.30,21.37,71.48,-140.11,29.05,15.20,-47.30,143463
1.00,-0.01,-0.40,3.56,65.53,-129.77,-31.98,125.79,-52.80,143666
0.69,1.23,-0.48,-1.19,54.80,-111.40,109.50,160.52,73.00,143869
0.27,0.83,-0.47,33.25,22.64,-84.98,-5.00,-59.08,-24.05,144072
0.27,0.94,-0.58,34.44,27.40,-88.43,9.52,-9.09,1.46,144275
0.37,1.04,-0.54,33.25,30.98,-90.73,-19.59,-19.04,-70.80,144478
0.64,0.87,-0.56,11.88,44.08,-95.32,-62.01,-63.23,-49.01,144681
0.96,0.27,-0.56,-3.56,60.76,-114.84,11.29,-54.81,19.41,144884
0.99,0.49,-0.34,0.00,63.14,-119.44,-5.92,-21.67,14.34,145087
1.11,0.53,-0.38,4.75,67.91,-132.07,6.71,-3.72,10.50,145290
1.11,0.64,-0.30,8.31,65.53,-132.07,5.31,8.61,4.52,145493
0.96,0.18,-0.47,7.12,65.53,-130.92,0.12,-35.22,-19.96,145696
0.93,0.21,-0.31,-9.50,61.95,-119.44,15.99,129.21,-33.33,145899
0.33,1.37,-0.46,-4.75,50.04,-99.91,139.59,101.50,130.43,146102
0.19,0.86,-0.54,32.06,25.02,-89.58,2.20,-14.47,-3.36,146305
0.23,0.92,-0.59,30.88,23.83,-84.98,1.04,-17.64,-13.24,146508
0.81,1.00,-0.49,23.75,36.93,-94.17,-77.03,-74.34,-78.67,146711
1.16,0.49,-0.36,-4.75,60.76,-119.44,-31.68,-73.49,-11.41,146914
1.10,0.25,-0.19,-1.19,69.10,-134.37,0.98,-28.08,39.73,147117
1.08,0.32,-0.20,3.56,69.10,-135.52,21.97,-17.03,19.41,147320
1.21,0.55,-0.24,8.31,67.91,-137.81,3.66,0.61,-7.26,147523
1.14,0.43,-0.12,7.12,69.10,-136.66,52.49,-2.38,-20.39,147726
1.19,0.00,-0.73,2.37,69.10,-136.66,2.69,174.13,-22.34,147929
0.59,1.01,-0.45,7.12,40.51,-94.17,98.63,175.60,71.17,148132
0.57,0.77,-0.44,26.12,25.02,-83.84,-0.43,-1.16,-40.59,148335
0.34,0.98,-0.56,34.44,23.83,-88.43,8.24,-8.12,-6.90,148538
0.23,1.06,-0.60,33.25,23.83,-87.28,-8.24,-1.34,-4.03,148741
0.84,0.93,-0.40,24.94,39.32,-95.32,-57.86,-44.56,-55.48,148944
1.02,0.53,-0.54,7.12,57.19,-111.40,2.56,-72.81,18.07,149147
1.18,0.46,-0.36,16.62,66.72,-132.07,8.79,-43.09,25.39,149350
1.20,0.62,-0.27,20.19,69.10,-135.52,1.22,4.94,15.20,149553
1.26,0.69,-0.23,22.56,65.53,-137.81,5.98,-82.89,-22.46,149756
1.06,0.17,-0.18,15.44,69.10,-148.15,22.16,75.87,-53.53,149959
0.89,0.46,-0.54,0.00,65.53,-118.29,70.31,182.07,13.61,150162
0.30,1.57,-0.50,27.31,25.02,-84.98,76.72,-10.31,121.03,150365
0.34,0.92,-0.62,35.63,20.25,-86.13,4.21,23.25,-12.82,150568
0.27,0.94,-0.55,33.25,21.45,-84.98,-2.75,-36.19,-25.02,150771
0.98,0.89,-0.49,19.00,56.00,-106.80,-54.99,-36.93,-77.15,150974
1.24,0.62,-0.17,3.56,60.76,-117.14,-32.41,-63.23,-21.85,151177
1.14,0.31,-0.29,1.19,67.91,-134.37,36.44,-69.89,32.29,151380
1.17,0.44,-0.15,9.50,71.48,-150.45,15.38,20.87,17.09,151583
1.31,0.61,-0.06,9.50,67.91,-147.00,-1.59,-7.87,4.15,151786
1.34,0.44,-0.11,13.06,71.48,-149.30,17.27,-24.41,-22.28,151989
1.02,-0.12,-0.24,8.31,70.29,-157.34,-10.01,171.02,-29.66,152192
0.79,0.77,-0.39,-2.37,65.53,-122.88,76.23,215.70,82.64,152395
0.49,1.10,-0.32,34.44,22.64,-87.28,29.05,30.46,73.06,152598
0.14,0.94,-0.61,36.81,21.45,-87.28,10.38,-0.55,-14.04,152801
0.21,0.98,-0.61,35.63,19.06,-83.84,-2.32,-15.63,-28.50,153004
0.83,1.05,-0.49,20.19,46.46,-97.62,-64.27,-78.37,-94.12,153207
0.78,0.45,-0.46,5.94,51.23,-101.06,-42.30,-73.55,-16.97,153410
1.09,0.37,-0.33,-2.37,63.14,-125.18,-11.54,-71.59,56.52,153613
1.17,0.40,-0.23,11.88,69.10,-138.96,9.77,19.23,23.25,153816
1.19,0.59,-0.19,14.25,69.10,-138.96,0.79,-0.55,-0.85,154019
1.27,0.40,-0.17,13.06,72.68,-142.41,25.02,-37.41,-30.27,154222
1.04,-0.08,-0.23,4.75,70.29,-145.85,1.65,143.31,-48.34,154425
0.66,1.08,-0.50,-2.37,53.61,-105.66,103.03,171.87,60.85,154628
0.51,1.05,-0.51,30.88,19.06,-81.54,32.96,-63.23,51.33,154831
0.25,0.88,-0.63,34.44,17.87,-83.84,11.11,-8.48,-9.89,155034
0.19,0.98,-0.54,34.44,15.49,-84.98,-3.48,-19.29,-17.03,155237
0.72,1.22,-0.42,20.19,38.13,-94.17,-71.96,-132.14,-86.85,155440
0.96,0.42,-0.52,7.12,50.04,-102.21,-30.58,-66.83,-34.73,155643
1.08,0.42,-0.39,0.00,63.14,-120.59,14.65,-59.27,46.51,155846
1.18,0.44,-0.25,14.25,67.91,-138.96,19.41,-18.01,34.91,156049
1.23,0.66,-0.22,20.19,70.29,-142.41,12.39,-1.89,-14.59,156252
1.31,0.37,-0.26,13.06,71.48,-145.85,13.67,32.71,-40.16,156455
1.17,0.37,-0.51,5.94,67.91,-136.66,14.47,174.87,-28.38,156658
0.42,1.29,-0.55,7.12,45.27,-95.32,82.89,128.85,77.15,156861
0.17,1.03,-0.52,33.25,22.64,-89.58,31.25,-44.92,38.15,157064
0.23,1.02,-0.63,36.81,28.59,-88.43,-6.77,-39.55,-38.76,157267
0.70,0.95,-0.49,24.94,40.51,-91.87,-57.01,-36.32,-67.20,157470
0.94,0.56,-0.50,4.75,56.00,-106.80,-39.86,-83.01,-8.00,157673
1.06,0.35,-0.34,-1.19,63.14,-118.29,0.49,-26.12,32.29,157876
1.09,0.42,-0.33,8.31,66.72,-130.92,32.10,-25.76,32.17,158079
1.26,0.67,-0.25,17.81,66.72,-136.66,5.68,-2.69,-9.52,158282
1.36,0.22,-0.36,14.25,71.48,-138.96,-5.74,27.89,-71.47,158485
1.10,0.54,-0.36,-2.37,65.53,-121.73,46.51,134.58,13.98,158688
0.52,1.15,-0.43,3.56,52.42,-102.21,99.24,113.83,75.56,158891
0.21,0.90,-0.58,28.50,29.79,-89.58,18.43,6.04,25.39,159094
0.48,1.04,-0.58,32.06,30.98,-90.73,-9.58,-26.43,-52.92,159297
0.74,0.90,-0.53,28.50,36.93,-93.02,-59.81,-48.10,-74.40,159500
0.95,0.48,-0.45,-2.37,54.80,-106.80,-57.56,-74.71,-20.45,159703
1.03,0.25,-0.30,-7.12,67.91,-130.92,4.88,-39.61,43.33,159906
1.23,0.40,-0.16,-3.56,69.10,-136.66,36.80,-2.75,36.56,160109
1.33,0.55,-0.23,11.88,71.48,-141.26,-0.55,61.22,9.34,160312
0.92,0.47,-0.47,14.25,60.76,-117.14,-1.34,45.59,-17.15,160515
0.78,0.25,-0.57,8.31,58.38,-112.55,34.24,128.66,-36.32,160718
0.58,0.71,-0.65,3.56,34.55,-87.28,44.74,59.88,10.01,160921
0.08,1.08,-0.42,10.69,29.79,-80.39,75.81,-27.53,62.56,161124
0.20,0.96,-0.47,34.44,15.49,-81.54,-6.29,19.47,9.89,161327
0.26,1.10,-0.51,29.69,22.64,-83.84,-23.32,-108.76,-63.29,161530
0.74,0.73,-0.44,20.19,41.70,-93.02,-56.76,-159.55,-48.46,161733
1.26,0.46,-0.20,-4.75,66.72,-125.18,-11.90,-80.20,29.36,161936
1.32,0.38,-0.10,11.88,70.29,-148.15,16.85,-60.06,61.16,162139
1.36,0.68,-0.07,20.19,69.10,-153.89,-4.03,7.69,-13.37,162342
1.31,0.52,-0.00,17.81,71.48,-157.34,31.43,-15.01,-25.02,162545
1.27,0.14,-0.36,4.75,69.10,-134.37,-5.92,169.98,-46.26,162748
0.73,1.03,-0.49,1.19,58.38,-109.10,87.59,177.61,76.05,162951
0.28,0.74,-0.49,35.63,17.87,-86.13,3.54,-47.79,-30.46,163154
0.16,0.95,-0.59,34.44,19.06,-83.84,4.88,14.04,-5.74,163357
0.30,1.01,-0.46,34.44,21.45,-84.98,-3.48,-193.05,-39.25,163560
0.81,0.99,-0.64,22.56,51.23,-105.66,-60.97,-53.53,-61.83,163763
1.20,0.55,-0.27,10.69,59.57,-114.84,16.60,-112.12,25.02,163966
1.40,0.51,-0.20,15.44,66.72,-138.96,23.62,-80.99,46.57,164169
1.32,0.64,-0.04,28.50,69.10,-153.89,-20.02,24.96,-5.13,164372
1.28,0.66,-0.07,26.12,70.29,-151.59,21.24,-0.98,-13.49,164575
0.76,0.10,-0.38,15.44,69.10,-141.26,-33.57,325.81,-109.62,164778
0.60,0.89,-0.63,3.56,35.74,-87.28,83.37,143.49,24.17,164981
0.13,1.38,-0.35,19.00,25.02,-81.54,84.78,64.82,114.56,165184
0.13,0.99,-0.56,36.81,13.11,-84.98,11.11,17.40,-9.03,165387
0.10,1.07,-0.54,36.81,14.30,-84.98,-31.74,-62.44,-38.51,165590
0.49,0.88,-0.53,26.12,33.36,-89.58,-81.54,-69.58,-52.92,165793
1.00,0.28,-0.52,0.00,57.19,-107.95,1.89,-94.54,-2.20,165996
1.14,0.43,-0.32,1.19,64.34,-121.73,10.99,-77.03,47.30,166199
1.21,0.53,-0.21,17.81,70.29,-140.11,5.19,-13.31,19.71,166402
1.22,0.46,-0.18,17.81,70.29,-141.26,8.48,-27.65,-27.71,166605
1.13,0.08,-0.54,11.88,71.48,-145.85,1.46,181.82,-66.35,166808
0.66,0.95,-0.46,0.00,41.70,-96.47,130.86,159.61,55.79,167011
0.43,1.06,-0.42,38.00,20.25,-86.13,11.11,8.97,48.95,167214
0.04,1.00,-0.56,34.44,19.06,-86.13,6.77,28.44,-8.00,167417
0.33,1.01,-0.59,33.25,22.64,-86.13,-16.91,-0.73,-47.91,167620
0.37,1.09,-0.51,27.31,25.02,-83.84,-88.62,-114.56,-43.15,167823
0.80,0.56,-0.34,1.19,48.85,-97.62,-66.53,-75.68,15.87,168026
1.14,0.29,-0.42,0.00,63.14,-120.59,47.06,-55.42,69.46,168229
1.12,0.41,-0.21,10.69,66.72,-127.48,-2.56,9.95,21.24,168432
1.16,0.56,-0.23,21.37,67.91,-134.37,8.36,17.27,-22.58,168635
1.26,0.26,-0.37,7.12,65.53,-127.48,-35.46,82.70,-80.81,168838
0.90,0.39,-0.39,-5.94,63.14,-117.14,90.33,146.00,-32.47,169041
0.38,1.17,-0.41,7.12,34.55,-84.98,125.49,115.30,104.37,169244
0.26,1.02,-0.45,33.25,13.11,-81.54,-9.46,-40.95,-24.41,169447
0.12,0.92,-0.60,33.25,14.30,-82.69,8.79,-20.26,8.91,169650
0.25,1.03,-0.59,32.06,15.49,-81.54,-38.09,-79.65,-53.04,169853
0.86,0.90,-0.45,24.94,32.17,-87.28,-76.60,-87.28,-36.44,170056
1.07,0.41,-0.36,-3.56,54.80,-104.51,-11.11,-95.83,55.79,170259
1.17,0.34,-0.45,14.25,66.72,-129.77,40.28,-30.21,58.11,170462
1.25,0.66,-0.24,22.56,66.72,-134.37,-18.07,1.83,2.50,170665
1.21,0.64,-0.26,22.56,67.91,-136.66,2.93,15.44,-26.98,170868
1.24,0.38,-0.28,11.88,70.29,-136.66,33.45,30.09,-60.49,171071
1.24,0.12,-0.41,1.19,64.34,-126.33,12.45,170.72,-46.08,171274
0.12,1.43,-0.22,-1.19,32.17,-83.84,182.37,88.38,117.07,171477
0.17,0.89,-0.55,27.31,20.25,-81.54,-1.83,-55.11,-12.02,171680
0.23,0.86,-0.59,27.31,15.49,-81.54,5.25,-37.60,-3.91,171883
0.15,1.12,-0.51,28.50,21.45,-81.54,-84.66,-121.28,-48.65,172086
0.49,0.49,-0.57,-4.75,46.46,-91.87,-60.18,-136.23,-27.10,172289
0.95,0.29,-0.23,-8.31,61.95,-119.44,-7.51,-36.68,45.65,172492
1.28,0.30,-0.39,14.25,65.53,-126.33,49.50,-23.68,86.06,172695
1.20,0.56,-0.21,23.75,65.53,-133.22,-4.21,-16.66,3.42,172898
1.03,0.46,-0.23,24.94,66.72,-133.22,5.62,32.35,-44.01,173101
1.11,0.26,-0.52,8.31,64.34,-120.59,13.49,41.50,-71.47,173304
0.84,0.77,-0.52,1.19,58.38,-109.10,62.38,135.44,-9.70,173507
0.35,0.94,-0.40,14.25,28.59,-81.54,65.12,26.06,50.60,173710
0.07,0.98,-0.53,34.44,15.49,-82.69,8.54,-41.20,-10.80,173913
0.12,0.93,-0.64,32.06,19.06,-82.69,-33.69,-74.10,-57.37,174116
0.46,0.84,-0.53,16.62,34.55,-87.28,-65.98,-55.05,-28.08,174319
0.85,0.54,-0.42,-8.31,48.85,-105.66,-47.42,-71.96,-1.10,174522
0.93,0.14,-0.33,-8.31,61.95,-109.10,7.81,-42.11,86.91,174725
1.04,0.36,-0.30,13.06,65.53,-127.48,26.92,-52.80,35.58,174928
1.15,0.63,-0.31,19.00,65.53,-134.37,12.27,20.20,-3.05,175131
1.17,0.67,-0.28,19.00,69.10,-129.77,26.86,9.83,-20.57,175334
1.10,0.25,-0.54,13.06,66.72,-127.48,-6.59,76.48,-58.29,175537
0.88,0.37,-0.48,1.19,59.57,-112.55,67.20,162.54,-37.78,175740
0.19,1.55,-0.50,15.44,21.45,-78.09,84.17,69.76,105.35,175943
0.18,0.89,-0.49,30.88,10.72,-79.24,-10.44,-10.44,-25.63,176146
0.12,0.96,-0.57,26.12,8.34,-78.09,-28.20,-82.03,-31.49,176349
0.61,0.75,-0.51,10.69,38.13,-88.43,-81.97,-59.08,-27.22,176552
0.97,0.41,-0.38,-7.12,56.00,-107.95,-31.74,-78.12,47.97,176755
1.21,0.28,-0.32,-3.56,63.14,-120.59,53.22,-88.93,84.96,176958
1.20,0.51,-0.26,24.94,69.10,-140.11,17.09,16.11,-11.41,177161
1.24,0.31,-0.41,23.75,70.29,-137.81,-2.75,98.39,-61.65,177364
1.00,0.56,-0.57,4.75,59.57,-114.84,40.77,117.19,-25.94,177567
0.62,0.86,-0.60,10.69,35.74,-90.73,60.36,130.92,15.99,177770
0.04,1.09,-0.35,23.75,19.06,-82.69,14.47,-56.34,69.76,177973
0.05,0.90,-0.51,30.88,16.68,-82.69,6.47,15.50,-26.86,178176
0.16,0.93,-0.68,29.69,15.49,-82.69,13.92,-20.02,7.39,178379
0.15,1.18,-0.42,34.44,20.25,-83.84,-71.84,-210.82,-34.30,178582
0.76,0.69,-0.54,11.88,47.66,-99.91,-22.77,-65.43,-11.90,178785
1.15,0.74,-0.39,4.75,60.76,-115.99,-52.80,-62.62,17.27,178988
1.27,0.43,-0.33,7.12,65.53,-127.48,2.81,-53.59,27.04,179191
1.15,0.37,-0.14,14.25,71.48,-140.11,33.87,9.95,12.57,179394
1.17,0.60,-0.18,15.44,69.10,-142.41,8.48,9.03,-4.39,179597
1.17,0.57,-0.17,10.69,69.10,-141.26,7.08,-1.65,-7.02,179800
1.18,0.57,-0.19,9.50,69.10,-140.11,16.17,8.00,-7.39,180003
1.17,0.57,-0.21,11.88,70.29,-136.66,4.58,12.57,-8.00,180206
1