=~=~=~=~=~=~=~=~=~=~=~= PuTTY log 2020.08.22 17:09:32 =~=~=~=~=~=~=~=~=~=~=~=
-0.31,0.59,-0.32,2.37,-54.80,-134.37,5.74,4.33,-2.20,722262
-0.30,0.60,-0.32,1.19,-51.23,-137.81,5.98,3.42,-0.18,722465
-0.30,0.60,-0.30,1.19,-52.42,-136.66,3.36,2.01,-0.55,722668
-0.31,0.60,-0.32,2.37,-53.61,-135.52,5.80,3.72,-2.32,722871
-0.31,0.59,-0.31,3.56,-52.42,-137.81,6.41,4.09,-0.92,723074
-0.30,0.61,-0.31,4.75,-53.61,-133.22,3.91,4.27,-0.12,723277
-0.31,0.61,-0.31,2.37,-53.61,-135.52,3.91,3.36,-1.77,723480
-0.30,0.61,-0.31,2.37,-53.61,-132.07,5.92,2.62,0.55,723683
-0.31,0.60,-0.31,3.56,-54.80,-134.37,4.03,4.46,-1.04,723886
-0.30,0.61,-0.30,1.19,-52.42,-135.52,4.33,4.52,0.43,724089
-0.37,0.61,-0.28,-1.19,-52.42,-135.52,-10.68,-18.49,-12.21,724292
-0.33,0.55,-0.31,0.00,-53.61,-136.66,9.64,16.24,-1.04,724495
-0.29,0.57,-0.37,0.00,-53.61,-135.52,22.52,-12.63,-11.84,724698
-0.14,0.43,-0.25,5.94,-48.85,-133.22,64.27,-33.14,-27.65,724901
-0.26,0.97,-0.38,27.31,-36.93,-133.22,64.94,-41.44,-18.43,725104
0.30,1.48,-0.44,40.38,-23.83,-136.66,94.12,-59.45,-12.94,725307
-0.14,1.58,-0.62,62.94,-9.53,-150.45,-13.00,48.22,-1.89,725510
0.36,1.39,-0.46,60.56,-10.72,-151.59,4.27,-1.16,-5.92,725713
0.28,1.62,-0.69,61.75,-4.77,-151.59,-4.70,115.05,20.57,725916
-0.25,1.29,-0.53,43.94,-34.55,-132.07,-140.62,53.96,63.11,726119
-0.22,0.61,-0.12,16.62,-42.89,-130.92,-113.04,28.02,35.46,726322
-0.20,0.19,-0.14,-17.81,-50.04,-143.55,-19.17,-3.05,-8.97,726526
-0.23,0.29,-0.16,-19.00,-48.85,-144.70,12.51,2.62,-3.42,726730
-0.10,0.19,-0.20,-17.81,-48.85,-140.11,101.20,-63.17,10.25,726933
-0.03,0.96,-0.39,15.44,-34.55,-132.07,135.01,-103.21,-7.14,727137
0.22,1.62,-0.40,53.44,-7.15,-143.55,97.72,7.02,-20.75,727340
0.11,1.29,-0.64,64.12,-3.57,-155.04,-10.93,-17.58,34.36,727543
0.52,1.42,-0.46,61.75,0.00,-157.34,6.84,23.68,-6.47,727746
0.16,1.63,-0.40,62.94,0.00,-158.48,-53.22,101.38,31.37,727949
-0.06,1.18,-0.50,49.88,-23.83,-137.81,-107.85,65.61,37.48,728152
-0.18,0.54,-0.30,7.12,-41.70,-132.07,-121.83,46.69,6.84,728355
-0.26,0.25,-0.18,-8.31,-45.27,-137.81,-28.26,-1.28,-6.77,728558
-0.16,0.15,-0.16,-22.56,-47.66,-140.11,28.87,11.54,-8.00,728761
-0.28,0.63,-0.20,-4.75,-44.08,-134.37,132.75,-28.02,-7.45,728964
-0.16,1.25,-0.47,16.62,-38.13,-132.07,143.68,-76.72,-31.31,729167
0.21,1.59,-0.41,59.38,-13.11,-145.85,72.63,-35.34,-14.34,729370
0.35,1.35,-0.38,65.31,-9.53,-150.45,7.51,-5.74,3.36,729573
0.10,1.50,-0.59,62.94,-17.87,-145.85,-84.35,83.07,47.30,729776
-0.27,1.06,-0.37,29.69,-38.13,-133.22,-131.04,52.00,63.96,729979
-0.11,0.37,-0.18,7.12,-42.89,-135.52,-84.47,8.12,13.49,730182
-0.16,0.21,-0.17,-20.19,-42.89,-141.26,-18.13,17.88,-0.92,730385
-0.18,0.23,-0.12,-20.19,-46.46,-144.70,19.23,-0.61,4.21,730588
-0.20,0.41,-0.17,-17.81,-47.66,-140.11,101.14,-5.37,-25.76,730791
-0.31,0.98,-0.39,13.06,-45.27,-132.07,127.20,-66.59,-55.24,730994
0.23,1.58,-0.39,54.63,-19.06,-141.26,88.99,-102.84,-29.72,731197
0.01,1.60,-0.43,65.31,-8.34,-152.74,-0.12,-11.17,32.90,731400
0.22,1.61,-0.48,64.12,-13.11,-149.30,-27.34,42.11,36.74,731603
-0.06,1.35,-0.45,43.94,-33.36,-133.22,-124.33,56.95,55.05,731806
-0.16,0.59,-0.19,17.81,-46.46,-130.92,-114.44,8.79,21.18,732009
-0.35,0.21,-0.11,-14.25,-48.85,-140.11,-40.10,1.65,-16.05,732212
-0.23,0.30,-0.15,-20.19,-50.04,-142.41,10.44,-13.31,0.67,732415
-0.21,0.33,-0.12,-15.44,-50.04,-140.11,111.69,14.83,-1.65,732618
-0.18,1.08,-0.23,21.37,-44.08,-130.92,102.17,-42.05,-55.97,732821
0.18,1.59,-0.36,41.56,-34.55,-133.22,117.49,-49.99,-50.35,733024
0.14,1.52,-0.29,64.12,-19.06,-144.70,2.69,-59.27,14.77,733227
0.09,1.64,-0.47,64.12,-19.06,-144.70,-20.20,37.11,24.41,733430
-0.14,1.41,-0.43,55.81,-26.21,-140.11,-102.97,38.27,66.04,733633
-0.30,0.70,-0.27,17.81,-51.23,-130.92,-114.69,19.17,50.84,733836
-0.21,0.32,-0.07,-14.25,-52.42,-138.96,-43.88,7.20,-7.81,734039
-0.18,0.16,-0.14,-22.56,-51.23,-141.26,1.53,-8.36,12.21,734242
-0.32,0.25,-0.15,-20.19,-51.23,-143.55,32.29,22.34,3.91,734445
-0.27,0.54,-0.16,-10.69,-48.85,-138.96,118.90,-10.86,-9.16,734648
-0.05,1.15,-0.39,22.56,-41.70,-130.92,151.12,-40.28,-83.19,734851
-0.02,2.00,-1.38,64.12,-28.59,-141.26,18.49,-108.76,-42.91,735054
0.21,1.42,-0.37,65.31,-25.02,-142.41,13.73,23.25,9.46,735257
-0.21,1.46,-0.41,58.19,-29.79,-138.96,-109.68,85.08,67.57,735460
-0.28,0.76,-0.27,11.88,-50.04,-130.92,-111.69,-0.12,48.52,735663
-0.16,0.25,-0.11,-5.94,-47.66,-135.52,-58.59,15.63,-4.88,735866
-0.18,0.21,-0.17,-20.19,-45.27,-143.55,-4.03,-6.41,6.47,736069
-0.11,0.16,-0.09,-22.56,-47.66,-143.55,35.64,29.72,-2.32,736272
-0.08,0.46,-0.10,-11.88,-50.04,-137.81,122.44,-33.87,-39.92,736475
0.03,1.31,-0.52,28.50,-32.17,-133.22,138.31,-96.98,-56.52,736678
1.21,1.76,-0.95,49.88,-14.30,-143.55,31.98,-24.54,-26.49,736881
0.47,1.37,-0.27,64.12,2.38,-157.34,6.16,7.63,1.22,737084
0.20,1.49,-0.53,59.38,-11.91,-148.15,-74.58,106.87,16.42,737287
-0.25,1.08,-0.35,43.94,-29.79,-134.37,-101.32,88.50,46.75,737490
-0.24,0.56,-0.17,8.31,-50.04,-133.22,-75.93,43.95,13.67,737693
-0.34,0.43,-0.23,-10.69,-54.80,-138.96,-8.85,12.02,-15.93,737896
-0.40,0.31,-0.19,-7.12,-56.00,-137.81,23.99,-50.54,22.95,738099
-0.13,0.64,-0.38,1.19,-39.32,-135.52,102.48,-91.74,31.37,738302
0.23,1.15,-0.49,34.44,-10.72,-142.41,109.92,-85.57,18.43,738505
0.50,1.55,-0.43,51.06,0.00,-152.74,76.78,-10.86,6.23,738708
0.57,1.37,-0.28,64.12,8.34,-164.23,-2.50,-65.92,2.14,738911
0.51,1.53,-0.51,65.31,9.53,-168.82,-33.63,69.27,15.44,739114
0.47,1.24,-0.62,55.81,1.19,-155.04,-97.11,4.27,-2.08,739317
0.18,0.69,-0.52,22.56,-3.57,-141.26,-104.25,33.39,-38.64,739520
0.10,-0.07,-0.44,2.37,-9.53,-142.41,-62.01,9.28,-41.08,739723
0.21,0.30,-0.41,-17.81,-16.68,-147.00,0.18,13.37,-6.53,739926
0.04,0.19,-0.29,-13.06,-22.64,-142.41,79.83,65.37,1.53,740129
0.19,0.69,-0.49,3.56,-23.83,-136.66,107.12,-17.64,3.78,740332
0.31,1.31,-0.45,35.63,-14.30,-137.81,124.82,-67.87,-18.37,740535
1.33,1.74,-0.79,61.75,5.96,-160.78,3.78,62.81,-53.59,740738
0.39,1.49,-0.45,64.12,2.38,-157.34,-12.82,41.02,12.88,740941
0.14,1.28,-0.54,51.06,-11.91,-143.55,-87.52,44.49,8.97,741144
0.02,0.90,-0.51,36.81,-16.68,-136.66,-95.89,27.28,5.62,741347
-0.02,0.45,-0.42,2.37,-28.59,-134.37,-53.16,31.68,-11.47,741550
-0.03,0.37,-0.37,-16.62,-29.79,-140.11,-17.21,9.70,-0.92,741753
-0.03,0.31,-0.39,-15.44,-29.79,-142.41,13.61,5.49,-0.92,741956
-0.00,0.38,-0.33,-13.06,-30.98,-140.11,51.57,5.25,4.39,742159
-0.13,0.73,-0.42,5.94,-32.17,-133.22,94.60,-3.36,-14.77,742362
0.01,1.24,-0.50,23.75,-28.59,-133.22,115.23,-54.63,5.43,742565
0.92,1.88,-0.66,62.94,-8.34,-149.30,-12.39,27.22,-46.20,742768
0.30,1.45,-0.57,62.94,-7.15,-151.59,10.19,62.93,11.05,742971
-0.05,1.32,-0.59,60.56,-14.30,-144.70,-70.13,71.59,38.57,743174
-0.08,0.87,-0.41,27.31,-32.17,-130.92,-98.51,22.16,30.40,743377
-0.11,0.48,-0.32,10.69,-39.32,-132.07,-71.90,-5.19,-13.98,743580
-0.06,0.35,-0.31,-13.06,-38.13,-140.11,-21.73,-5.00,0.67,743783
-0.13,0.18,-0.26,-15.44,-36.93,-143.55,31.49,3.72,14.89,743986
-0.05,0.48,-0.30,-9.50,-33.36,-138.96,111.45,-31.86,5.07,744189
0.29,1.22,-0.66,19.00,-15.49,-137.81,126.53,-58.17,9.89,744392
0.35,1.50,-0.32,61.75,-1.19,-153.89,80.63,9.09,18.92,744595
0.37,1.45,-0.30,67.69,9.53,-172.27,7.93,-41.20,-2.01,744798
0.78,1.56,-0.50,67.69,13.11,-169.97,-48.28,101.01,-1.71,745001
0.17,1.16,-0.52,43.94,-14.30,-141.26,-109.19,115.36,6.84,745204
-0.23,0.58,-0.31,20.19,-34.55,-132.07,-95.76,72.57,6.71,745407
-0.35,0.40,-0.27,-8.31,-51.23,-137.81,-23.13,3.11,-5.00,745610
-0.25,0.35,-0.21,-10.69,-50.04,-135.52,-7.32,14.71,4.88,745813
-0.24,0.28,-0.14,-14.25,-52.42,-138.96,57.62,-21.12,11.60,746016
-0.05,0.84,-0.45,14.25,-39.32,-130.92,137.70,-62.62,-14.95,746219
0.44,1.24,-0.40,33.25,-25.02,-134.37,117.86,-97.11,-21.36,746422
0.82,1.69,-0.57,61.75,3.57,-157.34,48.22,86.24,-64.27,746625
0.58,1.44,-0.34,64.12,5.96,-160.78,0.67,9.03,18.19,746828
0.25,1.41,-0.50,61.75,-5.96,-152.74,-99.30,109.74,4.52,747031
-0.00,1.02,-0.47,30.88,-25.02,-133.22,-94.67,-14.59,37.84,747234
0.06,0.42,-0.44,1.19,-21.45,-138.96,-53.83,-13.61,5.37,747437
0.06,0.38,-0.41,-3.56,-22.64,-136.66,-8.54,15.26,-13.92,747640
0.04,0.35,-0.43,-7.12,-26.21,-140.11,21.18,8.12,17.40,747843
-0.15,0.74,-0.44,-1.19,-29.79,-136.66,119.57,-31.07,-15.26,748046
0.06,1.28,-0.44,30.88,-21.45,-135.52,113.95,26.37,-8.18,748249
1.02,1.70,-0.50,64.12,-11.91,-148.15,-9.70,22.40,-40.83,748452
0.05,1.55,-0.55,62.94,-14.30,-147.00,-27.40,35.83,26.12,748655
-0.04,1.26,-0.50,53.44,-25.02,-141.26,-96.19,44.31,22.52,748858
-0.13,0.85,-0.46,19.00,-36.93,-130.92,-114.44,40.83,9.77,749061
-0.22,0.35,-0.24,-2.37,-42.89,-135.52,-74.65,2.01,11.29,749264
0.04,0.18,-0.16,-27.31,-35.74,-147.00,-36.38,-16.36,2.44,749467
-0.03,0.02,0.07,-26.12,-39.32,-148.15,73.06,15.08,-13.85,749670
-0.03,0.45,-0.37,-11.88,-42.89,-140.11,133.24,-24.48,-23.19,749873
-0.13,1.21,-0.35,26.12,-35.74,-132.07,140.44,-20.51,-52.92,750076
0.15,1.91,-1.16,48.69,-25.02,-136.66,32.96,68.42,-38.45,750279
0.06,1.75,-0.47,64.12,-30.98,-138.96,-69.52,-42.24,57.80,750482
-0.14,0.93,-0.45,32.06,-39.32,-132.07,-121.52,23.32,43.33,750685
-0.23,0.55,-0.26,9.50,-40.51,-132.07,-117.19,-0.37,35.52,750888
-0.02,0.19,-0.18,-23.75,-33.36,-147.00,-27.53,-11.66,25.21,751091
0.02,0.14,-0.24,-29.69,-27.40,-152.74,0.98,-0.37,0.12,751294
0.08,0.09,-0.11,-29.69,-26.21,-155.04,38.09,3.11,-3.78,751497
0.02,0.42,-0.21,-14.25,-33.36,-140.11,119.87,28.20,-56.64,751700
-0.20,1.11,-0.36,27.31,-34.55,-130.92,139.89,-29.60,-43.27,751903
0.14,1.59,-0.42,49.88,-26.21,-138.96,78.43,4.09,-27.95,752106
0.06,1.51,-0.41,64.12,-20.25,-144.70,9.83,6.59,10.44,752309
-0.15,1.44,-0.58,60.56,-25.02,-145.85,-114.14,46.45,62.26,752512
-0.00,0.77,-0.49,24.94,-28.59,-133.22,-115.54,-40.41,29.42,752715
0.08,0.38,-0.36,-13.06,-21.45,-143.55,-83.19,-37.23,-15.01,752918
0.17,0.16,-0.28,-24.94,-15.49,-151.59,-13.67,-7.51,-0.79,753121
0.16,0.17,-0.24,-27.31,-14.30,-158.48,17.09,22.09,-2.62,753324
0.16,0.22,-0.22,-17.81,-22.64,-145.85,101.87,65.49,-21.73,753527
-0.39,1.11,-0.54,0.00,-34.55,-135.52,129.46,-36.38,-15.56,753730
0.01,1.49,-0.45,45.12,-23.83,-133.22,117.98,-40.83,-33.02,753933
0.38,1.30,-0.45,66.50,-4.77,-157.34,0.73,95.58,-20.45,754136
0.29,1.56,-0.44,67.69,-13.11,-151.59,-74.28,94.42,22.16,754339
-0.09,1.15,-0.49,36.81,-29.79,-134.37,-104.25,40.41,27.04,754542
-0.09,0.59,-0.40,17.81,-34.55,-130.92,-87.52,-9.34,5.80,754746
-0.05,0.35,-0.32,-8.31,-33.36,-136.66,-31.80,4.03,-6.23,754949
-0.01,0.36,-0.31,-17.81,-35.74,-141.26,4.52,-0.98,1.22,755152
-0.26,0.33,-0.30,-16.62,-33.36,-142.41,10.50,18.07,67.26,755355
0.15,0.52,-0.24,-10.69,-34.55,-137.81,126.71,-14.89,-47.85,755558
0.09,1.36,-0.47,34.44,-28.59,-132.07,151.55,77.15,-41.32,755761
-0.09,1.54,-0.31,55.81,-25.02,-138.96,69.76,-30.27,-24.35,755964
0.04,1.58,-0.38,66.50,-19.06,-148.15,-1.83,-61.22,31.01,756167
0.11,1.40,-0.56,51.06,-22.64,-135.52,-123.23,68.73,28.50,756370
-0.04,0.77,-0.34,26.12,-33.36,-133.22,-101.14,-25.45,13.06,756573
0.08,0.32,-0.32,-5.94,-25.02,-140.11,-62.87,-19.04,-33.51,756777
0.01,0.25,-0.34,-19.00,-23.83,-144.70,-19.17,-6.65,1.59,756980
0.12,0.29,-0.35,-24.94,-22.64,-148.15,11.41,1.95,5.80,757183
0.10,0.26,-0.37,-16.62,-25.02,-145.85,60.97,23.25,-1.04,757386
0.13,0.60,-0.33,-7.12,-26.21,-140.11,122.25,14.22,-36.13,757589
-0.04,1.28,-0.40,26.12,-28.59,-134.37,138.12,32.59,-33.63,757792
0.12,1.20,-0.29,64.12,-17.87,-144.70,-17.40,88.87,20.81,757995
-0.06,1.58,-0.44,61.75,-23.83,-144.70,-48.77,1.59,39.31,758198
-0.18,1.18,-0.47,42.75,-32.17,-133.22,-109.44,37.72,55.30,758402
-0.10,0.53,-0.31,1.19,-39.32,-135.52,-97.35,-21.61,21.24,758605
0.01,0.31,-0.26,-11.88,-35.74,-137.81,-41.08,-0.49,-0.61,758809
-0.07,0.29,-0.31,-22.56,-29.79,-143.55,-2.56,4.15,-3.42,759012
-0.07,0.26,-0.28,-22.56,-30.98,-145.85,23.86,16.72,3.30,759215
-0.06,0.34,-0.21,-14.25,-33.36,-137.81,109.92,40.83,-41.75,759418
-0.12,1.15,-0.33,21.37,-42.89,-128.62,137.57,-44.49,-50.11,759621
0.04,1.71,-0.39,42.75,-30.98,-134.37,113.65,-41.08,-49.87,759824
0.26,1.46,-0.27,61.75,-22.64,-142.41,-13.79,-5.43,12.15,760027
-0.18,1.41,-0.45,51.06,-32.17,-135.52,-98.51,71.72,53.65,760230
-0.18,0.84,-0.38,30.88,-40.51,-129.77,-89.29,-5.86,64.88,760433
-0.03,0.36,-0.28,-3.56,-39.32,-135.52,-62.81,-24.17,25.45,760636
-0.01,0.29,-0.29,-19.00,-30.98,-143.55,-11.78,-13.55,13.24,760839
-0.00,0.23,-0.33,-20.19,-27.40,-147.00,-3.42,7.02,1.34,761042
0.21,0.06,-0.19,-20.19,-28.59,-143.55,76.90,8.79,1.28,761245
-0.07,0.69,-0.44,-5.94,-29.79,-137.81,128.72,-45.17,-42.30,761448
0.26,1.35,-0.45,29.69,-20.25,-137.81,144.41,-13.85,-39.37,761651
1.39,1.87,-0.87,64.12,-8.34,-151.59,-6.84,-39.06,-67.32,761854
0.50,1.39,-0.34,67.69,-8.34,-150.45,9.16,4.21,4.15,762057
0.20,1.54,-0.62,61.75,-7.15,-150.45,-94.60,92.53,25.82,762260
0.00,0.95,-0.45,26.12,-33.36,-133.22,-140.08,11.05,70.56,762463
0.24,0.28,-0.25,4.75,-28.59,-135.52,-79.35,45.47,3.23,762666
0.06,0.19,-0.23,-21.37,-27.40,-148.15,-16.91,-18.62,-2.75,762869
0.08,0.16,-0.23,-22.56,-25.02,-147.00,23.07,0.49,-33.45,763072
-0.07,0.43,-0.34,-17.81,-32.17,-143.55,117.86,3.78,-56.03,763275
-0.14,1.15,-0.42,20.19,-36.93,-129.77,136.17,-15.63,-33.94,763478
0.03,1.63,-0.24,43.94,-32.17,-133.22,96.86,-48.71,-38.39,763681
-0.32,1.80,-0.41,66.50,-26.21,-142.41,-81.85,-18.86,69.40,763884
-0.28,1.00,-0.51,35.63,-45.27,-130.92,-108.34,-31.86,68.66,764087
-0.09,0.56,-0.27,14.25,-41.70,-130.92,-111.76,-35.40,44.31,764290
0.13,0.21,-0.16,-20.19,-23.83,-145.85,-46.33,-31.07,4.27,764493
0.10,0.09,-0.22,-27.31,-21.45,-152.74,11.78,18.13,-1.83,764696
0.10,0.13,-0.14,-27.31,-23.83,-148.15,33.63,25.45,-30.27,764899
-0.11,0.44,-0.31,-16.62,-30.98,-141.26,117.49,24.35,-46.26,765102
-0.31,1.19,-0.49,27.31,-36.93,-130.92,151.12,30.15,-57.13,765306
0.01,1.64,-0.42,46.31,-29.79,-136.66,101.50,-2.38,-53.16,765509
-0.05,1.68,-0.39,66.50,-28.59,-142.41,-4.39,-33.26,46.33,765712
-0.24,1.43,-0.42,60.56,-30.98,-136.66,-109.07,8.00,69.40,765915
-0.19,0.65,-0.31,22.56,-46.46,-128.62,-96.19,-32.71,63.05,766118
-0.10,0.35,-0.26,-13.06,-36.93,-140.11,-61.28,-28.38,27.10,766322
0.10,0.24,-0.25,-20.19,-30.98,-144.70,-8.73,5.98,-1.28,766525
-0.02,0.04,-0.14,-24.94,-28.59,-149.30,19.90,27.22,-0.49,766728
-0.09,0.43,-0.28,-15.44,-36.93,-140.11,86.67,32.96,-61.83,766931
-0.24,0.96,-0.37,-2.37,-41.70,-136.66,128.23,6.35,-51.03,767134
-0.01,1.63,-0.25,41.56,-35.74,-134.37,125.12,-41.14,-40.59,767337
0.02,1.51,-0.55,64.12,-26.21,-142.41,0.79,-24.72,58.23,767540
-0.12,1.58,-0.52,62.94,-23.83,-143.55,-112.12,63.54,49.62,767743
-0.20,0.84,-0.32,22.56,-42.89,-129.77,-126.04,11.05,83.92,767946
-0.06,0.32,-0.18,-2.37,-42.89,-133.22,-77.88,-17.88,23.99,768150
-0.04,0.20,-0.12,-26.12,-34.55,-148.15,3.48,15.38,3.17,768353
-0.08,0.20,-0.21,-26.12,-34.55,-148.15,3.48,-5.68,-4.03,768556
-0.07,0.15,-0.18,-26.12,-35.74,-149.30,85.33,29.54,-26.98,768759
-0.23,0.85,-0.33,0.00,-45.27,-135.52,142.03,-32.10,-63.84,768962
-0.03,1.44,-0.39,46.31,-32.17,-134.37,127.69,-22.46,-40.04,769166
0.28,1.21,-0.48,61.75,-27.40,-143.55,1.53,131.35,-23.19,769369
0.13,1.70,-0.42,61.75,-25.02,-141.26,-83.56,61.95,66.22,769572
-0.21,1.00,-0.33,26.12,-47.66,-130.92,-113.59,31.98,46.08,769775
-0.26,0.43,-0.20,4.75,-50.04,-132.07,-79.10,-0.67,10.99,769978
-0.23,0.25,-0.14,-17.81,-44.08,-143.55,-30.46,-13.73,-5.62,770181
-0.18,0.29,-0.13,-22.56,-42.89,-144.70,39.67,8.12,7.51,770384
-0.28,0.51,-0.23,-13.06,-47.66,-141.26,85.02,20.02,-14.89,770587
-0.24,0.95,-0.27,19.00,-46.46,-130.92,120.73,-60.91,-52.80,770790
0.29,1.52,-0.29,38.00,-36.93,-132.07,137.82,-27.77,-88.99,770993
0.40,1.55,-0.32,64.12,-14.30,-144.70,-1.34,-18.62,27.47,771197
-0.07,1.42,-0.58,55.81,-30.98,-136.66,-75.50,68.24,58.41,771400
-0.26,0.73,-0.36,34.44,-40.51,-130.92,-121.09,20.63,57.50,771603
-0.14,0.33,-0.21,-8.31,-42.89,-135.52,-82.40,-20.75,35.34,771806
0.07,0.17,-0.15,-30.88,-28.59,-151.59,-34.12,-32.96,27.47,772010
0.09,0.13,-0.10,-32.06,-23.83,-152.74,8.48,1.22,1.22,772213
0.04,0.10,-0.08,-29.69,-29.79,-149.30,73.49,28.14,-30.82,772416
-0.29,0.67,-0.33,-16.62,-33.36,-141.26,149.05,-4.70,-66.71,772620
-0.11,1.44,-0.48,26.12,-40.51,-128.62,128.78,-25.15,-37.54,772823
0.06,1.53,-0.60,61.75,-34.55,-138.96,-16.54,16.91,-18.43,773026
-0.18,1.60,-0.34,62.94,-34.55,-137.81,-39.55,-33.51,49.44,773229
-0.34,1.05,-0.44,45.12,-44.08,-130.92,-104.37,36.68,66.22,773432
-0.29,0.68,-0.26,5.94,-48.85,-130.92,-89.54,-11.41,44.31,773635
-0.26,0.24,-0.16,-9.50,-51.23,-137.81,-64.88,-50.05,23.99,773838
-0.04,0.23,-0.11,-28.50,-34.55,-147.00,4.46,-4.70,-1.40,774041
-0.24,0.21,-0.19,-23.75,-36.93,-147.00,61.22,31.74,-10.19,774244
-0.25,0.61,-0.28,-13.06,-42.89,-137.81,140.87,20.02,-56.95,774447
-0.11,1.43,-0.37,28.50,-41.70,-133.22,131.90,-34.48,-58.35,774650
0.02,1.39,-0.38,52.25,-33.36,-136.66,-8.97,95.89,-16.97,774853
-0.21,1.69,-0.38,62.94,-27.40,-141.26,-63.48,1.77,60.00,775056
-0.30,0.93,-0.49,36.81,-42.89,-132.07,-90.33,13.24,64.15,775259
-0.01,0.53,-0.26,17.81,-42.89,-129.77,-85.14,16.54,22.03,775463
0.01,0.27,-0.24,-7.12,-39.32,-140.11,-34.06,-34.91,8.06,775666
0.00,0.27,-0.27,-16.62,-30.98,-144.70,-9.03,-15.01,-4.21,775869
0.05,0.15,-0.17,-20.19,-26.21,-149.30,12.33,19.41,-5.68,776072
-0.10,0.44,-0.32,-13.06,-34.55,-140.11,97.23,33.02,-49.19,776275
-0.11,1.08,-0.46,16.62,-40.51,-130.92,143.55,-6.16,-60.12,776478
0.09,1.54,-0.37,38.00,-35.74,-132.07,121.70,-30.33,-34.48,776681
-0.21,1.72,-0.41,62.94,-28.59,-142.41,-3.48,14.22,47.36,776884
-0.19,1.28,-0.52,42.75,-39.32,-132.07,-105.90,8.42,65.73,777087
-0.07,0.71,-0.32,23.75,-41.70,-133.22,-88.50,-3.66,40.59,777290
-0.12,0.42,-0.29,-5.94,-34.55,-136.66,-57.01,-44.92,3.05,777493
0.11,0.22,-0.32,-15.44,-26.21,-143.55,-31.86,0.67,-10.38,777696
-0.01,0.12,-0.15,-22.56,-26.21,-148.15,22.34,26.73,12.88,777899
-0.14,0.43,-0.35,-13.06,-29.79,-137.81,100.52,47.36,-32.47,778102
-0.12,0.98,-0.37,2.37,-39.32,-133.22,139.47,-3.48,-70.80,778305
-0.07,1.68,-0.30,43.94,-35.74,-132.07,122.38,-20.32,-47.12,778508
-0.48,1.66,-0.40,64.12,-39.32,-141.26,3.85,60.06,39.79,778711
-0.22,1.45,-0.48,58.19,-35.74,-136.66,-99.12,-33.08,87.71,778914
-0.09,0.70,-0.35,20.19,-39.32,-130.92,-115.36,3.72,59.51,779117
-0.05,0.30,-0.20,-16.62,-30.98,-140.11,-78.80,-81.60,12.08,779320
0.18,0.16,-0.22,-26.12,-22.64,-149.30,-23.01,-3.05,-5.62,779524
0.09,0.09,-0.17,-33.25,-21.45,-155.04,18.62,12.08,-11.47,779727
0.09,0.20,-0.17,-28.50,-23.83,-150.45,69.58,38.02,-31.13,779930
-0.18,0.70,-0.33,-7.12,-34.55,-140.11,125.61,13.98,-60.18,780133
-0.20,1.45,-0.45,34.44,-36.93,-133.22,145.20,13.73,-53.41,780336
1.27,1.63,-0.87,54.63,-28.59,-136.66,-26.06,25.33,-1.40,780539
0.17,1.53,-0.49,59.38,-25.02,-142.41,-76.11,82.15,41.81,780742
-0.19,0.92,-0.50,24.94,-38.13,-130.92,-120.97,47.49,55.24,780945
-0.10,0.46,-0.38,2.37,-40.51,-133.22,-95.58,-12.94,25.27,781148
-0.10,0.20,-0.17,-22.56,-29.79,-145.85,-36.68,-10.19,9.89,781351
-0.01,0.15,-0.20,-29.69,-30.98,-151.59,11.29,7.14,-5.74,781554
0.05,0.21,-0.14,-28.50,-33.36,-150.45,90.52,-0.55,-45.53,781757
-0.27,0.84,-0.36,2.37,-42.89,-129.77,136.90,-2.99,-69.52,781960
-0.09,1.49,-0.21,21.37,-41.70,-129.77,160.71,-14.22,-61.04,782163
-0.30,1.56,-0.47,62.94,-25.02,-143.55,15.81,109.25,33.26,782366
-0.09,1.54,-0.50,55.81,-34.55,-134.37,-86.18,24.05,56.46,782569
-0.30,0.89,-0.35,33.25,-42.89,-133.22,-112.73,8.12,59.33,782772
-0.15,0.42,-0.27,-4.75,-42.89,-135.52,-77.39,-4.15,26.43,782975
-0.03,0.24,-0.22,-22.56,-34.55,-147.00,-32.41,-12.33,21.18,783178
0.03,0.16,-0.17,-28.50,-30.98,-149.30,7.14,6.77,-2.99,783382
0.05,0.21,-0.15,-26.12,-33.36,-148.15,80.75,25.82,-46.57,783585
-0.37,0.82,-0.25,5.94,-52.42,-134.37,130.43,-39.61,-68.73,783788
-0.03,1.52,-0.28,28.50,-47.66,-133.22,138.98,-57.56,-59.63,783991
-0.28,1.55,-0.45,60.56,-27.40,-140.11,-0.73,20.14,58.84,784194
-0.16,1.44,-0.50,55.81,-26.21,-137.81,-77.27,45.90,47.42,784397
-0.29,0.84,-0.33,29.69,-47.66,-132.07,-98.08,11.47,58.11,784600
-0.18,0.53,-0.31,-5.94,-45.27,-136.66,-67.87,-31.43,17.88,784803
-0.23,0.26,-0.17,-16.62,-44.08,-141.26,-49.74,-6.16,2.44,785006
-0.10,0.28,-0.17,-26.12,-39.32,-149.30,8.30,-1.59,1.10,785209
-0.23,0.23,-0.16,-21.37,-44.08,-141.26,64.82,20.87,5.80,785412
-0.14,0.70,-0.25,-10.69,-41.70,-137.81,137.21,-21.85,-59.69,785615
-0.12,1.46,-0.40,33.25,-36.93,-130.92,152.16,-68.24,-44.07,785818
0.27,1.27,-0.43,61.75,-17.87,-142.41,16.24,234.86,-12.27,786021
0.00,1.53,-0.47,60.56,-26.21,-140.11,-65.73,58.96,47.61,786224
-0.29,0.97,-0.40,30.88,-44.08,-130.92,-104.55,51.09,54.81,786427
-0.23,0.54,-0.30,11.88,-47.66,-133.22,-71.96,-54.08,39.12,786630
-0.16,0.32,-0.20,-14.25,-35.74,-138.96,-37.60,-19.04,-15.20,786834
-0.04,0.22,-0.27,-20.19,-39.32,-147.00,13.31,-0.43,-0.18,787037
-0.10,0.24,-0.22,-21.37,-40.51,-143.55,33.20,13.18,-7.39,787240
-0.01,0.58,-0.22,-10.69,-41.70,-136.66,132.87,-17.76,-33.94,787443
-0.00,1.53,-0.40,39.19,-28.59,-135.52,166.20,-84.29,-41.20,787646
0.32,1.24,-0.55,66.50,-15.49,-147.00,-0.67,134.83,15.38,787849
0.08,1.44,-0.54,57.00,-22.64,-140.11,-95.09,50.17,48.83,788052
-0.14,0.95,-0.40,16.62,-38.13,-132.07,-112.85,32.84,37.66,788255
-0.16,0.43,-0.27,-1.19,-40.51,-133.22,-70.62,0.24,5.98,788458
-0.23,0.29,-0.35,-19.00,-40.51,-142.41,5.43,-5.62,-4.33,788661
-0.15,0.20,-0.24,-20.19,-36.93,-140.11,3.05,13.85,2.62,788864
-0.16,0.52,-0.16,-14.25,-41.70,-140.11,115.60,58.78,-38.64,789067
-0.17,1.19,-0.35,22.56,-41.70,-132.07,135.62,-54.32,-44.37,789270
0.15,1.58,-0.35,43.94,-32.17,-134.37,96.01,2.87,-26.43,789473
-0.08,1.65,-0.42,62.94,-26.21,-141.26,-46.14,-15.69,23.56,789676
-0.19,1.11,-0.50,36.81,-39.32,-133.22,-118.23,37.84,55.97,789879
-0.17,0.66,-0.27,13.06,-41.70,-132.07,-80.14,-49.38,19.65,790083
-0.08,0.28,-0.33,-11.88,-35.74,-137.81,-34.06,23.99,-14.10,790286
-0.07,0.30,-0.31,-20.19,-39.32,-143.55,1.83,6.10,0.18,790489
-0.05,0.22,-0.33,-20.19,-35.74,-144.70,48.22,-0.43,-23.32,790692
-0.14,0.81,-0.34,-4.75,-36.93,-136.66,117.98,7.81,-27.22,790895
-0.08,1.37,-0.42,17.81,-41.70,-133.22,137.02,-45.17,-49.07,791098
0.55,1.79,-1.38,57.00,-28.59,-141.26,18.43,6.90,-25.57,791301
0.14,1.48,-0.49,55.81,-29.79,-138.96,-82.58,14.77,49.56,791504
-0.18,0.98,-0.43,40.38,-35.74,-132.07,-113.40,38.82,38.88,791707
-0.12,0.51,-0.28,2.37,-41.70,-133.22,-74.04,3.54,19.04,791910
-0.17,0.26,-0.26,-20.19,-44.08,-141.26,-30.40,5.62,1.89,792113
-0.16,0.28,-0.22,-23.75,-41.70,-147.00,8.24,-26.00,-5.80,792316
-0.17,0.22,-0.16,-22.56,-42.89,-144.70,65.43,15.99,-13.18,792519
-0.17,0.83,-0.27,8.31,-41.70,-132.07,135.38,-19.17,-41.08,792722
-0.08,1.40,-0.36,28.50,-39.32,-130.92,111.33,-26.61,-46.45,792925
0.71,1.52,-0.71,60.56,-25.02,-142.41,-25.63,-84.05,-13.67,793128
0.18,1.45,-0.46,61.75,-22.64,-144.70,-64.03,43.58,43.82,793332
-0.11,1.02,-0.45,38.00,-33.36,-133.22,-107.85,27.47,33.69,793535
-0.09,0.61,-0.34,0.00,-38.13,-133.22,-80.63,20.75,12.63,793739
-0.16,0.12,-0.24,-13.06,-39.32,-140.11,-45.72,5.43,-4.15,793942
-0.08,0.30,-0.24,-23.75,-35.74,-143.55,-2.32,-4.03,3.36,794145
-0.08,0.10,-0.16,-22.56,-38.13,-145.85,67.44,15.20,-3.72,794348
-0.23,0.99,-0.40,-10.69,-38.13,-138.96,136.35,-20.57,-34.42,794551
0.10,1.33,-0.34,35.63,-34.55,-132.07,118.04,-20.39,-45.41,794754
0.29,1.69,-0.88,62.94,-26.21,-142.41,-24.35,-108.52,-32.90,794957
0.18,1.51,-0.47,62.94,-26.21,-141.26,-71.35,41.26,28.32,795160
-0.14,1.08,-0.45,33.25,-34.55,-133.22,-115.60,34.00,35.71,795363
-0.11,0.55,-0.30,9.50,-39.32,-132.07,-94.54,10.44,33.33,795566
-0.03,0.38,-0.25,-19.00,-34.55,-143.55,-36.07,-1.34,-2.38,795769
-0.09,0.12,-0.20,-28.50,-38.13,-148.15,-5.92,2.08,-11.66,795972
-0.13,0.01,-0.07,-26.12,-38.13,-149.30,20.26,6.10,-7.57,796175
-0.17,0.58,-0.25,-22.56,-40.51,-143.55,116.94,4.76,-12.08,796378
-0.21,1.08,-0.35,15.44,-39.32,-132.07,143.55,-56.34,-45.10,796581
0.11,1.64,-0.35,40.38,-27.40,-133.22,114.38,47.67,-52.67,796785
0.01,1.64,-0.31,62.94,-29.79,-141.26,-10.74,-87.95,24.60,796988
-0.16,1.35,-0.50,46.31,-36.93,-134.37,-115.05,33.08,59.20,797191
-0.19,0.76,-0.27,22.56,-41.70,-132.07,-111.21,9.34,48.83,797395
-0.15,0.31,-0.09,-14.25,-42.89,-137.81,-75.07,45.29,-3.23,797598
-0.17,0.21,-0.18,-23.75,-45.27,-144.70,6.53,-13.37,4.15,797802
-0.15,0.22,-0.16,-26.12,-42.89,-149.30,22.46,-10.74,-7.69,798005
-0.24,0.50,-0.16,-16.62,-47.66,-137.81,117.92,-4.70,-29.91,798208
-0.15,1.06,-0.36,5.94,-45.27,-134.37,160.34,-49.74,-46.14,798411
0.01,1.61,-0.34,49.88,-32.17,-135.52,96.01,-31.19,-56.34,798614
0.04,1.59,-0.34,61.75,-25.02,-141.26,-2.99,20.51,10.80,798817
-0.19,1.27,-0.37,57.00,-28.59,-136.66,-100.34,62.87,66.10,799020
-0.24,0.80,-0.34,22.56,-47.66,-129.77,-115.60,23.32,14.77,799223
-0.17,0.45,-0.16,-8.31,-48.85,-138.96,-44.43,21.55,1.40,799426
-0.31,0.38,-0.33,-15.44,-48.85,-140.11,-3.11,2.38,-1.95,799629
-0.16,0.21,-0.14,-16.62,-47.66,-141.26,39.67,-2.75,35.03,799832
-0.06,0.74,-0.21,-10.69,-42.89,-138.96,122.25,3.60,-31.49,800035
-0.01,1.44,-0.43,26.12,-40.51,-129.77,128.85,-72.39,-41.38,800239
0.66,1.76,-0.51,62.94,-14.30,-145.85,-21.30,-3.48,-37.54,800443
0.19,1.59,-0.42,61.75,-23.83,-144.70,-61.40,51.64,42.30,800646
-0.27,1.10,-0.38,41.56,-40.51,-129.77,-112.79,51.94,56.70,800849
-0.15,0.55,-0.29,0.00,-44.08,-133.22,-90.09,-23.25,25.45,801053
-0.16,0.31,-0.20,-11.88,-41.70,-137.81,-37.35,16.54,-6.29,801256
-0.12,0.25,-0.20,-26.12,-40.51,-144.70,5.74,0.00,7.20,801459
-0.09,0.24,-0.19,-21.37,-40.51,-143.55,60.06,-0.43,-13.18,801662
-0.25,0.92,-0.35,-9.50,-45.27,-135.52,122.38,-13.31,-49.62,801865
-0.03,1.32,-0.39,29.69,-38.13,-132.07,126.83,-78.61,-35.52,802068
0.73,1.52,-0.59,59.38,-13.11,-145.85,-19.78,55.30,-20.94,802271
0.19,1.54,-0.44,60.56,-25.02,-144.70,-34.36,25.39,38.94,802474
-0.21,1.20,-0.49,42.75,-36.93,-134.37,-100.89,76.35,60.36,802677
-0.27,0.78,-0.19,21.37,-47.66,-129.77,-105.04,2.81,39.55,802880
-0.23,0.31,-0.21,-14.25,-48.85,-141.26,-40.28,10.80,-30.82,803083
-0.29,0.31,-0.19,-17.81,-50.04,-143.55,8.79,-0.55,2.26,803286
-0.18,0.22,-0.15,-17.81,-51.23,-141.26,70.25,3.42,5.80,803489
-0.18,0.93,-0.32,0.00,-41.70,-133.22,131.23,-57.92,-21.61,803692
0.08,1.46,-0.38,46.31,-11.91,-141.26,140.69,-270.45,13.24,803895
0.17,1.36,-0.67,64.12,14.30,-171.12,11.96,38.39,-12.45,804098
0.70,1.60,-0.49,65.31,13.11,-172.27,-37.60,72.57,10.86,804301
0.08,1.20,-0.57,39.19,-21.45,-135.52,-105.10,150.63,0.12,804504
-0.23,0.74,-0.24,19.00,-40.51,-132.07,-98.14,65.00,8.12,804707
-0.36,0.35,-0.16,-10.69,-54.80,-138.96,-26.73,6.90,-4.64,804910
-0.32,0.40,-0.19,-13.06,-58.38,-141.26,-8.06,22.71,-0.98,805113
-0.32,0.22,-0.17,-19.00,-56.00,-143.55,63.35,-44.13,52.61,805316
-0.14,0.86,-0.26,3.56,-36.93,-133.22,134.40,-75.07,-43.27,805519
0.22,1.19,-0.47,29.69,-22.64,-135.52,102.54,49.99,-22.58,805722
0.90,1.89,-0.82,59.38,-11.91,-147.00,21.30,38.15,-78.98,805925
0.49,1.61,-0.42,61.75,-10.72,-148.15,-56.95,99.85,19.96,806128
-0.24,1.18,-0.56,47.50,-28.59,-136.66,-130.98,65.31,49.62,806331
-0.15,0.68,-0.18,-2.37,-41.70,-133.22,-116.76,3.97,44.31,806534
-0.07,0.13,-0.09,-29.69,-38.13,-147.00,-43.33,0.37,-15.44,806737
-0.13,0.07,-0.11,-32.06,-36.93,-151.59,10.56,0.92,-4.27,806940
-0.14,0.22,-0.12,-27.31,-39.32,-150.45,67.26,-10.01,-3.05,807143
-0.25,0.83,-0.27,-17.81,-39.32,-141.26,150.51,-30.88,-45.17,807346
0.19,1.35,-0.49,27.31,-32.17,-133.22,122.68,-70.92,-28.02,807550
0.42,1.64,-0.54,60.56,-16.68,-148.15,52.86,-5.74,-38.09,807753
0.19,1.65,-0.38,60.56,-19.06,-144.70,-52.49,-17.09,49.26,807956
-0.05,1.16,-0.48,45.12,-29.79,-136.66,-142.03,56.82,51.33,808159
-0.19,0.77,-0.19,-5.94,-42.89,-136.66,-130.68,34.48,16.66,808362
-0.11,0.12,-0.09,-21.37,-41.70,-143.55,-35.52,16.42,0.31,808565
-0.14,0.08,-0.08,-34.44,-40.51,-153.89,-10.44,28.93,-11.84,808768
-0.15,-0.01,0.03,-29.69,-44.08,-151.59,64.64,9.77,-7.87,808971
-0.30,0.69,-0.22,-16.62,-47.66,-141.26,155.15,-20.39,-44.31,809174
-0.28,1.51,-0.34,30.88,-41.70,-132.07,156.25,-7.45,-74.83,809377
0.00,1.60,-0.12,51.06,-27.40,-138.96,57.25,-124.08,-18.19,809580
0.29,1.64,-0.29,64.12,-22.64,-143.55,-48.58,-5.80,31.68,809783
-0.17,1.28,-0.41,40.38,-40.51,-132.07,-136.11,75.32,60.36,809986
-0.23,0.51,-0.20,13.06,-51.23,-132.07,-130.43,-12.88,29.36,810189
-0.17,0.04,0.14,-28.50,-45.27,-150.45,-38.21,-34.36,-11.78,810392
-0.21,0.18,0.05,-32.06,-45.27,-152.74,48.71,22.95,3.54,810595
-0.23,0.52,-0.07,-23.75,-45.27,-147.00,122.25,22.09,-35.28,810798
-0.36,1.22,-0.40,17.81,-56.00,-132.07,130.86,-21.36,-63.78,811001
-0.66,2.48,-2.39,61.75,-33.36,-138.96,22.71,-145.81,-28.87,811205
0.09,1.47,-0.43,62.94,-30.98,-137.81,-8.06,45.96,13.43,811408
-0.17,1.23,-0.46,47.50,-39.32,-135.52,-101.07,57.07,29.97,811611
-0.36,0.88,-0.28,27.31,-50.04,-130.92,-136.17,15.50,83.19,811814
-0.18,0.33,-0.08,-17.81,-46.46,-138.96,-52.73,1.59,8.54,812017
-0.13,0.20,-0.08,-27.31,-44.08,-149.30,-3.66,-7.02,-1.40,812220
-0.06,0.15,-0.05,-28.50,-41.70,-148.15,58.41,37.48,-5.49,812423
-0.21,0.68,-0.30,-11.88,-47.66,-138.96,121.52,-26.12,-52.98,812626
-0.03,1.34,-0.33,30.88,-40.51,-130.92,141.60,-40.95,-45.47,812829
1.02,1.67,-1.03,54.63,-29.79,-137.81,-21.18,49.93,-31.25,813032
0.10,1.58,-0.35,61.75,-33.36,-140.11,-66.96,61.28,41.99,813235
-0.33,1.09,-0.36,27.31,-51.23,-129.77,-112.85,52.43,77.58,813438
-0.14,0.52,-0.24,5.94,-50.04,-132.07,-101.32,5.19,35.95,813641
-0.18,0.25,-0.10,-24.94,-41.70,-144.70,-47.73,-8.67,-10.68,813844
-0.16,0.11,-0.05,-30.88,-41.70,-152.74,17.46,2.38,2.20,814047
-0.09,0.26,-0.07,-26.12,-44.08,-145.85,108.09,6.65,-37.72,814250
-0.25,1.24,-0.31,9.50,-46.46,-134.37,157.04,-46.88,-59.75,814454
-0.00,1.70,-0.36,36.81,-40.51,-133.22,98.57,-41.02,-43.03,814657
0.07,1.61,-0.39,59.38,-23.83,-142.41,3.05,-16.66,22.22,814861
-0.22,1.44,-0.50,48.69,-36.93,-135.52,-97.41,66.83,68.42,815064
-0.25,0.80,-0.31,28.50,-46.46,-130.92,-121.40,18.19,58.17,815267
-0.23,0.46,-0.18,-11.88,-48.85,-135.52,-73.97,22.09,30.58,815470
-0.20,0.15,0.00,-33.25,-46.46,-152.74,-34.18,1.34,-27.10,815673
-0.35,0.16,-0.01,-35.63,-47.66,-153.89,27.77,10.25,0.24,815876
-0.19,0.24,-0.04,-26.12,-50.04,-148.15,88.93,13.98,-11.41,816079
-0.28,1.09,-0.26,-14.25,-53.61,-136.66,152.28,-55.79,-68.73,816282
-0.28,1.60,-0.36,36.81,-39.32,-129.77,99.55,5.55,-71.41,816485
0.17,1.36,-0.49,62.94,-17.87,-143.55,5.19,164.98,-5.49,816688
-0.13,1.53,-0.46,62.94,-28.59,-141.26,-68.24,49.44,62.74,816891
-0.30,0.88,-0.37,35.63,-48.85,-130.92,-104.92,24.23,85.14,817094
-0.16,0.62,-0.19,-3.56,-46.46,-135.52,-80.44,-15.44,45.17,817298
-0.25,0.22,-0.15,-19.00,-45.27,-141.26,-37.96,-5.74,-5.43,817501
-0.21,0.18,-0.06,-28.50,-45.27,-150.45,3.48,-9.34,-3.17,817704
-0.19,0.02,0.01,-26.12,-50.04,-144.70,50.66,38.15,-14.71,817907
-0.20,0.69,-0.17,-15.44,-52.42,-140.11,136.35,-39.37,-69.27,818110
-0.14,1.38,-0.32,32.06,-45.27,-130.92,126.34,-59.81,-45.04,818313
0.72,1.61,-0.79,49.88,-30.98,-135.52,-22.16,-8.73,-29.11,818517
0.07,1.50,-0.42,61.75,-34.55,-137.81,-76.17,59.33,50.48,818720
-0.34,0.86,-0.34,24.94,-50.04,-129.77,-108.40,41.56,72.39,818923
-0.17,0.47,-0.14,5.94,-53.61,-133.22,-73.30,25.70,8.67,819126
-0.24,0.21,-0.08,-19.00,-53.61,-143.55,-10.13,-0.37,8.79,819329
-0.28,0.30,-0.12,-23.75,-53.61,-144.70,19.71,13.55,-4.09,819532
-0.20,0.42,-0.14,-16.62,-52.42,-137.81,92.10,-15.20,-37.11,819735
-0.24,0.92,-0.23,11.88,-48.85,-129.77,125.43,-41.02,-59.63,819938
0.05,1.62,-0.31,55.81,-34.55,-138.96,110.66,-13.18,-73.18,820141
-0.03,1.69,-0.41,61.75,-22.64,-142.41,-0.92,13.79,45.96,820345
-0.20,1.46,-0.28,52.25,-39.32,-133.22,-98.51,103.70,81.05,820548
-0.28,0.64,-0.08,11.88,-59.57,-133.22,-96.07,7.20,41.50,820751
-0.29,0.52,-0.16,-2.37,-53.61,-135.52,-29.79,23.44,27.22,820954
-0.18,0.25,-0.14,-15.44,-56.00,-142.41,-0.49,8.30,2.75,821157
-0.35,0.34,-0.17,-15.44,-58.38,-141.26,36.68,-2.62,-2.01,821360
-0.26,0.58,-0.15,-8.31,-57.19,-140.11,107.36,-27.83,-43.76,821563
-0.20,1.25,-0.37,26.12,-42.89,-129.77,104.37,-51.39,-35.22,821766
0.08,1.54,-0.27,46.31,-34.55,-135.52,86.43,-50.78,-41.56,821970
0.33,1.42,-0.27,58.19,-21.45,-142.41,-21.67,-9.46,7.75,822173
-0.12,1.33,-0.41,43.94,-36.93,-134.37,-99.37,53.83,44.86,822376
-0.21,0.80,-0.28,23.75,-45.27,-130.92,-89.29,7.87,40.89,822579
-0.18,0.43,-0.24,-8.31,-39.32,-135.52,-48.83,10.01,-4.33,822782
-0.22,0.39,-0.32,-16.62,-44.08,-140.11,0.55,16.36,0.00,822985
-0.22,0.27,-0.22,-15.44,-42.89,-141.26,37.72,4.76,9.03,823188
-0.18,0.70,-0.29,-2.37,-42.89,-132.07,96.37,-7.08,-37.96,823391
-0.13,1.31,-0.34,11.88,-42.89,-128.62,122.44,-33.87,-39.73,823594
0.75,2.01,-1.40,53.44,-28.59,-141.26,18.31,-31.62,-50.66,823797
-0.15,1.48,-0.46,53.44,-41.70,-134.37,-127.56,74.16,62.68,824000
-0.24,0.76,-0.25,27.31,-54.80,-130.92,-91.74,-13.24,64.76,824203
-0.16,0.44,-0.21,-5.94,-45.27,-136.66,-71.59,-4.94,22.89,824406
-0.28,0.23,-0.16,-28.50,-39.32,-144.70,-29.36,50.48,-12.08,824609
-0.19,0.21,-0.16,-27.31,-45.27,-148.15,27.89,-9.95,1.04,824812
-0.22,0.35,-0.16,-19.00,-46.46,-141.26,101.99,1.77,-27.95,825015
-0.26,1.18,-0.34,14.25,-44.08,-129.77,129.03,-42.11,-58.41,825218
-0.19,1.66,-0.33,36.81,-41.70,-130.92,101.07,-101.14,-58.04,825421
-0.47,1.68,-0.37,62.94,-35.74,-140.11,-8.97,21.48,54.14,825624
-0.29,1.33,-0.31,55.81,-40.51,-137.81,-101.56,35.58,79.10,825828
-0.26,0.68,-0.21,16.62,-56.00,-133.22,-91.25,-17.40,64.51,826031
-0.24,0.42,-0.20,-14.25,-47.66,-140.11,-50.42,-0.37,29.24,826234
-0.19,0.21,-0.20,-21.37,-42.89,-145.85,-12.57,0.67,1.04,826437
-0.14,0.17,-0.10,-26.12,-47.66,-149.30,40.95,-14.10,-11.29,826640
-0.32,0.63,-0.14,-8.31,-50.04,-136.66,119.08,-1.22,-73.55,826843
-0.17,1.23,-0.34,13.06,-50.04,-132.07,124.39,-25.63,-65.73,827046
-0.12,1.64,-0.30,54.63,-33.36,-137.81,101.56,-150.39,-26.37,827249
0.05,1.56,-0.25,60.56,-34.55,-138.96,-42.24,-6.29,25.63,827452
-0.26,1.23,-0.42,48.69,-41.70,-135.52,-113.40,39.86,78.61,827655
-0.17,0.63,-0.20,3.56,-52.42,-133.22,-106.69,-8.18,63.29,827858
-0.17,0.27,-0.15,-14.25,-47.66,-140.11,-44.80,-6.84,2.44,828061
-0.12,0.19,-0.15,-28.50,-41.70,-149.30,7.81,-2.08,-3.54,828264
-0.13,0.13,-0.11,-26.12,-45.27,-147.00,59.88,15.69,-29.11,828467
-0.41,0.88,-0.23,-15.44,-48.85,-142.41,131.71,-18.13,-95.46,828670
-0.15,1.52,-0.29,32.06,-46.46,-132.07,122.13,-87.04,-53.34,828874
0.03,1.37,-0.39,61.75,-21.45,-143.55,-5.55,173.58,-7.81,829077
-0.25,1.54,-0.41,60.56,-34.55,-141.26,-57.31,130.37,54.26,829280
-0.38,0.96,-0.29,33.25,-52.42,-130.92,-97.60,35.52,93.08,829483
-0.24,0.57,-0.15,-9.50,-52.42,-134.37,-78.98,-12.08,57.92,829686
-0.19,0.19,-0.05,-17.81,-51.23,-141.26,-34.55,-25.51,9.64,829889
-0.22,0.23,-0.16,-29.69,-42.89,-148.15,5.07,-6.47,-4.27,830092
-0.12,0.01,-0.00,-28.50,-47.66,-145.85,52.86,16.60,-29.24,830295
-0.42,0.93,-0.18,-13.06,-50.04,-138.96,142.03,-0.55,-84.47,830498
-0.29,1.66,-0.33,34.44,-48.85,-132.07,146.55,-73.18,-94.67,830701
0.04,1.26,-0.44,58.19,-28.59,-142.41,-15.50,110.05,46.26,830904
-0.37,1.38,-0.45,51.06,-35.74,-135.52,-94.12,56.34,62.68,831107
-0.24,0.79,-0.20,8.31,-56.00,-132.07,-98.08,-9.95,51.03,831310
-0.22,0.50,-0.19,-7.12,-53.61,-135.52,-45.78,-1.28,59.94,831514
-0.08,0.15,-0.09,-26.12,-45.27,-145.85,-34.48,-1.65,16.42,831717
-0.12,0.18,-0.13,-29.69,-42.89,-150.45,4.64,-4.82,-5.68,831921
-0.22,0.08,-0.02,-29.69,-44.08,-147.00,71.90,25.21,-45.17,832124
-0.20,0.76,-0.19,-8.31,-50.04,-136.66,129.88,-1.53,-41.20,832327
-0.17,1.45,-0.33,45.12,-44.08,-134.37,133.06,-63.72,-84.78,832530
-0.27,1.31,-0.46,62.94,-26.21,-141.26,-9.89,135.01,7.87,832733
-0.27,1.54,-0.46,55.81,-35.74,-137.81,-78.19,79.04,71.72,832937
-0.32,0.92,-0.27,35.63,-50.04,-133.22,-100.65,27.83,58.96,833140
-0.30,0.46,-0.18,-1.19,-57.19,-136.66,-77.03,-17.70,27.04,833343
-0.20,0.31,-0.08,-23.75,-48.85,-147.00,-37.35,-5.07,9.95,833546
-0.25,0.24,-0.11,-28.50,-45.27,-149.30,12.70,9.34,7.63,833749
-0.07,0.11,-0.02,-27.31,-45.27,-147.00,57.19,0.00,-0.55,833952
-0.42,0.89,-0.18,1.19,-57.19,-135.52,140.81,-30.52,-74.83,834155
-0.10,1.45,-0.33,24.94,-48.85,-129.77,133.79,-54.08,-74.40,834358
0.59,1.24,-0.41,60.56,-21.45,-145.85,-5.55,160.16,19.78,834561
-0.13,1.48,-0.47,53.44,-41.70,-136.66,-71.29,81.79,50.60,834764
-0.30,0.97,-0.27,34.44,-50.04,-130.92,-108.15,27.22,67.38,834967
-0.28,0.54,-0.18,-4.75,-50.04,-134.37,-71.78,8.36,30.09,835170
-0.21,0.29,-0.15,-19.00,-48.85,-141.26,-25.09,-1.22,3.60,835373
-0.15,0.27,-0.17,-27.31,-45.27,-145.85,5.00,3.48,0.31,835576
-0.18,0.13,-0.17,-26.12,-45.27,-143.55,35.52,2.62,1.46,835779
-0.22,0.64,-0.13,-21.37,-44.08,-141.26,139.77,13.43,-47.06,835982
-0.15,1.28,-0.38,26.12,-46.46,-132.07,151.31,-89.90,-82.15,836185
0.25,1.46,-0.70,59.38,-16.68,-145.85,16.60,149.35,9.40,836388
-0.08,1.60,-0.51,61.75,-23.83,-142.41,-87.89,122.38,58.59,836591
-0.27,0.89,-0.21,28.50,-51.23,-130.92,-122.80,34.85,77.82,836794
-0.28,0.43,-0.18,-16.62,-52.42,-143.55,-79.41,-3.91,23.25,836997
-0.16,0.15,-0.10,-24.94,-51.23,-145.85,-10.38,1.65,1.16,837200
-0.20,0.27,-0.12,-29.69,-44.08,-151.59,5.07,4.58,7.57,837403
-0.18,0.15,-0.10,-29.69,-46.46,-149.30,76.42,23.74,-30.46,837606
-0.39,0.91,-0.26,-7.12,-51.23,-135.52,145.20,-28.20,-57.50,837809
-0.02,1.59,-0.31,42.75,-38.13,-133.22,124.15,-99.85,-71.04,838012
0.05,1.46,-0.48,58.19,-15.49,-144.70,-7.20,-1.10,52.12,838215
-0.17,1.46,-0.47,53.44,-29.79,-137.81,-86.00,87.59,56.03,838418
-0.25,0.76,-0.27,16.62,-54.80,-133.22,-100.10,14.77,53.96,838621
-0.22,0.43,-0.15,-3.56,-54.80,-135.52,-36.01,-13.24,-0.24,838825
-0.28,0.43,-0.24,-10.69,-47.66,-141.26,-9.89,11.11,6.10,839028
-0.26,0.40,-0.22,-15.44,-52.42,-137.81,23.07,-0.37,3.72,839231
-0.34,0.62,-0.25,-9.50,-48.85,-138.96,82.34,-3.91,-29.05,839434
-0.26,1.07,-0.24,17.81,-48.85,-132.07,101.07,-31.92,-37.41,839637
-0.13,1.88,-0.84,38.00,-45.27,-132.07,78.31,-172.97,-26.06,839840
0.05,1.54,-0.33,59.38,-26.21,-140.11,-32.17,22.64,-2.69,840043
-0.21,1.22,-0.40,40.38,-45.27,-132.07,-84.53,64.39,58.65,840246
-0.27,0.67,-0.22,21.37,-53.61,-132.07,-84.66,10.74,47.73,840449
-0.18,0.37,-0.12,-9.50,-53.61,-135.52,-54.32,-10.19,17.27,840652
-0.25,0.33,-0.18,-17.81,-48.85,-142.41,10.31,11.78,-6.59,840855
-0.09,0.27,-0.12,-20.19,-51.23,-142.41,66.96,8.79,-16.54,841058
-0.40,0.89,-0.28,2.37,-50.04,-132.07,119.93,-11.11,-47.36,841261
-0.08,1.33,-0.24,41.56,-38.13,-134.37,131.16,-63.78,-49.01,841464
0.02,1.17,-0.41,60.56,-16.68,-148.15,12.70,209.90,26.37,841667
-0.09,1.50,-0.44,57.00,-28.59,-140.11,-59.57,80.44,36.50,841870
-0.36,1.03,-0.40,42.75,-44.08,-132.07,-114.93,49.01,77.94,842073
-0.07,0.44,-0.19,3.56,-54.80,-132.07,-48.40,-30.64,22.71,842276
-0.32,0.39,-0.16,-8.31,-51.23,-140.11,-29.79,-9.95,-8.42,842479
-0.17,0.36,-0.24,-15.44,-51.23,-141.26,-5.55,1.71,1.40,842682
-0.27,0.32,-0.18,-14.25,-52.42,-138.96,74.40,-14.04,-20.51,842885
-0.23,1.01,-0.28,13.06,-46.46,-133.22,129.15,-38.45,-61.46,843088
0.07,1.53,-0.31,36.81,-41.70,-130.92,117.68,-76.60,-41.56,843292
-0.30,1.71,-0.41,61.75,-26.21,-144.70,-48.10,25.63,50.54,843495
-0.23,1.11,-0.40,32.06,-44.08,-130.92,-114.99,35.64,51.82,843698
-0.27,0.62,-0.22,11.88,-47.66,-130.92,-98.57,4.88,22.28,843901
-0.23,0.31,-0.12,-20.19,-47.66,-141.26,-35.77,5.43,-0.85,844104
-0.26,0.29,-0.18,-23.75,-47.66,-148.15,10.62,3.60,7.57,844307
-0.15,0.26,-0.04,-24.94,-48.85,-144.70,80.75,21.18,-16.36,844510
-0.19,0.83,-0.25,3.56,-50.04,-133.22,134.83,-41.56,-45.04,844713
0.03,1.42,-0.29,24.94,-44.08,-128.62,145.75,-32.29,-61.22,844916
0.05,1.39,-0.45,64.12,-17.87,-145.85,8.54,120.67,42.18,845119
-0.21,1.44,-0.51,52.25,-35.74,-136.66,-94.60,86.61,49.56,845322
-0.29,0.94,-0.29,30.88,-46.46,-133.22,-106.45,28.08,49.68,845525
-0.23,0.44,-0.14,-7.12,-52.42,-137.81,-60.67,-4.88,10.38,845729
-0.30,0.32,-0.19,-22.56,-50.04,-145.85,-6.29,12.70,-1.83,845932
-0.32,0.37,-0.19,-21.37,-50.04,-144.70,14.53,0.67,3.85,846135
-0.09,0.36,-0.11,-15.44,-48.85,-141.26,90.09,26.98,-7.93,846338
-0.30,0.85,-0.27,16.62,-47.66,-132.07,129.64,-37.11,-47.49,846541
0.10,1.54,-0.33,39.19,-38.13,-130.92,112.85,-91.55,-51.39,846745
0.03,1.56,-0.49,59.38,-19.06,-145.85,-6.59,71.72,48.22,846948
-0.14,1.29,-0.47,57.00,-28.59,-138.96,-90.21,68.36,42.97,847151
-0.27,0.83,-0.23,23.75,-47.66,-130.92,-101.93,30.21,15.99,847354
-0.31,0.43,-0.27,-4.75,-50.04,-135.52,-37.66,-2.44,19.59,847557
-0.24,0.44,-0.24,-13.06,-47.66,-138.96,1.83,-1.53,5.80,847760
-0.22,0.38,-0.25,-11.88,-46.46,-138.96,34.61,-13.06,22.71,847963
-0.24,0.77,-0.30,8.31,-47.66,-132.07,117.80,-35.46,-38.45,848166
0.00,1.42,-0.36,26.12,-44.08,-130.92,121.40,-50.84,-63.78,848369
-0.06,1.43,-0.54,61.75,-22.64,-143.55,-15.01,85.51,10.44,848572
-0.27,1.26,-0.53,43.94,-39.32,-133.22,-94.85,66.28,71.66,848775
-0.25,0.69,-0.29,21.37,-47.66,-130.92,-115.66,9.16,47.49,848978
-0.11,0.49,-0.14,-16.62,-47.66,-138.96,-45.65,-4.09,4.03,849181
-0.17,0.23,-0.23,-23.75,-44.08,-143.55,-10.44,8.67,2.56,849384
-0.14,0.19,-0.07,-28.50,-39.32,-148.15,28.14,1.34,-8.73,849587
-0.36,0.60,-0.27,-8.31,-45.27,-136.66,144.78,-12.21,-23.01,849790
-0.10,1.31,-0.41,14.25,-44.08,-130.92,122.74,-60.61,-60.36,849994
0.12,1.93,-0.48,57.00,-23.83,-138.96,22.09,-57.74,-41.14,850197
0.10,1.63,-0.41,54.63,-28.59,-137.81,-102.29,39.43,52.67,850400
-0.23,0.85,-0.38,32.06,-41.70,-129.77,-139.34,32.53,16.30,850603
-0.16,0.41,-0.10,-11.88,-46.46,-140.11,-103.09,17.09,26.18,850806
-0.18,0.17,-0.04,-34.44,-40.51,-155.04,-16.17,-1.95,6.47,851009
-0.21,0.23,-0.10,-34.44,-39.32,-157.34,14.22,-7.26,0.85,851212
-0.19,0.23,-0.13,-27.31,-46.46,-148.15,96.44,14.77,-9.03,851415
-0.26,0.86,-0.25,-13.06,-47.66,-140.11,161.99,-22.77,-55.79,851618
-0.11,1.49,-0.35,35.63,-40.51,-133.22,124.76,-93.87,-51.03,851821
-0.12,1.29,-0.46,59.38,-22.64,-142.41,4.03,72.63,68.79,852024
-0.21,1.42,-0.54,54.63,-28.59,-140.11,-86.00,74.58,54.08,852227
-0.36,0.90,-0.26,22.56,-50.04,-130.92,-143.74,35.28,46.14,852430
-0.19,0.38,-0.07,-20.19,-53.61,-142.41,-66.77,4.33,7.51,852633
-0.25,0.22,-0.10,-27.31,-50.04,-145.85,3.48,13.67,2.93,852836
-0.30,0.18,-0.06,-30.88,-47.66,-150.45,20.20,10.86,4.70,853039
-0.37,0.51,-0.08,-14.25,-52.42,-140.11,120.42,-13.85,-37.60,853242
-0.31,1.13,-0.26,7.12,-56.00,-132.07,136.11,-47.97,-50.66,853445
-0.04,1.55,-0.26,48.69,-35.74,-134.37,120.12,-77.94,-46.20,853648
-0.11,1.71,-0.41,61.75,-22.64,-145.85,-57.01,-3.05,22.40,853852
-0.29,1.11,-0.37,42.75,-47.66,-129.77,-125.31,26.61,59.08,854055
-0.16,0.55,-0.18,-9.50,-46.46,-135.52,-113.28,-27.95,22.58,854258
-0.12,0.13,-0.05,-24.94,-40.51,-144.70,-18.13,23.19,-17.21,854461
-0.25,0.18,-0.13,-28.50,-46.46,-149.30,18.01,25.21,9.22,854664
-0.01,0.25,-0.06,-23.75,-48.85,-143.55,77.88,-1.10,-6.71,854867
-0.22,0.81,-0.26,-10.69,-47.66,-135.52,112.49,14.77,-47.12,855070
-0.21,1.27,-0.34,29.69,-50.04,-130.92,125.67,-51.45,-52.92,855273
-0.08,1.39,-0.52,59.38,-28.59,-141.26,-16.66,158.81,10.56,855476
-0.25,1.24,-0.52,54.63,-38.13,-137.81,-99.55,81.73,58.23,855679
-0.33,0.78,-0.21,14.25,-50.04,-132.07,-120.06,-17.15,39.86,855882
-0.20,0.30,-0.09,-7.12,-45.27,-134.37,-57.74,3.54,3.54,856085
-0.14,0.25,-0.21,-23.75,-48.85,-145.85,12.70,1.04,-0.55,856288
-0.18,0.25,-0.15,-23.75,-46.46,-144.70,51.88,15.20,1.65,856491
-0.44,0.77,-0.28,-13.06,-46.46,-137.81,128.30,11.41,-37.05,856694
-0.15,1.18,-0.34,26.12,-47.66,-128.62,118.90,-28.14,-60.36,856898
0.78,1.44,-0.48,60.56,-23.83,-143.55,-33.45,22.09,2.38,857101
-0.19,1.44,-0.49,55.81,-33.36,-137.81,-94.48,79.04,49.01,857304
-0.29,0.87,-0.29,20.19,-51.23,-128.62,-122.80,32.29,39.73,857507
-0.19,0.41,-0.01,-17.81,-51.23,-143.55,-81.91,-13.55,18.25,857710
-0.21,0.12,-0.04,-23.75,-48.85,-148.15,-5.25,11.96,-26.37,857914
-0.22,0.25,-0.12,-26.12,-48.85,-147.00,62.32,19.04,-4.39,858117
-0.42,0.75,-0.25,-2.37,-52.42,-134.37,108.64,-5.43,-30.88,858320
-0.19,1.25,-0.32,16.62,-48.85,-130.92,139.65,-58.53,-34.55,858523
0